2026-04-20 18:49:17,615 Logging to file: logs/hybrid_archcnn-vit_vitl6_vitd256_vith8_vitm512_conv64-64-128-128_fc512_bs1024_optadam_lr0.001_schedcosine_drop0.1_seed42_20260420_184917.log
2026-04-20 18:49:17,617 Run config: {"amp": true, "arch": "cnn-vit", "batch_size": 1024, "conv_channels": [64, 64, 128, 128], "conv_layers": 4, "deterministic": false, "disable_augment": false, "dropout": 0.1, "epochs": 100, "fc_layers": [512], "gamma": 0.1, "local_rank": -1, "log_interval": 10, "lr": 0.001, "min_per_gpu_batch": 64, "model_name": "hybrid", "momentum": 0.9, "multi_gpu": "ddp", "num_workers": 16, "optimizer": "adam", "pool_every": 2, "pool_type": "max", "resume": "", "scheduler": "cosine", "seed": 42, "step_size": 30, "use_wandb": false, "vit_dim": 256, "vit_dropout": 0.1, "vit_heads": 8, "vit_layers": 6, "vit_mlp_dim": 512, "weight_decay": 0.0005}
2026-04-20 18:49:20,546 Enabled DistributedDataParallel on 8 GPUs (rank 0, local_rank 0)
2026-04-20 18:49:20,546 Using device: cuda:0
2026-04-20 18:49:20,546 Batch sizes: global=1024 local=128 workers_per_rank=2
2026-04-20 18:49:20,547 Using optimizer: adam
2026-04-20 18:49:20,547 Mixed precision (AMP): enabled
2026-04-20 18:49:20,547 Starting training loop from epoch 1 to 100
2026-04-20 18:49:20,547 Epoch 1 has 49 train steps per rank (log interval: 10)
2026-04-20 18:49:30,320 Epoch [1/100] Step [1/49] Loss: 2.3273
2026-04-20 18:49:30,868 Epoch [1/100] Step [10/49] Loss: 1.9985
2026-04-20 18:49:31,250 Epoch [1/100] Step [20/49] Loss: 1.8534
2026-04-20 18:49:31,667 Epoch [1/100] Step [30/49] Loss: 1.6983
2026-04-20 18:49:32,222 Epoch [1/100] Step [40/49] Loss: 1.7424
2026-04-20 18:49:34,692 Epoch [1/100] Step [49/49] Loss: 1.7205
2026-04-20 18:49:34,694 Epoch 1 Train Loss: 1.9172 Acc: 0.2603
2026-04-20 18:49:40,644 Epoch 1 Test Loss: 1.8486 Acc: 0.3001
2026-04-20 18:49:40,779 Saved new best checkpoint: model_ckpts/hybrid_archcnn-vit_vitl6_vitd256_vith8_vitm512_conv64-64-128-128_fc512_bs1024_optadam_lr0.001_schedcosine_drop0.1_seed42/best.pth
2026-04-20 18:49:40,944 Epoch 2 has 49 train steps per rank (log interval: 10)
2026-04-20 18:49:41,051 Epoch [2/100] Step [1/49] Loss: 1.6674
2026-04-20 18:49:41,358 Epoch [2/100] Step [10/49] Loss: 1.4992
2026-04-20 18:49:41,747 Epoch [2/100] Step [20/49] Loss: 1.5792
2026-04-20 18:49:42,189 Epoch [2/100] Step [30/49] Loss: 1.4264
2026-04-20 18:49:42,636 Epoch [2/100] Step [40/49] Loss: 1.5692
2026-04-20 18:49:43,038 Epoch [2/100] Step [49/49] Loss: 1.5683
2026-04-20 18:49:43,039 Epoch 2 Train Loss: 1.5634 Acc: 0.3899
2026-04-20 18:49:43,198 Epoch 2 Test Loss: 1.5020 Acc: 0.4264
2026-04-20 18:49:43,411 Saved new best checkpoint: model_ckpts/hybrid_archcnn-vit_vitl6_vitd256_vith8_vitm512_conv64-64-128-128_fc512_bs1024_optadam_lr0.001_schedcosine_drop0.1_seed42/best.pth
2026-04-20 18:49:43,567 Epoch 3 has 49 train steps per rank (log interval: 10)
2026-04-20 18:49:43,651 Epoch [3/100] Step [1/49] Loss: 1.3888
2026-04-20 18:49:44,023 Epoch [3/100] Step [10/49] Loss: 1.4437
2026-04-20 18:49:44,459 Epoch [3/100] Step [20/49] Loss: 1.3370
2026-04-20 18:49:44,913 Epoch [3/100] Step [30/49] Loss: 1.3136
2026-04-20 18:49:45,376 Epoch [3/100] Step [40/49] Loss: 1.3379
2026-04-20 18:49:45,815 Epoch [3/100] Step [49/49] Loss: 1.2053
2026-04-20 18:49:45,816 Epoch 3 Train Loss: 1.3611 Acc: 0.4899
2026-04-20 18:49:45,989 Epoch 3 Test Loss: 1.2546 Acc: 0.5271
2026-04-20 18:49:46,182 Saved new best checkpoint: model_ckpts/hybrid_archcnn-vit_vitl6_vitd256_vith8_vitm512_conv64-64-128-128_fc512_bs1024_optadam_lr0.001_schedcosine_drop0.1_seed42/best.pth
2026-04-20 18:49:46,350 Epoch 4 has 49 train steps per rank (log interval: 10)
2026-04-20 18:49:46,440 Epoch [4/100] Step [1/49] Loss: 1.2629
2026-04-20 18:49:46,874 Epoch [4/100] Step [10/49] Loss: 1.0194
2026-04-20 18:49:47,380 Epoch [4/100] Step [20/49] Loss: 1.1877
2026-04-20 18:49:47,879 Epoch [4/100] Step [30/49] Loss: 1.2843
2026-04-20 18:49:48,401 Epoch [4/100] Step [40/49] Loss: 1.1745
2026-04-20 18:49:48,856 Epoch [4/100] Step [49/49] Loss: 1.1397
2026-04-20 18:49:48,858 Epoch 4 Train Loss: 1.1363 Acc: 0.5833
2026-04-20 18:49:49,025 Epoch 4 Test Loss: 1.1448 Acc: 0.5705
2026-04-20 18:49:49,220 Saved new best checkpoint: model_ckpts/hybrid_archcnn-vit_vitl6_vitd256_vith8_vitm512_conv64-64-128-128_fc512_bs1024_optadam_lr0.001_schedcosine_drop0.1_seed42/best.pth
2026-04-20 18:49:49,383 Epoch 5 has 49 train steps per rank (log interval: 10)
2026-04-20 18:49:49,471 Epoch [5/100] Step [1/49] Loss: 1.0182
2026-04-20 18:49:49,905 Epoch [5/100] Step [10/49] Loss: 0.9181
2026-04-20 18:49:50,414 Epoch [5/100] Step [20/49] Loss: 0.8677
2026-04-20 18:49:50,887 Epoch [5/100] Step [30/49] Loss: 1.0243
2026-04-20 18:49:51,335 Epoch [5/100] Step [40/49] Loss: 0.9903
2026-04-20 18:49:51,710 Epoch [5/100] Step [49/49] Loss: 0.8027
2026-04-20 18:49:51,711 Epoch 5 Train Loss: 0.9829 Acc: 0.6449
2026-04-20 18:49:51,868 Epoch 5 Test Loss: 1.1826 Acc: 0.5695
2026-04-20 18:49:52,164 Epoch 6 has 49 train steps per rank (log interval: 10)
2026-04-20 18:49:52,245 Epoch [6/100] Step [1/49] Loss: 1.0317
2026-04-20 18:49:52,642 Epoch [6/100] Step [10/49] Loss: 0.8560
2026-04-20 18:49:53,140 Epoch [6/100] Step [20/49] Loss: 0.9299
2026-04-20 18:49:53,670 Epoch [6/100] Step [30/49] Loss: 0.8582
2026-04-20 18:49:54,189 Epoch [6/100] Step [40/49] Loss: 0.8397
2026-04-20 18:49:54,643 Epoch [6/100] Step [49/49] Loss: 0.8097
2026-04-20 18:49:54,645 Epoch 6 Train Loss: 0.9003 Acc: 0.6766
2026-04-20 18:49:54,810 Epoch 6 Test Loss: 0.9429 Acc: 0.6617
2026-04-20 18:49:54,992 Saved new best checkpoint: model_ckpts/hybrid_archcnn-vit_vitl6_vitd256_vith8_vitm512_conv64-64-128-128_fc512_bs1024_optadam_lr0.001_schedcosine_drop0.1_seed42/best.pth
2026-04-20 18:49:55,135 Epoch 7 has 49 train steps per rank (log interval: 10)
2026-04-20 18:49:55,210 Epoch [7/100] Step [1/49] Loss: 0.7952
2026-04-20 18:49:55,622 Epoch [7/100] Step [10/49] Loss: 0.7330
2026-04-20 18:49:56,088 Epoch [7/100] Step [20/49] Loss: 0.9367
2026-04-20 18:49:56,517 Epoch [7/100] Step [30/49] Loss: 0.8058
2026-04-20 18:49:56,986 Epoch [7/100] Step [40/49] Loss: 0.8803
2026-04-20 18:49:57,361 Epoch [7/100] Step [49/49] Loss: 0.7836
2026-04-20 18:49:57,362 Epoch 7 Train Loss: 0.7891 Acc: 0.7200
2026-04-20 18:49:57,515 Epoch 7 Test Loss: 0.7948 Acc: 0.7238
2026-04-20 18:49:57,712 Saved new best checkpoint: model_ckpts/hybrid_archcnn-vit_vitl6_vitd256_vith8_vitm512_conv64-64-128-128_fc512_bs1024_optadam_lr0.001_schedcosine_drop0.1_seed42/best.pth
2026-04-20 18:49:57,865 Epoch 8 has 49 train steps per rank (log interval: 10)
2026-04-20 18:49:57,941 Epoch [8/100] Step [1/49] Loss: 0.6800
2026-04-20 18:49:58,333 Epoch [8/100] Step [10/49] Loss: 0.5598
2026-04-20 18:49:58,800 Epoch [8/100] Step [20/49] Loss: 0.7446
2026-04-20 18:49:59,247 Epoch [8/100] Step [30/49] Loss: 0.7441
2026-04-20 18:49:59,732 Epoch [8/100] Step [40/49] Loss: 0.7440
2026-04-20 18:50:00,172 Epoch [8/100] Step [49/49] Loss: 0.6585
2026-04-20 18:50:00,174 Epoch 8 Train Loss: 0.7166 Acc: 0.7498
2026-04-20 18:50:00,321 Epoch 8 Test Loss: 0.8304 Acc: 0.7059
2026-04-20 18:50:00,603 Epoch 9 has 49 train steps per rank (log interval: 10)
2026-04-20 18:50:00,691 Epoch [9/100] Step [1/49] Loss: 0.8296
2026-04-20 18:50:01,094 Epoch [9/100] Step [10/49] Loss: 0.7124
2026-04-20 18:50:01,614 Epoch [9/100] Step [20/49] Loss: 0.6700
2026-04-20 18:50:02,108 Epoch [9/100] Step [30/49] Loss: 0.5864
2026-04-20 18:50:02,510 Epoch [9/100] Step [40/49] Loss: 0.7196
2026-04-20 18:50:02,883 Epoch [9/100] Step [49/49] Loss: 0.6545
2026-04-20 18:50:02,886 Epoch 9 Train Loss: 0.6789 Acc: 0.7614
2026-04-20 18:50:03,037 Epoch 9 Test Loss: 0.7128 Acc: 0.7508
2026-04-20 18:50:03,234 Saved new best checkpoint: model_ckpts/hybrid_archcnn-vit_vitl6_vitd256_vith8_vitm512_conv64-64-128-128_fc512_bs1024_optadam_lr0.001_schedcosine_drop0.1_seed42/best.pth
2026-04-20 18:50:03,393 Epoch 10 has 49 train steps per rank (log interval: 10)
2026-04-20 18:50:03,477 Epoch [10/100] Step [1/49] Loss: 0.6752
2026-04-20 18:50:03,838 Epoch [10/100] Step [10/49] Loss: 0.6184
2026-04-20 18:50:04,298 Epoch [10/100] Step [20/49] Loss: 0.7397
2026-04-20 18:50:04,808 Epoch [10/100] Step [30/49] Loss: 0.5966
2026-04-20 18:50:05,352 Epoch [10/100] Step [40/49] Loss: 0.4512
2026-04-20 18:50:05,827 Epoch [10/100] Step [49/49] Loss: 0.3635
2026-04-20 18:50:05,830 Epoch 10 Train Loss: 0.6241 Acc: 0.7814
2026-04-20 18:50:05,995 Epoch 10 Test Loss: 0.7617 Acc: 0.7343
2026-04-20 18:50:06,270 Epoch 11 has 49 train steps per rank (log interval: 10)
2026-04-20 18:50:06,357 Epoch [11/100] Step [1/49] Loss: 0.5824
2026-04-20 18:50:06,731 Epoch [11/100] Step [10/49] Loss: 0.4937
2026-04-20 18:50:07,168 Epoch [11/100] Step [20/49] Loss: 0.5375
2026-04-20 18:50:07,627 Epoch [11/100] Step [30/49] Loss: 0.5816
2026-04-20 18:50:08,152 Epoch [11/100] Step [40/49] Loss: 0.4482
2026-04-20 18:50:08,600 Epoch [11/100] Step [49/49] Loss: 0.5461
2026-04-20 18:50:08,603 Epoch 11 Train Loss: 0.5682 Acc: 0.8034
2026-04-20 18:50:08,786 Epoch 11 Test Loss: 0.6534 Acc: 0.7763
2026-04-20 18:50:08,983 Saved new best checkpoint: model_ckpts/hybrid_archcnn-vit_vitl6_vitd256_vith8_vitm512_conv64-64-128-128_fc512_bs1024_optadam_lr0.001_schedcosine_drop0.1_seed42/best.pth
2026-04-20 18:50:09,131 Epoch 12 has 49 train steps per rank (log interval: 10)
2026-04-20 18:50:09,221 Epoch [12/100] Step [1/49] Loss: 0.4779
2026-04-20 18:50:09,594 Epoch [12/100] Step [10/49] Loss: 0.5151
2026-04-20 18:50:10,071 Epoch [12/100] Step [20/49] Loss: 0.6457
2026-04-20 18:50:10,493 Epoch [12/100] Step [30/49] Loss: 0.5726
2026-04-20 18:50:10,925 Epoch [12/100] Step [40/49] Loss: 0.5385
2026-04-20 18:50:11,311 Epoch [12/100] Step [49/49] Loss: 0.4073
2026-04-20 18:50:11,314 Epoch 12 Train Loss: 0.5442 Acc: 0.8111
2026-04-20 18:50:11,478 Epoch 12 Test Loss: 0.6591 Acc: 0.7814
2026-04-20 18:50:11,642 Saved new best checkpoint: model_ckpts/hybrid_archcnn-vit_vitl6_vitd256_vith8_vitm512_conv64-64-128-128_fc512_bs1024_optadam_lr0.001_schedcosine_drop0.1_seed42/best.pth
2026-04-20 18:50:11,793 Epoch 13 has 49 train steps per rank (log interval: 10)
2026-04-20 18:50:11,876 Epoch [13/100] Step [1/49] Loss: 0.5915
2026-04-20 18:50:12,266 Epoch [13/100] Step [10/49] Loss: 0.5613
2026-04-20 18:50:12,735 Epoch [13/100] Step [20/49] Loss: 0.5393
2026-04-20 18:50:13,242 Epoch [13/100] Step [30/49] Loss: 0.5270
2026-04-20 18:50:13,739 Epoch [13/100] Step [40/49] Loss: 0.5238
2026-04-20 18:50:14,142 Epoch [13/100] Step [49/49] Loss: 0.5507
2026-04-20 18:50:14,144 Epoch 13 Train Loss: 0.5189 Acc: 0.8219
2026-04-20 18:50:14,289 Epoch 13 Test Loss: 0.6805 Acc: 0.7629
2026-04-20 18:50:14,568 Epoch 14 has 49 train steps per rank (log interval: 10)
2026-04-20 18:50:14,656 Epoch [14/100] Step [1/49] Loss: 0.5466
2026-04-20 18:50:15,073 Epoch [14/100] Step [10/49] Loss: 0.5880
2026-04-20 18:50:15,570 Epoch [14/100] Step [20/49] Loss: 0.4902
2026-04-20 18:50:16,117 Epoch [14/100] Step [30/49] Loss: 0.5090
2026-04-20 18:50:16,547 Epoch [14/100] Step [40/49] Loss: 0.4577
2026-04-20 18:50:16,917 Epoch [14/100] Step [49/49] Loss: 0.4656
2026-04-20 18:50:16,919 Epoch 14 Train Loss: 0.4948 Acc: 0.8287
2026-04-20 18:50:17,067 Epoch 14 Test Loss: 0.5645 Acc: 0.8110
2026-04-20 18:50:17,260 Saved new best checkpoint: model_ckpts/hybrid_archcnn-vit_vitl6_vitd256_vith8_vitm512_conv64-64-128-128_fc512_bs1024_optadam_lr0.001_schedcosine_drop0.1_seed42/best.pth
2026-04-20 18:50:17,414 Epoch 15 has 49 train steps per rank (log interval: 10)
2026-04-20 18:50:17,495 Epoch [15/100] Step [1/49] Loss: 0.5522
2026-04-20 18:50:17,901 Epoch [15/100] Step [10/49] Loss: 0.4334
2026-04-20 18:50:18,366 Epoch [15/100] Step [20/49] Loss: 0.6047
2026-04-20 18:50:18,855 Epoch [15/100] Step [30/49] Loss: 0.4719
2026-04-20 18:50:19,303 Epoch [15/100] Step [40/49] Loss: 0.5703
2026-04-20 18:50:19,700 Epoch [15/100] Step [49/49] Loss: 0.4715
2026-04-20 18:50:19,703 Epoch 15 Train Loss: 0.4814 Acc: 0.8349
2026-04-20 18:50:19,868 Epoch 15 Test Loss: 0.6906 Acc: 0.7781
2026-04-20 18:50:20,155 Epoch 16 has 49 train steps per rank (log interval: 10)
2026-04-20 18:50:20,242 Epoch [16/100] Step [1/49] Loss: 0.5122
2026-04-20 18:50:20,667 Epoch [16/100] Step [10/49] Loss: 0.5694
2026-04-20 18:50:21,154 Epoch [16/100] Step [20/49] Loss: 0.4722
2026-04-20 18:50:21,675 Epoch [16/100] Step [30/49] Loss: 0.4491
2026-04-20 18:50:22,202 Epoch [16/100] Step [40/49] Loss: 0.4738
2026-04-20 18:50:22,663 Epoch [16/100] Step [49/49] Loss: 0.4917
2026-04-20 18:50:22,666 Epoch 16 Train Loss: 0.4473 Acc: 0.8463
2026-04-20 18:50:22,812 Epoch 16 Test Loss: 0.5029 Acc: 0.8261
2026-04-20 18:50:23,019 Saved new best checkpoint: model_ckpts/hybrid_archcnn-vit_vitl6_vitd256_vith8_vitm512_conv64-64-128-128_fc512_bs1024_optadam_lr0.001_schedcosine_drop0.1_seed42/best.pth
2026-04-20 18:50:23,182 Epoch 17 has 49 train steps per rank (log interval: 10)
2026-04-20 18:50:23,268 Epoch [17/100] Step [1/49] Loss: 0.3951
2026-04-20 18:50:23,698 Epoch [17/100] Step [10/49] Loss: 0.4102
2026-04-20 18:50:24,194 Epoch [17/100] Step [20/49] Loss: 0.5281
2026-04-20 18:50:24,704 Epoch [17/100] Step [30/49] Loss: 0.5524
2026-04-20 18:50:25,235 Epoch [17/100] Step [40/49] Loss: 0.3875
2026-04-20 18:50:25,688 Epoch [17/100] Step [49/49] Loss: 0.4924
2026-04-20 18:50:25,689 Epoch 17 Train Loss: 0.4358 Acc: 0.8488
2026-04-20 18:50:25,841 Epoch 17 Test Loss: 0.4900 Acc: 0.8359
2026-04-20 18:50:26,045 Saved new best checkpoint: model_ckpts/hybrid_archcnn-vit_vitl6_vitd256_vith8_vitm512_conv64-64-128-128_fc512_bs1024_optadam_lr0.001_schedcosine_drop0.1_seed42/best.pth
2026-04-20 18:50:26,362 Epoch 18 has 49 train steps per rank (log interval: 10)
2026-04-20 18:50:26,447 Epoch [18/100] Step [1/49] Loss: 0.5242
2026-04-20 18:50:26,868 Epoch [18/100] Step [10/49] Loss: 0.3750
2026-04-20 18:50:27,351 Epoch [18/100] Step [20/49] Loss: 0.5051
2026-04-20 18:50:27,877 Epoch [18/100] Step [30/49] Loss: 0.3994
2026-04-20 18:50:28,364 Epoch [18/100] Step [40/49] Loss: 0.3154
2026-04-20 18:50:28,773 Epoch [18/100] Step [49/49] Loss: 0.4122
2026-04-20 18:50:28,774 Epoch 18 Train Loss: 0.4137 Acc: 0.8561
2026-04-20 18:50:28,950 Epoch 18 Test Loss: 0.5120 Acc: 0.8335
2026-04-20 18:50:29,234 Epoch 19 has 49 train steps per rank (log interval: 10)
2026-04-20 18:50:29,316 Epoch [19/100] Step [1/49] Loss: 0.5232
2026-04-20 18:50:29,700 Epoch [19/100] Step [10/49] Loss: 0.3524
2026-04-20 18:50:30,124 Epoch [19/100] Step [20/49] Loss: 0.4625
2026-04-20 18:50:30,568 Epoch [19/100] Step [30/49] Loss: 0.4103
2026-04-20 18:50:31,042 Epoch [19/100] Step [40/49] Loss: 0.6199
2026-04-20 18:50:31,466 Epoch [19/100] Step [49/49] Loss: 0.3981
2026-04-20 18:50:31,467 Epoch 19 Train Loss: 0.4091 Acc: 0.8593
2026-04-20 18:50:31,618 Epoch 19 Test Loss: 0.4784 Acc: 0.8380
2026-04-20 18:50:31,817 Saved new best checkpoint: model_ckpts/hybrid_archcnn-vit_vitl6_vitd256_vith8_vitm512_conv64-64-128-128_fc512_bs1024_optadam_lr0.001_schedcosine_drop0.1_seed42/best.pth
2026-04-20 18:50:31,978 Epoch 20 has 49 train steps per rank (log interval: 10)
2026-04-20 18:50:32,064 Epoch [20/100] Step [1/49] Loss: 0.2990
2026-04-20 18:50:32,453 Epoch [20/100] Step [10/49] Loss: 0.3763
2026-04-20 18:50:32,883 Epoch [20/100] Step [20/49] Loss: 0.3485
2026-04-20 18:50:33,331 Epoch [20/100] Step [30/49] Loss: 0.3444
2026-04-20 18:50:33,774 Epoch [20/100] Step [40/49] Loss: 0.4148
2026-04-20 18:50:34,156 Epoch [20/100] Step [49/49] Loss: 0.2767
2026-04-20 18:50:34,157 Epoch 20 Train Loss: 0.3843 Acc: 0.8680
2026-04-20 18:50:34,307 Epoch 20 Test Loss: 0.5915 Acc: 0.7999
2026-04-20 18:50:34,607 Epoch 21 has 49 train steps per rank (log interval: 10)
2026-04-20 18:50:34,682 Epoch [21/100] Step [1/49] Loss: 0.2660
2026-04-20 18:50:35,072 Epoch [21/100] Step [10/49] Loss: 0.3882
2026-04-20 18:50:35,507 Epoch [21/100] Step [20/49] Loss: 0.2783
2026-04-20 18:50:35,960 Epoch [21/100] Step [30/49] Loss: 0.4645
2026-04-20 18:50:36,400 Epoch [21/100] Step [40/49] Loss: 0.2973
2026-04-20 18:50:36,788 Epoch [21/100] Step [49/49] Loss: 0.4960
2026-04-20 18:50:36,789 Epoch 21 Train Loss: 0.3812 Acc: 0.8683
2026-04-20 18:50:36,941 Epoch 21 Test Loss: 0.5164 Acc: 0.8272
2026-04-20 18:50:37,238 Epoch 22 has 49 train steps per rank (log interval: 10)
2026-04-20 18:50:37,322 Epoch [22/100] Step [1/49] Loss: 0.3559
2026-04-20 18:50:37,722 Epoch [22/100] Step [10/49] Loss: 0.2867
2026-04-20 18:50:38,170 Epoch [22/100] Step [20/49] Loss: 0.3558
2026-04-20 18:50:38,597 Epoch [22/100] Step [30/49] Loss: 0.3748
2026-04-20 18:50:39,027 Epoch [22/100] Step [40/49] Loss: 0.3589
2026-04-20 18:50:39,408 Epoch [22/100] Step [49/49] Loss: 0.2095
2026-04-20 18:50:39,409 Epoch 22 Train Loss: 0.3702 Acc: 0.8729
2026-04-20 18:50:39,551 Epoch 22 Test Loss: 0.4927 Acc: 0.8384
2026-04-20 18:50:39,756 Saved new best checkpoint: model_ckpts/hybrid_archcnn-vit_vitl6_vitd256_vith8_vitm512_conv64-64-128-128_fc512_bs1024_optadam_lr0.001_schedcosine_drop0.1_seed42/best.pth
2026-04-20 18:50:39,906 Epoch 23 has 49 train steps per rank (log interval: 10)
2026-04-20 18:50:39,981 Epoch [23/100] Step [1/49] Loss: 0.2838
2026-04-20 18:50:40,366 Epoch [23/100] Step [10/49] Loss: 0.2842
2026-04-20 18:50:40,782 Epoch [23/100] Step [20/49] Loss: 0.2761
2026-04-20 18:50:41,231 Epoch [23/100] Step [30/49] Loss: 0.3692
2026-04-20 18:50:41,673 Epoch [23/100] Step [40/49] Loss: 0.3486
2026-04-20 18:50:42,052 Epoch [23/100] Step [49/49] Loss: 0.2090
2026-04-20 18:50:42,053 Epoch 23 Train Loss: 0.3484 Acc: 0.8808
2026-04-20 18:50:42,192 Epoch 23 Test Loss: 0.4461 Acc: 0.8512
2026-04-20 18:50:42,385 Saved new best checkpoint: model_ckpts/hybrid_archcnn-vit_vitl6_vitd256_vith8_vitm512_conv64-64-128-128_fc512_bs1024_optadam_lr0.001_schedcosine_drop0.1_seed42/best.pth
2026-04-20 18:50:42,536 Epoch 24 has 49 train steps per rank (log interval: 10)
2026-04-20 18:50:42,611 Epoch [24/100] Step [1/49] Loss: 0.2651
2026-04-20 18:50:43,016 Epoch [24/100] Step [10/49] Loss: 0.2801
2026-04-20 18:50:43,474 Epoch [24/100] Step [20/49] Loss: 0.3799
2026-04-20 18:50:43,928 Epoch [24/100] Step [30/49] Loss: 0.2953
2026-04-20 18:50:44,350 Epoch [24/100] Step [40/49] Loss: 0.2971
2026-04-20 18:50:44,734 Epoch [24/100] Step [49/49] Loss: 0.4079
2026-04-20 18:50:44,735 Epoch 24 Train Loss: 0.3419 Acc: 0.8820
2026-04-20 18:50:44,875 Epoch 24 Test Loss: 0.4971 Acc: 0.8354
2026-04-20 18:50:45,157 Epoch 25 has 49 train steps per rank (log interval: 10)
2026-04-20 18:50:45,235 Epoch [25/100] Step [1/49] Loss: 0.3560
2026-04-20 18:50:45,624 Epoch [25/100] Step [10/49] Loss: 0.4102
2026-04-20 18:50:46,078 Epoch [25/100] Step [20/49] Loss: 0.4038
2026-04-20 18:50:46,530 Epoch [25/100] Step [30/49] Loss: 0.2615
2026-04-20 18:50:46,971 Epoch [25/100] Step [40/49] Loss: 0.2558
2026-04-20 18:50:47,358 Epoch [25/100] Step [49/49] Loss: 0.4190
2026-04-20 18:50:47,359 Epoch 25 Train Loss: 0.3333 Acc: 0.8862
2026-04-20 18:50:47,505 Epoch 25 Test Loss: 0.4395 Acc: 0.8509
2026-04-20 18:50:47,788 Epoch 26 has 49 train steps per rank (log interval: 10)
2026-04-20 18:50:47,853 Epoch [26/100] Step [1/49] Loss: 0.3204
2026-04-20 18:50:48,223 Epoch [26/100] Step [10/49] Loss: 0.2734
2026-04-20 18:50:48,652 Epoch [26/100] Step [20/49] Loss: 0.3091
2026-04-20 18:50:49,078 Epoch [26/100] Step [30/49] Loss: 0.2237
2026-04-20 18:50:49,511 Epoch [26/100] Step [40/49] Loss: 0.3064
2026-04-20 18:50:49,892 Epoch [26/100] Step [49/49] Loss: 0.3278
2026-04-20 18:50:49,894 Epoch 26 Train Loss: 0.3152 Acc: 0.8911
2026-04-20 18:50:50,041 Epoch 26 Test Loss: 0.4733 Acc: 0.8456
2026-04-20 18:50:50,324 Epoch 27 has 49 train steps per rank (log interval: 10)
2026-04-20 18:50:50,411 Epoch [27/100] Step [1/49] Loss: 0.2221
2026-04-20 18:50:50,813 Epoch [27/100] Step [10/49] Loss: 0.1649
2026-04-20 18:50:51,310 Epoch [27/100] Step [20/49] Loss: 0.3158
2026-04-20 18:50:51,848 Epoch [27/100] Step [30/49] Loss: 0.3368
2026-04-20 18:50:52,391 Epoch [27/100] Step [40/49] Loss: 0.2054
2026-04-20 18:50:52,840 Epoch [27/100] Step [49/49] Loss: 0.3491
2026-04-20 18:50:52,843 Epoch 27 Train Loss: 0.3128 Acc: 0.8920
2026-04-20 18:50:53,014 Epoch 27 Test Loss: 0.4538 Acc: 0.8472
2026-04-20 18:50:53,297 Epoch 28 has 49 train steps per rank (log interval: 10)
2026-04-20 18:50:53,395 Epoch [28/100] Step [1/49] Loss: 0.2986
2026-04-20 18:50:53,852 Epoch [28/100] Step [10/49] Loss: 0.2623
2026-04-20 18:50:54,370 Epoch [28/100] Step [20/49] Loss: 0.3208
2026-04-20 18:50:54,837 Epoch [28/100] Step [30/49] Loss: 0.4658
2026-04-20 18:50:55,269 Epoch [28/100] Step [40/49] Loss: 0.4616
2026-04-20 18:50:55,652 Epoch [28/100] Step [49/49] Loss: 0.2461
2026-04-20 18:50:55,653 Epoch 28 Train Loss: 0.3142 Acc: 0.8914
2026-04-20 18:50:55,818 Epoch 28 Test Loss: 0.4388 Acc: 0.8533
2026-04-20 18:50:56,018 Saved new best checkpoint: model_ckpts/hybrid_archcnn-vit_vitl6_vitd256_vith8_vitm512_conv64-64-128-128_fc512_bs1024_optadam_lr0.001_schedcosine_drop0.1_seed42/best.pth
2026-04-20 18:50:56,174 Epoch 29 has 49 train steps per rank (log interval: 10)
2026-04-20 18:50:56,259 Epoch [29/100] Step [1/49] Loss: 0.2739
2026-04-20 18:50:56,661 Epoch [29/100] Step [10/49] Loss: 0.2022
2026-04-20 18:50:57,159 Epoch [29/100] Step [20/49] Loss: 0.2766
2026-04-20 18:50:57,689 Epoch [29/100] Step [30/49] Loss: 0.3955
2026-04-20 18:50:58,181 Epoch [29/100] Step [40/49] Loss: 0.2636
2026-04-20 18:50:58,605 Epoch [29/100] Step [49/49] Loss: 0.2297
2026-04-20 18:50:58,606 Epoch 29 Train Loss: 0.2915 Acc: 0.8995
2026-04-20 18:50:58,761 Epoch 29 Test Loss: 0.4404 Acc: 0.8546
2026-04-20 18:50:58,961 Saved new best checkpoint: model_ckpts/hybrid_archcnn-vit_vitl6_vitd256_vith8_vitm512_conv64-64-128-128_fc512_bs1024_optadam_lr0.001_schedcosine_drop0.1_seed42/best.pth
2026-04-20 18:50:59,125 Epoch 30 has 49 train steps per rank (log interval: 10)
2026-04-20 18:50:59,218 Epoch [30/100] Step [1/49] Loss: 0.3266
2026-04-20 18:50:59,628 Epoch [30/100] Step [10/49] Loss: 0.1535
2026-04-20 18:51:00,119 Epoch [30/100] Step [20/49] Loss: 0.3224
2026-04-20 18:51:00,591 Epoch [30/100] Step [30/49] Loss: 0.3714
2026-04-20 18:51:01,044 Epoch [30/100] Step [40/49] Loss: 0.3586
2026-04-20 18:51:01,417 Epoch [30/100] Step [49/49] Loss: 0.2605
2026-04-20 18:51:01,418 Epoch 30 Train Loss: 0.2875 Acc: 0.9009
2026-04-20 18:51:01,580 Epoch 30 Test Loss: 0.4200 Acc: 0.8615
2026-04-20 18:51:01,779 Saved new best checkpoint: model_ckpts/hybrid_archcnn-vit_vitl6_vitd256_vith8_vitm512_conv64-64-128-128_fc512_bs1024_optadam_lr0.001_schedcosine_drop0.1_seed42/best.pth
2026-04-20 18:51:01,938 Epoch 31 has 49 train steps per rank (log interval: 10)
2026-04-20 18:51:02,013 Epoch [31/100] Step [1/49] Loss: 0.2780
2026-04-20 18:51:02,425 Epoch [31/100] Step [10/49] Loss: 0.3145
2026-04-20 18:51:02,907 Epoch [31/100] Step [20/49] Loss: 0.3910
2026-04-20 18:51:03,362 Epoch [31/100] Step [30/49] Loss: 0.3453
2026-04-20 18:51:03,854 Epoch [31/100] Step [40/49] Loss: 0.1687
2026-04-20 18:51:04,298 Epoch [31/100] Step [49/49] Loss: 0.3010
2026-04-20 18:51:04,299 Epoch 31 Train Loss: 0.2764 Acc: 0.9048
2026-04-20 18:51:04,461 Epoch 31 Test Loss: 0.4280 Acc: 0.8590
2026-04-20 18:51:04,750 Epoch 32 has 49 train steps per rank (log interval: 10)
2026-04-20 18:51:04,839 Epoch [32/100] Step [1/49] Loss: 0.1992
2026-04-20 18:51:05,266 Epoch [32/100] Step [10/49] Loss: 0.2951
2026-04-20 18:51:05,775 Epoch [32/100] Step [20/49] Loss: 0.1890
2026-04-20 18:51:06,290 Epoch [32/100] Step [30/49] Loss: 0.3007
2026-04-20 18:51:06,760 Epoch [32/100] Step [40/49] Loss: 0.3408
2026-04-20 18:51:07,181 Epoch [32/100] Step [49/49] Loss: 0.3795
2026-04-20 18:51:07,182 Epoch 32 Train Loss: 0.2917 Acc: 0.8990
2026-04-20 18:51:07,341 Epoch 32 Test Loss: 0.5105 Acc: 0.8329
2026-04-20 18:51:07,629 Epoch 33 has 49 train steps per rank (log interval: 10)
2026-04-20 18:51:07,718 Epoch [33/100] Step [1/49] Loss: 0.3708
2026-04-20 18:51:08,126 Epoch [33/100] Step [10/49] Loss: 0.2122
2026-04-20 18:51:08,578 Epoch [33/100] Step [20/49] Loss: 0.3032
2026-04-20 18:51:09,057 Epoch [33/100] Step [30/49] Loss: 0.2620
2026-04-20 18:51:09,574 Epoch [33/100] Step [40/49] Loss: 0.1504
2026-04-20 18:51:09,990 Epoch [33/100] Step [49/49] Loss: 0.2435
2026-04-20 18:51:09,992 Epoch 33 Train Loss: 0.2628 Acc: 0.9092
2026-04-20 18:51:10,138 Epoch 33 Test Loss: 0.4497 Acc: 0.8582
2026-04-20 18:51:10,426 Epoch 34 has 49 train steps per rank (log interval: 10)
2026-04-20 18:51:10,517 Epoch [34/100] Step [1/49] Loss: 0.2512
2026-04-20 18:51:10,952 Epoch [34/100] Step [10/49] Loss: 0.2983
2026-04-20 18:51:11,417 Epoch [34/100] Step [20/49] Loss: 0.3035
2026-04-20 18:51:11,841 Epoch [34/100] Step [30/49] Loss: 0.2642
2026-04-20 18:51:12,258 Epoch [34/100] Step [40/49] Loss: 0.2485
2026-04-20 18:51:12,642 Epoch [34/100] Step [49/49] Loss: 0.2501
2026-04-20 18:51:12,644 Epoch 34 Train Loss: 0.2705 Acc: 0.9073
2026-04-20 18:51:12,809 Epoch 34 Test Loss: 0.4188 Acc: 0.8619
2026-04-20 18:51:13,010 Saved new best checkpoint: model_ckpts/hybrid_archcnn-vit_vitl6_vitd256_vith8_vitm512_conv64-64-128-128_fc512_bs1024_optadam_lr0.001_schedcosine_drop0.1_seed42/best.pth
2026-04-20 18:51:13,322 Epoch 35 has 49 train steps per rank (log interval: 10)
2026-04-20 18:51:13,399 Epoch [35/100] Step [1/49] Loss: 0.2577
2026-04-20 18:51:13,784 Epoch [35/100] Step [10/49] Loss: 0.2830
2026-04-20 18:51:14,258 Epoch [35/100] Step [20/49] Loss: 0.2235
2026-04-20 18:51:14,731 Epoch [35/100] Step [30/49] Loss: 0.2871
2026-04-20 18:51:15,193 Epoch [35/100] Step [40/49] Loss: 0.1973
2026-04-20 18:51:15,628 Epoch [35/100] Step [49/49] Loss: 0.2232
2026-04-20 18:51:15,631 Epoch 35 Train Loss: 0.2520 Acc: 0.9140
2026-04-20 18:51:15,781 Epoch 35 Test Loss: 0.4491 Acc: 0.8568
2026-04-20 18:51:16,073 Epoch 36 has 49 train steps per rank (log interval: 10)
2026-04-20 18:51:16,161 Epoch [36/100] Step [1/49] Loss: 0.2911
2026-04-20 18:51:16,551 Epoch [36/100] Step [10/49] Loss: 0.2627
2026-04-20 18:51:16,994 Epoch [36/100] Step [20/49] Loss: 0.3310
2026-04-20 18:51:17,444 Epoch [36/100] Step [30/49] Loss: 0.2354
2026-04-20 18:51:17,923 Epoch [36/100] Step [40/49] Loss: 0.2302
2026-04-20 18:51:18,368 Epoch [36/100] Step [49/49] Loss: 0.2595
2026-04-20 18:51:18,371 Epoch 36 Train Loss: 0.2614 Acc: 0.9098
2026-04-20 18:51:18,530 Epoch 36 Test Loss: 0.5055 Acc: 0.8377
2026-04-20 18:51:18,828 Epoch 37 has 49 train steps per rank (log interval: 10)
2026-04-20 18:51:18,917 Epoch [37/100] Step [1/49] Loss: 0.1746
2026-04-20 18:51:19,332 Epoch [37/100] Step [10/49] Loss: 0.1788
2026-04-20 18:51:19,848 Epoch [37/100] Step [20/49] Loss: 0.2719
2026-04-20 18:51:20,371 Epoch [37/100] Step [30/49] Loss: 0.1509
2026-04-20 18:51:20,903 Epoch [37/100] Step [40/49] Loss: 0.3028
2026-04-20 18:51:21,307 Epoch [37/100] Step [49/49] Loss: 0.2169
2026-04-20 18:51:21,309 Epoch 37 Train Loss: 0.2491 Acc: 0.9144
2026-04-20 18:51:21,461 Epoch 37 Test Loss: 0.4088 Acc: 0.8672
2026-04-20 18:51:21,679 Saved new best checkpoint: model_ckpts/hybrid_archcnn-vit_vitl6_vitd256_vith8_vitm512_conv64-64-128-128_fc512_bs1024_optadam_lr0.001_schedcosine_drop0.1_seed42/best.pth
2026-04-20 18:51:21,846 Epoch 38 has 49 train steps per rank (log interval: 10)
2026-04-20 18:51:21,930 Epoch [38/100] Step [1/49] Loss: 0.1560
2026-04-20 18:51:22,306 Epoch [38/100] Step [10/49] Loss: 0.3163
2026-04-20 18:51:22,778 Epoch [38/100] Step [20/49] Loss: 0.1707
2026-04-20 18:51:23,305 Epoch [38/100] Step [30/49] Loss: 0.2776
2026-04-20 18:51:23,728 Epoch [38/100] Step [40/49] Loss: 0.1592
2026-04-20 18:51:24,145 Epoch [38/100] Step [49/49] Loss: 0.1860
2026-04-20 18:51:24,148 Epoch 38 Train Loss: 0.2353 Acc: 0.9193
2026-04-20 18:51:24,303 Epoch 38 Test Loss: 0.4274 Acc: 0.8609
2026-04-20 18:51:24,593 Epoch 39 has 49 train steps per rank (log interval: 10)
2026-04-20 18:51:24,682 Epoch [39/100] Step [1/49] Loss: 0.1922
2026-04-20 18:51:25,096 Epoch [39/100] Step [10/49] Loss: 0.3453
2026-04-20 18:51:25,615 Epoch [39/100] Step [20/49] Loss: 0.2427
2026-04-20 18:51:26,137 Epoch [39/100] Step [30/49] Loss: 0.2177
2026-04-20 18:51:26,652 Epoch [39/100] Step [40/49] Loss: 0.2027
2026-04-20 18:51:27,097 Epoch [39/100] Step [49/49] Loss: 0.1692
2026-04-20 18:51:27,100 Epoch 39 Train Loss: 0.2312 Acc: 0.9217
2026-04-20 18:51:27,257 Epoch 39 Test Loss: 0.3903 Acc: 0.8702
2026-04-20 18:51:27,462 Saved new best checkpoint: model_ckpts/hybrid_archcnn-vit_vitl6_vitd256_vith8_vitm512_conv64-64-128-128_fc512_bs1024_optadam_lr0.001_schedcosine_drop0.1_seed42/best.pth
2026-04-20 18:51:27,633 Epoch 40 has 49 train steps per rank (log interval: 10)
2026-04-20 18:51:27,714 Epoch [40/100] Step [1/49] Loss: 0.2409
2026-04-20 18:51:28,131 Epoch [40/100] Step [10/49] Loss: 0.2382
2026-04-20 18:51:28,635 Epoch [40/100] Step [20/49] Loss: 0.2424
2026-04-20 18:51:29,185 Epoch [40/100] Step [30/49] Loss: 0.1864
2026-04-20 18:51:29,675 Epoch [40/100] Step [40/49] Loss: 0.2726
2026-04-20 18:51:30,070 Epoch [40/100] Step [49/49] Loss: 0.2675
2026-04-20 18:51:30,071 Epoch 40 Train Loss: 0.2136 Acc: 0.9263
2026-04-20 18:51:30,226 Epoch 40 Test Loss: 0.3950 Acc: 0.8733
2026-04-20 18:51:30,425 Saved new best checkpoint: model_ckpts/hybrid_archcnn-vit_vitl6_vitd256_vith8_vitm512_conv64-64-128-128_fc512_bs1024_optadam_lr0.001_schedcosine_drop0.1_seed42/best.pth
2026-04-20 18:51:30,595 Epoch 41 has 49 train steps per rank (log interval: 10)
2026-04-20 18:51:30,675 Epoch [41/100] Step [1/49] Loss: 0.1041
2026-04-20 18:51:31,074 Epoch [41/100] Step [10/49] Loss: 0.2115
2026-04-20 18:51:31,532 Epoch [41/100] Step [20/49] Loss: 0.2035
2026-04-20 18:51:31,974 Epoch [41/100] Step [30/49] Loss: 0.2112
2026-04-20 18:51:32,399 Epoch [41/100] Step [40/49] Loss: 0.1226
2026-04-20 18:51:32,781 Epoch [41/100] Step [49/49] Loss: 0.1508
2026-04-20 18:51:32,783 Epoch 41 Train Loss: 0.2239 Acc: 0.9219
2026-04-20 18:51:32,934 Epoch 41 Test Loss: 0.3988 Acc: 0.8722
2026-04-20 18:51:33,237 Epoch 42 has 49 train steps per rank (log interval: 10)
2026-04-20 18:51:33,318 Epoch [42/100] Step [1/49] Loss: 0.2125
2026-04-20 18:51:33,700 Epoch [42/100] Step [10/49] Loss: 0.1553
2026-04-20 18:51:34,148 Epoch [42/100] Step [20/49] Loss: 0.3659
2026-04-20 18:51:34,570 Epoch [42/100] Step [30/49] Loss: 0.2354
2026-04-20 18:51:35,004 Epoch [42/100] Step [40/49] Loss: 0.1384
2026-04-20 18:51:35,401 Epoch [42/100] Step [49/49] Loss: 0.1139
2026-04-20 18:51:35,403 Epoch 42 Train Loss: 0.2174 Acc: 0.9244
2026-04-20 18:51:35,554 Epoch 42 Test Loss: 0.4037 Acc: 0.8698
2026-04-20 18:51:35,833 Epoch 43 has 49 train steps per rank (log interval: 10)
2026-04-20 18:51:35,901 Epoch [43/100] Step [1/49] Loss: 0.1890
2026-04-20 18:51:36,268 Epoch [43/100] Step [10/49] Loss: 0.3747
2026-04-20 18:51:36,694 Epoch [43/100] Step [20/49] Loss: 0.1580
2026-04-20 18:51:37,143 Epoch [43/100] Step [30/49] Loss: 0.1520
2026-04-20 18:51:37,567 Epoch [43/100] Step [40/49] Loss: 0.2592
2026-04-20 18:51:37,960 Epoch [43/100] Step [49/49] Loss: 0.2476
2026-04-20 18:51:37,961 Epoch 43 Train Loss: 0.2178 Acc: 0.9242
2026-04-20 18:51:38,120 Epoch 43 Test Loss: 0.3824 Acc: 0.8768
2026-04-20 18:51:38,315 Saved new best checkpoint: model_ckpts/hybrid_archcnn-vit_vitl6_vitd256_vith8_vitm512_conv64-64-128-128_fc512_bs1024_optadam_lr0.001_schedcosine_drop0.1_seed42/best.pth
2026-04-20 18:51:38,466 Epoch 44 has 49 train steps per rank (log interval: 10)
2026-04-20 18:51:38,552 Epoch [44/100] Step [1/49] Loss: 0.1382
2026-04-20 18:51:38,940 Epoch [44/100] Step [10/49] Loss: 0.2047
2026-04-20 18:51:39,387 Epoch [44/100] Step [20/49] Loss: 0.2646
2026-04-20 18:51:39,887 Epoch [44/100] Step [30/49] Loss: 0.1840
2026-04-20 18:51:40,402 Epoch [44/100] Step [40/49] Loss: 0.3449
2026-04-20 18:51:40,848 Epoch [44/100] Step [49/49] Loss: 0.2205
2026-04-20 18:51:40,851 Epoch 44 Train Loss: 0.1976 Acc: 0.9301
2026-04-20 18:51:41,028 Epoch 44 Test Loss: 0.3629 Acc: 0.8799
2026-04-20 18:51:41,224 Saved new best checkpoint: model_ckpts/hybrid_archcnn-vit_vitl6_vitd256_vith8_vitm512_conv64-64-128-128_fc512_bs1024_optadam_lr0.001_schedcosine_drop0.1_seed42/best.pth
2026-04-20 18:51:41,378 Epoch 45 has 49 train steps per rank (log interval: 10)
2026-04-20 18:51:41,474 Epoch [45/100] Step [1/49] Loss: 0.1916
2026-04-20 18:51:41,886 Epoch [45/100] Step [10/49] Loss: 0.1583
2026-04-20 18:51:42,383 Epoch [45/100] Step [20/49] Loss: 0.2390
2026-04-20 18:51:42,880 Epoch [45/100] Step [30/49] Loss: 0.1595
2026-04-20 18:51:43,333 Epoch [45/100] Step [40/49] Loss: 0.2171
2026-04-20 18:51:43,712 Epoch [45/100] Step [49/49] Loss: 0.2887
2026-04-20 18:51:43,713 Epoch 45 Train Loss: 0.2005 Acc: 0.9313
2026-04-20 18:51:43,852 Epoch 45 Test Loss: 0.4069 Acc: 0.8680
2026-04-20 18:51:44,135 Epoch 46 has 49 train steps per rank (log interval: 10)
2026-04-20 18:51:44,213 Epoch [46/100] Step [1/49] Loss: 0.1862
2026-04-20 18:51:44,631 Epoch [46/100] Step [10/49] Loss: 0.1904
2026-04-20 18:51:45,070 Epoch [46/100] Step [20/49] Loss: 0.2423
2026-04-20 18:51:45,504 Epoch [46/100] Step [30/49] Loss: 0.2757
2026-04-20 18:51:45,949 Epoch [46/100] Step [40/49] Loss: 0.1620
2026-04-20 18:51:46,339 Epoch [46/100] Step [49/49] Loss: 0.1798
2026-04-20 18:51:46,340 Epoch 46 Train Loss: 0.1932 Acc: 0.9322
2026-04-20 18:51:46,504 Epoch 46 Test Loss: 0.3859 Acc: 0.8781
2026-04-20 18:51:46,789 Epoch 47 has 49 train steps per rank (log interval: 10)
2026-04-20 18:51:46,878 Epoch [47/100] Step [1/49] Loss: 0.2327
2026-04-20 18:51:47,279 Epoch [47/100] Step [10/49] Loss: 0.1892
2026-04-20 18:51:47,752 Epoch [47/100] Step [20/49] Loss: 0.1571
2026-04-20 18:51:48,144 Epoch [47/100] Step [30/49] Loss: 0.1872
2026-04-20 18:51:48,561 Epoch [47/100] Step [40/49] Loss: 0.2479
2026-04-20 18:51:48,956 Epoch [47/100] Step [49/49] Loss: 0.3731
2026-04-20 18:51:48,959 Epoch 47 Train Loss: 0.1816 Acc: 0.9369
2026-04-20 18:51:49,137 Epoch 47 Test Loss: 0.4302 Acc: 0.8628
2026-04-20 18:51:49,416 Epoch 48 has 49 train steps per rank (log interval: 10)
2026-04-20 18:51:49,500 Epoch [48/100] Step [1/49] Loss: 0.1813
2026-04-20 18:51:49,913 Epoch [48/100] Step [10/49] Loss: 0.1902
2026-04-20 18:51:50,423 Epoch [48/100] Step [20/49] Loss: 0.1665
2026-04-20 18:51:50,953 Epoch [48/100] Step [30/49] Loss: 0.1574
2026-04-20 18:51:51,380 Epoch [48/100] Step [40/49] Loss: 0.1754
2026-04-20 18:51:51,754 Epoch [48/100] Step [49/49] Loss: 0.2074
2026-04-20 18:51:51,756 Epoch 48 Train Loss: 0.1814 Acc: 0.9365
2026-04-20 18:51:51,918 Epoch 48 Test Loss: 0.3779 Acc: 0.8803
2026-04-20 18:51:52,115 Saved new best checkpoint: model_ckpts/hybrid_archcnn-vit_vitl6_vitd256_vith8_vitm512_conv64-64-128-128_fc512_bs1024_optadam_lr0.001_schedcosine_drop0.1_seed42/best.pth
2026-04-20 18:51:52,272 Epoch 49 has 49 train steps per rank (log interval: 10)
2026-04-20 18:51:52,343 Epoch [49/100] Step [1/49] Loss: 0.1143
2026-04-20 18:51:52,715 Epoch [49/100] Step [10/49] Loss: 0.1346
2026-04-20 18:51:53,109 Epoch [49/100] Step [20/49] Loss: 0.1774
2026-04-20 18:51:53,589 Epoch [49/100] Step [30/49] Loss: 0.1524
2026-04-20 18:51:54,100 Epoch [49/100] Step [40/49] Loss: 0.1779
2026-04-20 18:51:54,548 Epoch [49/100] Step [49/49] Loss: 0.1462
2026-04-20 18:51:54,549 Epoch 49 Train Loss: 0.1808 Acc: 0.9377
2026-04-20 18:51:54,723 Epoch 49 Test Loss: 0.3943 Acc: 0.8769
2026-04-20 18:51:55,005 Epoch 50 has 49 train steps per rank (log interval: 10)
2026-04-20 18:51:55,085 Epoch [50/100] Step [1/49] Loss: 0.1314
2026-04-20 18:51:55,520 Epoch [50/100] Step [10/49] Loss: 0.1799
2026-04-20 18:51:56,030 Epoch [50/100] Step [20/49] Loss: 0.0522
2026-04-20 18:51:56,462 Epoch [50/100] Step [30/49] Loss: 0.2006
2026-04-20 18:51:56,885 Epoch [50/100] Step [40/49] Loss: 0.1787
2026-04-20 18:51:57,270 Epoch [50/100] Step [49/49] Loss: 0.1791
2026-04-20 18:51:57,272 Epoch 50 Train Loss: 0.1710 Acc: 0.9402
2026-04-20 18:51:57,427 Epoch 50 Test Loss: 0.3904 Acc: 0.8775
2026-04-20 18:51:57,708 Epoch 51 has 49 train steps per rank (log interval: 10)
2026-04-20 18:51:57,799 Epoch [51/100] Step [1/49] Loss: 0.1647
2026-04-20 18:51:58,215 Epoch [51/100] Step [10/49] Loss: 0.1297
2026-04-20 18:51:58,732 Epoch [51/100] Step [20/49] Loss: 0.1982
2026-04-20 18:51:59,247 Epoch [51/100] Step [30/49] Loss: 0.1856
2026-04-20 18:51:59,774 Epoch [51/100] Step [40/49] Loss: 0.2905
2026-04-20 18:52:00,232 Epoch [51/100] Step [49/49] Loss: 0.1628
2026-04-20 18:52:00,233 Epoch 51 Train Loss: 0.1671 Acc: 0.9418
2026-04-20 18:52:00,387 Epoch 51 Test Loss: 0.4042 Acc: 0.8748
2026-04-20 18:52:00,819 Epoch 52 has 49 train steps per rank (log interval: 10)
2026-04-20 18:52:00,892 Epoch [52/100] Step [1/49] Loss: 0.1073
2026-04-20 18:52:01,311 Epoch [52/100] Step [10/49] Loss: 0.1651
2026-04-20 18:52:01,816 Epoch [52/100] Step [20/49] Loss: 0.1420
2026-04-20 18:52:02,297 Epoch [52/100] Step [30/49] Loss: 0.1243
2026-04-20 18:52:02,822 Epoch [52/100] Step [40/49] Loss: 0.1565
2026-04-20 18:52:03,271 Epoch [52/100] Step [49/49] Loss: 0.2077
2026-04-20 18:52:03,272 Epoch 52 Train Loss: 0.1596 Acc: 0.9442
2026-04-20 18:52:03,439 Epoch 52 Test Loss: 0.3960 Acc: 0.8780
2026-04-20 18:52:03,725 Epoch 53 has 49 train steps per rank (log interval: 10)
2026-04-20 18:52:03,821 Epoch [53/100] Step [1/49] Loss: 0.1511
2026-04-20 18:52:04,231 Epoch [53/100] Step [10/49] Loss: 0.1206
2026-04-20 18:52:04,691 Epoch [53/100] Step [20/49] Loss: 0.1831
2026-04-20 18:52:05,200 Epoch [53/100] Step [30/49] Loss: 0.1314
2026-04-20 18:52:05,682 Epoch [53/100] Step [40/49] Loss: 0.1012
2026-04-20 18:52:06,056 Epoch [53/100] Step [49/49] Loss: 0.1893
2026-04-20 18:52:06,058 Epoch 53 Train Loss: 0.1556 Acc: 0.9460
2026-04-20 18:52:06,204 Epoch 53 Test Loss: 0.3851 Acc: 0.8837
2026-04-20 18:52:06,408 Saved new best checkpoint: model_ckpts/hybrid_archcnn-vit_vitl6_vitd256_vith8_vitm512_conv64-64-128-128_fc512_bs1024_optadam_lr0.001_schedcosine_drop0.1_seed42/best.pth
2026-04-20 18:52:06,573 Epoch 54 has 49 train steps per rank (log interval: 10)
2026-04-20 18:52:06,665 Epoch [54/100] Step [1/49] Loss: 0.1368
2026-04-20 18:52:07,080 Epoch [54/100] Step [10/49] Loss: 0.2339
2026-04-20 18:52:07,571 Epoch [54/100] Step [20/49] Loss: 0.1264
2026-04-20 18:52:07,990 Epoch [54/100] Step [30/49] Loss: 0.0561
2026-04-20 18:52:08,471 Epoch [54/100] Step [40/49] Loss: 0.1717
2026-04-20 18:52:08,913 Epoch [54/100] Step [49/49] Loss: 0.1892
2026-04-20 18:52:08,915 Epoch 54 Train Loss: 0.1612 Acc: 0.9437
2026-04-20 18:52:09,070 Epoch 54 Test Loss: 0.4052 Acc: 0.8793
2026-04-20 18:52:09,358 Epoch 55 has 49 train steps per rank (log interval: 10)
2026-04-20 18:52:09,454 Epoch [55/100] Step [1/49] Loss: 0.0922
2026-04-20 18:52:09,897 Epoch [55/100] Step [10/49] Loss: 0.1577
2026-04-20 18:52:10,350 Epoch [55/100] Step [20/49] Loss: 0.1565
2026-04-20 18:52:10,806 Epoch [55/100] Step [30/49] Loss: 0.1034
2026-04-20 18:52:11,312 Epoch [55/100] Step [40/49] Loss: 0.0887
2026-04-20 18:52:11,759 Epoch [55/100] Step [49/49] Loss: 0.0672
2026-04-20 18:52:11,761 Epoch 55 Train Loss: 0.1561 Acc: 0.9451
2026-04-20 18:52:11,913 Epoch 55 Test Loss: 0.3789 Acc: 0.8824
2026-04-20 18:52:12,199 Epoch 56 has 49 train steps per rank (log interval: 10)
2026-04-20 18:52:12,293 Epoch [56/100] Step [1/49] Loss: 0.1424
2026-04-20 18:52:12,676 Epoch [56/100] Step [10/49] Loss: 0.1410
2026-04-20 18:52:13,171 Epoch [56/100] Step [20/49] Loss: 0.1701
2026-04-20 18:52:13,627 Epoch [56/100] Step [30/49] Loss: 0.1807
2026-04-20 18:52:14,084 Epoch [56/100] Step [40/49] Loss: 0.0968
2026-04-20 18:52:14,490 Epoch [56/100] Step [49/49] Loss: 0.0743
2026-04-20 18:52:14,493 Epoch 56 Train Loss: 0.1432 Acc: 0.9494
2026-04-20 18:52:14,662 Epoch 56 Test Loss: 0.3961 Acc: 0.8816
2026-04-20 18:52:14,949 Epoch 57 has 49 train steps per rank (log interval: 10)
2026-04-20 18:52:15,037 Epoch [57/100] Step [1/49] Loss: 0.1807
2026-04-20 18:52:15,413 Epoch [57/100] Step [10/49] Loss: 0.1518
2026-04-20 18:52:15,834 Epoch [57/100] Step [20/49] Loss: 0.1449
2026-04-20 18:52:16,248 Epoch [57/100] Step [30/49] Loss: 0.1093
2026-04-20 18:52:16,670 Epoch [57/100] Step [40/49] Loss: 0.1894
2026-04-20 18:52:17,041 Epoch [57/100] Step [49/49] Loss: 0.0892
2026-04-20 18:52:17,043 Epoch 57 Train Loss: 0.1428 Acc: 0.9500
2026-04-20 18:52:17,189 Epoch 57 Test Loss: 0.4050 Acc: 0.8808
2026-04-20 18:52:17,484 Epoch 58 has 49 train steps per rank (log interval: 10)
2026-04-20 18:52:17,571 Epoch [58/100] Step [1/49] Loss: 0.1434
2026-04-20 18:52:17,941 Epoch [58/100] Step [10/49] Loss: 0.0511
2026-04-20 18:52:18,343 Epoch [58/100] Step [20/49] Loss: 0.1519
2026-04-20 18:52:18,817 Epoch [58/100] Step [30/49] Loss: 0.0905
2026-04-20 18:52:19,335 Epoch [58/100] Step [40/49] Loss: 0.2106
2026-04-20 18:52:19,790 Epoch [58/100] Step [49/49] Loss: 0.1187
2026-04-20 18:52:19,792 Epoch 58 Train Loss: 0.1334 Acc: 0.9526
2026-04-20 18:52:19,942 Epoch 58 Test Loss: 0.4089 Acc: 0.8775
2026-04-20 18:52:20,234 Epoch 59 has 49 train steps per rank (log interval: 10)
2026-04-20 18:52:20,319 Epoch [59/100] Step [1/49] Loss: 0.1475
2026-04-20 18:52:20,708 Epoch [59/100] Step [10/49] Loss: 0.1249
2026-04-20 18:52:21,154 Epoch [59/100] Step [20/49] Loss: 0.0612
2026-04-20 18:52:21,615 Epoch [59/100] Step [30/49] Loss: 0.0935
2026-04-20 18:52:22,135 Epoch [59/100] Step [40/49] Loss: 0.0935
2026-04-20 18:52:22,555 Epoch [59/100] Step [49/49] Loss: 0.1767
2026-04-20 18:52:22,556 Epoch 59 Train Loss: 0.1345 Acc: 0.9535
2026-04-20 18:52:22,698 Epoch 59 Test Loss: 0.3952 Acc: 0.8790
2026-04-20 18:52:22,987 Epoch 60 has 49 train steps per rank (log interval: 10)
2026-04-20 18:52:23,070 Epoch [60/100] Step [1/49] Loss: 0.1446
2026-04-20 18:52:23,486 Epoch [60/100] Step [10/49] Loss: 0.1079
2026-04-20 18:52:23,951 Epoch [60/100] Step [20/49] Loss: 0.1172
2026-04-20 18:52:24,289 Epoch [60/100] Step [30/49] Loss: 0.0844
2026-04-20 18:52:24,636 Epoch [60/100] Step [40/49] Loss: 0.1555
2026-04-20 18:52:24,967 Epoch [60/100] Step [49/49] Loss: 0.1934
2026-04-20 18:52:24,969 Epoch 60 Train Loss: 0.1261 Acc: 0.9564
2026-04-20 18:52:25,126 Epoch 60 Test Loss: 0.3867 Acc: 0.8870
2026-04-20 18:52:25,328 Saved new best checkpoint: model_ckpts/hybrid_archcnn-vit_vitl6_vitd256_vith8_vitm512_conv64-64-128-128_fc512_bs1024_optadam_lr0.001_schedcosine_drop0.1_seed42/best.pth
2026-04-20 18:52:25,497 Epoch 61 has 49 train steps per rank (log interval: 10)
2026-04-20 18:52:25,583 Epoch [61/100] Step [1/49] Loss: 0.1971
2026-04-20 18:52:25,930 Epoch [61/100] Step [10/49] Loss: 0.0677
2026-04-20 18:52:26,284 Epoch [61/100] Step [20/49] Loss: 0.1353
2026-04-20 18:52:26,674 Epoch [61/100] Step [30/49] Loss: 0.2064
2026-04-20 18:52:27,071 Epoch [61/100] Step [40/49] Loss: 0.1199
2026-04-20 18:52:27,391 Epoch [61/100] Step [49/49] Loss: 0.0957
2026-04-20 18:52:27,392 Epoch 61 Train Loss: 0.1228 Acc: 0.9574
2026-04-20 18:52:27,570 Epoch 61 Test Loss: 0.4123 Acc: 0.8827
2026-04-20 18:52:27,863 Epoch 62 has 49 train steps per rank (log interval: 10)
2026-04-20 18:52:27,940 Epoch [62/100] Step [1/49] Loss: 0.0739
2026-04-20 18:52:28,316 Epoch [62/100] Step [10/49] Loss: 0.1018
2026-04-20 18:52:28,761 Epoch [62/100] Step [20/49] Loss: 0.1069
2026-04-20 18:52:29,258 Epoch [62/100] Step [30/49] Loss: 0.2506
2026-04-20 18:52:29,784 Epoch [62/100] Step [40/49] Loss: 0.0654
2026-04-20 18:52:30,237 Epoch [62/100] Step [49/49] Loss: 0.0970
2026-04-20 18:52:30,240 Epoch 62 Train Loss: 0.1235 Acc: 0.9564
2026-04-20 18:52:30,406 Epoch 62 Test Loss: 0.3928 Acc: 0.8854
2026-04-20 18:52:30,692 Epoch 63 has 49 train steps per rank (log interval: 10)
2026-04-20 18:52:30,792 Epoch [63/100] Step [1/49] Loss: 0.1600
2026-04-20 18:52:31,221 Epoch [63/100] Step [10/49] Loss: 0.0656
2026-04-20 18:52:31,708 Epoch [63/100] Step [20/49] Loss: 0.1621
2026-04-20 18:52:32,127 Epoch [63/100] Step [30/49] Loss: 0.0893
2026-04-20 18:52:32,565 Epoch [63/100] Step [40/49] Loss: 0.1372
2026-04-20 18:52:32,947 Epoch [63/100] Step [49/49] Loss: 0.1747
2026-04-20 18:52:32,949 Epoch 63 Train Loss: 0.1160 Acc: 0.9596
2026-04-20 18:52:33,113 Epoch 63 Test Loss: 0.4038 Acc: 0.8837
2026-04-20 18:52:33,410 Epoch 64 has 49 train steps per rank (log interval: 10)
2026-04-20 18:52:33,502 Epoch [64/100] Step [1/49] Loss: 0.0734
2026-04-20 18:52:33,912 Epoch [64/100] Step [10/49] Loss: 0.1084
2026-04-20 18:52:34,418 Epoch [64/100] Step [20/49] Loss: 0.1678
2026-04-20 18:52:34,958 Epoch [64/100] Step [30/49] Loss: 0.0818
2026-04-20 18:52:35,437 Epoch [64/100] Step [40/49] Loss: 0.1072
2026-04-20 18:52:35,800 Epoch [64/100] Step [49/49] Loss: 0.1379
2026-04-20 18:52:35,802 Epoch 64 Train Loss: 0.1144 Acc: 0.9602
2026-04-20 18:52:35,968 Epoch 64 Test Loss: 0.4009 Acc: 0.8840
2026-04-20 18:52:36,256 Epoch 65 has 49 train steps per rank (log interval: 10)
2026-04-20 18:52:36,352 Epoch [65/100] Step [1/49] Loss: 0.0917
2026-04-20 18:52:36,736 Epoch [65/100] Step [10/49] Loss: 0.1001
2026-04-20 18:52:37,148 Epoch [65/100] Step [20/49] Loss: 0.0647
2026-04-20 18:52:37,584 Epoch [65/100] Step [30/49] Loss: 0.1180
2026-04-20 18:52:38,027 Epoch [65/100] Step [40/49] Loss: 0.1537
2026-04-20 18:52:38,407 Epoch [65/100] Step [49/49] Loss: 0.1996
2026-04-20 18:52:38,409 Epoch 65 Train Loss: 0.1083 Acc: 0.9628
2026-04-20 18:52:38,577 Epoch 65 Test Loss: 0.3881 Acc: 0.8861
2026-04-20 18:52:38,866 Epoch 66 has 49 train steps per rank (log interval: 10)
2026-04-20 18:52:38,947 Epoch [66/100] Step [1/49] Loss: 0.1835
2026-04-20 18:52:39,333 Epoch [66/100] Step [10/49] Loss: 0.1338
2026-04-20 18:52:39,791 Epoch [66/100] Step [20/49] Loss: 0.0481
2026-04-20 18:52:40,225 Epoch [66/100] Step [30/49] Loss: 0.1255
2026-04-20 18:52:40,674 Epoch [66/100] Step [40/49] Loss: 0.0764
2026-04-20 18:52:41,095 Epoch [66/100] Step [49/49] Loss: 0.0571
2026-04-20 18:52:41,097 Epoch 66 Train Loss: 0.1069 Acc: 0.9636
2026-04-20 18:52:41,254 Epoch 66 Test Loss: 0.3963 Acc: 0.8867
2026-04-20 18:52:41,539 Epoch 67 has 49 train steps per rank (log interval: 10)
2026-04-20 18:52:41,623 Epoch [67/100] Step [1/49] Loss: 0.0773
2026-04-20 18:52:42,016 Epoch [67/100] Step [10/49] Loss: 0.1151
2026-04-20 18:52:42,478 Epoch [67/100] Step [20/49] Loss: 0.0436
2026-04-20 18:52:42,904 Epoch [67/100] Step [30/49] Loss: 0.1230
2026-04-20 18:52:43,349 Epoch [67/100] Step [40/49] Loss: 0.0981
2026-04-20 18:52:43,741 Epoch [67/100] Step [49/49] Loss: 0.0357
2026-04-20 18:52:43,744 Epoch 67 Train Loss: 0.1011 Acc: 0.9646
2026-04-20 18:52:43,877 Epoch 67 Test Loss: 0.4010 Acc: 0.8876
2026-04-20 18:52:44,062 Saved new best checkpoint: model_ckpts/hybrid_archcnn-vit_vitl6_vitd256_vith8_vitm512_conv64-64-128-128_fc512_bs1024_optadam_lr0.001_schedcosine_drop0.1_seed42/best.pth
2026-04-20 18:52:44,229 Epoch 68 has 49 train steps per rank (log interval: 10)
2026-04-20 18:52:44,311 Epoch [68/100] Step [1/49] Loss: 0.0808
2026-04-20 18:52:44,686 Epoch [68/100] Step [10/49] Loss: 0.0881
2026-04-20 18:52:45,126 Epoch [68/100] Step [20/49] Loss: 0.1086
2026-04-20 18:52:45,552 Epoch [68/100] Step [30/49] Loss: 0.0479
2026-04-20 18:52:46,031 Epoch [68/100] Step [40/49] Loss: 0.0615
2026-04-20 18:52:46,476 Epoch [68/100] Step [49/49] Loss: 0.1380
2026-04-20 18:52:46,479 Epoch 68 Train Loss: 0.0952 Acc: 0.9673
2026-04-20 18:52:46,619 Epoch 68 Test Loss: 0.3944 Acc: 0.8912
2026-04-20 18:52:46,818 Saved new best checkpoint: model_ckpts/hybrid_archcnn-vit_vitl6_vitd256_vith8_vitm512_conv64-64-128-128_fc512_bs1024_optadam_lr0.001_schedcosine_drop0.1_seed42/best.pth
2026-04-20 18:52:47,128 Epoch 69 has 49 train steps per rank (log interval: 10)
2026-04-20 18:52:47,222 Epoch [69/100] Step [1/49] Loss: 0.1100
2026-04-20 18:52:47,670 Epoch [69/100] Step [10/49] Loss: 0.0562
2026-04-20 18:52:48,213 Epoch [69/100] Step [20/49] Loss: 0.0807
2026-04-20 18:52:48,775 Epoch [69/100] Step [30/49] Loss: 0.0792
2026-04-20 18:52:49,356 Epoch [69/100] Step [40/49] Loss: 0.0679
2026-04-20 18:52:49,797 Epoch [69/100] Step [49/49] Loss: 0.1044
2026-04-20 18:52:49,797 Epoch 69 Train Loss: 0.0895 Acc: 0.9690
2026-04-20 18:52:49,968 Epoch 69 Test Loss: 0.4062 Acc: 0.8861
2026-04-20 18:52:50,268 Epoch 70 has 49 train steps per rank (log interval: 10)
2026-04-20 18:52:50,362 Epoch [70/100] Step [1/49] Loss: 0.0774
2026-04-20 18:52:50,789 Epoch [70/100] Step [10/49] Loss: 0.0852
2026-04-20 18:52:51,320 Epoch [70/100] Step [20/49] Loss: 0.1103
2026-04-20 18:52:51,864 Epoch [70/100] Step [30/49] Loss: 0.0916
2026-04-20 18:52:52,307 Epoch [70/100] Step [40/49] Loss: 0.0484
2026-04-20 18:52:52,679 Epoch [70/100] Step [49/49] Loss: 0.0682
2026-04-20 18:52:52,680 Epoch 70 Train Loss: 0.0923 Acc: 0.9683
2026-04-20 18:52:52,849 Epoch 70 Test Loss: 0.3970 Acc: 0.8909
2026-04-20 18:52:53,149 Epoch 71 has 49 train steps per rank (log interval: 10)
2026-04-20 18:52:53,233 Epoch [71/100] Step [1/49] Loss: 0.0832
2026-04-20 18:52:53,661 Epoch [71/100] Step [10/49] Loss: 0.0848
2026-04-20 18:52:54,181 Epoch [71/100] Step [20/49] Loss: 0.1116
2026-04-20 18:52:54,625 Epoch [71/100] Step [30/49] Loss: 0.0960
2026-04-20 18:52:55,075 Epoch [71/100] Step [40/49] Loss: 0.0590
2026-04-20 18:52:55,463 Epoch [71/100] Step [49/49] Loss: 0.0909
2026-04-20 18:52:55,464 Epoch 71 Train Loss: 0.0861 Acc: 0.9705
2026-04-20 18:52:55,608 Epoch 71 Test Loss: 0.3942 Acc: 0.8926
2026-04-20 18:52:55,819 Saved new best checkpoint: model_ckpts/hybrid_archcnn-vit_vitl6_vitd256_vith8_vitm512_conv64-64-128-128_fc512_bs1024_optadam_lr0.001_schedcosine_drop0.1_seed42/best.pth
2026-04-20 18:52:55,989 Epoch 72 has 49 train steps per rank (log interval: 10)
2026-04-20 18:52:56,072 Epoch [72/100] Step [1/49] Loss: 0.0541
2026-04-20 18:52:56,499 Epoch [72/100] Step [10/49] Loss: 0.0455
2026-04-20 18:52:56,965 Epoch [72/100] Step [20/49] Loss: 0.0780
2026-04-20 18:52:57,396 Epoch [72/100] Step [30/49] Loss: 0.0730
2026-04-20 18:52:57,814 Epoch [72/100] Step [40/49] Loss: 0.1214
2026-04-20 18:52:58,187 Epoch [72/100] Step [49/49] Loss: 0.0902
2026-04-20 18:52:58,189 Epoch 72 Train Loss: 0.0846 Acc: 0.9713
2026-04-20 18:52:58,351 Epoch 72 Test Loss: 0.4382 Acc: 0.8797
2026-04-20 18:52:58,653 Epoch 73 has 49 train steps per rank (log interval: 10)
2026-04-20 18:52:58,739 Epoch [73/100] Step [1/49] Loss: 0.1005
2026-04-20 18:52:59,091 Epoch [73/100] Step [10/49] Loss: 0.0884
2026-04-20 18:52:59,496 Epoch [73/100] Step [20/49] Loss: 0.0908
2026-04-20 18:52:59,913 Epoch [73/100] Step [30/49] Loss: 0.0761
2026-04-20 18:53:00,359 Epoch [73/100] Step [40/49] Loss: 0.1141
2026-04-20 18:53:00,779 Epoch [73/100] Step [49/49] Loss: 0.0616
2026-04-20 18:53:00,781 Epoch 73 Train Loss: 0.0835 Acc: 0.9712
2026-04-20 18:53:00,942 Epoch 73 Test Loss: 0.4112 Acc: 0.8887
2026-04-20 18:53:01,240 Epoch 74 has 49 train steps per rank (log interval: 10)
2026-04-20 18:53:01,321 Epoch [74/100] Step [1/49] Loss: 0.0863
2026-04-20 18:53:01,735 Epoch [74/100] Step [10/49] Loss: 0.0466
2026-04-20 18:53:02,236 Epoch [74/100] Step [20/49] Loss: 0.1270
2026-04-20 18:53:02,744 Epoch [74/100] Step [30/49] Loss: 0.1037
2026-04-20 18:53:03,227 Epoch [74/100] Step [40/49] Loss: 0.0596
2026-04-20 18:53:03,645 Epoch [74/100] Step [49/49] Loss: 0.1946
2026-04-20 18:53:03,647 Epoch 74 Train Loss: 0.0791 Acc: 0.9734
2026-04-20 18:53:03,821 Epoch 74 Test Loss: 0.4088 Acc: 0.8894
2026-04-20 18:53:04,119 Epoch 75 has 49 train steps per rank (log interval: 10)
2026-04-20 18:53:04,201 Epoch [75/100] Step [1/49] Loss: 0.0980
2026-04-20 18:53:04,618 Epoch [75/100] Step [10/49] Loss: 0.1303
2026-04-20 18:53:05,120 Epoch [75/100] Step [20/49] Loss: 0.0478
2026-04-20 18:53:05,643 Epoch [75/100] Step [30/49] Loss: 0.0929
2026-04-20 18:53:06,113 Epoch [75/100] Step [40/49] Loss: 0.0531
2026-04-20 18:53:06,489 Epoch [75/100] Step [49/49] Loss: 0.0584
2026-04-20 18:53:06,491 Epoch 75 Train Loss: 0.0755 Acc: 0.9743
2026-04-20 18:53:06,671 Epoch 75 Test Loss: 0.4016 Acc: 0.8911
2026-04-20 18:53:06,967 Epoch 76 has 49 train steps per rank (log interval: 10)
2026-04-20 18:53:07,043 Epoch [76/100] Step [1/49] Loss: 0.0199
2026-04-20 18:53:07,427 Epoch [76/100] Step [10/49] Loss: 0.0632
2026-04-20 18:53:07,928 Epoch [76/100] Step [20/49] Loss: 0.1024
2026-04-20 18:53:08,456 Epoch [76/100] Step [30/49] Loss: 0.0598
2026-04-20 18:53:08,977 Epoch [76/100] Step [40/49] Loss: 0.0618
2026-04-20 18:53:09,414 Epoch [76/100] Step [49/49] Loss: 0.0644
2026-04-20 18:53:09,415 Epoch 76 Train Loss: 0.0735 Acc: 0.9748
2026-04-20 18:53:09,568 Epoch 76 Test Loss: 0.4131 Acc: 0.8899
2026-04-20 18:53:09,868 Epoch 77 has 49 train steps per rank (log interval: 10)
2026-04-20 18:53:09,956 Epoch [77/100] Step [1/49] Loss: 0.0723
2026-04-20 18:53:10,335 Epoch [77/100] Step [10/49] Loss: 0.0406
2026-04-20 18:53:10,792 Epoch [77/100] Step [20/49] Loss: 0.0304
2026-04-20 18:53:11,298 Epoch [77/100] Step [30/49] Loss: 0.0549
2026-04-20 18:53:11,813 Epoch [77/100] Step [40/49] Loss: 0.0645
2026-04-20 18:53:12,248 Epoch [77/100] Step [49/49] Loss: 0.0414
2026-04-20 18:53:12,251 Epoch 77 Train Loss: 0.0687 Acc: 0.9761
2026-04-20 18:53:12,424 Epoch 77 Test Loss: 0.4093 Acc: 0.8936
2026-04-20 18:53:12,621 Saved new best checkpoint: model_ckpts/hybrid_archcnn-vit_vitl6_vitd256_vith8_vitm512_conv64-64-128-128_fc512_bs1024_optadam_lr0.001_schedcosine_drop0.1_seed42/best.pth
2026-04-20 18:53:12,795 Epoch 78 has 49 train steps per rank (log interval: 10)
2026-04-20 18:53:12,866 Epoch [78/100] Step [1/49] Loss: 0.0641
2026-04-20 18:53:13,260 Epoch [78/100] Step [10/49] Loss: 0.1449
2026-04-20 18:53:13,755 Epoch [78/100] Step [20/49] Loss: 0.0375
2026-04-20 18:53:14,207 Epoch [78/100] Step [30/49] Loss: 0.0562
2026-04-20 18:53:14,701 Epoch [78/100] Step [40/49] Loss: 0.0567
2026-04-20 18:53:15,174 Epoch [78/100] Step [49/49] Loss: 0.0904
2026-04-20 18:53:15,177 Epoch 78 Train Loss: 0.0667 Acc: 0.9773
2026-04-20 18:53:15,352 Epoch 78 Test Loss: 0.4037 Acc: 0.8917
2026-04-20 18:53:15,654 Epoch 79 has 49 train steps per rank (log interval: 10)
2026-04-20 18:53:15,746 Epoch [79/100] Step [1/49] Loss: 0.1101
2026-04-20 18:53:16,136 Epoch [79/100] Step [10/49] Loss: 0.0454
2026-04-20 18:53:16,580 Epoch [79/100] Step [20/49] Loss: 0.0525
2026-04-20 18:53:17,023 Epoch [79/100] Step [30/49] Loss: 0.0659
2026-04-20 18:53:17,508 Epoch [79/100] Step [40/49] Loss: 0.0375
2026-04-20 18:53:17,959 Epoch [79/100] Step [49/49] Loss: 0.0512
2026-04-20 18:53:17,961 Epoch 79 Train Loss: 0.0650 Acc: 0.9779
2026-04-20 18:53:18,141 Epoch 79 Test Loss: 0.4046 Acc: 0.8917
2026-04-20 18:53:18,442 Epoch 80 has 49 train steps per rank (log interval: 10)
2026-04-20 18:53:18,524 Epoch [80/100] Step [1/49] Loss: 0.0295
2026-04-20 18:53:18,945 Epoch [80/100] Step [10/49] Loss: 0.0314
2026-04-20 18:53:19,453 Epoch [80/100] Step [20/49] Loss: 0.0374
2026-04-20 18:53:19,950 Epoch [80/100] Step [30/49] Loss: 0.0676
2026-04-20 18:53:20,469 Epoch [80/100] Step [40/49] Loss: 0.0718
2026-04-20 18:53:20,905 Epoch [80/100] Step [49/49] Loss: 0.0314
2026-04-20 18:53:20,907 Epoch 80 Train Loss: 0.0616 Acc: 0.9789
2026-04-20 18:53:21,088 Epoch 80 Test Loss: 0.4111 Acc: 0.8928
2026-04-20 18:53:21,387 Epoch 81 has 49 train steps per rank (log interval: 10)
2026-04-20 18:53:21,482 Epoch [81/100] Step [1/49] Loss: 0.0351
2026-04-20 18:53:21,891 Epoch [81/100] Step [10/49] Loss: 0.0424
2026-04-20 18:53:22,361 Epoch [81/100] Step [20/49] Loss: 0.1240
2026-04-20 18:53:22,781 Epoch [81/100] Step [30/49] Loss: 0.0394
2026-04-20 18:53:23,207 Epoch [81/100] Step [40/49] Loss: 0.0584
2026-04-20 18:53:23,588 Epoch [81/100] Step [49/49] Loss: 0.1407
2026-04-20 18:53:23,590 Epoch 81 Train Loss: 0.0574 Acc: 0.9811
2026-04-20 18:53:23,773 Epoch 81 Test Loss: 0.4201 Acc: 0.8922
2026-04-20 18:53:24,067 Epoch 82 has 49 train steps per rank (log interval: 10)
2026-04-20 18:53:24,155 Epoch [82/100] Step [1/49] Loss: 0.0333
2026-04-20 18:53:24,573 Epoch [82/100] Step [10/49] Loss: 0.0801
2026-04-20 18:53:25,056 Epoch [82/100] Step [20/49] Loss: 0.0413
2026-04-20 18:53:25,404 Epoch [82/100] Step [30/49] Loss: 0.0760
2026-04-20 18:53:25,742 Epoch [82/100] Step [40/49] Loss: 0.0518
2026-04-20 18:53:26,069 Epoch [82/100] Step [49/49] Loss: 0.0976
2026-04-20 18:53:26,070 Epoch 82 Train Loss: 0.0555 Acc: 0.9815
2026-04-20 18:53:26,221 Epoch 82 Test Loss: 0.4180 Acc: 0.8941
2026-04-20 18:53:26,416 Saved new best checkpoint: model_ckpts/hybrid_archcnn-vit_vitl6_vitd256_vith8_vitm512_conv64-64-128-128_fc512_bs1024_optadam_lr0.001_schedcosine_drop0.1_seed42/best.pth
2026-04-20 18:53:26,590 Epoch 83 has 49 train steps per rank (log interval: 10)
2026-04-20 18:53:26,674 Epoch [83/100] Step [1/49] Loss: 0.0634
2026-04-20 18:53:26,991 Epoch [83/100] Step [10/49] Loss: 0.0996
2026-04-20 18:53:27,397 Epoch [83/100] Step [20/49] Loss: 0.0352
2026-04-20 18:53:27,800 Epoch [83/100] Step [30/49] Loss: 0.1173
2026-04-20 18:53:28,226 Epoch [83/100] Step [40/49] Loss: 0.0257
2026-04-20 18:53:28,617 Epoch [83/100] Step [49/49] Loss: 0.0301
2026-04-20 18:53:28,620 Epoch 83 Train Loss: 0.0579 Acc: 0.9804
2026-04-20 18:53:28,785 Epoch 83 Test Loss: 0.4215 Acc: 0.8919
2026-04-20 18:53:29,205 Epoch 84 has 49 train steps per rank (log interval: 10)
2026-04-20 18:53:29,301 Epoch [84/100] Step [1/49] Loss: 0.0790
2026-04-20 18:53:29,719 Epoch [84/100] Step [10/49] Loss: 0.0693
2026-04-20 18:53:30,216 Epoch [84/100] Step [20/49] Loss: 0.0697
2026-04-20 18:53:30,727 Epoch [84/100] Step [30/49] Loss: 0.0739
2026-04-20 18:53:31,242 Epoch [84/100] Step [40/49] Loss: 0.0438
2026-04-20 18:53:31,655 Epoch [84/100] Step [49/49] Loss: 0.0757
2026-04-20 18:53:31,656 Epoch 84 Train Loss: 0.0544 Acc: 0.9817
2026-04-20 18:53:31,821 Epoch 84 Test Loss: 0.4300 Acc: 0.8886
2026-04-20 18:53:32,106 Epoch 85 has 49 train steps per rank (log interval: 10)
2026-04-20 18:53:32,200 Epoch [85/100] Step [1/49] Loss: 0.0263
2026-04-20 18:53:32,595 Epoch [85/100] Step [10/49] Loss: 0.0409
2026-04-20 18:53:33,119 Epoch [85/100] Step [20/49] Loss: 0.0478
2026-04-20 18:53:33,616 Epoch [85/100] Step [30/49] Loss: 0.0177
2026-04-20 18:53:34,135 Epoch [85/100] Step [40/49] Loss: 0.0766
2026-04-20 18:53:34,568 Epoch [85/100] Step [49/49] Loss: 0.0279
2026-04-20 18:53:34,570 Epoch 85 Train Loss: 0.0525 Acc: 0.9826
2026-04-20 18:53:34,734 Epoch 85 Test Loss: 0.4152 Acc: 0.8950
2026-04-20 18:53:34,928 Saved new best checkpoint: model_ckpts/hybrid_archcnn-vit_vitl6_vitd256_vith8_vitm512_conv64-64-128-128_fc512_bs1024_optadam_lr0.001_schedcosine_drop0.1_seed42/best.pth
2026-04-20 18:53:35,086 Epoch 86 has 49 train steps per rank (log interval: 10)
2026-04-20 18:53:35,185 Epoch [86/100] Step [1/49] Loss: 0.0722
2026-04-20 18:53:35,569 Epoch [86/100] Step [10/49] Loss: 0.0132
2026-04-20 18:53:36,005 Epoch [86/100] Step [20/49] Loss: 0.0627
2026-04-20 18:53:36,446 Epoch [86/100] Step [30/49] Loss: 0.0319
2026-04-20 18:53:36,883 Epoch [86/100] Step [40/49] Loss: 0.0260
2026-04-20 18:53:37,267 Epoch [86/100] Step [49/49] Loss: 0.0551
2026-04-20 18:53:37,269 Epoch 86 Train Loss: 0.0481 Acc: 0.9848
2026-04-20 18:53:37,424 Epoch 86 Test Loss: 0.4168 Acc: 0.8951
2026-04-20 18:53:37,635 Saved new best checkpoint: model_ckpts/hybrid_archcnn-vit_vitl6_vitd256_vith8_vitm512_conv64-64-128-128_fc512_bs1024_optadam_lr0.001_schedcosine_drop0.1_seed42/best.pth
2026-04-20 18:53:37,799 Epoch 87 has 49 train steps per rank (log interval: 10)
2026-04-20 18:53:37,890 Epoch [87/100] Step [1/49] Loss: 0.0253
2026-04-20 18:53:38,335 Epoch [87/100] Step [10/49] Loss: 0.0200
2026-04-20 18:53:38,869 Epoch [87/100] Step [20/49] Loss: 0.0265
2026-04-20 18:53:39,384 Epoch [87/100] Step [30/49] Loss: 0.0236
2026-04-20 18:53:39,916 Epoch [87/100] Step [40/49] Loss: 0.0605
2026-04-20 18:53:40,386 Epoch [87/100] Step [49/49] Loss: 0.0252
2026-04-20 18:53:40,387 Epoch 87 Train Loss: 0.0496 Acc: 0.9839
2026-04-20 18:53:40,545 Epoch 87 Test Loss: 0.4187 Acc: 0.8947
2026-04-20 18:53:40,834 Epoch 88 has 49 train steps per rank (log interval: 10)
2026-04-20 18:53:40,920 Epoch [88/100] Step [1/49] Loss: 0.0345
2026-04-20 18:53:41,320 Epoch [88/100] Step [10/49] Loss: 0.0290
2026-04-20 18:53:41,806 Epoch [88/100] Step [20/49] Loss: 0.1170
2026-04-20 18:53:42,239 Epoch [88/100] Step [30/49] Loss: 0.0291
2026-04-20 18:53:42,672 Epoch [88/100] Step [40/49] Loss: 0.0284
2026-04-20 18:53:43,066 Epoch [88/100] Step [49/49] Loss: 0.0499
2026-04-20 18:53:43,068 Epoch 88 Train Loss: 0.0476 Acc: 0.9848
2026-04-20 18:53:43,214 Epoch 88 Test Loss: 0.4173 Acc: 0.8968
2026-04-20 18:53:43,411 Saved new best checkpoint: model_ckpts/hybrid_archcnn-vit_vitl6_vitd256_vith8_vitm512_conv64-64-128-128_fc512_bs1024_optadam_lr0.001_schedcosine_drop0.1_seed42/best.pth
2026-04-20 18:53:43,571 Epoch 89 has 49 train steps per rank (log interval: 10)
2026-04-20 18:53:43,660 Epoch [89/100] Step [1/49] Loss: 0.0980
2026-04-20 18:53:44,023 Epoch [89/100] Step [10/49] Loss: 0.0760
2026-04-20 18:53:44,413 Epoch [89/100] Step [20/49] Loss: 0.0661
2026-04-20 18:53:44,757 Epoch [89/100] Step [30/49] Loss: 0.0167
2026-04-20 18:53:45,146 Epoch [89/100] Step [40/49] Loss: 0.0543
2026-04-20 18:53:45,518 Epoch [89/100] Step [49/49] Loss: 0.0208
2026-04-20 18:53:45,520 Epoch 89 Train Loss: 0.0479 Acc: 0.9844
2026-04-20 18:53:45,658 Epoch 89 Test Loss: 0.4193 Acc: 0.8951
2026-04-20 18:53:45,972 Epoch 90 has 49 train steps per rank (log interval: 10)
2026-04-20 18:53:46,057 Epoch [90/100] Step [1/49] Loss: 0.0247
2026-04-20 18:53:46,369 Epoch [90/100] Step [10/49] Loss: 0.0469
2026-04-20 18:53:46,731 Epoch [90/100] Step [20/49] Loss: 0.0422
2026-04-20 18:53:47,129 Epoch [90/100] Step [30/49] Loss: 0.0127
2026-04-20 18:53:47,513 Epoch [90/100] Step [40/49] Loss: 0.0262
2026-04-20 18:53:47,854 Epoch [90/100] Step [49/49] Loss: 0.0404
2026-04-20 18:53:47,855 Epoch 90 Train Loss: 0.0461 Acc: 0.9853
2026-04-20 18:53:48,014 Epoch 90 Test Loss: 0.4221 Acc: 0.8958
2026-04-20 18:53:48,300 Epoch 91 has 49 train steps per rank (log interval: 10)
2026-04-20 18:53:48,386 Epoch [91/100] Step [1/49] Loss: 0.0660
2026-04-20 18:53:48,785 Epoch [91/100] Step [10/49] Loss: 0.0346
2026-04-20 18:53:49,204 Epoch [91/100] Step [20/49] Loss: 0.0379
2026-04-20 18:53:49,658 Epoch [91/100] Step [30/49] Loss: 0.0332
2026-04-20 18:53:50,129 Epoch [91/100] Step [40/49] Loss: 0.0293
2026-04-20 18:53:50,512 Epoch [91/100] Step [49/49] Loss: 0.0939
2026-04-20 18:53:50,513 Epoch 91 Train Loss: 0.0427 Acc: 0.9869
2026-04-20 18:53:50,669 Epoch 91 Test Loss: 0.4204 Acc: 0.8952
2026-04-20 18:53:50,951 Epoch 92 has 49 train steps per rank (log interval: 10)
2026-04-20 18:53:51,037 Epoch [92/100] Step [1/49] Loss: 0.0180
2026-04-20 18:53:51,456 Epoch [92/100] Step [10/49] Loss: 0.0380
2026-04-20 18:53:51,925 Epoch [92/100] Step [20/49] Loss: 0.0159
2026-04-20 18:53:52,350 Epoch [92/100] Step [30/49] Loss: 0.0490
2026-04-20 18:53:52,840 Epoch [92/100] Step [40/49] Loss: 0.1027
2026-04-20 18:53:53,295 Epoch [92/100] Step [49/49] Loss: 0.0346
2026-04-20 18:53:53,298 Epoch 92 Train Loss: 0.0428 Acc: 0.9860
2026-04-20 18:53:53,479 Epoch 92 Test Loss: 0.4179 Acc: 0.8974
2026-04-20 18:53:53,687 Saved new best checkpoint: model_ckpts/hybrid_archcnn-vit_vitl6_vitd256_vith8_vitm512_conv64-64-128-128_fc512_bs1024_optadam_lr0.001_schedcosine_drop0.1_seed42/best.pth
2026-04-20 18:53:53,844 Epoch 93 has 49 train steps per rank (log interval: 10)
2026-04-20 18:53:53,936 Epoch [93/100] Step [1/49] Loss: 0.0107
2026-04-20 18:53:54,351 Epoch [93/100] Step [10/49] Loss: 0.0324
2026-04-20 18:53:54,878 Epoch [93/100] Step [20/49] Loss: 0.0473
2026-04-20 18:53:55,388 Epoch [93/100] Step [30/49] Loss: 0.0495
2026-04-20 18:53:55,930 Epoch [93/100] Step [40/49] Loss: 0.0096
2026-04-20 18:53:56,393 Epoch [93/100] Step [49/49] Loss: 0.0482
2026-04-20 18:53:56,395 Epoch 93 Train Loss: 0.0443 Acc: 0.9857
2026-04-20 18:53:56,570 Epoch 93 Test Loss: 0.4188 Acc: 0.8959
2026-04-20 18:53:56,896 Epoch 94 has 49 train steps per rank (log interval: 10)
2026-04-20 18:53:56,987 Epoch [94/100] Step [1/49] Loss: 0.0250
2026-04-20 18:53:57,398 Epoch [94/100] Step [10/49] Loss: 0.0400
2026-04-20 18:53:57,896 Epoch [94/100] Step [20/49] Loss: 0.0300
2026-04-20 18:53:58,429 Epoch [94/100] Step [30/49] Loss: 0.0846
2026-04-20 18:53:58,972 Epoch [94/100] Step [40/49] Loss: 0.0231
2026-04-20 18:53:59,437 Epoch [94/100] Step [49/49] Loss: 0.0833
2026-04-20 18:53:59,438 Epoch 94 Train Loss: 0.0437 Acc: 0.9859
2026-04-20 18:53:59,595 Epoch 94 Test Loss: 0.4183 Acc: 0.8968
2026-04-20 18:53:59,887 Epoch 95 has 49 train steps per rank (log interval: 10)
2026-04-20 18:53:59,988 Epoch [95/100] Step [1/49] Loss: 0.0351
2026-04-20 18:54:00,380 Epoch [95/100] Step [10/49] Loss: 0.0635
2026-04-20 18:54:00,869 Epoch [95/100] Step [20/49] Loss: 0.0788
2026-04-20 18:54:01,389 Epoch [95/100] Step [30/49] Loss: 0.0496
2026-04-20 18:54:01,913 Epoch [95/100] Step [40/49] Loss: 0.0304
2026-04-20 18:54:02,345 Epoch [95/100] Step [49/49] Loss: 0.0401
2026-04-20 18:54:02,348 Epoch 95 Train Loss: 0.0414 Acc: 0.9869
2026-04-20 18:54:02,489 Epoch 95 Test Loss: 0.4173 Acc: 0.8979
2026-04-20 18:54:02,688 Saved new best checkpoint: model_ckpts/hybrid_archcnn-vit_vitl6_vitd256_vith8_vitm512_conv64-64-128-128_fc512_bs1024_optadam_lr0.001_schedcosine_drop0.1_seed42/best.pth
2026-04-20 18:54:02,846 Epoch 96 has 49 train steps per rank (log interval: 10)
2026-04-20 18:54:02,931 Epoch [96/100] Step [1/49] Loss: 0.0792
2026-04-20 18:54:03,340 Epoch [96/100] Step [10/49] Loss: 0.0190
2026-04-20 18:54:03,734 Epoch [96/100] Step [20/49] Loss: 0.1014
2026-04-20 18:54:04,176 Epoch [96/100] Step [30/49] Loss: 0.0415
2026-04-20 18:54:04,667 Epoch [96/100] Step [40/49] Loss: 0.0321
2026-04-20 18:54:05,097 Epoch [96/100] Step [49/49] Loss: 0.0457
2026-04-20 18:54:05,099 Epoch 96 Train Loss: 0.0407 Acc: 0.9871
2026-04-20 18:54:05,248 Epoch 96 Test Loss: 0.4177 Acc: 0.8984
2026-04-20 18:54:05,445 Saved new best checkpoint: model_ckpts/hybrid_archcnn-vit_vitl6_vitd256_vith8_vitm512_conv64-64-128-128_fc512_bs1024_optadam_lr0.001_schedcosine_drop0.1_seed42/best.pth
2026-04-20 18:54:05,610 Epoch 97 has 49 train steps per rank (log interval: 10)
2026-04-20 18:54:05,702 Epoch [97/100] Step [1/49] Loss: 0.0969
2026-04-20 18:54:06,108 Epoch [97/100] Step [10/49] Loss: 0.0261
2026-04-20 18:54:06,644 Epoch [97/100] Step [20/49] Loss: 0.0471
2026-04-20 18:54:07,163 Epoch [97/100] Step [30/49] Loss: 0.0369
2026-04-20 18:54:07,665 Epoch [97/100] Step [40/49] Loss: 0.0171
2026-04-20 18:54:08,051 Epoch [97/100] Step [49/49] Loss: 0.0657
2026-04-20 18:54:08,052 Epoch 97 Train Loss: 0.0411 Acc: 0.9869
2026-04-20 18:54:08,191 Epoch 97 Test Loss: 0.4194 Acc: 0.8976
2026-04-20 18:54:08,480 Epoch 98 has 49 train steps per rank (log interval: 10)
2026-04-20 18:54:08,571 Epoch [98/100] Step [1/49] Loss: 0.0294
2026-04-20 18:54:08,999 Epoch [98/100] Step [10/49] Loss: 0.0315
2026-04-20 18:54:09,539 Epoch [98/100] Step [20/49] Loss: 0.0412
2026-04-20 18:54:10,096 Epoch [98/100] Step [30/49] Loss: 0.0558
2026-04-20 18:54:10,632 Epoch [98/100] Step [40/49] Loss: 0.0248
2026-04-20 18:54:11,088 Epoch [98/100] Step [49/49] Loss: 0.0335
2026-04-20 18:54:11,089 Epoch 98 Train Loss: 0.0402 Acc: 0.9873
2026-04-20 18:54:11,244 Epoch 98 Test Loss: 0.4184 Acc: 0.8975
2026-04-20 18:54:11,534 Epoch 99 has 49 train steps per rank (log interval: 10)
2026-04-20 18:54:11,628 Epoch [99/100] Step [1/49] Loss: 0.0330
2026-04-20 18:54:12,064 Epoch [99/100] Step [10/49] Loss: 0.0184
2026-04-20 18:54:12,592 Epoch [99/100] Step [20/49] Loss: 0.0556
2026-04-20 18:54:13,102 Epoch [99/100] Step [30/49] Loss: 0.0343
2026-04-20 18:54:13,606 Epoch [99/100] Step [40/49] Loss: 0.0449
2026-04-20 18:54:13,998 Epoch [99/100] Step [49/49] Loss: 0.0260
2026-04-20 18:54:13,999 Epoch 99 Train Loss: 0.0405 Acc: 0.9875
2026-04-20 18:54:14,141 Epoch 99 Test Loss: 0.4185 Acc: 0.8980
2026-04-20 18:54:14,430 Epoch 100 has 49 train steps per rank (log interval: 10)
2026-04-20 18:54:14,520 Epoch [100/100] Step [1/49] Loss: 0.0245
2026-04-20 18:54:14,911 Epoch [100/100] Step [10/49] Loss: 0.0357
2026-04-20 18:54:15,395 Epoch [100/100] Step [20/49] Loss: 0.0308
2026-04-20 18:54:15,857 Epoch [100/100] Step [30/49] Loss: 0.0200
2026-04-20 18:54:16,295 Epoch [100/100] Step [40/49] Loss: 0.0319
2026-04-20 18:54:16,713 Epoch [100/100] Step [49/49] Loss: 0.0181
2026-04-20 18:54:16,715 Epoch 100 Train Loss: 0.0409 Acc: 0.9873
2026-04-20 18:54:16,854 Epoch 100 Test Loss: 0.4186 Acc: 0.8968
2026-04-20 18:54:17,136 Training complete. Best test acc: 0.8984
