2026-04-20 18:43:37,407 Logging to file: logs/hybrid_archcnn-vit_vitl4_vitd256_vith8_vitm512_conv64-128-256_fc512_bs1024_optadam_lr0.001_schedcosine_drop0.1_seed42_20260420_184337.log
2026-04-20 18:43:37,409 Run config: {"amp": true, "arch": "cnn-vit", "batch_size": 1024, "conv_channels": [64, 128, 256], "conv_layers": 3, "deterministic": false, "disable_augment": false, "dropout": 0.1, "epochs": 100, "fc_layers": [512], "gamma": 0.1, "local_rank": -1, "log_interval": 10, "lr": 0.001, "min_per_gpu_batch": 64, "model_name": "hybrid", "momentum": 0.9, "multi_gpu": "ddp", "num_workers": 16, "optimizer": "adam", "pool_every": 2, "pool_type": "max", "resume": "", "scheduler": "cosine", "seed": 42, "step_size": 30, "use_wandb": false, "vit_dim": 256, "vit_dropout": 0.1, "vit_heads": 8, "vit_layers": 4, "vit_mlp_dim": 512, "weight_decay": 0.0005}
2026-04-20 18:43:40,282 Enabled DistributedDataParallel on 8 GPUs (rank 0, local_rank 0)
2026-04-20 18:43:40,283 Using device: cuda:0
2026-04-20 18:43:40,283 Batch sizes: global=1024 local=128 workers_per_rank=2
2026-04-20 18:43:40,284 Using optimizer: adam
2026-04-20 18:43:40,284 Mixed precision (AMP): enabled
2026-04-20 18:43:40,284 Starting training loop from epoch 1 to 100
2026-04-20 18:43:40,285 Epoch 1 has 49 train steps per rank (log interval: 10)
2026-04-20 18:43:49,201 Epoch [1/100] Step [1/49] Loss: 2.4261
2026-04-20 18:43:49,733 Epoch [1/100] Step [10/49] Loss: 1.9042
2026-04-20 18:43:50,142 Epoch [1/100] Step [20/49] Loss: 1.7340
2026-04-20 18:43:50,557 Epoch [1/100] Step [30/49] Loss: 1.6425
2026-04-20 18:43:51,071 Epoch [1/100] Step [40/49] Loss: 1.6048
2026-04-20 18:43:53,177 Epoch [1/100] Step [49/49] Loss: 1.7122
2026-04-20 18:43:53,179 Epoch 1 Train Loss: 1.8695 Acc: 0.2870
2026-04-20 18:43:59,199 Epoch 1 Test Loss: 1.8783 Acc: 0.3149
2026-04-20 18:43:59,303 Saved new best checkpoint: model_ckpts/hybrid_archcnn-vit_vitl4_vitd256_vith8_vitm512_conv64-128-256_fc512_bs1024_optadam_lr0.001_schedcosine_drop0.1_seed42/best.pth
2026-04-20 18:43:59,465 Epoch 2 has 49 train steps per rank (log interval: 10)
2026-04-20 18:43:59,552 Epoch [2/100] Step [1/49] Loss: 1.6102
2026-04-20 18:43:59,922 Epoch [2/100] Step [10/49] Loss: 1.5060
2026-04-20 18:44:00,329 Epoch [2/100] Step [20/49] Loss: 1.5292
2026-04-20 18:44:00,745 Epoch [2/100] Step [30/49] Loss: 1.3170
2026-04-20 18:44:01,157 Epoch [2/100] Step [40/49] Loss: 1.5041
2026-04-20 18:44:01,525 Epoch [2/100] Step [49/49] Loss: 1.3109
2026-04-20 18:44:01,527 Epoch 2 Train Loss: 1.4701 Acc: 0.4429
2026-04-20 18:44:01,712 Epoch 2 Test Loss: 1.4869 Acc: 0.4466
2026-04-20 18:44:01,869 Saved new best checkpoint: model_ckpts/hybrid_archcnn-vit_vitl4_vitd256_vith8_vitm512_conv64-128-256_fc512_bs1024_optadam_lr0.001_schedcosine_drop0.1_seed42/best.pth
2026-04-20 18:44:02,034 Epoch 3 has 49 train steps per rank (log interval: 10)
2026-04-20 18:44:02,120 Epoch [3/100] Step [1/49] Loss: 1.2148
2026-04-20 18:44:02,485 Epoch [3/100] Step [10/49] Loss: 1.3215
2026-04-20 18:44:02,900 Epoch [3/100] Step [20/49] Loss: 1.2396
2026-04-20 18:44:03,325 Epoch [3/100] Step [30/49] Loss: 1.2356
2026-04-20 18:44:03,742 Epoch [3/100] Step [40/49] Loss: 1.2995
2026-04-20 18:44:04,107 Epoch [3/100] Step [49/49] Loss: 1.0913
2026-04-20 18:44:04,108 Epoch 3 Train Loss: 1.2310 Acc: 0.5485
2026-04-20 18:44:04,274 Epoch 3 Test Loss: 1.3579 Acc: 0.5189
2026-04-20 18:44:04,425 Saved new best checkpoint: model_ckpts/hybrid_archcnn-vit_vitl4_vitd256_vith8_vitm512_conv64-128-256_fc512_bs1024_optadam_lr0.001_schedcosine_drop0.1_seed42/best.pth
2026-04-20 18:44:04,593 Epoch 4 has 49 train steps per rank (log interval: 10)
2026-04-20 18:44:04,685 Epoch [4/100] Step [1/49] Loss: 1.0539
2026-04-20 18:44:05,052 Epoch [4/100] Step [10/49] Loss: 0.9557
2026-04-20 18:44:05,464 Epoch [4/100] Step [20/49] Loss: 1.2092
2026-04-20 18:44:05,879 Epoch [4/100] Step [30/49] Loss: 1.2694
2026-04-20 18:44:06,301 Epoch [4/100] Step [40/49] Loss: 1.1231
2026-04-20 18:44:06,667 Epoch [4/100] Step [49/49] Loss: 0.9867
2026-04-20 18:44:06,668 Epoch 4 Train Loss: 1.0607 Acc: 0.6163
2026-04-20 18:44:06,853 Epoch 4 Test Loss: 1.1321 Acc: 0.5826
2026-04-20 18:44:07,007 Saved new best checkpoint: model_ckpts/hybrid_archcnn-vit_vitl4_vitd256_vith8_vitm512_conv64-128-256_fc512_bs1024_optadam_lr0.001_schedcosine_drop0.1_seed42/best.pth
2026-04-20 18:44:07,174 Epoch 5 has 49 train steps per rank (log interval: 10)
2026-04-20 18:44:07,266 Epoch [5/100] Step [1/49] Loss: 1.0800
2026-04-20 18:44:07,631 Epoch [5/100] Step [10/49] Loss: 0.9748
2026-04-20 18:44:08,046 Epoch [5/100] Step [20/49] Loss: 0.8164
2026-04-20 18:44:08,473 Epoch [5/100] Step [30/49] Loss: 0.8982
2026-04-20 18:44:08,895 Epoch [5/100] Step [40/49] Loss: 0.9207
2026-04-20 18:44:09,268 Epoch [5/100] Step [49/49] Loss: 0.7761
2026-04-20 18:44:09,270 Epoch 5 Train Loss: 0.9413 Acc: 0.6627
2026-04-20 18:44:09,445 Epoch 5 Test Loss: 0.9974 Acc: 0.6401
2026-04-20 18:44:09,598 Saved new best checkpoint: model_ckpts/hybrid_archcnn-vit_vitl4_vitd256_vith8_vitm512_conv64-128-256_fc512_bs1024_optadam_lr0.001_schedcosine_drop0.1_seed42/best.pth
2026-04-20 18:44:09,766 Epoch 6 has 49 train steps per rank (log interval: 10)
2026-04-20 18:44:09,859 Epoch [6/100] Step [1/49] Loss: 0.9023
2026-04-20 18:44:10,224 Epoch [6/100] Step [10/49] Loss: 0.8910
2026-04-20 18:44:10,636 Epoch [6/100] Step [20/49] Loss: 0.8072
2026-04-20 18:44:11,054 Epoch [6/100] Step [30/49] Loss: 0.7323
2026-04-20 18:44:11,472 Epoch [6/100] Step [40/49] Loss: 0.7069
2026-04-20 18:44:11,843 Epoch [6/100] Step [49/49] Loss: 0.7149
2026-04-20 18:44:11,844 Epoch 6 Train Loss: 0.8246 Acc: 0.7063
2026-04-20 18:44:11,984 Epoch 6 Test Loss: 0.8085 Acc: 0.7178
2026-04-20 18:44:12,138 Saved new best checkpoint: model_ckpts/hybrid_archcnn-vit_vitl4_vitd256_vith8_vitm512_conv64-128-256_fc512_bs1024_optadam_lr0.001_schedcosine_drop0.1_seed42/best.pth
2026-04-20 18:44:12,286 Epoch 7 has 49 train steps per rank (log interval: 10)
2026-04-20 18:44:12,380 Epoch [7/100] Step [1/49] Loss: 0.5751
2026-04-20 18:44:12,746 Epoch [7/100] Step [10/49] Loss: 0.7715
2026-04-20 18:44:13,156 Epoch [7/100] Step [20/49] Loss: 0.8954
2026-04-20 18:44:13,573 Epoch [7/100] Step [30/49] Loss: 0.7932
2026-04-20 18:44:13,995 Epoch [7/100] Step [40/49] Loss: 0.8765
2026-04-20 18:44:14,372 Epoch [7/100] Step [49/49] Loss: 0.7095
2026-04-20 18:44:14,373 Epoch 7 Train Loss: 0.7566 Acc: 0.7328
2026-04-20 18:44:14,562 Epoch 7 Test Loss: 0.8438 Acc: 0.7088
2026-04-20 18:44:14,809 Epoch 8 has 49 train steps per rank (log interval: 10)
2026-04-20 18:44:14,886 Epoch [8/100] Step [1/49] Loss: 0.6534
2026-04-20 18:44:15,251 Epoch [8/100] Step [10/49] Loss: 0.5932
2026-04-20 18:44:15,661 Epoch [8/100] Step [20/49] Loss: 0.6495
2026-04-20 18:44:16,075 Epoch [8/100] Step [30/49] Loss: 0.6846
2026-04-20 18:44:16,509 Epoch [8/100] Step [40/49] Loss: 0.6624
2026-04-20 18:44:16,885 Epoch [8/100] Step [49/49] Loss: 0.6268
2026-04-20 18:44:16,887 Epoch 8 Train Loss: 0.6716 Acc: 0.7638
2026-04-20 18:44:17,029 Epoch 8 Test Loss: 0.7577 Acc: 0.7356
2026-04-20 18:44:17,182 Saved new best checkpoint: model_ckpts/hybrid_archcnn-vit_vitl4_vitd256_vith8_vitm512_conv64-128-256_fc512_bs1024_optadam_lr0.001_schedcosine_drop0.1_seed42/best.pth
2026-04-20 18:44:17,337 Epoch 9 has 49 train steps per rank (log interval: 10)
2026-04-20 18:44:17,452 Epoch [9/100] Step [1/49] Loss: 0.6815
2026-04-20 18:44:17,823 Epoch [9/100] Step [10/49] Loss: 0.6398
2026-04-20 18:44:18,244 Epoch [9/100] Step [20/49] Loss: 0.5478
2026-04-20 18:44:18,678 Epoch [9/100] Step [30/49] Loss: 0.5083
2026-04-20 18:44:19,115 Epoch [9/100] Step [40/49] Loss: 0.7155
2026-04-20 18:44:19,495 Epoch [9/100] Step [49/49] Loss: 0.7053
2026-04-20 18:44:19,497 Epoch 9 Train Loss: 0.6411 Acc: 0.7761
2026-04-20 18:44:19,664 Epoch 9 Test Loss: 0.7266 Acc: 0.7412
2026-04-20 18:44:19,826 Saved new best checkpoint: model_ckpts/hybrid_archcnn-vit_vitl4_vitd256_vith8_vitm512_conv64-128-256_fc512_bs1024_optadam_lr0.001_schedcosine_drop0.1_seed42/best.pth
2026-04-20 18:44:19,991 Epoch 10 has 49 train steps per rank (log interval: 10)
2026-04-20 18:44:20,113 Epoch [10/100] Step [1/49] Loss: 0.6695
2026-04-20 18:44:20,476 Epoch [10/100] Step [10/49] Loss: 0.4654
2026-04-20 18:44:20,890 Epoch [10/100] Step [20/49] Loss: 0.6347
2026-04-20 18:44:21,309 Epoch [10/100] Step [30/49] Loss: 0.5016
2026-04-20 18:44:21,725 Epoch [10/100] Step [40/49] Loss: 0.5912
2026-04-20 18:44:22,090 Epoch [10/100] Step [49/49] Loss: 0.4214
2026-04-20 18:44:22,091 Epoch 10 Train Loss: 0.5922 Acc: 0.7929
2026-04-20 18:44:22,249 Epoch 10 Test Loss: 0.6720 Acc: 0.7680
2026-04-20 18:44:22,400 Saved new best checkpoint: model_ckpts/hybrid_archcnn-vit_vitl4_vitd256_vith8_vitm512_conv64-128-256_fc512_bs1024_optadam_lr0.001_schedcosine_drop0.1_seed42/best.pth
2026-04-20 18:44:22,545 Epoch 11 has 49 train steps per rank (log interval: 10)
2026-04-20 18:44:22,637 Epoch [11/100] Step [1/49] Loss: 0.6440
2026-04-20 18:44:23,003 Epoch [11/100] Step [10/49] Loss: 0.5356
2026-04-20 18:44:23,416 Epoch [11/100] Step [20/49] Loss: 0.4968
2026-04-20 18:44:23,836 Epoch [11/100] Step [30/49] Loss: 0.5907
2026-04-20 18:44:24,266 Epoch [11/100] Step [40/49] Loss: 0.3882
2026-04-20 18:44:24,650 Epoch [11/100] Step [49/49] Loss: 0.4908
2026-04-20 18:44:24,653 Epoch 11 Train Loss: 0.5403 Acc: 0.8114
2026-04-20 18:44:24,821 Epoch 11 Test Loss: 0.5898 Acc: 0.8020
2026-04-20 18:44:24,975 Saved new best checkpoint: model_ckpts/hybrid_archcnn-vit_vitl4_vitd256_vith8_vitm512_conv64-128-256_fc512_bs1024_optadam_lr0.001_schedcosine_drop0.1_seed42/best.pth
2026-04-20 18:44:25,125 Epoch 12 has 49 train steps per rank (log interval: 10)
2026-04-20 18:44:25,207 Epoch [12/100] Step [1/49] Loss: 0.3980
2026-04-20 18:44:25,572 Epoch [12/100] Step [10/49] Loss: 0.4157
2026-04-20 18:44:25,986 Epoch [12/100] Step [20/49] Loss: 0.6018
2026-04-20 18:44:26,406 Epoch [12/100] Step [30/49] Loss: 0.6238
2026-04-20 18:44:26,822 Epoch [12/100] Step [40/49] Loss: 0.4230
2026-04-20 18:44:27,193 Epoch [12/100] Step [49/49] Loss: 0.3585
2026-04-20 18:44:27,194 Epoch 12 Train Loss: 0.5055 Acc: 0.8240
2026-04-20 18:44:27,359 Epoch 12 Test Loss: 0.5596 Acc: 0.8078
2026-04-20 18:44:27,511 Saved new best checkpoint: model_ckpts/hybrid_archcnn-vit_vitl4_vitd256_vith8_vitm512_conv64-128-256_fc512_bs1024_optadam_lr0.001_schedcosine_drop0.1_seed42/best.pth
2026-04-20 18:44:27,663 Epoch 13 has 49 train steps per rank (log interval: 10)
2026-04-20 18:44:27,755 Epoch [13/100] Step [1/49] Loss: 0.5368
2026-04-20 18:44:28,123 Epoch [13/100] Step [10/49] Loss: 0.5474
2026-04-20 18:44:28,538 Epoch [13/100] Step [20/49] Loss: 0.5412
2026-04-20 18:44:28,959 Epoch [13/100] Step [30/49] Loss: 0.4722
2026-04-20 18:44:29,384 Epoch [13/100] Step [40/49] Loss: 0.5068
2026-04-20 18:44:29,758 Epoch [13/100] Step [49/49] Loss: 0.4551
2026-04-20 18:44:29,759 Epoch 13 Train Loss: 0.4870 Acc: 0.8309
2026-04-20 18:44:29,927 Epoch 13 Test Loss: 0.5649 Acc: 0.8052
2026-04-20 18:44:30,178 Epoch 14 has 49 train steps per rank (log interval: 10)
2026-04-20 18:44:30,271 Epoch [14/100] Step [1/49] Loss: 0.4821
2026-04-20 18:44:30,638 Epoch [14/100] Step [10/49] Loss: 0.5233
2026-04-20 18:44:31,053 Epoch [14/100] Step [20/49] Loss: 0.5741
2026-04-20 18:44:31,467 Epoch [14/100] Step [30/49] Loss: 0.4582
2026-04-20 18:44:31,884 Epoch [14/100] Step [40/49] Loss: 0.4031
2026-04-20 18:44:32,253 Epoch [14/100] Step [49/49] Loss: 0.4057
2026-04-20 18:44:32,255 Epoch 14 Train Loss: 0.4576 Acc: 0.8423
2026-04-20 18:44:32,428 Epoch 14 Test Loss: 0.5568 Acc: 0.8078
2026-04-20 18:44:32,694 Epoch 15 has 49 train steps per rank (log interval: 10)
2026-04-20 18:44:32,786 Epoch [15/100] Step [1/49] Loss: 0.4808
2026-04-20 18:44:33,152 Epoch [15/100] Step [10/49] Loss: 0.4794
2026-04-20 18:44:33,565 Epoch [15/100] Step [20/49] Loss: 0.4438
2026-04-20 18:44:33,981 Epoch [15/100] Step [30/49] Loss: 0.4880
2026-04-20 18:44:34,405 Epoch [15/100] Step [40/49] Loss: 0.4955
2026-04-20 18:44:34,775 Epoch [15/100] Step [49/49] Loss: 0.4817
2026-04-20 18:44:34,776 Epoch 15 Train Loss: 0.4497 Acc: 0.8450
2026-04-20 18:44:34,942 Epoch 15 Test Loss: 0.6234 Acc: 0.7917
2026-04-20 18:44:35,202 Epoch 16 has 49 train steps per rank (log interval: 10)
2026-04-20 18:44:35,279 Epoch [16/100] Step [1/49] Loss: 0.4917
2026-04-20 18:44:35,645 Epoch [16/100] Step [10/49] Loss: 0.3397
2026-04-20 18:44:36,061 Epoch [16/100] Step [20/49] Loss: 0.4062
2026-04-20 18:44:36,478 Epoch [16/100] Step [30/49] Loss: 0.4649
2026-04-20 18:44:36,899 Epoch [16/100] Step [40/49] Loss: 0.4737
2026-04-20 18:44:37,274 Epoch [16/100] Step [49/49] Loss: 0.5571
2026-04-20 18:44:37,275 Epoch 16 Train Loss: 0.4141 Acc: 0.8559
2026-04-20 18:44:37,461 Epoch 16 Test Loss: 0.5204 Acc: 0.8216
2026-04-20 18:44:37,621 Saved new best checkpoint: model_ckpts/hybrid_archcnn-vit_vitl4_vitd256_vith8_vitm512_conv64-128-256_fc512_bs1024_optadam_lr0.001_schedcosine_drop0.1_seed42/best.pth
2026-04-20 18:44:37,783 Epoch 17 has 49 train steps per rank (log interval: 10)
2026-04-20 18:44:37,875 Epoch [17/100] Step [1/49] Loss: 0.3607
2026-04-20 18:44:38,241 Epoch [17/100] Step [10/49] Loss: 0.3279
2026-04-20 18:44:38,655 Epoch [17/100] Step [20/49] Loss: 0.5000
2026-04-20 18:44:39,073 Epoch [17/100] Step [30/49] Loss: 0.3553
2026-04-20 18:44:39,499 Epoch [17/100] Step [40/49] Loss: 0.3314
2026-04-20 18:44:39,877 Epoch [17/100] Step [49/49] Loss: 0.4614
2026-04-20 18:44:39,878 Epoch 17 Train Loss: 0.3942 Acc: 0.8640
2026-04-20 18:44:40,036 Epoch 17 Test Loss: 0.5167 Acc: 0.8260
2026-04-20 18:44:40,191 Saved new best checkpoint: model_ckpts/hybrid_archcnn-vit_vitl4_vitd256_vith8_vitm512_conv64-128-256_fc512_bs1024_optadam_lr0.001_schedcosine_drop0.1_seed42/best.pth
2026-04-20 18:44:40,358 Epoch 18 has 49 train steps per rank (log interval: 10)
2026-04-20 18:44:40,452 Epoch [18/100] Step [1/49] Loss: 0.4865
2026-04-20 18:44:40,818 Epoch [18/100] Step [10/49] Loss: 0.2797
2026-04-20 18:44:41,235 Epoch [18/100] Step [20/49] Loss: 0.4189
2026-04-20 18:44:41,650 Epoch [18/100] Step [30/49] Loss: 0.3621
2026-04-20 18:44:42,065 Epoch [18/100] Step [40/49] Loss: 0.2780
2026-04-20 18:44:42,433 Epoch [18/100] Step [49/49] Loss: 0.3953
2026-04-20 18:44:42,435 Epoch 18 Train Loss: 0.3669 Acc: 0.8733
2026-04-20 18:44:42,584 Epoch 18 Test Loss: 0.4526 Acc: 0.8509
2026-04-20 18:44:42,738 Saved new best checkpoint: model_ckpts/hybrid_archcnn-vit_vitl4_vitd256_vith8_vitm512_conv64-128-256_fc512_bs1024_optadam_lr0.001_schedcosine_drop0.1_seed42/best.pth
2026-04-20 18:44:43,056 Epoch 19 has 49 train steps per rank (log interval: 10)
2026-04-20 18:44:43,149 Epoch [19/100] Step [1/49] Loss: 0.3570
2026-04-20 18:44:43,518 Epoch [19/100] Step [10/49] Loss: 0.2834
2026-04-20 18:44:43,935 Epoch [19/100] Step [20/49] Loss: 0.3256
2026-04-20 18:44:44,362 Epoch [19/100] Step [30/49] Loss: 0.3625
2026-04-20 18:44:44,799 Epoch [19/100] Step [40/49] Loss: 0.4411
2026-04-20 18:44:45,176 Epoch [19/100] Step [49/49] Loss: 0.3829
2026-04-20 18:44:45,178 Epoch 19 Train Loss: 0.3496 Acc: 0.8782
2026-04-20 18:44:45,332 Epoch 19 Test Loss: 0.4722 Acc: 0.8413
2026-04-20 18:44:45,721 Epoch 20 has 49 train steps per rank (log interval: 10)
2026-04-20 18:44:45,815 Epoch [20/100] Step [1/49] Loss: 0.2599
2026-04-20 18:44:46,180 Epoch [20/100] Step [10/49] Loss: 0.2976
2026-04-20 18:44:46,591 Epoch [20/100] Step [20/49] Loss: 0.3189
2026-04-20 18:44:47,005 Epoch [20/100] Step [30/49] Loss: 0.3916
2026-04-20 18:44:47,423 Epoch [20/100] Step [40/49] Loss: 0.3960
2026-04-20 18:44:47,795 Epoch [20/100] Step [49/49] Loss: 0.3162
2026-04-20 18:44:47,796 Epoch 20 Train Loss: 0.3493 Acc: 0.8791
2026-04-20 18:44:47,947 Epoch 20 Test Loss: 0.4416 Acc: 0.8503
2026-04-20 18:44:48,210 Epoch 21 has 49 train steps per rank (log interval: 10)
2026-04-20 18:44:48,302 Epoch [21/100] Step [1/49] Loss: 0.2937
2026-04-20 18:44:48,666 Epoch [21/100] Step [10/49] Loss: 0.3121
2026-04-20 18:44:49,080 Epoch [21/100] Step [20/49] Loss: 0.3571
2026-04-20 18:44:49,501 Epoch [21/100] Step [30/49] Loss: 0.3531
2026-04-20 18:44:49,928 Epoch [21/100] Step [40/49] Loss: 0.2305
2026-04-20 18:44:50,309 Epoch [21/100] Step [49/49] Loss: 0.2639
2026-04-20 18:44:50,311 Epoch 21 Train Loss: 0.3268 Acc: 0.8878
2026-04-20 18:44:50,474 Epoch 21 Test Loss: 0.4540 Acc: 0.8466
2026-04-20 18:44:50,732 Epoch 22 has 49 train steps per rank (log interval: 10)
2026-04-20 18:44:50,823 Epoch [22/100] Step [1/49] Loss: 0.2807
2026-04-20 18:44:51,194 Epoch [22/100] Step [10/49] Loss: 0.3948
2026-04-20 18:44:51,612 Epoch [22/100] Step [20/49] Loss: 0.3624
2026-04-20 18:44:52,032 Epoch [22/100] Step [30/49] Loss: 0.2709
2026-04-20 18:44:52,459 Epoch [22/100] Step [40/49] Loss: 0.3803
2026-04-20 18:44:52,827 Epoch [22/100] Step [49/49] Loss: 0.1650
2026-04-20 18:44:52,828 Epoch 22 Train Loss: 0.3253 Acc: 0.8869
2026-04-20 18:44:52,971 Epoch 22 Test Loss: 0.4884 Acc: 0.8351
2026-04-20 18:44:53,217 Epoch 23 has 49 train steps per rank (log interval: 10)
2026-04-20 18:44:53,311 Epoch [23/100] Step [1/49] Loss: 0.2912
2026-04-20 18:44:53,680 Epoch [23/100] Step [10/49] Loss: 0.2266
2026-04-20 18:44:54,094 Epoch [23/100] Step [20/49] Loss: 0.1954
2026-04-20 18:44:54,512 Epoch [23/100] Step [30/49] Loss: 0.3302
2026-04-20 18:44:54,935 Epoch [23/100] Step [40/49] Loss: 0.4087
2026-04-20 18:44:55,306 Epoch [23/100] Step [49/49] Loss: 0.2851
2026-04-20 18:44:55,308 Epoch 23 Train Loss: 0.3094 Acc: 0.8937
2026-04-20 18:44:55,447 Epoch 23 Test Loss: 0.4591 Acc: 0.8450
2026-04-20 18:44:55,693 Epoch 24 has 49 train steps per rank (log interval: 10)
2026-04-20 18:44:55,788 Epoch [24/100] Step [1/49] Loss: 0.2621
2026-04-20 18:44:56,158 Epoch [24/100] Step [10/49] Loss: 0.1931
2026-04-20 18:44:56,569 Epoch [24/100] Step [20/49] Loss: 0.4082
2026-04-20 18:44:56,981 Epoch [24/100] Step [30/49] Loss: 0.2393
2026-04-20 18:44:57,397 Epoch [24/100] Step [40/49] Loss: 0.2668
2026-04-20 18:44:57,766 Epoch [24/100] Step [49/49] Loss: 0.3215
2026-04-20 18:44:57,767 Epoch 24 Train Loss: 0.3025 Acc: 0.8948
2026-04-20 18:44:57,909 Epoch 24 Test Loss: 0.4231 Acc: 0.8607
2026-04-20 18:44:58,058 Saved new best checkpoint: model_ckpts/hybrid_archcnn-vit_vitl4_vitd256_vith8_vitm512_conv64-128-256_fc512_bs1024_optadam_lr0.001_schedcosine_drop0.1_seed42/best.pth
2026-04-20 18:44:58,215 Epoch 25 has 49 train steps per rank (log interval: 10)
2026-04-20 18:44:58,298 Epoch [25/100] Step [1/49] Loss: 0.2182
2026-04-20 18:44:58,665 Epoch [25/100] Step [10/49] Loss: 0.3148
2026-04-20 18:44:59,079 Epoch [25/100] Step [20/49] Loss: 0.3752
2026-04-20 18:44:59,500 Epoch [25/100] Step [30/49] Loss: 0.2497
2026-04-20 18:44:59,927 Epoch [25/100] Step [40/49] Loss: 0.2597
2026-04-20 18:45:00,302 Epoch [25/100] Step [49/49] Loss: 0.2777
2026-04-20 18:45:00,303 Epoch 25 Train Loss: 0.2841 Acc: 0.9020
2026-04-20 18:45:00,450 Epoch 25 Test Loss: 0.4437 Acc: 0.8515
2026-04-20 18:45:00,699 Epoch 26 has 49 train steps per rank (log interval: 10)
2026-04-20 18:45:00,794 Epoch [26/100] Step [1/49] Loss: 0.2249
2026-04-20 18:45:01,160 Epoch [26/100] Step [10/49] Loss: 0.2798
2026-04-20 18:45:01,571 Epoch [26/100] Step [20/49] Loss: 0.2763
2026-04-20 18:45:01,982 Epoch [26/100] Step [30/49] Loss: 0.2860
2026-04-20 18:45:02,398 Epoch [26/100] Step [40/49] Loss: 0.3282
2026-04-20 18:45:02,768 Epoch [26/100] Step [49/49] Loss: 0.2351
2026-04-20 18:45:02,769 Epoch 26 Train Loss: 0.2650 Acc: 0.9083
2026-04-20 18:45:02,921 Epoch 26 Test Loss: 0.4186 Acc: 0.8645
2026-04-20 18:45:03,070 Saved new best checkpoint: model_ckpts/hybrid_archcnn-vit_vitl4_vitd256_vith8_vitm512_conv64-128-256_fc512_bs1024_optadam_lr0.001_schedcosine_drop0.1_seed42/best.pth
2026-04-20 18:45:03,227 Epoch 27 has 49 train steps per rank (log interval: 10)
2026-04-20 18:45:03,319 Epoch [27/100] Step [1/49] Loss: 0.2432
2026-04-20 18:45:03,684 Epoch [27/100] Step [10/49] Loss: 0.2077
2026-04-20 18:45:04,096 Epoch [27/100] Step [20/49] Loss: 0.3316
2026-04-20 18:45:04,520 Epoch [27/100] Step [30/49] Loss: 0.1925
2026-04-20 18:45:04,960 Epoch [27/100] Step [40/49] Loss: 0.2637
2026-04-20 18:45:05,353 Epoch [27/100] Step [49/49] Loss: 0.2571
2026-04-20 18:45:05,354 Epoch 27 Train Loss: 0.2616 Acc: 0.9088
2026-04-20 18:45:05,498 Epoch 27 Test Loss: 0.4392 Acc: 0.8546
2026-04-20 18:45:05,751 Epoch 28 has 49 train steps per rank (log interval: 10)
2026-04-20 18:45:05,845 Epoch [28/100] Step [1/49] Loss: 0.1763
2026-04-20 18:45:06,218 Epoch [28/100] Step [10/49] Loss: 0.2149
2026-04-20 18:45:06,630 Epoch [28/100] Step [20/49] Loss: 0.1908
2026-04-20 18:45:07,046 Epoch [28/100] Step [30/49] Loss: 0.3313
2026-04-20 18:45:07,467 Epoch [28/100] Step [40/49] Loss: 0.3487
2026-04-20 18:45:07,841 Epoch [28/100] Step [49/49] Loss: 0.2091
2026-04-20 18:45:07,842 Epoch 28 Train Loss: 0.2543 Acc: 0.9133
2026-04-20 18:45:08,010 Epoch 28 Test Loss: 0.4315 Acc: 0.8593
2026-04-20 18:45:08,260 Epoch 29 has 49 train steps per rank (log interval: 10)
2026-04-20 18:45:08,353 Epoch [29/100] Step [1/49] Loss: 0.1316
2026-04-20 18:45:08,720 Epoch [29/100] Step [10/49] Loss: 0.1839
2026-04-20 18:45:09,136 Epoch [29/100] Step [20/49] Loss: 0.2862
2026-04-20 18:45:09,561 Epoch [29/100] Step [30/49] Loss: 0.4269
2026-04-20 18:45:09,987 Epoch [29/100] Step [40/49] Loss: 0.4473
2026-04-20 18:45:10,358 Epoch [29/100] Step [49/49] Loss: 0.2951
2026-04-20 18:45:10,359 Epoch 29 Train Loss: 0.2461 Acc: 0.9146
2026-04-20 18:45:10,525 Epoch 29 Test Loss: 0.4425 Acc: 0.8562
2026-04-20 18:45:10,781 Epoch 30 has 49 train steps per rank (log interval: 10)
2026-04-20 18:45:10,876 Epoch [30/100] Step [1/49] Loss: 0.2585
2026-04-20 18:45:11,246 Epoch [30/100] Step [10/49] Loss: 0.1496
2026-04-20 18:45:11,664 Epoch [30/100] Step [20/49] Loss: 0.1851
2026-04-20 18:45:12,081 Epoch [30/100] Step [30/49] Loss: 0.2090
2026-04-20 18:45:12,501 Epoch [30/100] Step [40/49] Loss: 0.2782
2026-04-20 18:45:12,876 Epoch [30/100] Step [49/49] Loss: 0.2989
2026-04-20 18:45:12,877 Epoch 30 Train Loss: 0.2349 Acc: 0.9181
2026-04-20 18:45:13,044 Epoch 30 Test Loss: 0.4587 Acc: 0.8529
2026-04-20 18:45:13,297 Epoch 31 has 49 train steps per rank (log interval: 10)
2026-04-20 18:45:13,390 Epoch [31/100] Step [1/49] Loss: 0.2820
2026-04-20 18:45:13,755 Epoch [31/100] Step [10/49] Loss: 0.1884
2026-04-20 18:45:14,168 Epoch [31/100] Step [20/49] Loss: 0.3164
2026-04-20 18:45:14,588 Epoch [31/100] Step [30/49] Loss: 0.3157
2026-04-20 18:45:15,011 Epoch [31/100] Step [40/49] Loss: 0.1703
2026-04-20 18:45:15,390 Epoch [31/100] Step [49/49] Loss: 0.2742
2026-04-20 18:45:15,392 Epoch 31 Train Loss: 0.2297 Acc: 0.9204
2026-04-20 18:45:15,551 Epoch 31 Test Loss: 0.4055 Acc: 0.8669
2026-04-20 18:45:15,679 Saved new best checkpoint: model_ckpts/hybrid_archcnn-vit_vitl4_vitd256_vith8_vitm512_conv64-128-256_fc512_bs1024_optadam_lr0.001_schedcosine_drop0.1_seed42/best.pth
2026-04-20 18:45:15,837 Epoch 32 has 49 train steps per rank (log interval: 10)
2026-04-20 18:45:15,930 Epoch [32/100] Step [1/49] Loss: 0.1865
2026-04-20 18:45:16,295 Epoch [32/100] Step [10/49] Loss: 0.2487
2026-04-20 18:45:16,704 Epoch [32/100] Step [20/49] Loss: 0.1446
2026-04-20 18:45:17,122 Epoch [32/100] Step [30/49] Loss: 0.2481
2026-04-20 18:45:17,555 Epoch [32/100] Step [40/49] Loss: 0.1553
2026-04-20 18:45:17,939 Epoch [32/100] Step [49/49] Loss: 0.3333
2026-04-20 18:45:17,941 Epoch 32 Train Loss: 0.2258 Acc: 0.9208
2026-04-20 18:45:18,087 Epoch 32 Test Loss: 0.4641 Acc: 0.8489
2026-04-20 18:45:18,342 Epoch 33 has 49 train steps per rank (log interval: 10)
2026-04-20 18:45:18,433 Epoch [33/100] Step [1/49] Loss: 0.2318
2026-04-20 18:45:18,802 Epoch [33/100] Step [10/49] Loss: 0.1440
2026-04-20 18:45:19,218 Epoch [33/100] Step [20/49] Loss: 0.1319
2026-04-20 18:45:19,640 Epoch [33/100] Step [30/49] Loss: 0.2306
2026-04-20 18:45:20,065 Epoch [33/100] Step [40/49] Loss: 0.1747
2026-04-20 18:45:20,439 Epoch [33/100] Step [49/49] Loss: 0.1803
2026-04-20 18:45:20,440 Epoch 33 Train Loss: 0.2102 Acc: 0.9281
2026-04-20 18:45:20,582 Epoch 33 Test Loss: 0.4422 Acc: 0.8594
2026-04-20 18:45:20,839 Epoch 34 has 49 train steps per rank (log interval: 10)
2026-04-20 18:45:20,931 Epoch [34/100] Step [1/49] Loss: 0.1532
2026-04-20 18:45:21,297 Epoch [34/100] Step [10/49] Loss: 0.1318
2026-04-20 18:45:21,704 Epoch [34/100] Step [20/49] Loss: 0.1537
2026-04-20 18:45:22,119 Epoch [34/100] Step [30/49] Loss: 0.2113
2026-04-20 18:45:22,537 Epoch [34/100] Step [40/49] Loss: 0.1288
2026-04-20 18:45:22,909 Epoch [34/100] Step [49/49] Loss: 0.3212
2026-04-20 18:45:22,910 Epoch 34 Train Loss: 0.2057 Acc: 0.9293
2026-04-20 18:45:23,051 Epoch 34 Test Loss: 0.4178 Acc: 0.8641
2026-04-20 18:45:23,312 Epoch 35 has 49 train steps per rank (log interval: 10)
2026-04-20 18:45:23,405 Epoch [35/100] Step [1/49] Loss: 0.1580
2026-04-20 18:45:23,774 Epoch [35/100] Step [10/49] Loss: 0.1179
2026-04-20 18:45:24,192 Epoch [35/100] Step [20/49] Loss: 0.2173
2026-04-20 18:45:24,611 Epoch [35/100] Step [30/49] Loss: 0.2187
2026-04-20 18:45:25,042 Epoch [35/100] Step [40/49] Loss: 0.1909
2026-04-20 18:45:25,416 Epoch [35/100] Step [49/49] Loss: 0.1973
2026-04-20 18:45:25,417 Epoch 35 Train Loss: 0.1963 Acc: 0.9323
2026-04-20 18:45:25,565 Epoch 35 Test Loss: 0.4268 Acc: 0.8629
2026-04-20 18:45:25,976 Epoch 36 has 49 train steps per rank (log interval: 10)
2026-04-20 18:45:26,052 Epoch [36/100] Step [1/49] Loss: 0.2334
2026-04-20 18:45:26,419 Epoch [36/100] Step [10/49] Loss: 0.2200
2026-04-20 18:45:26,833 Epoch [36/100] Step [20/49] Loss: 0.3052
2026-04-20 18:45:27,252 Epoch [36/100] Step [30/49] Loss: 0.2319
2026-04-20 18:45:27,673 Epoch [36/100] Step [40/49] Loss: 0.2292
2026-04-20 18:45:28,043 Epoch [36/100] Step [49/49] Loss: 0.1855
2026-04-20 18:45:28,044 Epoch 36 Train Loss: 0.1957 Acc: 0.9313
2026-04-20 18:45:28,200 Epoch 36 Test Loss: 0.4237 Acc: 0.8674
2026-04-20 18:45:28,354 Saved new best checkpoint: model_ckpts/hybrid_archcnn-vit_vitl4_vitd256_vith8_vitm512_conv64-128-256_fc512_bs1024_optadam_lr0.001_schedcosine_drop0.1_seed42/best.pth
2026-04-20 18:45:28,520 Epoch 37 has 49 train steps per rank (log interval: 10)
2026-04-20 18:45:28,614 Epoch [37/100] Step [1/49] Loss: 0.0845
2026-04-20 18:45:28,982 Epoch [37/100] Step [10/49] Loss: 0.0845
2026-04-20 18:45:29,399 Epoch [37/100] Step [20/49] Loss: 0.2395
2026-04-20 18:45:29,819 Epoch [37/100] Step [30/49] Loss: 0.1481
2026-04-20 18:45:30,243 Epoch [37/100] Step [40/49] Loss: 0.2677
2026-04-20 18:45:30,610 Epoch [37/100] Step [49/49] Loss: 0.1260
2026-04-20 18:45:30,611 Epoch 37 Train Loss: 0.1874 Acc: 0.9344
2026-04-20 18:45:30,796 Epoch 37 Test Loss: 0.4403 Acc: 0.8600
2026-04-20 18:45:31,057 Epoch 38 has 49 train steps per rank (log interval: 10)
2026-04-20 18:45:31,152 Epoch [38/100] Step [1/49] Loss: 0.1943
2026-04-20 18:45:31,518 Epoch [38/100] Step [10/49] Loss: 0.1632
2026-04-20 18:45:31,930 Epoch [38/100] Step [20/49] Loss: 0.1802
2026-04-20 18:45:32,348 Epoch [38/100] Step [30/49] Loss: 0.2263
2026-04-20 18:45:32,770 Epoch [38/100] Step [40/49] Loss: 0.1642
2026-04-20 18:45:33,144 Epoch [38/100] Step [49/49] Loss: 0.1420
2026-04-20 18:45:33,145 Epoch 38 Train Loss: 0.1883 Acc: 0.9335
2026-04-20 18:45:33,286 Epoch 38 Test Loss: 0.3940 Acc: 0.8743
2026-04-20 18:45:33,438 Saved new best checkpoint: model_ckpts/hybrid_archcnn-vit_vitl4_vitd256_vith8_vitm512_conv64-128-256_fc512_bs1024_optadam_lr0.001_schedcosine_drop0.1_seed42/best.pth
2026-04-20 18:45:33,601 Epoch 39 has 49 train steps per rank (log interval: 10)
2026-04-20 18:45:33,696 Epoch [39/100] Step [1/49] Loss: 0.1544
2026-04-20 18:45:34,066 Epoch [39/100] Step [10/49] Loss: 0.0904
2026-04-20 18:45:34,482 Epoch [39/100] Step [20/49] Loss: 0.2041
2026-04-20 18:45:34,904 Epoch [39/100] Step [30/49] Loss: 0.2153
2026-04-20 18:45:35,329 Epoch [39/100] Step [40/49] Loss: 0.1321
2026-04-20 18:45:35,692 Epoch [39/100] Step [49/49] Loss: 0.1636
2026-04-20 18:45:35,693 Epoch 39 Train Loss: 0.1668 Acc: 0.9430
2026-04-20 18:45:35,867 Epoch 39 Test Loss: 0.4482 Acc: 0.8630
2026-04-20 18:45:36,132 Epoch 40 has 49 train steps per rank (log interval: 10)
2026-04-20 18:45:36,228 Epoch [40/100] Step [1/49] Loss: 0.2009
2026-04-20 18:45:36,595 Epoch [40/100] Step [10/49] Loss: 0.1388
2026-04-20 18:45:37,006 Epoch [40/100] Step [20/49] Loss: 0.2326
2026-04-20 18:45:37,422 Epoch [40/100] Step [30/49] Loss: 0.2027
2026-04-20 18:45:37,845 Epoch [40/100] Step [40/49] Loss: 0.2513
2026-04-20 18:45:38,216 Epoch [40/100] Step [49/49] Loss: 0.1965
2026-04-20 18:45:38,217 Epoch 40 Train Loss: 0.1644 Acc: 0.9429
2026-04-20 18:45:38,355 Epoch 40 Test Loss: 0.4158 Acc: 0.8696
2026-04-20 18:45:38,619 Epoch 41 has 49 train steps per rank (log interval: 10)
2026-04-20 18:45:38,712 Epoch [41/100] Step [1/49] Loss: 0.1510
2026-04-20 18:45:39,084 Epoch [41/100] Step [10/49] Loss: 0.1317
2026-04-20 18:45:39,495 Epoch [41/100] Step [20/49] Loss: 0.1242
2026-04-20 18:45:39,905 Epoch [41/100] Step [30/49] Loss: 0.2140
2026-04-20 18:45:40,324 Epoch [41/100] Step [40/49] Loss: 0.1585
2026-04-20 18:45:40,691 Epoch [41/100] Step [49/49] Loss: 0.1084
2026-04-20 18:45:40,691 Epoch 41 Train Loss: 0.1670 Acc: 0.9420
2026-04-20 18:45:40,851 Epoch 41 Test Loss: 0.3977 Acc: 0.8804
2026-04-20 18:45:41,004 Saved new best checkpoint: model_ckpts/hybrid_archcnn-vit_vitl4_vitd256_vith8_vitm512_conv64-128-256_fc512_bs1024_optadam_lr0.001_schedcosine_drop0.1_seed42/best.pth
2026-04-20 18:45:41,173 Epoch 42 has 49 train steps per rank (log interval: 10)
2026-04-20 18:45:41,266 Epoch [42/100] Step [1/49] Loss: 0.1716
2026-04-20 18:45:41,633 Epoch [42/100] Step [10/49] Loss: 0.0711
2026-04-20 18:45:42,046 Epoch [42/100] Step [20/49] Loss: 0.1316
2026-04-20 18:45:42,463 Epoch [42/100] Step [30/49] Loss: 0.1603
2026-04-20 18:45:42,883 Epoch [42/100] Step [40/49] Loss: 0.2184
2026-04-20 18:45:43,256 Epoch [42/100] Step [49/49] Loss: 0.1080
2026-04-20 18:45:43,257 Epoch 42 Train Loss: 0.1541 Acc: 0.9461
2026-04-20 18:45:43,412 Epoch 42 Test Loss: 0.4295 Acc: 0.8680
2026-04-20 18:45:43,658 Epoch 43 has 49 train steps per rank (log interval: 10)
2026-04-20 18:45:43,751 Epoch [43/100] Step [1/49] Loss: 0.1644
2026-04-20 18:45:44,120 Epoch [43/100] Step [10/49] Loss: 0.1459
2026-04-20 18:45:44,535 Epoch [43/100] Step [20/49] Loss: 0.2702
2026-04-20 18:45:44,961 Epoch [43/100] Step [30/49] Loss: 0.1372
2026-04-20 18:45:45,380 Epoch [43/100] Step [40/49] Loss: 0.1095
2026-04-20 18:45:45,749 Epoch [43/100] Step [49/49] Loss: 0.2004
2026-04-20 18:45:45,751 Epoch 43 Train Loss: 0.1539 Acc: 0.9452
2026-04-20 18:45:45,913 Epoch 43 Test Loss: 0.3988 Acc: 0.8780
2026-04-20 18:45:46,161 Epoch 44 has 49 train steps per rank (log interval: 10)
2026-04-20 18:45:46,251 Epoch [44/100] Step [1/49] Loss: 0.1006
2026-04-20 18:45:46,620 Epoch [44/100] Step [10/49] Loss: 0.0946
2026-04-20 18:45:47,032 Epoch [44/100] Step [20/49] Loss: 0.1225
2026-04-20 18:45:47,456 Epoch [44/100] Step [30/49] Loss: 0.1599
2026-04-20 18:45:47,884 Epoch [44/100] Step [40/49] Loss: 0.1159
2026-04-20 18:45:48,262 Epoch [44/100] Step [49/49] Loss: 0.1464
2026-04-20 18:45:48,263 Epoch 44 Train Loss: 0.1447 Acc: 0.9502
2026-04-20 18:45:48,402 Epoch 44 Test Loss: 0.4219 Acc: 0.8712
2026-04-20 18:45:48,650 Epoch 45 has 49 train steps per rank (log interval: 10)
2026-04-20 18:45:48,743 Epoch [45/100] Step [1/49] Loss: 0.1009
2026-04-20 18:45:49,110 Epoch [45/100] Step [10/49] Loss: 0.2020
2026-04-20 18:45:49,523 Epoch [45/100] Step [20/49] Loss: 0.0920
2026-04-20 18:45:49,944 Epoch [45/100] Step [30/49] Loss: 0.1542
2026-04-20 18:45:50,370 Epoch [45/100] Step [40/49] Loss: 0.0784
2026-04-20 18:45:50,742 Epoch [45/100] Step [49/49] Loss: 0.2003
2026-04-20 18:45:50,742 Epoch 45 Train Loss: 0.1449 Acc: 0.9490
2026-04-20 18:45:50,901 Epoch 45 Test Loss: 0.4168 Acc: 0.8768
2026-04-20 18:45:51,147 Epoch 46 has 49 train steps per rank (log interval: 10)
2026-04-20 18:45:51,245 Epoch [46/100] Step [1/49] Loss: 0.0742
2026-04-20 18:45:51,611 Epoch [46/100] Step [10/49] Loss: 0.1352
2026-04-20 18:45:52,025 Epoch [46/100] Step [20/49] Loss: 0.1315
2026-04-20 18:45:52,444 Epoch [46/100] Step [30/49] Loss: 0.1768
2026-04-20 18:45:52,866 Epoch [46/100] Step [40/49] Loss: 0.1968
2026-04-20 18:45:53,246 Epoch [46/100] Step [49/49] Loss: 0.0981
2026-04-20 18:45:53,247 Epoch 46 Train Loss: 0.1388 Acc: 0.9508
2026-04-20 18:45:53,428 Epoch 46 Test Loss: 0.4268 Acc: 0.8730
2026-04-20 18:45:53,677 Epoch 47 has 49 train steps per rank (log interval: 10)
2026-04-20 18:45:53,774 Epoch [47/100] Step [1/49] Loss: 0.1195
2026-04-20 18:45:54,139 Epoch [47/100] Step [10/49] Loss: 0.1075
2026-04-20 18:45:54,554 Epoch [47/100] Step [20/49] Loss: 0.1027
2026-04-20 18:45:54,974 Epoch [47/100] Step [30/49] Loss: 0.1282
2026-04-20 18:45:55,399 Epoch [47/100] Step [40/49] Loss: 0.2200
2026-04-20 18:45:55,776 Epoch [47/100] Step [49/49] Loss: 0.1587
2026-04-20 18:45:55,777 Epoch 47 Train Loss: 0.1302 Acc: 0.9538
2026-04-20 18:45:55,956 Epoch 47 Test Loss: 0.4281 Acc: 0.8717
2026-04-20 18:45:56,200 Epoch 48 has 49 train steps per rank (log interval: 10)
2026-04-20 18:45:56,294 Epoch [48/100] Step [1/49] Loss: 0.1140
2026-04-20 18:45:56,660 Epoch [48/100] Step [10/49] Loss: 0.1579
2026-04-20 18:45:57,073 Epoch [48/100] Step [20/49] Loss: 0.1105
2026-04-20 18:45:57,495 Epoch [48/100] Step [30/49] Loss: 0.1529
2026-04-20 18:45:57,917 Epoch [48/100] Step [40/49] Loss: 0.0975
2026-04-20 18:45:58,288 Epoch [48/100] Step [49/49] Loss: 0.0769
2026-04-20 18:45:58,290 Epoch 48 Train Loss: 0.1253 Acc: 0.9565
2026-04-20 18:45:58,467 Epoch 48 Test Loss: 0.4695 Acc: 0.8634
2026-04-20 18:45:58,715 Epoch 49 has 49 train steps per rank (log interval: 10)
2026-04-20 18:45:58,810 Epoch [49/100] Step [1/49] Loss: 0.0497
2026-04-20 18:45:59,176 Epoch [49/100] Step [10/49] Loss: 0.1263
2026-04-20 18:45:59,591 Epoch [49/100] Step [20/49] Loss: 0.1466
2026-04-20 18:46:00,011 Epoch [49/100] Step [30/49] Loss: 0.1142
2026-04-20 18:46:00,439 Epoch [49/100] Step [40/49] Loss: 0.1393
2026-04-20 18:46:00,801 Epoch [49/100] Step [49/49] Loss: 0.0954
2026-04-20 18:46:00,803 Epoch 49 Train Loss: 0.1289 Acc: 0.9547
2026-04-20 18:46:00,977 Epoch 49 Test Loss: 0.4457 Acc: 0.8717
2026-04-20 18:46:01,225 Epoch 50 has 49 train steps per rank (log interval: 10)
2026-04-20 18:46:01,315 Epoch [50/100] Step [1/49] Loss: 0.1731
2026-04-20 18:46:01,679 Epoch [50/100] Step [10/49] Loss: 0.0941
2026-04-20 18:46:02,095 Epoch [50/100] Step [20/49] Loss: 0.1269
2026-04-20 18:46:02,512 Epoch [50/100] Step [30/49] Loss: 0.0735
2026-04-20 18:46:02,934 Epoch [50/100] Step [40/49] Loss: 0.1098
2026-04-20 18:46:03,307 Epoch [50/100] Step [49/49] Loss: 0.1234
2026-04-20 18:46:03,308 Epoch 50 Train Loss: 0.1141 Acc: 0.9608
2026-04-20 18:46:03,453 Epoch 50 Test Loss: 0.4321 Acc: 0.8769
2026-04-20 18:46:03,700 Epoch 51 has 49 train steps per rank (log interval: 10)
2026-04-20 18:46:03,793 Epoch [51/100] Step [1/49] Loss: 0.1153
2026-04-20 18:46:04,162 Epoch [51/100] Step [10/49] Loss: 0.0579
2026-04-20 18:46:04,580 Epoch [51/100] Step [20/49] Loss: 0.1131
2026-04-20 18:46:05,001 Epoch [51/100] Step [30/49] Loss: 0.1228
2026-04-20 18:46:05,418 Epoch [51/100] Step [40/49] Loss: 0.1201
2026-04-20 18:46:05,784 Epoch [51/100] Step [49/49] Loss: 0.1083
2026-04-20 18:46:05,785 Epoch 51 Train Loss: 0.1090 Acc: 0.9629
2026-04-20 18:46:05,929 Epoch 51 Test Loss: 0.4658 Acc: 0.8712
2026-04-20 18:46:06,175 Epoch 52 has 49 train steps per rank (log interval: 10)
2026-04-20 18:46:06,268 Epoch [52/100] Step [1/49] Loss: 0.1294
2026-04-20 18:46:06,634 Epoch [52/100] Step [10/49] Loss: 0.1072
2026-04-20 18:46:07,046 Epoch [52/100] Step [20/49] Loss: 0.0747
2026-04-20 18:46:07,465 Epoch [52/100] Step [30/49] Loss: 0.1057
2026-04-20 18:46:07,885 Epoch [52/100] Step [40/49] Loss: 0.1179
2026-04-20 18:46:08,253 Epoch [52/100] Step [49/49] Loss: 0.1204
2026-04-20 18:46:08,254 Epoch 52 Train Loss: 0.1019 Acc: 0.9649
2026-04-20 18:46:08,400 Epoch 52 Test Loss: 0.4821 Acc: 0.8673
2026-04-20 18:46:08,648 Epoch 53 has 49 train steps per rank (log interval: 10)
2026-04-20 18:46:08,723 Epoch [53/100] Step [1/49] Loss: 0.0927
2026-04-20 18:46:09,090 Epoch [53/100] Step [10/49] Loss: 0.0829
2026-04-20 18:46:09,505 Epoch [53/100] Step [20/49] Loss: 0.0995
2026-04-20 18:46:09,921 Epoch [53/100] Step [30/49] Loss: 0.0736
2026-04-20 18:46:10,334 Epoch [53/100] Step [40/49] Loss: 0.1105
2026-04-20 18:46:10,695 Epoch [53/100] Step [49/49] Loss: 0.0787
2026-04-20 18:46:10,696 Epoch 53 Train Loss: 0.1000 Acc: 0.9666
2026-04-20 18:46:10,846 Epoch 53 Test Loss: 0.4115 Acc: 0.8849
2026-04-20 18:46:10,996 Saved new best checkpoint: model_ckpts/hybrid_archcnn-vit_vitl4_vitd256_vith8_vitm512_conv64-128-256_fc512_bs1024_optadam_lr0.001_schedcosine_drop0.1_seed42/best.pth
2026-04-20 18:46:11,300 Epoch 54 has 49 train steps per rank (log interval: 10)
2026-04-20 18:46:11,393 Epoch [54/100] Step [1/49] Loss: 0.0534
2026-04-20 18:46:11,761 Epoch [54/100] Step [10/49] Loss: 0.1104
2026-04-20 18:46:12,173 Epoch [54/100] Step [20/49] Loss: 0.1082
2026-04-20 18:46:12,591 Epoch [54/100] Step [30/49] Loss: 0.0857
2026-04-20 18:46:13,013 Epoch [54/100] Step [40/49] Loss: 0.0758
2026-04-20 18:46:13,390 Epoch [54/100] Step [49/49] Loss: 0.1372
2026-04-20 18:46:13,392 Epoch 54 Train Loss: 0.0942 Acc: 0.9672
2026-04-20 18:46:13,551 Epoch 54 Test Loss: 0.4412 Acc: 0.8781
2026-04-20 18:46:13,800 Epoch 55 has 49 train steps per rank (log interval: 10)
2026-04-20 18:46:13,895 Epoch [55/100] Step [1/49] Loss: 0.0483
2026-04-20 18:46:14,264 Epoch [55/100] Step [10/49] Loss: 0.1283
2026-04-20 18:46:14,680 Epoch [55/100] Step [20/49] Loss: 0.0305
2026-04-20 18:46:15,101 Epoch [55/100] Step [30/49] Loss: 0.0658
2026-04-20 18:46:15,519 Epoch [55/100] Step [40/49] Loss: 0.1824
2026-04-20 18:46:15,889 Epoch [55/100] Step [49/49] Loss: 0.0854
2026-04-20 18:46:15,890 Epoch 55 Train Loss: 0.0935 Acc: 0.9672
2026-04-20 18:46:16,074 Epoch 55 Test Loss: 0.4353 Acc: 0.8813
2026-04-20 18:46:16,323 Epoch 56 has 49 train steps per rank (log interval: 10)
2026-04-20 18:46:16,416 Epoch [56/100] Step [1/49] Loss: 0.0755
2026-04-20 18:46:16,788 Epoch [56/100] Step [10/49] Loss: 0.0866
2026-04-20 18:46:17,204 Epoch [56/100] Step [20/49] Loss: 0.0831
2026-04-20 18:46:17,619 Epoch [56/100] Step [30/49] Loss: 0.0676
2026-04-20 18:46:18,033 Epoch [56/100] Step [40/49] Loss: 0.0816
2026-04-20 18:46:18,403 Epoch [56/100] Step [49/49] Loss: 0.1049
2026-04-20 18:46:18,404 Epoch 56 Train Loss: 0.0898 Acc: 0.9697
2026-04-20 18:46:18,550 Epoch 56 Test Loss: 0.4100 Acc: 0.8878
2026-04-20 18:46:18,717 Saved new best checkpoint: model_ckpts/hybrid_archcnn-vit_vitl4_vitd256_vith8_vitm512_conv64-128-256_fc512_bs1024_optadam_lr0.001_schedcosine_drop0.1_seed42/best.pth
2026-04-20 18:46:18,873 Epoch 57 has 49 train steps per rank (log interval: 10)
2026-04-20 18:46:18,966 Epoch [57/100] Step [1/49] Loss: 0.1138
2026-04-20 18:46:19,337 Epoch [57/100] Step [10/49] Loss: 0.0731
2026-04-20 18:46:19,752 Epoch [57/100] Step [20/49] Loss: 0.1009
2026-04-20 18:46:20,175 Epoch [57/100] Step [30/49] Loss: 0.1304
2026-04-20 18:46:20,602 Epoch [57/100] Step [40/49] Loss: 0.0399
2026-04-20 18:46:20,979 Epoch [57/100] Step [49/49] Loss: 0.0599
2026-04-20 18:46:20,980 Epoch 57 Train Loss: 0.0794 Acc: 0.9734
2026-04-20 18:46:21,117 Epoch 57 Test Loss: 0.4655 Acc: 0.8763
2026-04-20 18:46:21,369 Epoch 58 has 49 train steps per rank (log interval: 10)
2026-04-20 18:46:21,451 Epoch [58/100] Step [1/49] Loss: 0.1020
2026-04-20 18:46:21,818 Epoch [58/100] Step [10/49] Loss: 0.0567
2026-04-20 18:46:22,231 Epoch [58/100] Step [20/49] Loss: 0.0781
2026-04-20 18:46:22,652 Epoch [58/100] Step [30/49] Loss: 0.0731
2026-04-20 18:46:23,075 Epoch [58/100] Step [40/49] Loss: 0.0641
2026-04-20 18:46:23,441 Epoch [58/100] Step [49/49] Loss: 0.0726
2026-04-20 18:46:23,442 Epoch 58 Train Loss: 0.0742 Acc: 0.9748
2026-04-20 18:46:23,604 Epoch 58 Test Loss: 0.4321 Acc: 0.8851
2026-04-20 18:46:23,892 Epoch 59 has 49 train steps per rank (log interval: 10)
2026-04-20 18:46:23,984 Epoch [59/100] Step [1/49] Loss: 0.0808
2026-04-20 18:46:24,352 Epoch [59/100] Step [10/49] Loss: 0.0561
2026-04-20 18:46:24,766 Epoch [59/100] Step [20/49] Loss: 0.0597
2026-04-20 18:46:25,186 Epoch [59/100] Step [30/49] Loss: 0.0644
2026-04-20 18:46:25,607 Epoch [59/100] Step [40/49] Loss: 0.0734
2026-04-20 18:46:25,973 Epoch [59/100] Step [49/49] Loss: 0.0313
2026-04-20 18:46:25,974 Epoch 59 Train Loss: 0.0780 Acc: 0.9736
2026-04-20 18:46:26,130 Epoch 59 Test Loss: 0.4437 Acc: 0.8820
2026-04-20 18:46:26,385 Epoch 60 has 49 train steps per rank (log interval: 10)
2026-04-20 18:46:26,479 Epoch [60/100] Step [1/49] Loss: 0.0913
2026-04-20 18:46:26,848 Epoch [60/100] Step [10/49] Loss: 0.0292
2026-04-20 18:46:27,262 Epoch [60/100] Step [20/49] Loss: 0.0527
2026-04-20 18:46:27,680 Epoch [60/100] Step [30/49] Loss: 0.1019
2026-04-20 18:46:28,108 Epoch [60/100] Step [40/49] Loss: 0.0857
2026-04-20 18:46:28,506 Epoch [60/100] Step [49/49] Loss: 0.0756
2026-04-20 18:46:28,508 Epoch 60 Train Loss: 0.0722 Acc: 0.9753
2026-04-20 18:46:28,677 Epoch 60 Test Loss: 0.4676 Acc: 0.8765
2026-04-20 18:46:28,934 Epoch 61 has 49 train steps per rank (log interval: 10)
2026-04-20 18:46:29,024 Epoch [61/100] Step [1/49] Loss: 0.0946
2026-04-20 18:46:29,401 Epoch [61/100] Step [10/49] Loss: 0.0875
2026-04-20 18:46:29,836 Epoch [61/100] Step [20/49] Loss: 0.0897
2026-04-20 18:46:30,265 Epoch [61/100] Step [30/49] Loss: 0.1123
2026-04-20 18:46:30,680 Epoch [61/100] Step [40/49] Loss: 0.0763
2026-04-20 18:46:31,048 Epoch [61/100] Step [49/49] Loss: 0.0603
2026-04-20 18:46:31,049 Epoch 61 Train Loss: 0.0756 Acc: 0.9735
2026-04-20 18:46:31,203 Epoch 61 Test Loss: 0.4564 Acc: 0.8805
2026-04-20 18:46:31,459 Epoch 62 has 49 train steps per rank (log interval: 10)
2026-04-20 18:46:31,553 Epoch [62/100] Step [1/49] Loss: 0.0401
2026-04-20 18:46:31,922 Epoch [62/100] Step [10/49] Loss: 0.0854
2026-04-20 18:46:32,339 Epoch [62/100] Step [20/49] Loss: 0.0744
2026-04-20 18:46:32,757 Epoch [62/100] Step [30/49] Loss: 0.0439
2026-04-20 18:46:33,178 Epoch [62/100] Step [40/49] Loss: 0.0804
2026-04-20 18:46:33,549 Epoch [62/100] Step [49/49] Loss: 0.0570
2026-04-20 18:46:33,550 Epoch 62 Train Loss: 0.0687 Acc: 0.9770
2026-04-20 18:46:33,693 Epoch 62 Test Loss: 0.4782 Acc: 0.8733
2026-04-20 18:46:33,949 Epoch 63 has 49 train steps per rank (log interval: 10)
2026-04-20 18:46:34,044 Epoch [63/100] Step [1/49] Loss: 0.0251
2026-04-20 18:46:34,412 Epoch [63/100] Step [10/49] Loss: 0.0210
2026-04-20 18:46:34,828 Epoch [63/100] Step [20/49] Loss: 0.0266
2026-04-20 18:46:35,250 Epoch [63/100] Step [30/49] Loss: 0.0441
2026-04-20 18:46:35,671 Epoch [63/100] Step [40/49] Loss: 0.0293
2026-04-20 18:46:36,045 Epoch [63/100] Step [49/49] Loss: 0.0654
2026-04-20 18:46:36,046 Epoch 63 Train Loss: 0.0640 Acc: 0.9774
2026-04-20 18:46:36,215 Epoch 63 Test Loss: 0.4585 Acc: 0.8821
2026-04-20 18:46:36,471 Epoch 64 has 49 train steps per rank (log interval: 10)
2026-04-20 18:46:36,553 Epoch [64/100] Step [1/49] Loss: 0.0326
2026-04-20 18:46:36,919 Epoch [64/100] Step [10/49] Loss: 0.0624
2026-04-20 18:46:37,333 Epoch [64/100] Step [20/49] Loss: 0.0626
2026-04-20 18:46:37,755 Epoch [64/100] Step [30/49] Loss: 0.0762
2026-04-20 18:46:38,181 Epoch [64/100] Step [40/49] Loss: 0.0922
2026-04-20 18:46:38,552 Epoch [64/100] Step [49/49] Loss: 0.1155
2026-04-20 18:46:38,553 Epoch 64 Train Loss: 0.0564 Acc: 0.9806
2026-04-20 18:46:38,708 Epoch 64 Test Loss: 0.4626 Acc: 0.8845
2026-04-20 18:46:38,965 Epoch 65 has 49 train steps per rank (log interval: 10)
2026-04-20 18:46:39,058 Epoch [65/100] Step [1/49] Loss: 0.0875
2026-04-20 18:46:39,428 Epoch [65/100] Step [10/49] Loss: 0.0703
2026-04-20 18:46:39,843 Epoch [65/100] Step [20/49] Loss: 0.0724
2026-04-20 18:46:40,262 Epoch [65/100] Step [30/49] Loss: 0.0619
2026-04-20 18:46:40,680 Epoch [65/100] Step [40/49] Loss: 0.0692
2026-04-20 18:46:41,051 Epoch [65/100] Step [49/49] Loss: 0.0709
2026-04-20 18:46:41,052 Epoch 65 Train Loss: 0.0600 Acc: 0.9796
2026-04-20 18:46:41,221 Epoch 65 Test Loss: 0.4417 Acc: 0.8852
2026-04-20 18:46:41,478 Epoch 66 has 49 train steps per rank (log interval: 10)
2026-04-20 18:46:41,572 Epoch [66/100] Step [1/49] Loss: 0.0226
2026-04-20 18:46:41,941 Epoch [66/100] Step [10/49] Loss: 0.1253
2026-04-20 18:46:42,357 Epoch [66/100] Step [20/49] Loss: 0.0622
2026-04-20 18:46:42,778 Epoch [66/100] Step [30/49] Loss: 0.0713
2026-04-20 18:46:43,200 Epoch [66/100] Step [40/49] Loss: 0.0541
2026-04-20 18:46:43,573 Epoch [66/100] Step [49/49] Loss: 0.0335
2026-04-20 18:46:43,575 Epoch 66 Train Loss: 0.0527 Acc: 0.9827
2026-04-20 18:46:43,745 Epoch 66 Test Loss: 0.4323 Acc: 0.8920
2026-04-20 18:46:43,892 Saved new best checkpoint: model_ckpts/hybrid_archcnn-vit_vitl4_vitd256_vith8_vitm512_conv64-128-256_fc512_bs1024_optadam_lr0.001_schedcosine_drop0.1_seed42/best.pth
2026-04-20 18:46:44,054 Epoch 67 has 49 train steps per rank (log interval: 10)
2026-04-20 18:46:44,146 Epoch [67/100] Step [1/49] Loss: 0.0654
2026-04-20 18:46:44,519 Epoch [67/100] Step [10/49] Loss: 0.0483
2026-04-20 18:46:44,934 Epoch [67/100] Step [20/49] Loss: 0.0185
2026-04-20 18:46:45,354 Epoch [67/100] Step [30/49] Loss: 0.0577
2026-04-20 18:46:45,776 Epoch [67/100] Step [40/49] Loss: 0.0548
2026-04-20 18:46:46,149 Epoch [67/100] Step [49/49] Loss: 0.0290
2026-04-20 18:46:46,151 Epoch 67 Train Loss: 0.0472 Acc: 0.9852
2026-04-20 18:46:46,299 Epoch 67 Test Loss: 0.4394 Acc: 0.8889
2026-04-20 18:46:46,561 Epoch 68 has 49 train steps per rank (log interval: 10)
2026-04-20 18:46:46,646 Epoch [68/100] Step [1/49] Loss: 0.0227
2026-04-20 18:46:47,017 Epoch [68/100] Step [10/49] Loss: 0.0242
2026-04-20 18:46:47,433 Epoch [68/100] Step [20/49] Loss: 0.0464
2026-04-20 18:46:47,855 Epoch [68/100] Step [30/49] Loss: 0.0340
2026-04-20 18:46:48,284 Epoch [68/100] Step [40/49] Loss: 0.0285
2026-04-20 18:46:48,661 Epoch [68/100] Step [49/49] Loss: 0.0303
2026-04-20 18:46:48,662 Epoch 68 Train Loss: 0.0427 Acc: 0.9866
2026-04-20 18:46:48,805 Epoch 68 Test Loss: 0.4506 Acc: 0.8902
2026-04-20 18:46:49,065 Epoch 69 has 49 train steps per rank (log interval: 10)
2026-04-20 18:46:49,160 Epoch [69/100] Step [1/49] Loss: 0.0524
2026-04-20 18:46:49,527 Epoch [69/100] Step [10/49] Loss: 0.0252
2026-04-20 18:46:49,943 Epoch [69/100] Step [20/49] Loss: 0.0511
2026-04-20 18:46:50,364 Epoch [69/100] Step [30/49] Loss: 0.0433
2026-04-20 18:46:50,785 Epoch [69/100] Step [40/49] Loss: 0.0465
2026-04-20 18:46:51,153 Epoch [69/100] Step [49/49] Loss: 0.0332
2026-04-20 18:46:51,154 Epoch 69 Train Loss: 0.0448 Acc: 0.9847
2026-04-20 18:46:51,305 Epoch 69 Test Loss: 0.4584 Acc: 0.8901
2026-04-20 18:46:51,571 Epoch 70 has 49 train steps per rank (log interval: 10)
2026-04-20 18:46:51,666 Epoch [70/100] Step [1/49] Loss: 0.0405
2026-04-20 18:46:52,041 Epoch [70/100] Step [10/49] Loss: 0.0440
2026-04-20 18:46:52,458 Epoch [70/100] Step [20/49] Loss: 0.0546
2026-04-20 18:46:52,882 Epoch [70/100] Step [30/49] Loss: 0.0802
2026-04-20 18:46:53,305 Epoch [70/100] Step [40/49] Loss: 0.0338
2026-04-20 18:46:53,682 Epoch [70/100] Step [49/49] Loss: 0.0757
2026-04-20 18:46:53,682 Epoch 70 Train Loss: 0.0450 Acc: 0.9852
2026-04-20 18:46:53,857 Epoch 70 Test Loss: 0.4521 Acc: 0.8855
2026-04-20 18:46:54,117 Epoch 71 has 49 train steps per rank (log interval: 10)
2026-04-20 18:46:54,201 Epoch [71/100] Step [1/49] Loss: 0.0580
2026-04-20 18:46:54,570 Epoch [71/100] Step [10/49] Loss: 0.0267
2026-04-20 18:46:54,987 Epoch [71/100] Step [20/49] Loss: 0.0609
2026-04-20 18:46:55,406 Epoch [71/100] Step [30/49] Loss: 0.0449
2026-04-20 18:46:55,830 Epoch [71/100] Step [40/49] Loss: 0.0713
2026-04-20 18:46:56,200 Epoch [71/100] Step [49/49] Loss: 0.0708
2026-04-20 18:46:56,202 Epoch 71 Train Loss: 0.0440 Acc: 0.9852
2026-04-20 18:46:56,374 Epoch 71 Test Loss: 0.4630 Acc: 0.8841
2026-04-20 18:46:56,758 Epoch 72 has 49 train steps per rank (log interval: 10)
2026-04-20 18:46:56,852 Epoch [72/100] Step [1/49] Loss: 0.0142
2026-04-20 18:46:57,218 Epoch [72/100] Step [10/49] Loss: 0.0478
2026-04-20 18:46:57,630 Epoch [72/100] Step [20/49] Loss: 0.0323
2026-04-20 18:46:58,049 Epoch [72/100] Step [30/49] Loss: 0.1049
2026-04-20 18:46:58,474 Epoch [72/100] Step [40/49] Loss: 0.0757
2026-04-20 18:46:58,850 Epoch [72/100] Step [49/49] Loss: 0.0425
2026-04-20 18:46:58,852 Epoch 72 Train Loss: 0.0365 Acc: 0.9883
2026-04-20 18:46:59,001 Epoch 72 Test Loss: 0.4566 Acc: 0.8897
2026-04-20 18:46:59,263 Epoch 73 has 49 train steps per rank (log interval: 10)
2026-04-20 18:46:59,356 Epoch [73/100] Step [1/49] Loss: 0.0413
2026-04-20 18:46:59,722 Epoch [73/100] Step [10/49] Loss: 0.0358
2026-04-20 18:47:00,136 Epoch [73/100] Step [20/49] Loss: 0.0300
2026-04-20 18:47:00,554 Epoch [73/100] Step [30/49] Loss: 0.0418
2026-04-20 18:47:00,979 Epoch [73/100] Step [40/49] Loss: 0.0294
2026-04-20 18:47:01,349 Epoch [73/100] Step [49/49] Loss: 0.0087
2026-04-20 18:47:01,351 Epoch 73 Train Loss: 0.0331 Acc: 0.9899
2026-04-20 18:47:01,491 Epoch 73 Test Loss: 0.4516 Acc: 0.8924
2026-04-20 18:47:01,648 Saved new best checkpoint: model_ckpts/hybrid_archcnn-vit_vitl4_vitd256_vith8_vitm512_conv64-128-256_fc512_bs1024_optadam_lr0.001_schedcosine_drop0.1_seed42/best.pth
2026-04-20 18:47:01,823 Epoch 74 has 49 train steps per rank (log interval: 10)
2026-04-20 18:47:01,919 Epoch [74/100] Step [1/49] Loss: 0.0105
2026-04-20 18:47:02,286 Epoch [74/100] Step [10/49] Loss: 0.0215
2026-04-20 18:47:02,702 Epoch [74/100] Step [20/49] Loss: 0.0445
2026-04-20 18:47:03,121 Epoch [74/100] Step [30/49] Loss: 0.0183
2026-04-20 18:47:03,546 Epoch [74/100] Step [40/49] Loss: 0.0310
2026-04-20 18:47:03,921 Epoch [74/100] Step [49/49] Loss: 0.0161
2026-04-20 18:47:03,922 Epoch 74 Train Loss: 0.0297 Acc: 0.9914
2026-04-20 18:47:04,095 Epoch 74 Test Loss: 0.4640 Acc: 0.8909
2026-04-20 18:47:04,355 Epoch 75 has 49 train steps per rank (log interval: 10)
2026-04-20 18:47:04,449 Epoch [75/100] Step [1/49] Loss: 0.0491
2026-04-20 18:47:04,816 Epoch [75/100] Step [10/49] Loss: 0.0157
2026-04-20 18:47:05,227 Epoch [75/100] Step [20/49] Loss: 0.0326
2026-04-20 18:47:05,646 Epoch [75/100] Step [30/49] Loss: 0.0175
2026-04-20 18:47:06,069 Epoch [75/100] Step [40/49] Loss: 0.0532
2026-04-20 18:47:06,445 Epoch [75/100] Step [49/49] Loss: 0.0127
2026-04-20 18:47:06,447 Epoch 75 Train Loss: 0.0293 Acc: 0.9912
2026-04-20 18:47:06,588 Epoch 75 Test Loss: 0.4619 Acc: 0.8894
2026-04-20 18:47:06,849 Epoch 76 has 49 train steps per rank (log interval: 10)
2026-04-20 18:47:06,945 Epoch [76/100] Step [1/49] Loss: 0.0112
2026-04-20 18:47:07,312 Epoch [76/100] Step [10/49] Loss: 0.0063
2026-04-20 18:47:07,728 Epoch [76/100] Step [20/49] Loss: 0.0204
2026-04-20 18:47:08,146 Epoch [76/100] Step [30/49] Loss: 0.0185
2026-04-20 18:47:08,569 Epoch [76/100] Step [40/49] Loss: 0.0113
2026-04-20 18:47:08,939 Epoch [76/100] Step [49/49] Loss: 0.0499
2026-04-20 18:47:08,941 Epoch 76 Train Loss: 0.0259 Acc: 0.9922
2026-04-20 18:47:09,122 Epoch 76 Test Loss: 0.4548 Acc: 0.8926
2026-04-20 18:47:09,270 Saved new best checkpoint: model_ckpts/hybrid_archcnn-vit_vitl4_vitd256_vith8_vitm512_conv64-128-256_fc512_bs1024_optadam_lr0.001_schedcosine_drop0.1_seed42/best.pth
2026-04-20 18:47:09,437 Epoch 77 has 49 train steps per rank (log interval: 10)
2026-04-20 18:47:09,533 Epoch [77/100] Step [1/49] Loss: 0.0344
2026-04-20 18:47:09,897 Epoch [77/100] Step [10/49] Loss: 0.0330
2026-04-20 18:47:10,310 Epoch [77/100] Step [20/49] Loss: 0.0298
2026-04-20 18:47:10,726 Epoch [77/100] Step [30/49] Loss: 0.0310
2026-04-20 18:47:11,147 Epoch [77/100] Step [40/49] Loss: 0.0152
2026-04-20 18:47:11,513 Epoch [77/100] Step [49/49] Loss: 0.0056
2026-04-20 18:47:11,514 Epoch 77 Train Loss: 0.0260 Acc: 0.9927
2026-04-20 18:47:11,685 Epoch 77 Test Loss: 0.4550 Acc: 0.8903
2026-04-20 18:47:11,952 Epoch 78 has 49 train steps per rank (log interval: 10)
2026-04-20 18:47:12,047 Epoch [78/100] Step [1/49] Loss: 0.0071
2026-04-20 18:47:12,412 Epoch [78/100] Step [10/49] Loss: 0.0750
2026-04-20 18:47:12,825 Epoch [78/100] Step [20/49] Loss: 0.0340
2026-04-20 18:47:13,245 Epoch [78/100] Step [30/49] Loss: 0.0100
2026-04-20 18:47:13,673 Epoch [78/100] Step [40/49] Loss: 0.0435
2026-04-20 18:47:14,053 Epoch [78/100] Step [49/49] Loss: 0.0373
2026-04-20 18:47:14,055 Epoch 78 Train Loss: 0.0253 Acc: 0.9926
2026-04-20 18:47:14,200 Epoch 78 Test Loss: 0.4562 Acc: 0.8923
2026-04-20 18:47:14,466 Epoch 79 has 49 train steps per rank (log interval: 10)
2026-04-20 18:47:14,559 Epoch [79/100] Step [1/49] Loss: 0.0214
2026-04-20 18:47:14,925 Epoch [79/100] Step [10/49] Loss: 0.0160
2026-04-20 18:47:15,341 Epoch [79/100] Step [20/49] Loss: 0.0134
2026-04-20 18:47:15,764 Epoch [79/100] Step [30/49] Loss: 0.0431
2026-04-20 18:47:16,187 Epoch [79/100] Step [40/49] Loss: 0.0139
2026-04-20 18:47:16,563 Epoch [79/100] Step [49/49] Loss: 0.0135
2026-04-20 18:47:16,564 Epoch 79 Train Loss: 0.0237 Acc: 0.9930
2026-04-20 18:47:16,709 Epoch 79 Test Loss: 0.4601 Acc: 0.8935
2026-04-20 18:47:16,861 Saved new best checkpoint: model_ckpts/hybrid_archcnn-vit_vitl4_vitd256_vith8_vitm512_conv64-128-256_fc512_bs1024_optadam_lr0.001_schedcosine_drop0.1_seed42/best.pth
2026-04-20 18:47:17,032 Epoch 80 has 49 train steps per rank (log interval: 10)
2026-04-20 18:47:17,128 Epoch [80/100] Step [1/49] Loss: 0.0200
2026-04-20 18:47:17,494 Epoch [80/100] Step [10/49] Loss: 0.0177
2026-04-20 18:47:17,910 Epoch [80/100] Step [20/49] Loss: 0.0477
2026-04-20 18:47:18,335 Epoch [80/100] Step [30/49] Loss: 0.0153
2026-04-20 18:47:18,759 Epoch [80/100] Step [40/49] Loss: 0.0170
2026-04-20 18:47:19,141 Epoch [80/100] Step [49/49] Loss: 0.0224
2026-04-20 18:47:19,143 Epoch 80 Train Loss: 0.0223 Acc: 0.9937
2026-04-20 18:47:19,295 Epoch 80 Test Loss: 0.4537 Acc: 0.8944
2026-04-20 18:47:19,445 Saved new best checkpoint: model_ckpts/hybrid_archcnn-vit_vitl4_vitd256_vith8_vitm512_conv64-128-256_fc512_bs1024_optadam_lr0.001_schedcosine_drop0.1_seed42/best.pth
2026-04-20 18:47:19,618 Epoch 81 has 49 train steps per rank (log interval: 10)
2026-04-20 18:47:19,710 Epoch [81/100] Step [1/49] Loss: 0.0132
2026-04-20 18:47:20,075 Epoch [81/100] Step [10/49] Loss: 0.0108
2026-04-20 18:47:20,487 Epoch [81/100] Step [20/49] Loss: 0.0298
2026-04-20 18:47:20,903 Epoch [81/100] Step [30/49] Loss: 0.0121
2026-04-20 18:47:21,320 Epoch [81/100] Step [40/49] Loss: 0.0477
2026-04-20 18:47:21,686 Epoch [81/100] Step [49/49] Loss: 0.0624
2026-04-20 18:47:21,687 Epoch 81 Train Loss: 0.0196 Acc: 0.9947
2026-04-20 18:47:21,828 Epoch 81 Test Loss: 0.4577 Acc: 0.8927
2026-04-20 18:47:22,096 Epoch 82 has 49 train steps per rank (log interval: 10)
2026-04-20 18:47:22,191 Epoch [82/100] Step [1/49] Loss: 0.0409
2026-04-20 18:47:22,563 Epoch [82/100] Step [10/49] Loss: 0.0266
2026-04-20 18:47:22,979 Epoch [82/100] Step [20/49] Loss: 0.0141
2026-04-20 18:47:23,399 Epoch [82/100] Step [30/49] Loss: 0.0116
2026-04-20 18:47:23,824 Epoch [82/100] Step [40/49] Loss: 0.0117
2026-04-20 18:47:24,197 Epoch [82/100] Step [49/49] Loss: 0.0193
2026-04-20 18:47:24,198 Epoch 82 Train Loss: 0.0216 Acc: 0.9934
2026-04-20 18:47:24,346 Epoch 82 Test Loss: 0.4559 Acc: 0.8933
2026-04-20 18:47:24,612 Epoch 83 has 49 train steps per rank (log interval: 10)
2026-04-20 18:47:24,709 Epoch [83/100] Step [1/49] Loss: 0.0073
2026-04-20 18:47:25,078 Epoch [83/100] Step [10/49] Loss: 0.0084
2026-04-20 18:47:25,493 Epoch [83/100] Step [20/49] Loss: 0.0115
2026-04-20 18:47:25,913 Epoch [83/100] Step [30/49] Loss: 0.0219
2026-04-20 18:47:26,337 Epoch [83/100] Step [40/49] Loss: 0.0160
2026-04-20 18:47:26,711 Epoch [83/100] Step [49/49] Loss: 0.0138
2026-04-20 18:47:26,713 Epoch 83 Train Loss: 0.0198 Acc: 0.9944
2026-04-20 18:47:26,861 Epoch 83 Test Loss: 0.4507 Acc: 0.8983
2026-04-20 18:47:27,014 Saved new best checkpoint: model_ckpts/hybrid_archcnn-vit_vitl4_vitd256_vith8_vitm512_conv64-128-256_fc512_bs1024_optadam_lr0.001_schedcosine_drop0.1_seed42/best.pth
2026-04-20 18:47:27,167 Epoch 84 has 49 train steps per rank (log interval: 10)
2026-04-20 18:47:27,262 Epoch [84/100] Step [1/49] Loss: 0.0288
2026-04-20 18:47:27,631 Epoch [84/100] Step [10/49] Loss: 0.0119
2026-04-20 18:47:28,050 Epoch [84/100] Step [20/49] Loss: 0.0205
2026-04-20 18:47:28,483 Epoch [84/100] Step [30/49] Loss: 0.0132
2026-04-20 18:47:28,919 Epoch [84/100] Step [40/49] Loss: 0.0121
2026-04-20 18:47:29,301 Epoch [84/100] Step [49/49] Loss: 0.0185
2026-04-20 18:47:29,303 Epoch 84 Train Loss: 0.0176 Acc: 0.9954
2026-04-20 18:47:29,442 Epoch 84 Test Loss: 0.4574 Acc: 0.8932
2026-04-20 18:47:29,690 Epoch 85 has 49 train steps per rank (log interval: 10)
2026-04-20 18:47:29,785 Epoch [85/100] Step [1/49] Loss: 0.0073
2026-04-20 18:47:30,165 Epoch [85/100] Step [10/49] Loss: 0.0113
2026-04-20 18:47:30,578 Epoch [85/100] Step [20/49] Loss: 0.0230
2026-04-20 18:47:30,999 Epoch [85/100] Step [30/49] Loss: 0.0148
2026-04-20 18:47:31,424 Epoch [85/100] Step [40/49] Loss: 0.0110
2026-04-20 18:47:31,789 Epoch [85/100] Step [49/49] Loss: 0.0061
2026-04-20 18:47:31,790 Epoch 85 Train Loss: 0.0173 Acc: 0.9956
2026-04-20 18:47:31,956 Epoch 85 Test Loss: 0.4531 Acc: 0.8949
2026-04-20 18:47:32,206 Epoch 86 has 49 train steps per rank (log interval: 10)
2026-04-20 18:47:32,300 Epoch [86/100] Step [1/49] Loss: 0.0325
2026-04-20 18:47:32,670 Epoch [86/100] Step [10/49] Loss: 0.0095
2026-04-20 18:47:33,086 Epoch [86/100] Step [20/49] Loss: 0.0096
2026-04-20 18:47:33,506 Epoch [86/100] Step [30/49] Loss: 0.0146
2026-04-20 18:47:33,929 Epoch [86/100] Step [40/49] Loss: 0.0263
2026-04-20 18:47:34,304 Epoch [86/100] Step [49/49] Loss: 0.0291
2026-04-20 18:47:34,305 Epoch 86 Train Loss: 0.0166 Acc: 0.9958
2026-04-20 18:47:34,469 Epoch 86 Test Loss: 0.4625 Acc: 0.8948
2026-04-20 18:47:34,716 Epoch 87 has 49 train steps per rank (log interval: 10)
2026-04-20 18:47:34,811 Epoch [87/100] Step [1/49] Loss: 0.0122
2026-04-20 18:47:35,182 Epoch [87/100] Step [10/49] Loss: 0.0049
2026-04-20 18:47:35,592 Epoch [87/100] Step [20/49] Loss: 0.0134
2026-04-20 18:47:36,013 Epoch [87/100] Step [30/49] Loss: 0.0246
2026-04-20 18:47:36,436 Epoch [87/100] Step [40/49] Loss: 0.0135
2026-04-20 18:47:36,799 Epoch [87/100] Step [49/49] Loss: 0.0283
2026-04-20 18:47:36,800 Epoch 87 Train Loss: 0.0150 Acc: 0.9961
2026-04-20 18:47:36,981 Epoch 87 Test Loss: 0.4588 Acc: 0.8938
2026-04-20 18:47:37,232 Epoch 88 has 49 train steps per rank (log interval: 10)
2026-04-20 18:47:37,326 Epoch [88/100] Step [1/49] Loss: 0.0081
2026-04-20 18:47:37,696 Epoch [88/100] Step [10/49] Loss: 0.0060
2026-04-20 18:47:38,115 Epoch [88/100] Step [20/49] Loss: 0.0060
2026-04-20 18:47:38,542 Epoch [88/100] Step [30/49] Loss: 0.0031
2026-04-20 18:47:38,968 Epoch [88/100] Step [40/49] Loss: 0.0182
2026-04-20 18:47:39,460 Epoch [88/100] Step [49/49] Loss: 0.0319
2026-04-20 18:47:39,460 Epoch 88 Train Loss: 0.0150 Acc: 0.9964
2026-04-20 18:47:39,639 Epoch 88 Test Loss: 0.4623 Acc: 0.8969
2026-04-20 18:47:39,894 Epoch 89 has 49 train steps per rank (log interval: 10)
2026-04-20 18:47:39,990 Epoch [89/100] Step [1/49] Loss: 0.0282
2026-04-20 18:47:40,361 Epoch [89/100] Step [10/49] Loss: 0.0104
2026-04-20 18:47:40,782 Epoch [89/100] Step [20/49] Loss: 0.0099
2026-04-20 18:47:41,202 Epoch [89/100] Step [30/49] Loss: 0.0277
2026-04-20 18:47:41,623 Epoch [89/100] Step [40/49] Loss: 0.0098
2026-04-20 18:47:41,989 Epoch [89/100] Step [49/49] Loss: 0.0064
2026-04-20 18:47:41,991 Epoch 89 Train Loss: 0.0156 Acc: 0.9959
2026-04-20 18:47:42,152 Epoch 89 Test Loss: 0.4590 Acc: 0.8948
2026-04-20 18:47:42,401 Epoch 90 has 49 train steps per rank (log interval: 10)
2026-04-20 18:47:42,484 Epoch [90/100] Step [1/49] Loss: 0.0038
2026-04-20 18:47:42,857 Epoch [90/100] Step [10/49] Loss: 0.0038
2026-04-20 18:47:43,276 Epoch [90/100] Step [20/49] Loss: 0.0078
2026-04-20 18:47:43,700 Epoch [90/100] Step [30/49] Loss: 0.0251
2026-04-20 18:47:44,125 Epoch [90/100] Step [40/49] Loss: 0.0058
2026-04-20 18:47:44,502 Epoch [90/100] Step [49/49] Loss: 0.0051
2026-04-20 18:47:44,503 Epoch 90 Train Loss: 0.0142 Acc: 0.9965
2026-04-20 18:47:44,654 Epoch 90 Test Loss: 0.4584 Acc: 0.8944
2026-04-20 18:47:44,901 Epoch 91 has 49 train steps per rank (log interval: 10)
2026-04-20 18:47:44,996 Epoch [91/100] Step [1/49] Loss: 0.0190
2026-04-20 18:47:45,364 Epoch [91/100] Step [10/49] Loss: 0.0066
2026-04-20 18:47:45,778 Epoch [91/100] Step [20/49] Loss: 0.0326
2026-04-20 18:47:46,196 Epoch [91/100] Step [30/49] Loss: 0.0073
2026-04-20 18:47:46,615 Epoch [91/100] Step [40/49] Loss: 0.0046
2026-04-20 18:47:46,982 Epoch [91/100] Step [49/49] Loss: 0.0335
2026-04-20 18:47:46,984 Epoch 91 Train Loss: 0.0137 Acc: 0.9967
2026-04-20 18:47:47,132 Epoch 91 Test Loss: 0.4630 Acc: 0.8946
2026-04-20 18:47:47,381 Epoch 92 has 49 train steps per rank (log interval: 10)
2026-04-20 18:47:47,474 Epoch [92/100] Step [1/49] Loss: 0.0067
2026-04-20 18:47:47,843 Epoch [92/100] Step [10/49] Loss: 0.0115
2026-04-20 18:47:48,262 Epoch [92/100] Step [20/49] Loss: 0.0226
2026-04-20 18:47:48,682 Epoch [92/100] Step [30/49] Loss: 0.0087
2026-04-20 18:47:49,104 Epoch [92/100] Step [40/49] Loss: 0.0101
2026-04-20 18:47:49,480 Epoch [92/100] Step [49/49] Loss: 0.0076
2026-04-20 18:47:49,481 Epoch 92 Train Loss: 0.0130 Acc: 0.9969
2026-04-20 18:47:49,638 Epoch 92 Test Loss: 0.4616 Acc: 0.8938
2026-04-20 18:47:49,894 Epoch 93 has 49 train steps per rank (log interval: 10)
2026-04-20 18:47:49,989 Epoch [93/100] Step [1/49] Loss: 0.0080
2026-04-20 18:47:50,356 Epoch [93/100] Step [10/49] Loss: 0.0242
2026-04-20 18:47:50,771 Epoch [93/100] Step [20/49] Loss: 0.0123
2026-04-20 18:47:51,187 Epoch [93/100] Step [30/49] Loss: 0.0055
2026-04-20 18:47:51,605 Epoch [93/100] Step [40/49] Loss: 0.0033
2026-04-20 18:47:51,972 Epoch [93/100] Step [49/49] Loss: 0.0098
2026-04-20 18:47:51,973 Epoch 93 Train Loss: 0.0128 Acc: 0.9972
2026-04-20 18:47:52,124 Epoch 93 Test Loss: 0.4601 Acc: 0.8958
2026-04-20 18:47:52,375 Epoch 94 has 49 train steps per rank (log interval: 10)
2026-04-20 18:47:52,451 Epoch [94/100] Step [1/49] Loss: 0.0202
2026-04-20 18:47:52,818 Epoch [94/100] Step [10/49] Loss: 0.0406
2026-04-20 18:47:53,233 Epoch [94/100] Step [20/49] Loss: 0.0035
2026-04-20 18:47:53,655 Epoch [94/100] Step [30/49] Loss: 0.0144
2026-04-20 18:47:54,084 Epoch [94/100] Step [40/49] Loss: 0.0156
2026-04-20 18:47:54,461 Epoch [94/100] Step [49/49] Loss: 0.0041
2026-04-20 18:47:54,462 Epoch 94 Train Loss: 0.0124 Acc: 0.9972
2026-04-20 18:47:54,604 Epoch 94 Test Loss: 0.4590 Acc: 0.8955
2026-04-20 18:47:54,855 Epoch 95 has 49 train steps per rank (log interval: 10)
2026-04-20 18:47:54,931 Epoch [95/100] Step [1/49] Loss: 0.0087
2026-04-20 18:47:55,299 Epoch [95/100] Step [10/49] Loss: 0.0200
2026-04-20 18:47:55,712 Epoch [95/100] Step [20/49] Loss: 0.0072
2026-04-20 18:47:56,132 Epoch [95/100] Step [30/49] Loss: 0.0049
2026-04-20 18:47:56,551 Epoch [95/100] Step [40/49] Loss: 0.0192
2026-04-20 18:47:56,923 Epoch [95/100] Step [49/49] Loss: 0.0351
2026-04-20 18:47:56,924 Epoch 95 Train Loss: 0.0121 Acc: 0.9978
2026-04-20 18:47:57,062 Epoch 95 Test Loss: 0.4590 Acc: 0.8949
2026-04-20 18:47:57,312 Epoch 96 has 49 train steps per rank (log interval: 10)
2026-04-20 18:47:57,388 Epoch [96/100] Step [1/49] Loss: 0.0107
2026-04-20 18:47:57,756 Epoch [96/100] Step [10/49] Loss: 0.0032
2026-04-20 18:47:58,171 Epoch [96/100] Step [20/49] Loss: 0.0125
2026-04-20 18:47:58,592 Epoch [96/100] Step [30/49] Loss: 0.0121
2026-04-20 18:47:59,025 Epoch [96/100] Step [40/49] Loss: 0.0071
2026-04-20 18:47:59,410 Epoch [96/100] Step [49/49] Loss: 0.0246
2026-04-20 18:47:59,413 Epoch 96 Train Loss: 0.0123 Acc: 0.9972
2026-04-20 18:47:59,567 Epoch 96 Test Loss: 0.4581 Acc: 0.8945
2026-04-20 18:47:59,821 Epoch 97 has 49 train steps per rank (log interval: 10)
2026-04-20 18:47:59,897 Epoch [97/100] Step [1/49] Loss: 0.0080
2026-04-20 18:48:00,265 Epoch [97/100] Step [10/49] Loss: 0.0074
2026-04-20 18:48:00,682 Epoch [97/100] Step [20/49] Loss: 0.0072
2026-04-20 18:48:01,106 Epoch [97/100] Step [30/49] Loss: 0.0436
2026-04-20 18:48:01,534 Epoch [97/100] Step [40/49] Loss: 0.0030
2026-04-20 18:48:01,898 Epoch [97/100] Step [49/49] Loss: 0.0046
2026-04-20 18:48:01,899 Epoch 97 Train Loss: 0.0118 Acc: 0.9972
2026-04-20 18:48:02,043 Epoch 97 Test Loss: 0.4586 Acc: 0.8948
2026-04-20 18:48:02,297 Epoch 98 has 49 train steps per rank (log interval: 10)
2026-04-20 18:48:02,372 Epoch [98/100] Step [1/49] Loss: 0.0077
2026-04-20 18:48:02,744 Epoch [98/100] Step [10/49] Loss: 0.0147
2026-04-20 18:48:03,159 Epoch [98/100] Step [20/49] Loss: 0.0110
2026-04-20 18:48:03,570 Epoch [98/100] Step [30/49] Loss: 0.0095
2026-04-20 18:48:03,988 Epoch [98/100] Step [40/49] Loss: 0.0184
2026-04-20 18:48:04,360 Epoch [98/100] Step [49/49] Loss: 0.0062
2026-04-20 18:48:04,361 Epoch 98 Train Loss: 0.0120 Acc: 0.9974
2026-04-20 18:48:04,503 Epoch 98 Test Loss: 0.4575 Acc: 0.8948
2026-04-20 18:48:04,763 Epoch 99 has 49 train steps per rank (log interval: 10)
2026-04-20 18:48:04,856 Epoch [99/100] Step [1/49] Loss: 0.0084
2026-04-20 18:48:05,243 Epoch [99/100] Step [10/49] Loss: 0.0079
2026-04-20 18:48:05,658 Epoch [99/100] Step [20/49] Loss: 0.0060
2026-04-20 18:48:06,076 Epoch [99/100] Step [30/49] Loss: 0.0097
2026-04-20 18:48:06,498 Epoch [99/100] Step [40/49] Loss: 0.0064
2026-04-20 18:48:06,863 Epoch [99/100] Step [49/49] Loss: 0.0191
2026-04-20 18:48:06,864 Epoch 99 Train Loss: 0.0114 Acc: 0.9976
2026-04-20 18:48:07,008 Epoch 99 Test Loss: 0.4577 Acc: 0.8946
2026-04-20 18:48:07,270 Epoch 100 has 49 train steps per rank (log interval: 10)
2026-04-20 18:48:07,363 Epoch [100/100] Step [1/49] Loss: 0.0053
2026-04-20 18:48:07,731 Epoch [100/100] Step [10/49] Loss: 0.0092
2026-04-20 18:48:08,145 Epoch [100/100] Step [20/49] Loss: 0.0092
2026-04-20 18:48:08,566 Epoch [100/100] Step [30/49] Loss: 0.0072
2026-04-20 18:48:08,990 Epoch [100/100] Step [40/49] Loss: 0.0025
2026-04-20 18:48:09,362 Epoch [100/100] Step [49/49] Loss: 0.0102
2026-04-20 18:48:09,363 Epoch 100 Train Loss: 0.0121 Acc: 0.9975
2026-04-20 18:48:09,522 Epoch 100 Test Loss: 0.4582 Acc: 0.8950
2026-04-20 18:48:09,779 Training complete. Best test acc: 0.8983
