2026-04-20 22:46:30,943 Using device: cuda:0
2026-04-20 22:46:30,943 Using optimizer: adam
2026-04-20 22:46:32,863 Epoch [1/100] Step [100/391] Loss: 1.9601
2026-04-20 22:46:33,620 Epoch [1/100] Step [200/391] Loss: 2.0426
2026-04-20 22:46:34,374 Epoch [1/100] Step [300/391] Loss: 1.8421
2026-04-20 22:46:35,223 Epoch 1 Train Loss: 2.1094 Acc: 0.2349
2026-04-20 22:46:35,742 Epoch 1 Test Loss: 2.1275 Acc: 0.2456
2026-04-20 22:46:35,776 Saved new best checkpoint: model_ckpts/cnn_archcnn_conv64-64-128-256_fc512_bs128_optadam_lr0.1_schedcosine_drop0.1_seed42/best.pth
2026-04-20 22:46:36,802 Epoch [2/100] Step [100/391] Loss: 1.7383
2026-04-20 22:46:37,556 Epoch [2/100] Step [200/391] Loss: 1.8705
2026-04-20 22:46:38,309 Epoch [2/100] Step [300/391] Loss: 1.7771
2026-04-20 22:46:39,058 Epoch 2 Train Loss: 1.8328 Acc: 0.2858
2026-04-20 22:46:39,548 Epoch 2 Test Loss: 2.6929 Acc: 0.1864
2026-04-20 22:46:40,589 Epoch [3/100] Step [100/391] Loss: 1.7954
2026-04-20 22:46:41,365 Epoch [3/100] Step [200/391] Loss: 1.7475
2026-04-20 22:46:42,140 Epoch [3/100] Step [300/391] Loss: 1.7755
2026-04-20 22:46:42,867 Epoch 3 Train Loss: 1.8022 Acc: 0.2988
2026-04-20 22:46:43,361 Epoch 3 Test Loss: 3.4273 Acc: 0.1652
2026-04-20 22:46:44,417 Epoch [4/100] Step [100/391] Loss: 1.7509
2026-04-20 22:46:45,196 Epoch [4/100] Step [200/391] Loss: 1.7880
2026-04-20 22:46:45,972 Epoch [4/100] Step [300/391] Loss: 1.7023
2026-04-20 22:46:46,713 Epoch 4 Train Loss: 1.7740 Acc: 0.3108
2026-04-20 22:46:47,199 Epoch 4 Test Loss: 1.9937 Acc: 0.2753
2026-04-20 22:46:47,237 Saved new best checkpoint: model_ckpts/cnn_archcnn_conv64-64-128-256_fc512_bs128_optadam_lr0.1_schedcosine_drop0.1_seed42/best.pth
2026-04-20 22:46:48,264 Epoch [5/100] Step [100/391] Loss: 1.7018
2026-04-20 22:46:49,047 Epoch [5/100] Step [200/391] Loss: 1.8630
2026-04-20 22:46:49,852 Epoch [5/100] Step [300/391] Loss: 1.8614
2026-04-20 22:46:50,611 Epoch 5 Train Loss: 1.7578 Acc: 0.3182
2026-04-20 22:46:51,099 Epoch 5 Test Loss: 2.1299 Acc: 0.2331
2026-04-20 22:46:52,166 Epoch [6/100] Step [100/391] Loss: 1.8878
2026-04-20 22:46:52,950 Epoch [6/100] Step [200/391] Loss: 1.6531
2026-04-20 22:46:53,732 Epoch [6/100] Step [300/391] Loss: 1.7343
2026-04-20 22:46:54,471 Epoch 6 Train Loss: 1.7714 Acc: 0.3146
2026-04-20 22:46:54,951 Epoch 6 Test Loss: 1.8601 Acc: 0.2828
2026-04-20 22:46:54,989 Saved new best checkpoint: model_ckpts/cnn_archcnn_conv64-64-128-256_fc512_bs128_optadam_lr0.1_schedcosine_drop0.1_seed42/best.pth
2026-04-20 22:46:56,017 Epoch [7/100] Step [100/391] Loss: 1.8511
2026-04-20 22:46:56,813 Epoch [7/100] Step [200/391] Loss: 1.7113
2026-04-20 22:46:57,624 Epoch [7/100] Step [300/391] Loss: 1.7781
2026-04-20 22:46:58,351 Epoch 7 Train Loss: 1.7535 Acc: 0.3187
2026-04-20 22:46:58,825 Epoch 7 Test Loss: 3.0468 Acc: 0.2547
2026-04-20 22:46:59,884 Epoch [8/100] Step [100/391] Loss: 1.6177
2026-04-20 22:47:00,665 Epoch [8/100] Step [200/391] Loss: 1.7714
2026-04-20 22:47:01,454 Epoch [8/100] Step [300/391] Loss: 1.8854
2026-04-20 22:47:02,243 Epoch 8 Train Loss: 1.7602 Acc: 0.3156
2026-04-20 22:47:02,726 Epoch 8 Test Loss: 2.4033 Acc: 0.2252
2026-04-20 22:47:03,916 Epoch [9/100] Step [100/391] Loss: 1.6080
2026-04-20 22:47:04,728 Epoch [9/100] Step [200/391] Loss: 1.7594
2026-04-20 22:47:05,525 Epoch [9/100] Step [300/391] Loss: 1.8477
2026-04-20 22:47:06,256 Epoch 9 Train Loss: 1.7486 Acc: 0.3224
2026-04-20 22:47:06,726 Epoch 9 Test Loss: 2.0327 Acc: 0.2298
2026-04-20 22:47:07,826 Epoch [10/100] Step [100/391] Loss: 1.6765
2026-04-20 22:47:08,645 Epoch [10/100] Step [200/391] Loss: 2.0530
2026-04-20 22:47:09,445 Epoch [10/100] Step [300/391] Loss: 1.6719
2026-04-20 22:47:10,184 Epoch 10 Train Loss: 1.7396 Acc: 0.3199
2026-04-20 22:47:10,657 Epoch 10 Test Loss: 1.8290 Acc: 0.2859
2026-04-20 22:47:10,694 Saved new best checkpoint: model_ckpts/cnn_archcnn_conv64-64-128-256_fc512_bs128_optadam_lr0.1_schedcosine_drop0.1_seed42/best.pth
2026-04-20 22:47:11,760 Epoch [11/100] Step [100/391] Loss: 1.7462
2026-04-20 22:47:12,548 Epoch [11/100] Step [200/391] Loss: 1.6854
2026-04-20 22:47:13,326 Epoch [11/100] Step [300/391] Loss: 1.8709
2026-04-20 22:47:14,056 Epoch 11 Train Loss: 1.7397 Acc: 0.3233
2026-04-20 22:47:14,536 Epoch 11 Test Loss: 2.7446 Acc: 0.2095
2026-04-20 22:47:15,611 Epoch [12/100] Step [100/391] Loss: 1.6321
2026-04-20 22:47:16,415 Epoch [12/100] Step [200/391] Loss: 1.7429
2026-04-20 22:47:17,228 Epoch [12/100] Step [300/391] Loss: 1.7237
2026-04-20 22:47:17,997 Epoch 12 Train Loss: 1.7426 Acc: 0.3212
2026-04-20 22:47:18,471 Epoch 12 Test Loss: 5.9292 Acc: 0.1187
2026-04-20 22:47:19,531 Epoch [13/100] Step [100/391] Loss: 1.9042
2026-04-20 22:47:20,320 Epoch [13/100] Step [200/391] Loss: 1.6993
2026-04-20 22:47:21,114 Epoch [13/100] Step [300/391] Loss: 1.9458
2026-04-20 22:47:21,851 Epoch 13 Train Loss: 1.7409 Acc: 0.3247
2026-04-20 22:47:22,339 Epoch 13 Test Loss: 2.7765 Acc: 0.1863
2026-04-20 22:47:23,413 Epoch [14/100] Step [100/391] Loss: 1.7006
2026-04-20 22:47:24,230 Epoch [14/100] Step [200/391] Loss: 1.7056
2026-04-20 22:47:25,046 Epoch [14/100] Step [300/391] Loss: 1.5481
2026-04-20 22:47:25,810 Epoch 14 Train Loss: 1.7390 Acc: 0.3196
2026-04-20 22:47:26,294 Epoch 14 Test Loss: 1.9828 Acc: 0.2536
2026-04-20 22:47:27,376 Epoch [15/100] Step [100/391] Loss: 1.7831
2026-04-20 22:47:28,192 Epoch [15/100] Step [200/391] Loss: 1.8018
2026-04-20 22:47:29,008 Epoch [15/100] Step [300/391] Loss: 1.6532
2026-04-20 22:47:29,769 Epoch 15 Train Loss: 1.7349 Acc: 0.3235
2026-04-20 22:47:30,250 Epoch 15 Test Loss: 2.3924 Acc: 0.2215
2026-04-20 22:47:31,317 Epoch [16/100] Step [100/391] Loss: 1.9103
2026-04-20 22:47:32,142 Epoch [16/100] Step [200/391] Loss: 1.7242
2026-04-20 22:47:32,963 Epoch [16/100] Step [300/391] Loss: 1.9590
2026-04-20 22:47:33,732 Epoch 16 Train Loss: 1.7416 Acc: 0.3206
2026-04-20 22:47:34,219 Epoch 16 Test Loss: 4.1294 Acc: 0.1756
2026-04-20 22:47:35,272 Epoch [17/100] Step [100/391] Loss: 1.7166
2026-04-20 22:47:36,066 Epoch [17/100] Step [200/391] Loss: 1.8327
2026-04-20 22:47:36,868 Epoch [17/100] Step [300/391] Loss: 1.8270
2026-04-20 22:47:37,606 Epoch 17 Train Loss: 1.7316 Acc: 0.3216
2026-04-20 22:47:38,108 Epoch 17 Test Loss: 2.3994 Acc: 0.2284
