2026-04-21 00:03:58,442 Using device: cuda:0
2026-04-21 00:03:58,443 Using optimizer: adamw
2026-04-21 00:04:02,621 Epoch [1/100] Step [100/391] Loss: 2.0124
2026-04-21 00:04:06,088 Epoch [1/100] Step [200/391] Loss: 1.7491
2026-04-21 00:04:09,557 Epoch [1/100] Step [300/391] Loss: 1.6199
2026-04-21 00:04:12,916 Epoch 1 Train Loss: 1.7498 Acc: 0.3126
2026-04-21 00:04:13,884 Epoch 1 Test Loss: 1.6227 Acc: 0.3966
2026-04-21 00:04:14,079 Saved new best checkpoint: model_ckpts/hybrid_archcnn-vit_vitl6_vitd256_vith8_vitm512_conv64-64-128-256_fc512_bs128_optadamw_lr0.001_schedcosine_drop0.1_seed42/best.pth
2026-04-21 00:04:17,800 Epoch [2/100] Step [100/391] Loss: 1.2737
2026-04-21 00:04:21,283 Epoch [2/100] Step [200/391] Loss: 1.1236
2026-04-21 00:04:24,763 Epoch [2/100] Step [300/391] Loss: 1.2967
2026-04-21 00:04:27,947 Epoch 2 Train Loss: 1.2985 Acc: 0.5215
2026-04-21 00:04:28,859 Epoch 2 Test Loss: 1.2513 Acc: 0.5422
2026-04-21 00:04:29,099 Saved new best checkpoint: model_ckpts/hybrid_archcnn-vit_vitl6_vitd256_vith8_vitm512_conv64-64-128-256_fc512_bs128_optadamw_lr0.001_schedcosine_drop0.1_seed42/best.pth
2026-04-21 00:04:32,850 Epoch [3/100] Step [100/391] Loss: 1.0402
2026-04-21 00:04:36,391 Epoch [3/100] Step [200/391] Loss: 1.1589
2026-04-21 00:04:39,943 Epoch [3/100] Step [300/391] Loss: 1.1060
2026-04-21 00:04:43,162 Epoch 3 Train Loss: 1.0384 Acc: 0.6258
2026-04-21 00:04:44,077 Epoch 3 Test Loss: 1.2181 Acc: 0.5803
2026-04-21 00:04:44,311 Saved new best checkpoint: model_ckpts/hybrid_archcnn-vit_vitl6_vitd256_vith8_vitm512_conv64-64-128-256_fc512_bs128_optadamw_lr0.001_schedcosine_drop0.1_seed42/best.pth
2026-04-21 00:04:48,070 Epoch [4/100] Step [100/391] Loss: 0.8520
2026-04-21 00:04:51,585 Epoch [4/100] Step [200/391] Loss: 1.1012
2026-04-21 00:04:55,109 Epoch [4/100] Step [300/391] Loss: 0.8316
2026-04-21 00:04:58,340 Epoch 4 Train Loss: 0.9232 Acc: 0.6739
2026-04-21 00:04:59,260 Epoch 4 Test Loss: 0.8609 Acc: 0.7007
2026-04-21 00:04:59,501 Saved new best checkpoint: model_ckpts/hybrid_archcnn-vit_vitl6_vitd256_vith8_vitm512_conv64-64-128-256_fc512_bs128_optadamw_lr0.001_schedcosine_drop0.1_seed42/best.pth
2026-04-21 00:05:03,276 Epoch [5/100] Step [100/391] Loss: 0.8260
2026-04-21 00:05:06,795 Epoch [5/100] Step [200/391] Loss: 0.9338
2026-04-21 00:05:10,316 Epoch [5/100] Step [300/391] Loss: 0.8274
2026-04-21 00:05:13,539 Epoch 5 Train Loss: 0.8389 Acc: 0.7059
2026-04-21 00:05:14,466 Epoch 5 Test Loss: 0.8042 Acc: 0.7207
2026-04-21 00:05:14,699 Saved new best checkpoint: model_ckpts/hybrid_archcnn-vit_vitl6_vitd256_vith8_vitm512_conv64-64-128-256_fc512_bs128_optadamw_lr0.001_schedcosine_drop0.1_seed42/best.pth
2026-04-21 00:05:18,491 Epoch [6/100] Step [100/391] Loss: 0.9944
2026-04-21 00:05:22,024 Epoch [6/100] Step [200/391] Loss: 0.9236
2026-04-21 00:05:25,557 Epoch [6/100] Step [300/391] Loss: 0.7879
2026-04-21 00:05:28,796 Epoch 6 Train Loss: 0.7757 Acc: 0.7308
2026-04-21 00:05:29,724 Epoch 6 Test Loss: 0.7464 Acc: 0.7426
2026-04-21 00:05:29,961 Saved new best checkpoint: model_ckpts/hybrid_archcnn-vit_vitl6_vitd256_vith8_vitm512_conv64-64-128-256_fc512_bs128_optadamw_lr0.001_schedcosine_drop0.1_seed42/best.pth
2026-04-21 00:05:33,748 Epoch [7/100] Step [100/391] Loss: 0.4920
2026-04-21 00:05:37,295 Epoch [7/100] Step [200/391] Loss: 0.7247
2026-04-21 00:05:40,843 Epoch [7/100] Step [300/391] Loss: 0.8276
2026-04-21 00:05:44,087 Epoch 7 Train Loss: 0.7491 Acc: 0.7428
2026-04-21 00:05:45,020 Epoch 7 Test Loss: 0.8120 Acc: 0.7242
2026-04-21 00:05:48,961 Epoch [8/100] Step [100/391] Loss: 0.6700
2026-04-21 00:05:52,514 Epoch [8/100] Step [200/391] Loss: 0.9865
2026-04-21 00:05:56,046 Epoch [8/100] Step [300/391] Loss: 0.6788
2026-04-21 00:05:59,267 Epoch 8 Train Loss: 0.7814 Acc: 0.7328
2026-04-21 00:06:00,185 Epoch 8 Test Loss: 0.7952 Acc: 0.7268
2026-04-21 00:06:04,290 Epoch [9/100] Step [100/391] Loss: 0.8041
2026-04-21 00:06:07,841 Epoch [9/100] Step [200/391] Loss: 0.8276
2026-04-21 00:06:11,393 Epoch [9/100] Step [300/391] Loss: 0.8412
2026-04-21 00:06:14,647 Epoch 9 Train Loss: 0.7436 Acc: 0.7465
2026-04-21 00:06:15,582 Epoch 9 Test Loss: 0.7207 Acc: 0.7553
2026-04-21 00:06:15,823 Saved new best checkpoint: model_ckpts/hybrid_archcnn-vit_vitl6_vitd256_vith8_vitm512_conv64-64-128-256_fc512_bs128_optadamw_lr0.001_schedcosine_drop0.1_seed42/best.pth
2026-04-21 00:06:19,632 Epoch [10/100] Step [100/391] Loss: 0.6656
2026-04-21 00:06:23,182 Epoch [10/100] Step [200/391] Loss: 0.6531
2026-04-21 00:06:26,736 Epoch [10/100] Step [300/391] Loss: 0.6591
2026-04-21 00:06:30,000 Epoch 10 Train Loss: 0.6873 Acc: 0.7648
2026-04-21 00:06:30,938 Epoch 10 Test Loss: 0.6794 Acc: 0.7736
2026-04-21 00:06:31,198 Saved new best checkpoint: model_ckpts/hybrid_archcnn-vit_vitl6_vitd256_vith8_vitm512_conv64-64-128-256_fc512_bs128_optadamw_lr0.001_schedcosine_drop0.1_seed42/best.pth
2026-04-21 00:06:34,991 Epoch [11/100] Step [100/391] Loss: 0.6741
2026-04-21 00:06:38,541 Epoch [11/100] Step [200/391] Loss: 0.8178
2026-04-21 00:06:42,093 Epoch [11/100] Step [300/391] Loss: 0.7461
2026-04-21 00:06:45,346 Epoch 11 Train Loss: 0.6757 Acc: 0.7690
2026-04-21 00:06:46,278 Epoch 11 Test Loss: 0.6852 Acc: 0.7664
2026-04-21 00:06:50,210 Epoch [12/100] Step [100/391] Loss: 0.6109
2026-04-21 00:06:53,757 Epoch [12/100] Step [200/391] Loss: 0.4899
2026-04-21 00:06:57,308 Epoch [12/100] Step [300/391] Loss: 0.3905
2026-04-21 00:07:00,579 Epoch 12 Train Loss: 0.6336 Acc: 0.7832
2026-04-21 00:07:01,513 Epoch 12 Test Loss: 0.7492 Acc: 0.7470
2026-04-21 00:07:05,471 Epoch [13/100] Step [100/391] Loss: 0.5440
2026-04-21 00:07:09,019 Epoch [13/100] Step [200/391] Loss: 0.5681
2026-04-21 00:07:12,572 Epoch [13/100] Step [300/391] Loss: 0.5008
2026-04-21 00:07:15,830 Epoch 13 Train Loss: 0.6168 Acc: 0.7894
2026-04-21 00:07:16,761 Epoch 13 Test Loss: 0.6416 Acc: 0.7860
2026-04-21 00:07:16,992 Saved new best checkpoint: model_ckpts/hybrid_archcnn-vit_vitl6_vitd256_vith8_vitm512_conv64-64-128-256_fc512_bs128_optadamw_lr0.001_schedcosine_drop0.1_seed42/best.pth
2026-04-21 00:07:20,803 Epoch [14/100] Step [100/391] Loss: 0.4889
2026-04-21 00:07:24,350 Epoch [14/100] Step [200/391] Loss: 0.7382
2026-04-21 00:07:27,903 Epoch [14/100] Step [300/391] Loss: 0.5349
2026-04-21 00:07:31,170 Epoch 14 Train Loss: 0.6020 Acc: 0.7957
2026-04-21 00:07:32,105 Epoch 14 Test Loss: 0.6093 Acc: 0.7991
2026-04-21 00:07:32,341 Saved new best checkpoint: model_ckpts/hybrid_archcnn-vit_vitl6_vitd256_vith8_vitm512_conv64-64-128-256_fc512_bs128_optadamw_lr0.001_schedcosine_drop0.1_seed42/best.pth
2026-04-21 00:07:36,128 Epoch [15/100] Step [100/391] Loss: 0.5340
2026-04-21 00:07:39,651 Epoch [15/100] Step [200/391] Loss: 0.6257
2026-04-21 00:07:43,172 Epoch [15/100] Step [300/391] Loss: 0.5262
2026-04-21 00:07:46,402 Epoch 15 Train Loss: 0.5887 Acc: 0.8011
2026-04-21 00:07:47,333 Epoch 15 Test Loss: 0.6351 Acc: 0.7907
2026-04-21 00:07:51,272 Epoch [16/100] Step [100/391] Loss: 0.3717
2026-04-21 00:07:54,791 Epoch [16/100] Step [200/391] Loss: 0.5903
2026-04-21 00:07:58,314 Epoch [16/100] Step [300/391] Loss: 0.6122
2026-04-21 00:08:01,560 Epoch 16 Train Loss: 0.5989 Acc: 0.7975
2026-04-21 00:08:02,490 Epoch 16 Test Loss: 0.6439 Acc: 0.7831
2026-04-21 00:08:06,438 Epoch [17/100] Step [100/391] Loss: 0.7252
2026-04-21 00:08:09,963 Epoch [17/100] Step [200/391] Loss: 0.5735
2026-04-21 00:08:13,488 Epoch [17/100] Step [300/391] Loss: 0.5678
2026-04-21 00:08:16,724 Epoch 17 Train Loss: 0.5633 Acc: 0.8085
2026-04-21 00:08:17,650 Epoch 17 Test Loss: 0.5911 Acc: 0.8033
2026-04-21 00:08:17,882 Saved new best checkpoint: model_ckpts/hybrid_archcnn-vit_vitl6_vitd256_vith8_vitm512_conv64-64-128-256_fc512_bs128_optadamw_lr0.001_schedcosine_drop0.1_seed42/best.pth
2026-04-21 00:08:22,014 Epoch [18/100] Step [100/391] Loss: 0.5571
2026-04-21 00:08:25,536 Epoch [18/100] Step [200/391] Loss: 0.6411
2026-04-21 00:08:29,060 Epoch [18/100] Step [300/391] Loss: 0.5713
2026-04-21 00:08:32,302 Epoch 18 Train Loss: 0.5623 Acc: 0.8091
2026-04-21 00:08:33,228 Epoch 18 Test Loss: 0.6092 Acc: 0.7938
2026-04-21 00:08:37,160 Epoch [19/100] Step [100/391] Loss: 0.5772
2026-04-21 00:08:40,672 Epoch [19/100] Step [200/391] Loss: 0.3905
2026-04-21 00:08:44,192 Epoch [19/100] Step [300/391] Loss: 0.6915
2026-04-21 00:08:47,432 Epoch 19 Train Loss: 0.5621 Acc: 0.8108
2026-04-21 00:08:48,369 Epoch 19 Test Loss: 0.6247 Acc: 0.7907
2026-04-21 00:08:52,304 Epoch [20/100] Step [100/391] Loss: 0.6412
2026-04-21 00:08:55,822 Epoch [20/100] Step [200/391] Loss: 0.6346
2026-04-21 00:08:59,342 Epoch [20/100] Step [300/391] Loss: 0.6086
2026-04-21 00:09:02,573 Epoch 20 Train Loss: 0.5255 Acc: 0.8225
2026-04-21 00:09:03,498 Epoch 20 Test Loss: 0.5511 Acc: 0.8134
2026-04-21 00:09:03,743 Saved new best checkpoint: model_ckpts/hybrid_archcnn-vit_vitl6_vitd256_vith8_vitm512_conv64-64-128-256_fc512_bs128_optadamw_lr0.001_schedcosine_drop0.1_seed42/best.pth
2026-04-21 00:09:07,528 Epoch [21/100] Step [100/391] Loss: 0.4497
2026-04-21 00:09:11,021 Epoch [21/100] Step [200/391] Loss: 0.4537
2026-04-21 00:09:14,523 Epoch [21/100] Step [300/391] Loss: 0.5777
2026-04-21 00:09:17,729 Epoch 21 Train Loss: 0.4991 Acc: 0.8309
2026-04-21 00:09:18,658 Epoch 21 Test Loss: 0.5302 Acc: 0.8243
2026-04-21 00:09:18,901 Saved new best checkpoint: model_ckpts/hybrid_archcnn-vit_vitl6_vitd256_vith8_vitm512_conv64-64-128-256_fc512_bs128_optadamw_lr0.001_schedcosine_drop0.1_seed42/best.pth
2026-04-21 00:09:22,669 Epoch [22/100] Step [100/391] Loss: 0.5165
2026-04-21 00:09:26,163 Epoch [22/100] Step [200/391] Loss: 0.5935
2026-04-21 00:09:29,663 Epoch [22/100] Step [300/391] Loss: 0.5103
2026-04-21 00:09:32,876 Epoch 22 Train Loss: 0.4991 Acc: 0.8300
2026-04-21 00:09:33,792 Epoch 22 Test Loss: 0.5122 Acc: 0.8278
2026-04-21 00:09:34,028 Saved new best checkpoint: model_ckpts/hybrid_archcnn-vit_vitl6_vitd256_vith8_vitm512_conv64-64-128-256_fc512_bs128_optadamw_lr0.001_schedcosine_drop0.1_seed42/best.pth
2026-04-21 00:09:37,786 Epoch [23/100] Step [100/391] Loss: 0.4235
2026-04-21 00:09:41,281 Epoch [23/100] Step [200/391] Loss: 0.3695
2026-04-21 00:09:44,786 Epoch [23/100] Step [300/391] Loss: 0.5896
2026-04-21 00:09:47,998 Epoch 23 Train Loss: 0.4827 Acc: 0.8359
2026-04-21 00:09:48,913 Epoch 23 Test Loss: 0.5054 Acc: 0.8317
2026-04-21 00:09:49,151 Saved new best checkpoint: model_ckpts/hybrid_archcnn-vit_vitl6_vitd256_vith8_vitm512_conv64-64-128-256_fc512_bs128_optadamw_lr0.001_schedcosine_drop0.1_seed42/best.pth
2026-04-21 00:09:52,903 Epoch [24/100] Step [100/391] Loss: 0.4663
2026-04-21 00:09:56,397 Epoch [24/100] Step [200/391] Loss: 0.5590
2026-04-21 00:09:59,902 Epoch [24/100] Step [300/391] Loss: 0.3511
2026-04-21 00:10:03,113 Epoch 24 Train Loss: 0.4781 Acc: 0.8381
2026-04-21 00:10:04,026 Epoch 24 Test Loss: 0.5454 Acc: 0.8156
2026-04-21 00:10:07,938 Epoch [25/100] Step [100/391] Loss: 0.4128
2026-04-21 00:10:11,433 Epoch [25/100] Step [200/391] Loss: 0.3569
2026-04-21 00:10:14,956 Epoch [25/100] Step [300/391] Loss: 0.5370
2026-04-21 00:10:18,192 Epoch 25 Train Loss: 0.4780 Acc: 0.8384
2026-04-21 00:10:19,115 Epoch 25 Test Loss: 0.5511 Acc: 0.8207
2026-04-21 00:10:23,062 Epoch [26/100] Step [100/391] Loss: 0.5655
2026-04-21 00:10:26,583 Epoch [26/100] Step [200/391] Loss: 0.5424
2026-04-21 00:10:30,109 Epoch [26/100] Step [300/391] Loss: 0.4813
2026-04-21 00:10:33,348 Epoch 26 Train Loss: 0.4890 Acc: 0.8358
2026-04-21 00:10:34,275 Epoch 26 Test Loss: 0.5001 Acc: 0.8317
2026-04-21 00:10:38,204 Epoch [27/100] Step [100/391] Loss: 0.5517
2026-04-21 00:10:41,730 Epoch [27/100] Step [200/391] Loss: 0.4043
2026-04-21 00:10:45,257 Epoch [27/100] Step [300/391] Loss: 0.4578
2026-04-21 00:10:48,495 Epoch 27 Train Loss: 0.4538 Acc: 0.8459
2026-04-21 00:10:49,416 Epoch 27 Test Loss: 0.4955 Acc: 0.8347
2026-04-21 00:10:49,661 Saved new best checkpoint: model_ckpts/hybrid_archcnn-vit_vitl6_vitd256_vith8_vitm512_conv64-64-128-256_fc512_bs128_optadamw_lr0.001_schedcosine_drop0.1_seed42/best.pth
2026-04-21 00:10:53,440 Epoch [28/100] Step [100/391] Loss: 0.4354
2026-04-21 00:10:56,962 Epoch [28/100] Step [200/391] Loss: 0.4603
2026-04-21 00:11:00,491 Epoch [28/100] Step [300/391] Loss: 0.4211
2026-04-21 00:11:03,743 Epoch 28 Train Loss: 0.4543 Acc: 0.8455
2026-04-21 00:11:04,660 Epoch 28 Test Loss: 0.5322 Acc: 0.8197
2026-04-21 00:11:08,687 Epoch [29/100] Step [100/391] Loss: 0.4336
2026-04-21 00:11:12,229 Epoch [29/100] Step [200/391] Loss: 0.4330
2026-04-21 00:11:15,762 Epoch [29/100] Step [300/391] Loss: 0.4641
2026-04-21 00:11:19,013 Epoch 29 Train Loss: 0.4673 Acc: 0.8422
2026-04-21 00:11:19,942 Epoch 29 Test Loss: 0.4732 Acc: 0.8386
2026-04-21 00:11:20,179 Saved new best checkpoint: model_ckpts/hybrid_archcnn-vit_vitl6_vitd256_vith8_vitm512_conv64-64-128-256_fc512_bs128_optadamw_lr0.001_schedcosine_drop0.1_seed42/best.pth
2026-04-21 00:11:24,100 Epoch [30/100] Step [100/391] Loss: 0.4587
2026-04-21 00:11:27,640 Epoch [30/100] Step [200/391] Loss: 0.3080
2026-04-21 00:11:31,170 Epoch [30/100] Step [300/391] Loss: 0.3613
2026-04-21 00:11:34,411 Epoch 30 Train Loss: 0.4370 Acc: 0.8523
2026-04-21 00:11:35,341 Epoch 30 Test Loss: 0.4879 Acc: 0.8400
2026-04-21 00:11:35,577 Saved new best checkpoint: model_ckpts/hybrid_archcnn-vit_vitl6_vitd256_vith8_vitm512_conv64-64-128-256_fc512_bs128_optadamw_lr0.001_schedcosine_drop0.1_seed42/best.pth
2026-04-21 00:11:39,373 Epoch [31/100] Step [100/391] Loss: 0.3048
2026-04-21 00:11:42,911 Epoch [31/100] Step [200/391] Loss: 0.4910
2026-04-21 00:11:46,454 Epoch [31/100] Step [300/391] Loss: 0.2461
2026-04-21 00:11:49,701 Epoch 31 Train Loss: 0.4208 Acc: 0.8569
2026-04-21 00:11:50,625 Epoch 31 Test Loss: 0.4958 Acc: 0.8321
2026-04-21 00:11:54,569 Epoch [32/100] Step [100/391] Loss: 0.3778
2026-04-21 00:11:58,115 Epoch [32/100] Step [200/391] Loss: 0.4695
2026-04-21 00:12:01,651 Epoch [32/100] Step [300/391] Loss: 0.4116
2026-04-21 00:12:04,886 Epoch 32 Train Loss: 0.4281 Acc: 0.8560
2026-04-21 00:12:05,818 Epoch 32 Test Loss: 0.4688 Acc: 0.8403
2026-04-21 00:12:06,058 Saved new best checkpoint: model_ckpts/hybrid_archcnn-vit_vitl6_vitd256_vith8_vitm512_conv64-64-128-256_fc512_bs128_optadamw_lr0.001_schedcosine_drop0.1_seed42/best.pth
2026-04-21 00:12:09,858 Epoch [33/100] Step [100/391] Loss: 0.5942
2026-04-21 00:12:13,401 Epoch [33/100] Step [200/391] Loss: 0.3766
2026-04-21 00:12:16,936 Epoch [33/100] Step [300/391] Loss: 0.2494
2026-04-21 00:12:20,187 Epoch 33 Train Loss: 0.3956 Acc: 0.8657
2026-04-21 00:12:21,109 Epoch 33 Test Loss: 0.4647 Acc: 0.8474
2026-04-21 00:12:21,348 Saved new best checkpoint: model_ckpts/hybrid_archcnn-vit_vitl6_vitd256_vith8_vitm512_conv64-64-128-256_fc512_bs128_optadamw_lr0.001_schedcosine_drop0.1_seed42/best.pth
2026-04-21 00:12:25,142 Epoch [34/100] Step [100/391] Loss: 0.4772
2026-04-21 00:12:28,683 Epoch [34/100] Step [200/391] Loss: 0.3854
2026-04-21 00:12:32,215 Epoch [34/100] Step [300/391] Loss: 0.3664
2026-04-21 00:12:35,454 Epoch 34 Train Loss: 0.4109 Acc: 0.8614
2026-04-21 00:12:36,389 Epoch 34 Test Loss: 0.4612 Acc: 0.8500
2026-04-21 00:12:36,623 Saved new best checkpoint: model_ckpts/hybrid_archcnn-vit_vitl6_vitd256_vith8_vitm512_conv64-64-128-256_fc512_bs128_optadamw_lr0.001_schedcosine_drop0.1_seed42/best.pth
2026-04-21 00:12:40,414 Epoch [35/100] Step [100/391] Loss: 0.3097
2026-04-21 00:12:43,951 Epoch [35/100] Step [200/391] Loss: 0.2910
2026-04-21 00:12:47,500 Epoch [35/100] Step [300/391] Loss: 0.3249
2026-04-21 00:12:50,751 Epoch 35 Train Loss: 0.3840 Acc: 0.8701
2026-04-21 00:12:51,685 Epoch 35 Test Loss: 0.4400 Acc: 0.8549
2026-04-21 00:12:51,922 Saved new best checkpoint: model_ckpts/hybrid_archcnn-vit_vitl6_vitd256_vith8_vitm512_conv64-64-128-256_fc512_bs128_optadamw_lr0.001_schedcosine_drop0.1_seed42/best.pth
2026-04-21 00:12:55,740 Epoch [36/100] Step [100/391] Loss: 0.3664
2026-04-21 00:12:59,282 Epoch [36/100] Step [200/391] Loss: 0.4418
2026-04-21 00:13:02,814 Epoch [36/100] Step [300/391] Loss: 0.3996
2026-04-21 00:13:06,061 Epoch 36 Train Loss: 0.3771 Acc: 0.8724
2026-04-21 00:13:06,980 Epoch 36 Test Loss: 0.4254 Acc: 0.8570
2026-04-21 00:13:07,224 Saved new best checkpoint: model_ckpts/hybrid_archcnn-vit_vitl6_vitd256_vith8_vitm512_conv64-64-128-256_fc512_bs128_optadamw_lr0.001_schedcosine_drop0.1_seed42/best.pth
2026-04-21 00:13:11,014 Epoch [37/100] Step [100/391] Loss: 0.3311
2026-04-21 00:13:14,559 Epoch [37/100] Step [200/391] Loss: 0.5357
2026-04-21 00:13:18,087 Epoch [37/100] Step [300/391] Loss: 0.3695
2026-04-21 00:13:21,321 Epoch 37 Train Loss: 0.3675 Acc: 0.8749
2026-04-21 00:13:22,259 Epoch 37 Test Loss: 0.4511 Acc: 0.8495
2026-04-21 00:13:26,237 Epoch [38/100] Step [100/391] Loss: 0.4427
2026-04-21 00:13:29,781 Epoch [38/100] Step [200/391] Loss: 0.3143
2026-04-21 00:13:33,325 Epoch [38/100] Step [300/391] Loss: 0.3087
2026-04-21 00:13:36,572 Epoch 38 Train Loss: 0.3598 Acc: 0.8783
2026-04-21 00:13:37,501 Epoch 38 Test Loss: 0.4318 Acc: 0.8583
2026-04-21 00:13:37,745 Saved new best checkpoint: model_ckpts/hybrid_archcnn-vit_vitl6_vitd256_vith8_vitm512_conv64-64-128-256_fc512_bs128_optadamw_lr0.001_schedcosine_drop0.1_seed42/best.pth
2026-04-21 00:13:41,539 Epoch [39/100] Step [100/391] Loss: 0.3471
2026-04-21 00:13:45,080 Epoch [39/100] Step [200/391] Loss: 0.2930
2026-04-21 00:13:48,627 Epoch [39/100] Step [300/391] Loss: 0.3399
2026-04-21 00:13:51,869 Epoch 39 Train Loss: 0.3558 Acc: 0.8783
2026-04-21 00:13:52,801 Epoch 39 Test Loss: 0.4311 Acc: 0.8604
2026-04-21 00:13:53,042 Saved new best checkpoint: model_ckpts/hybrid_archcnn-vit_vitl6_vitd256_vith8_vitm512_conv64-64-128-256_fc512_bs128_optadamw_lr0.001_schedcosine_drop0.1_seed42/best.pth
2026-04-21 00:13:56,852 Epoch [40/100] Step [100/391] Loss: 0.3770
2026-04-21 00:14:00,393 Epoch [40/100] Step [200/391] Loss: 0.3243
2026-04-21 00:14:03,927 Epoch [40/100] Step [300/391] Loss: 0.2625
2026-04-21 00:14:07,160 Epoch 40 Train Loss: 0.3464 Acc: 0.8823
2026-04-21 00:14:08,083 Epoch 40 Test Loss: 0.4248 Acc: 0.8610
2026-04-21 00:14:08,322 Saved new best checkpoint: model_ckpts/hybrid_archcnn-vit_vitl6_vitd256_vith8_vitm512_conv64-64-128-256_fc512_bs128_optadamw_lr0.001_schedcosine_drop0.1_seed42/best.pth
2026-04-21 00:14:12,116 Epoch [41/100] Step [100/391] Loss: 0.3274
2026-04-21 00:14:15,652 Epoch [41/100] Step [200/391] Loss: 0.2562
2026-04-21 00:14:19,198 Epoch [41/100] Step [300/391] Loss: 0.3762
2026-04-21 00:14:22,428 Epoch 41 Train Loss: 0.3356 Acc: 0.8844
2026-04-21 00:14:23,351 Epoch 41 Test Loss: 0.3985 Acc: 0.8702
2026-04-21 00:14:23,593 Saved new best checkpoint: model_ckpts/hybrid_archcnn-vit_vitl6_vitd256_vith8_vitm512_conv64-64-128-256_fc512_bs128_optadamw_lr0.001_schedcosine_drop0.1_seed42/best.pth
2026-04-21 00:14:27,553 Epoch [42/100] Step [100/391] Loss: 0.4183
2026-04-21 00:14:31,091 Epoch [42/100] Step [200/391] Loss: 0.2682
2026-04-21 00:14:34,627 Epoch [42/100] Step [300/391] Loss: 0.4036
2026-04-21 00:14:37,865 Epoch 42 Train Loss: 0.3328 Acc: 0.8875
2026-04-21 00:14:38,797 Epoch 42 Test Loss: 0.4354 Acc: 0.8591
2026-04-21 00:14:42,759 Epoch [43/100] Step [100/391] Loss: 0.3374
2026-04-21 00:14:46,301 Epoch [43/100] Step [200/391] Loss: 0.1867
2026-04-21 00:14:49,842 Epoch [43/100] Step [300/391] Loss: 0.3914
2026-04-21 00:14:53,075 Epoch 43 Train Loss: 0.3312 Acc: 0.8868
2026-04-21 00:14:53,999 Epoch 43 Test Loss: 0.4402 Acc: 0.8521
2026-04-21 00:14:57,946 Epoch [44/100] Step [100/391] Loss: 0.3268
2026-04-21 00:15:01,478 Epoch [44/100] Step [200/391] Loss: 0.3938
2026-04-21 00:15:05,011 Epoch [44/100] Step [300/391] Loss: 0.5327
2026-04-21 00:15:08,247 Epoch 44 Train Loss: 0.3221 Acc: 0.8910
2026-04-21 00:15:09,174 Epoch 44 Test Loss: 0.4276 Acc: 0.8592
2026-04-21 00:15:13,103 Epoch [45/100] Step [100/391] Loss: 0.2768
2026-04-21 00:15:16,635 Epoch [45/100] Step [200/391] Loss: 0.2211
2026-04-21 00:15:20,179 Epoch [45/100] Step [300/391] Loss: 0.3752
2026-04-21 00:15:23,412 Epoch 45 Train Loss: 0.3104 Acc: 0.8938
2026-04-21 00:15:24,335 Epoch 45 Test Loss: 0.4282 Acc: 0.8582
2026-04-21 00:15:28,282 Epoch [46/100] Step [100/391] Loss: 0.3940
2026-04-21 00:15:31,812 Epoch [46/100] Step [200/391] Loss: 0.2446
2026-04-21 00:15:35,347 Epoch [46/100] Step [300/391] Loss: 0.2682
2026-04-21 00:15:38,588 Epoch 46 Train Loss: 0.3028 Acc: 0.8961
2026-04-21 00:15:39,523 Epoch 46 Test Loss: 0.4185 Acc: 0.8612
2026-04-21 00:15:43,460 Epoch [47/100] Step [100/391] Loss: 0.2220
2026-04-21 00:15:46,995 Epoch [47/100] Step [200/391] Loss: 0.2834
2026-04-21 00:15:50,537 Epoch [47/100] Step [300/391] Loss: 0.2644
2026-04-21 00:15:53,771 Epoch 47 Train Loss: 0.2923 Acc: 0.9009
2026-04-21 00:15:54,698 Epoch 47 Test Loss: 0.4370 Acc: 0.8597
2026-04-21 00:15:58,641 Epoch [48/100] Step [100/391] Loss: 0.1667
2026-04-21 00:16:02,176 Epoch [48/100] Step [200/391] Loss: 0.1538
2026-04-21 00:16:05,713 Epoch [48/100] Step [300/391] Loss: 0.1739
2026-04-21 00:16:08,957 Epoch 48 Train Loss: 0.2857 Acc: 0.9015
2026-04-21 00:16:09,880 Epoch 48 Test Loss: 0.3980 Acc: 0.8679
2026-04-21 00:16:13,817 Epoch [49/100] Step [100/391] Loss: 0.1903
2026-04-21 00:16:17,357 Epoch [49/100] Step [200/391] Loss: 0.3370
2026-04-21 00:16:20,908 Epoch [49/100] Step [300/391] Loss: 0.3161
2026-04-21 00:16:24,143 Epoch 49 Train Loss: 0.2897 Acc: 0.9018
2026-04-21 00:16:25,078 Epoch 49 Test Loss: 0.4100 Acc: 0.8679
2026-04-21 00:16:29,034 Epoch [50/100] Step [100/391] Loss: 0.2830
2026-04-21 00:16:32,564 Epoch [50/100] Step [200/391] Loss: 0.3110
2026-04-21 00:16:36,103 Epoch [50/100] Step [300/391] Loss: 0.3275
2026-04-21 00:16:39,348 Epoch 50 Train Loss: 0.2764 Acc: 0.9047
2026-04-21 00:16:40,276 Epoch 50 Test Loss: 0.4066 Acc: 0.8681
2026-04-21 00:16:44,245 Epoch [51/100] Step [100/391] Loss: 0.2372
2026-04-21 00:16:47,785 Epoch [51/100] Step [200/391] Loss: 0.2985
2026-04-21 00:16:51,317 Epoch [51/100] Step [300/391] Loss: 0.1774
2026-04-21 00:16:54,554 Epoch 51 Train Loss: 0.2735 Acc: 0.9070
2026-04-21 00:16:55,478 Epoch 51 Test Loss: 0.4047 Acc: 0.8647
2026-04-21 00:16:59,444 Epoch [52/100] Step [100/391] Loss: 0.2095
2026-04-21 00:17:02,982 Epoch [52/100] Step [200/391] Loss: 0.2141
2026-04-21 00:17:06,514 Epoch [52/100] Step [300/391] Loss: 0.2587
2026-04-21 00:17:09,749 Epoch 52 Train Loss: 0.2628 Acc: 0.9102
2026-04-21 00:17:10,671 Epoch 52 Test Loss: 0.3860 Acc: 0.8740
2026-04-21 00:17:11,069 Saved new best checkpoint: model_ckpts/hybrid_archcnn-vit_vitl6_vitd256_vith8_vitm512_conv64-64-128-256_fc512_bs128_optadamw_lr0.001_schedcosine_drop0.1_seed42/best.pth
2026-04-21 00:17:14,853 Epoch [53/100] Step [100/391] Loss: 0.2778
2026-04-21 00:17:18,389 Epoch [53/100] Step [200/391] Loss: 0.2194
2026-04-21 00:17:21,931 Epoch [53/100] Step [300/391] Loss: 0.2093
2026-04-21 00:17:25,168 Epoch 53 Train Loss: 0.2575 Acc: 0.9129
2026-04-21 00:17:26,107 Epoch 53 Test Loss: 0.4112 Acc: 0.8679
2026-04-21 00:17:30,073 Epoch [54/100] Step [100/391] Loss: 0.2342
2026-04-21 00:17:33,607 Epoch [54/100] Step [200/391] Loss: 0.3117
2026-04-21 00:17:37,142 Epoch [54/100] Step [300/391] Loss: 0.2063
2026-04-21 00:17:40,383 Epoch 54 Train Loss: 0.2567 Acc: 0.9115
2026-04-21 00:17:41,306 Epoch 54 Test Loss: 0.4107 Acc: 0.8711
2026-04-21 00:17:45,264 Epoch [55/100] Step [100/391] Loss: 0.2150
2026-04-21 00:17:48,831 Epoch [55/100] Step [200/391] Loss: 0.2947
2026-04-21 00:17:52,357 Epoch [55/100] Step [300/391] Loss: 0.2031
2026-04-21 00:17:55,577 Epoch 55 Train Loss: 0.2501 Acc: 0.9130
2026-04-21 00:17:56,491 Epoch 55 Test Loss: 0.3946 Acc: 0.8712
2026-04-21 00:18:00,416 Epoch [56/100] Step [100/391] Loss: 0.2645
2026-04-21 00:18:03,924 Epoch [56/100] Step [200/391] Loss: 0.3812
2026-04-21 00:18:07,428 Epoch [56/100] Step [300/391] Loss: 0.2952
2026-04-21 00:18:10,653 Epoch 56 Train Loss: 0.2440 Acc: 0.9159
2026-04-21 00:18:11,571 Epoch 56 Test Loss: 0.4166 Acc: 0.8705
2026-04-21 00:18:15,516 Epoch [57/100] Step [100/391] Loss: 0.1921
2026-04-21 00:18:19,030 Epoch [57/100] Step [200/391] Loss: 0.2730
2026-04-21 00:18:22,534 Epoch [57/100] Step [300/391] Loss: 0.3800
2026-04-21 00:18:25,751 Epoch 57 Train Loss: 0.2385 Acc: 0.9186
2026-04-21 00:18:26,678 Epoch 57 Test Loss: 0.3936 Acc: 0.8711
2026-04-21 00:18:30,619 Epoch [58/100] Step [100/391] Loss: 0.2306
2026-04-21 00:18:34,126 Epoch [58/100] Step [200/391] Loss: 0.2261
2026-04-21 00:18:37,635 Epoch [58/100] Step [300/391] Loss: 0.1250
2026-04-21 00:18:40,852 Epoch 58 Train Loss: 0.2289 Acc: 0.9207
2026-04-21 00:18:41,759 Epoch 58 Test Loss: 0.3791 Acc: 0.8774
2026-04-21 00:18:41,984 Saved new best checkpoint: model_ckpts/hybrid_archcnn-vit_vitl6_vitd256_vith8_vitm512_conv64-64-128-256_fc512_bs128_optadamw_lr0.001_schedcosine_drop0.1_seed42/best.pth
2026-04-21 00:18:45,770 Epoch [59/100] Step [100/391] Loss: 0.2327
2026-04-21 00:18:49,280 Epoch [59/100] Step [200/391] Loss: 0.3499
2026-04-21 00:18:52,797 Epoch [59/100] Step [300/391] Loss: 0.1794
2026-04-21 00:18:56,025 Epoch 59 Train Loss: 0.2282 Acc: 0.9217
2026-04-21 00:18:56,932 Epoch 59 Test Loss: 0.3804 Acc: 0.8780
2026-04-21 00:18:57,167 Saved new best checkpoint: model_ckpts/hybrid_archcnn-vit_vitl6_vitd256_vith8_vitm512_conv64-64-128-256_fc512_bs128_optadamw_lr0.001_schedcosine_drop0.1_seed42/best.pth
2026-04-21 00:19:00,955 Epoch [60/100] Step [100/391] Loss: 0.2228
2026-04-21 00:19:04,467 Epoch [60/100] Step [200/391] Loss: 0.2036
2026-04-21 00:19:07,979 Epoch [60/100] Step [300/391] Loss: 0.2242
2026-04-21 00:19:11,196 Epoch 60 Train Loss: 0.2214 Acc: 0.9242
2026-04-21 00:19:12,124 Epoch 60 Test Loss: 0.3925 Acc: 0.8800
2026-04-21 00:19:12,365 Saved new best checkpoint: model_ckpts/hybrid_archcnn-vit_vitl6_vitd256_vith8_vitm512_conv64-64-128-256_fc512_bs128_optadamw_lr0.001_schedcosine_drop0.1_seed42/best.pth
2026-04-21 00:19:16,138 Epoch [61/100] Step [100/391] Loss: 0.2686
2026-04-21 00:19:19,657 Epoch [61/100] Step [200/391] Loss: 0.1675
2026-04-21 00:19:23,169 Epoch [61/100] Step [300/391] Loss: 0.2265
2026-04-21 00:19:26,395 Epoch 61 Train Loss: 0.2069 Acc: 0.9278
2026-04-21 00:19:27,308 Epoch 61 Test Loss: 0.3938 Acc: 0.8784
2026-04-21 00:19:31,287 Epoch [62/100] Step [100/391] Loss: 0.1459
2026-04-21 00:19:34,793 Epoch [62/100] Step [200/391] Loss: 0.2170
2026-04-21 00:19:38,297 Epoch [62/100] Step [300/391] Loss: 0.2267
2026-04-21 00:19:41,516 Epoch 62 Train Loss: 0.2062 Acc: 0.9284
2026-04-21 00:19:42,432 Epoch 62 Test Loss: 0.3998 Acc: 0.8760
2026-04-21 00:19:46,375 Epoch [63/100] Step [100/391] Loss: 0.1737
2026-04-21 00:19:49,897 Epoch [63/100] Step [200/391] Loss: 0.2420
2026-04-21 00:19:53,412 Epoch [63/100] Step [300/391] Loss: 0.2822
2026-04-21 00:19:56,635 Epoch 63 Train Loss: 0.2046 Acc: 0.9291
2026-04-21 00:19:57,554 Epoch 63 Test Loss: 0.3763 Acc: 0.8783
2026-04-21 00:20:01,491 Epoch [64/100] Step [100/391] Loss: 0.1942
2026-04-21 00:20:05,003 Epoch [64/100] Step [200/391] Loss: 0.2057
2026-04-21 00:20:08,521 Epoch [64/100] Step [300/391] Loss: 0.1332
2026-04-21 00:20:11,750 Epoch 64 Train Loss: 0.1971 Acc: 0.9309
2026-04-21 00:20:12,682 Epoch 64 Test Loss: 0.4084 Acc: 0.8746
2026-04-21 00:20:16,776 Epoch [65/100] Step [100/391] Loss: 0.1579
2026-04-21 00:20:20,295 Epoch [65/100] Step [200/391] Loss: 0.2545
2026-04-21 00:20:23,797 Epoch [65/100] Step [300/391] Loss: 0.1994
2026-04-21 00:20:27,013 Epoch 65 Train Loss: 0.1930 Acc: 0.9329
2026-04-21 00:20:27,926 Epoch 65 Test Loss: 0.4003 Acc: 0.8795
2026-04-21 00:20:31,862 Epoch [66/100] Step [100/391] Loss: 0.2063
2026-04-21 00:20:35,369 Epoch [66/100] Step [200/391] Loss: 0.1480
2026-04-21 00:20:38,876 Epoch [66/100] Step [300/391] Loss: 0.2442
2026-04-21 00:20:42,116 Epoch 66 Train Loss: 0.1896 Acc: 0.9347
2026-04-21 00:20:43,049 Epoch 66 Test Loss: 0.3783 Acc: 0.8825
2026-04-21 00:20:43,287 Saved new best checkpoint: model_ckpts/hybrid_archcnn-vit_vitl6_vitd256_vith8_vitm512_conv64-64-128-256_fc512_bs128_optadamw_lr0.001_schedcosine_drop0.1_seed42/best.pth
2026-04-21 00:20:47,140 Epoch [67/100] Step [100/391] Loss: 0.2148
2026-04-21 00:20:50,709 Epoch [67/100] Step [200/391] Loss: 0.1834
2026-04-21 00:20:54,278 Epoch [67/100] Step [300/391] Loss: 0.2210
2026-04-21 00:20:57,533 Epoch 67 Train Loss: 0.1844 Acc: 0.9352
2026-04-21 00:20:58,467 Epoch 67 Test Loss: 0.3783 Acc: 0.8856
2026-04-21 00:20:58,705 Saved new best checkpoint: model_ckpts/hybrid_archcnn-vit_vitl6_vitd256_vith8_vitm512_conv64-64-128-256_fc512_bs128_optadamw_lr0.001_schedcosine_drop0.1_seed42/best.pth
2026-04-21 00:21:02,551 Epoch [68/100] Step [100/391] Loss: 0.1993
2026-04-21 00:21:06,116 Epoch [68/100] Step [200/391] Loss: 0.1253
2026-04-21 00:21:09,662 Epoch [68/100] Step [300/391] Loss: 0.1766
2026-04-21 00:21:12,945 Epoch 68 Train Loss: 0.1790 Acc: 0.9382
2026-04-21 00:21:13,903 Epoch 68 Test Loss: 0.3884 Acc: 0.8822
2026-04-21 00:21:17,923 Epoch [69/100] Step [100/391] Loss: 0.1069
2026-04-21 00:21:21,498 Epoch [69/100] Step [200/391] Loss: 0.1495
2026-04-21 00:21:25,050 Epoch [69/100] Step [300/391] Loss: 0.1440
2026-04-21 00:21:28,275 Epoch 69 Train Loss: 0.1707 Acc: 0.9413
2026-04-21 00:21:29,190 Epoch 69 Test Loss: 0.3783 Acc: 0.8858
2026-04-21 00:21:29,427 Saved new best checkpoint: model_ckpts/hybrid_archcnn-vit_vitl6_vitd256_vith8_vitm512_conv64-64-128-256_fc512_bs128_optadamw_lr0.001_schedcosine_drop0.1_seed42/best.pth
2026-04-21 00:21:33,215 Epoch [70/100] Step [100/391] Loss: 0.2782
2026-04-21 00:21:36,729 Epoch [70/100] Step [200/391] Loss: 0.1730
2026-04-21 00:21:40,236 Epoch [70/100] Step [300/391] Loss: 0.2253
2026-04-21 00:21:43,467 Epoch 70 Train Loss: 0.1707 Acc: 0.9405
2026-04-21 00:21:44,380 Epoch 70 Test Loss: 0.3787 Acc: 0.8834
2026-04-21 00:21:48,325 Epoch [71/100] Step [100/391] Loss: 0.0749
2026-04-21 00:21:51,846 Epoch [71/100] Step [200/391] Loss: 0.1766
2026-04-21 00:21:55,354 Epoch [71/100] Step [300/391] Loss: 0.1859
2026-04-21 00:21:58,580 Epoch 71 Train Loss: 0.1661 Acc: 0.9417
2026-04-21 00:21:59,498 Epoch 71 Test Loss: 0.3750 Acc: 0.8854
2026-04-21 00:22:03,457 Epoch [72/100] Step [100/391] Loss: 0.1137
2026-04-21 00:22:06,973 Epoch [72/100] Step [200/391] Loss: 0.2023
2026-04-21 00:22:10,478 Epoch [72/100] Step [300/391] Loss: 0.0882
2026-04-21 00:22:13,703 Epoch 72 Train Loss: 0.1617 Acc: 0.9447
2026-04-21 00:22:14,622 Epoch 72 Test Loss: 0.3909 Acc: 0.8866
2026-04-21 00:22:14,861 Saved new best checkpoint: model_ckpts/hybrid_archcnn-vit_vitl6_vitd256_vith8_vitm512_conv64-64-128-256_fc512_bs128_optadamw_lr0.001_schedcosine_drop0.1_seed42/best.pth
2026-04-21 00:22:18,655 Epoch [73/100] Step [100/391] Loss: 0.2658
2026-04-21 00:22:22,172 Epoch [73/100] Step [200/391] Loss: 0.2143
2026-04-21 00:22:25,675 Epoch [73/100] Step [300/391] Loss: 0.2112
2026-04-21 00:22:28,893 Epoch 73 Train Loss: 0.1581 Acc: 0.9445
2026-04-21 00:22:29,816 Epoch 73 Test Loss: 0.3824 Acc: 0.8882
2026-04-21 00:22:30,057 Saved new best checkpoint: model_ckpts/hybrid_archcnn-vit_vitl6_vitd256_vith8_vitm512_conv64-64-128-256_fc512_bs128_optadamw_lr0.001_schedcosine_drop0.1_seed42/best.pth
2026-04-21 00:22:33,991 Epoch [74/100] Step [100/391] Loss: 0.1638
2026-04-21 00:22:37,508 Epoch [74/100] Step [200/391] Loss: 0.2237
2026-04-21 00:22:41,012 Epoch [74/100] Step [300/391] Loss: 0.0976
2026-04-21 00:22:44,240 Epoch 74 Train Loss: 0.1528 Acc: 0.9463
2026-04-21 00:22:45,165 Epoch 74 Test Loss: 0.3877 Acc: 0.8884
2026-04-21 00:22:45,403 Saved new best checkpoint: model_ckpts/hybrid_archcnn-vit_vitl6_vitd256_vith8_vitm512_conv64-64-128-256_fc512_bs128_optadamw_lr0.001_schedcosine_drop0.1_seed42/best.pth
2026-04-21 00:22:49,185 Epoch [75/100] Step [100/391] Loss: 0.2732
2026-04-21 00:22:52,704 Epoch [75/100] Step [200/391] Loss: 0.2037
2026-04-21 00:22:56,210 Epoch [75/100] Step [300/391] Loss: 0.1170
2026-04-21 00:22:59,429 Epoch 75 Train Loss: 0.1517 Acc: 0.9467
2026-04-21 00:23:00,345 Epoch 75 Test Loss: 0.3879 Acc: 0.8912
2026-04-21 00:23:00,585 Saved new best checkpoint: model_ckpts/hybrid_archcnn-vit_vitl6_vitd256_vith8_vitm512_conv64-64-128-256_fc512_bs128_optadamw_lr0.001_schedcosine_drop0.1_seed42/best.pth
2026-04-21 00:23:04,380 Epoch [76/100] Step [100/391] Loss: 0.2271
2026-04-21 00:23:07,898 Epoch [76/100] Step [200/391] Loss: 0.1723
2026-04-21 00:23:11,401 Epoch [76/100] Step [300/391] Loss: 0.1983
2026-04-21 00:23:14,628 Epoch 76 Train Loss: 0.1459 Acc: 0.9488
2026-04-21 00:23:15,549 Epoch 76 Test Loss: 0.3933 Acc: 0.8906
2026-04-21 00:23:19,488 Epoch [77/100] Step [100/391] Loss: 0.3231
2026-04-21 00:23:23,007 Epoch [77/100] Step [200/391] Loss: 0.1648
2026-04-21 00:23:26,513 Epoch [77/100] Step [300/391] Loss: 0.1498
2026-04-21 00:23:29,735 Epoch 77 Train Loss: 0.1446 Acc: 0.9497
2026-04-21 00:23:30,642 Epoch 77 Test Loss: 0.3941 Acc: 0.8892
2026-04-21 00:23:34,589 Epoch [78/100] Step [100/391] Loss: 0.1822
2026-04-21 00:23:38,117 Epoch [78/100] Step [200/391] Loss: 0.0805
2026-04-21 00:23:41,670 Epoch [78/100] Step [300/391] Loss: 0.1019
2026-04-21 00:23:44,902 Epoch 78 Train Loss: 0.1413 Acc: 0.9511
2026-04-21 00:23:45,820 Epoch 78 Test Loss: 0.3885 Acc: 0.8888
2026-04-21 00:23:49,764 Epoch [79/100] Step [100/391] Loss: 0.1638
2026-04-21 00:23:53,281 Epoch [79/100] Step [200/391] Loss: 0.0980
2026-04-21 00:23:56,789 Epoch [79/100] Step [300/391] Loss: 0.2358
2026-04-21 00:24:00,012 Epoch 79 Train Loss: 0.1371 Acc: 0.9523
2026-04-21 00:24:00,930 Epoch 79 Test Loss: 0.3946 Acc: 0.8887
2026-04-21 00:24:04,884 Epoch [80/100] Step [100/391] Loss: 0.1484
2026-04-21 00:24:08,400 Epoch [80/100] Step [200/391] Loss: 0.0616
2026-04-21 00:24:11,901 Epoch [80/100] Step [300/391] Loss: 0.0863
2026-04-21 00:24:15,130 Epoch 80 Train Loss: 0.1340 Acc: 0.9528
2026-04-21 00:24:16,052 Epoch 80 Test Loss: 0.4032 Acc: 0.8902
2026-04-21 00:24:19,995 Epoch [81/100] Step [100/391] Loss: 0.0984
2026-04-21 00:24:23,513 Epoch [81/100] Step [200/391] Loss: 0.1555
2026-04-21 00:24:27,017 Epoch [81/100] Step [300/391] Loss: 0.0773
2026-04-21 00:24:30,236 Epoch 81 Train Loss: 0.1327 Acc: 0.9545
2026-04-21 00:24:31,152 Epoch 81 Test Loss: 0.4035 Acc: 0.8910
2026-04-21 00:24:35,099 Epoch [82/100] Step [100/391] Loss: 0.1600
2026-04-21 00:24:38,614 Epoch [82/100] Step [200/391] Loss: 0.1471
2026-04-21 00:24:42,117 Epoch [82/100] Step [300/391] Loss: 0.1532
2026-04-21 00:24:45,353 Epoch 82 Train Loss: 0.1295 Acc: 0.9536
2026-04-21 00:24:46,274 Epoch 82 Test Loss: 0.4038 Acc: 0.8890
2026-04-21 00:24:50,216 Epoch [83/100] Step [100/391] Loss: 0.1066
2026-04-21 00:24:53,728 Epoch [83/100] Step [200/391] Loss: 0.1229
2026-04-21 00:24:57,236 Epoch [83/100] Step [300/391] Loss: 0.1106
2026-04-21 00:25:00,476 Epoch 83 Train Loss: 0.1288 Acc: 0.9546
2026-04-21 00:25:01,411 Epoch 83 Test Loss: 0.4048 Acc: 0.8900
2026-04-21 00:25:05,350 Epoch [84/100] Step [100/391] Loss: 0.1091
2026-04-21 00:25:08,891 Epoch [84/100] Step [200/391] Loss: 0.1164
2026-04-21 00:25:12,419 Epoch [84/100] Step [300/391] Loss: 0.1460
2026-04-21 00:25:15,659 Epoch 84 Train Loss: 0.1274 Acc: 0.9554
2026-04-21 00:25:16,590 Epoch 84 Test Loss: 0.3941 Acc: 0.8913
2026-04-21 00:25:16,835 Saved new best checkpoint: model_ckpts/hybrid_archcnn-vit_vitl6_vitd256_vith8_vitm512_conv64-64-128-256_fc512_bs128_optadamw_lr0.001_schedcosine_drop0.1_seed42/best.pth
2026-04-21 00:25:20,797 Epoch [85/100] Step [100/391] Loss: 0.0701
2026-04-21 00:25:24,335 Epoch [85/100] Step [200/391] Loss: 0.1167
2026-04-21 00:25:27,870 Epoch [85/100] Step [300/391] Loss: 0.1470
2026-04-21 00:25:31,115 Epoch 85 Train Loss: 0.1218 Acc: 0.9571
2026-04-21 00:25:32,036 Epoch 85 Test Loss: 0.4046 Acc: 0.8924
2026-04-21 00:25:32,279 Saved new best checkpoint: model_ckpts/hybrid_archcnn-vit_vitl6_vitd256_vith8_vitm512_conv64-64-128-256_fc512_bs128_optadamw_lr0.001_schedcosine_drop0.1_seed42/best.pth
2026-04-21 00:25:36,056 Epoch [86/100] Step [100/391] Loss: 0.1338
2026-04-21 00:25:39,590 Epoch [86/100] Step [200/391] Loss: 0.0795
2026-04-21 00:25:43,118 Epoch [86/100] Step [300/391] Loss: 0.1684
2026-04-21 00:25:46,366 Epoch 86 Train Loss: 0.1204 Acc: 0.9581
2026-04-21 00:25:47,294 Epoch 86 Test Loss: 0.3994 Acc: 0.8922
2026-04-21 00:25:51,229 Epoch [87/100] Step [100/391] Loss: 0.0620
2026-04-21 00:25:54,776 Epoch [87/100] Step [200/391] Loss: 0.0940
2026-04-21 00:25:58,309 Epoch [87/100] Step [300/391] Loss: 0.0980
2026-04-21 00:26:01,557 Epoch 87 Train Loss: 0.1205 Acc: 0.9583
2026-04-21 00:26:02,491 Epoch 87 Test Loss: 0.3994 Acc: 0.8921
2026-04-21 00:26:06,431 Epoch [88/100] Step [100/391] Loss: 0.0585
2026-04-21 00:26:09,968 Epoch [88/100] Step [200/391] Loss: 0.1358
2026-04-21 00:26:13,495 Epoch [88/100] Step [300/391] Loss: 0.1227
2026-04-21 00:26:16,748 Epoch 88 Train Loss: 0.1182 Acc: 0.9581
2026-04-21 00:26:17,681 Epoch 88 Test Loss: 0.4048 Acc: 0.8899
2026-04-21 00:26:21,629 Epoch [89/100] Step [100/391] Loss: 0.0532
2026-04-21 00:26:25,178 Epoch [89/100] Step [200/391] Loss: 0.0705
2026-04-21 00:26:28,710 Epoch [89/100] Step [300/391] Loss: 0.1505
2026-04-21 00:26:31,953 Epoch 89 Train Loss: 0.1177 Acc: 0.9584
2026-04-21 00:26:32,883 Epoch 89 Test Loss: 0.4087 Acc: 0.8916
2026-04-21 00:26:36,828 Epoch [90/100] Step [100/391] Loss: 0.1321
2026-04-21 00:26:40,377 Epoch [90/100] Step [200/391] Loss: 0.0808
2026-04-21 00:26:43,914 Epoch [90/100] Step [300/391] Loss: 0.0994
2026-04-21 00:26:47,159 Epoch 90 Train Loss: 0.1122 Acc: 0.9611
2026-04-21 00:26:48,090 Epoch 90 Test Loss: 0.4060 Acc: 0.8921
2026-04-21 00:26:52,044 Epoch [91/100] Step [100/391] Loss: 0.1214
2026-04-21 00:26:55,602 Epoch [91/100] Step [200/391] Loss: 0.1664
2026-04-21 00:26:59,136 Epoch [91/100] Step [300/391] Loss: 0.0723
2026-04-21 00:27:02,379 Epoch 91 Train Loss: 0.1156 Acc: 0.9595
2026-04-21 00:27:03,313 Epoch 91 Test Loss: 0.4057 Acc: 0.8919
2026-04-21 00:27:07,279 Epoch [92/100] Step [100/391] Loss: 0.0533
2026-04-21 00:27:10,835 Epoch [92/100] Step [200/391] Loss: 0.1120
2026-04-21 00:27:14,370 Epoch [92/100] Step [300/391] Loss: 0.0768
2026-04-21 00:27:17,627 Epoch 92 Train Loss: 0.1133 Acc: 0.9603
2026-04-21 00:27:18,575 Epoch 92 Test Loss: 0.4072 Acc: 0.8917
2026-04-21 00:27:22,533 Epoch [93/100] Step [100/391] Loss: 0.0930
2026-04-21 00:27:26,085 Epoch [93/100] Step [200/391] Loss: 0.0948
2026-04-21 00:27:29,640 Epoch [93/100] Step [300/391] Loss: 0.0890
2026-04-21 00:27:32,892 Epoch 93 Train Loss: 0.1126 Acc: 0.9611
2026-04-21 00:27:33,818 Epoch 93 Test Loss: 0.4098 Acc: 0.8922
2026-04-21 00:27:37,765 Epoch [94/100] Step [100/391] Loss: 0.1160
2026-04-21 00:27:41,299 Epoch [94/100] Step [200/391] Loss: 0.0625
2026-04-21 00:27:44,835 Epoch [94/100] Step [300/391] Loss: 0.0923
2026-04-21 00:27:48,082 Epoch 94 Train Loss: 0.1123 Acc: 0.9610
2026-04-21 00:27:49,005 Epoch 94 Test Loss: 0.4076 Acc: 0.8931
2026-04-21 00:27:49,243 Saved new best checkpoint: model_ckpts/hybrid_archcnn-vit_vitl6_vitd256_vith8_vitm512_conv64-64-128-256_fc512_bs128_optadamw_lr0.001_schedcosine_drop0.1_seed42/best.pth
2026-04-21 00:27:53,029 Epoch [95/100] Step [100/391] Loss: 0.1368
2026-04-21 00:27:56,572 Epoch [95/100] Step [200/391] Loss: 0.1527
2026-04-21 00:28:00,105 Epoch [95/100] Step [300/391] Loss: 0.0629
2026-04-21 00:28:03,341 Epoch 95 Train Loss: 0.1079 Acc: 0.9619
2026-04-21 00:28:04,265 Epoch 95 Test Loss: 0.4091 Acc: 0.8935
2026-04-21 00:28:04,508 Saved new best checkpoint: model_ckpts/hybrid_archcnn-vit_vitl6_vitd256_vith8_vitm512_conv64-64-128-256_fc512_bs128_optadamw_lr0.001_schedcosine_drop0.1_seed42/best.pth
2026-04-21 00:28:08,289 Epoch [96/100] Step [100/391] Loss: 0.1274
2026-04-21 00:28:11,826 Epoch [96/100] Step [200/391] Loss: 0.1617
2026-04-21 00:28:15,357 Epoch [96/100] Step [300/391] Loss: 0.0871
2026-04-21 00:28:18,611 Epoch 96 Train Loss: 0.1087 Acc: 0.9617
2026-04-21 00:28:19,540 Epoch 96 Test Loss: 0.4106 Acc: 0.8932
2026-04-21 00:28:23,658 Epoch [97/100] Step [100/391] Loss: 0.1686
2026-04-21 00:28:27,195 Epoch [97/100] Step [200/391] Loss: 0.1505
2026-04-21 00:28:30,731 Epoch [97/100] Step [300/391] Loss: 0.0711
2026-04-21 00:28:33,970 Epoch 97 Train Loss: 0.1121 Acc: 0.9602
2026-04-21 00:28:34,910 Epoch 97 Test Loss: 0.4091 Acc: 0.8944
2026-04-21 00:28:35,150 Saved new best checkpoint: model_ckpts/hybrid_archcnn-vit_vitl6_vitd256_vith8_vitm512_conv64-64-128-256_fc512_bs128_optadamw_lr0.001_schedcosine_drop0.1_seed42/best.pth
2026-04-21 00:28:38,945 Epoch [98/100] Step [100/391] Loss: 0.1903
2026-04-21 00:28:42,479 Epoch [98/100] Step [200/391] Loss: 0.0512
2026-04-21 00:28:46,020 Epoch [98/100] Step [300/391] Loss: 0.0587
2026-04-21 00:28:49,257 Epoch 98 Train Loss: 0.1081 Acc: 0.9625
2026-04-21 00:28:50,192 Epoch 98 Test Loss: 0.4109 Acc: 0.8937
2026-04-21 00:28:54,131 Epoch [99/100] Step [100/391] Loss: 0.0950
2026-04-21 00:28:57,674 Epoch [99/100] Step [200/391] Loss: 0.1586
2026-04-21 00:29:01,208 Epoch [99/100] Step [300/391] Loss: 0.0949
2026-04-21 00:29:04,446 Epoch 99 Train Loss: 0.1094 Acc: 0.9624
2026-04-21 00:29:05,362 Epoch 99 Test Loss: 0.4106 Acc: 0.8926
2026-04-21 00:29:09,308 Epoch [100/100] Step [100/391] Loss: 0.1064
2026-04-21 00:29:12,844 Epoch [100/100] Step [200/391] Loss: 0.0646
2026-04-21 00:29:16,404 Epoch [100/100] Step [300/391] Loss: 0.1024
2026-04-21 00:29:19,668 Epoch 100 Train Loss: 0.1107 Acc: 0.9615
2026-04-21 00:29:20,605 Epoch 100 Test Loss: 0.4091 Acc: 0.8933
2026-04-21 00:29:20,892 Training complete. Best test acc: 0.8944
