2026-04-20 22:47:58,289 Using device: cuda:0
2026-04-20 22:47:58,289 Using optimizer: adam
2026-04-20 22:47:59,701 Epoch [1/100] Step [100/391] Loss: 1.3439
2026-04-20 22:48:00,457 Epoch [1/100] Step [200/391] Loss: 1.2166
2026-04-20 22:48:01,211 Epoch [1/100] Step [300/391] Loss: 1.2266
2026-04-20 22:48:02,064 Epoch 1 Train Loss: 1.3543 Acc: 0.5046
2026-04-20 22:48:02,577 Epoch 1 Test Loss: 1.6807 Acc: 0.4398
2026-04-20 22:48:02,611 Saved new best checkpoint: model_ckpts/cnn_archcnn_conv64-64-128-256_fc512_bs128_optadam_lr0.001_schedcosine_drop0.1_seed42/best.pth
2026-04-20 22:48:03,607 Epoch [2/100] Step [100/391] Loss: 0.9781
2026-04-20 22:48:04,366 Epoch [2/100] Step [200/391] Loss: 0.9935
2026-04-20 22:48:05,121 Epoch [2/100] Step [300/391] Loss: 0.9265
2026-04-20 22:48:05,842 Epoch 2 Train Loss: 1.0115 Acc: 0.6367
2026-04-20 22:48:06,348 Epoch 2 Test Loss: 1.1199 Acc: 0.6138
2026-04-20 22:48:06,387 Saved new best checkpoint: model_ckpts/cnn_archcnn_conv64-64-128-256_fc512_bs128_optadam_lr0.001_schedcosine_drop0.1_seed42/best.pth
2026-04-20 22:48:07,385 Epoch [3/100] Step [100/391] Loss: 0.9088
2026-04-20 22:48:08,166 Epoch [3/100] Step [200/391] Loss: 0.7367
2026-04-20 22:48:08,947 Epoch [3/100] Step [300/391] Loss: 0.7787
2026-04-20 22:48:09,690 Epoch 3 Train Loss: 0.8703 Acc: 0.6913
2026-04-20 22:48:10,186 Epoch 3 Test Loss: 1.2426 Acc: 0.5975
2026-04-20 22:48:11,268 Epoch [4/100] Step [100/391] Loss: 0.7585
2026-04-20 22:48:12,076 Epoch [4/100] Step [200/391] Loss: 0.8089
2026-04-20 22:48:12,885 Epoch [4/100] Step [300/391] Loss: 0.7221
2026-04-20 22:48:13,636 Epoch 4 Train Loss: 0.7657 Acc: 0.7311
2026-04-20 22:48:14,137 Epoch 4 Test Loss: 1.3073 Acc: 0.5865
2026-04-20 22:48:15,210 Epoch [5/100] Step [100/391] Loss: 0.6427
2026-04-20 22:48:16,001 Epoch [5/100] Step [200/391] Loss: 0.7608
2026-04-20 22:48:16,815 Epoch [5/100] Step [300/391] Loss: 0.6235
2026-04-20 22:48:17,577 Epoch 5 Train Loss: 0.6917 Acc: 0.7589
2026-04-20 22:48:18,077 Epoch 5 Test Loss: 0.7554 Acc: 0.7334
2026-04-20 22:48:18,115 Saved new best checkpoint: model_ckpts/cnn_archcnn_conv64-64-128-256_fc512_bs128_optadam_lr0.001_schedcosine_drop0.1_seed42/best.pth
2026-04-20 22:48:19,158 Epoch [6/100] Step [100/391] Loss: 0.8379
2026-04-20 22:48:19,945 Epoch [6/100] Step [200/391] Loss: 0.5443
2026-04-20 22:48:20,728 Epoch [6/100] Step [300/391] Loss: 0.5669
2026-04-20 22:48:21,452 Epoch 6 Train Loss: 0.6331 Acc: 0.7787
2026-04-20 22:48:21,947 Epoch 6 Test Loss: 0.8011 Acc: 0.7214
2026-04-20 22:48:22,973 Epoch [7/100] Step [100/391] Loss: 0.6735
2026-04-20 22:48:23,730 Epoch [7/100] Step [200/391] Loss: 0.4720
2026-04-20 22:48:24,487 Epoch [7/100] Step [300/391] Loss: 0.6000
2026-04-20 22:48:25,212 Epoch 7 Train Loss: 0.5915 Acc: 0.7945
2026-04-20 22:48:25,711 Epoch 7 Test Loss: 1.0840 Acc: 0.6569
2026-04-20 22:48:26,746 Epoch [8/100] Step [100/391] Loss: 0.4545
2026-04-20 22:48:27,501 Epoch [8/100] Step [200/391] Loss: 0.6442
2026-04-20 22:48:28,255 Epoch [8/100] Step [300/391] Loss: 0.6014
2026-04-20 22:48:28,976 Epoch 8 Train Loss: 0.5573 Acc: 0.8075
2026-04-20 22:48:29,477 Epoch 8 Test Loss: 0.7028 Acc: 0.7642
2026-04-20 22:48:29,516 Saved new best checkpoint: model_ckpts/cnn_archcnn_conv64-64-128-256_fc512_bs128_optadam_lr0.001_schedcosine_drop0.1_seed42/best.pth
2026-04-20 22:48:30,525 Epoch [9/100] Step [100/391] Loss: 0.5013
2026-04-20 22:48:31,280 Epoch [9/100] Step [200/391] Loss: 0.5105
2026-04-20 22:48:32,036 Epoch [9/100] Step [300/391] Loss: 0.5650
2026-04-20 22:48:32,764 Epoch 9 Train Loss: 0.5216 Acc: 0.8191
2026-04-20 22:48:33,271 Epoch 9 Test Loss: 0.8554 Acc: 0.7176
2026-04-20 22:48:34,405 Epoch [10/100] Step [100/391] Loss: 0.4339
2026-04-20 22:48:35,162 Epoch [10/100] Step [200/391] Loss: 0.7262
2026-04-20 22:48:35,917 Epoch [10/100] Step [300/391] Loss: 0.5646
2026-04-20 22:48:36,643 Epoch 10 Train Loss: 0.5004 Acc: 0.8273
2026-04-20 22:48:37,147 Epoch 10 Test Loss: 0.8151 Acc: 0.7411
2026-04-20 22:48:38,172 Epoch [11/100] Step [100/391] Loss: 0.4403
2026-04-20 22:48:38,931 Epoch [11/100] Step [200/391] Loss: 0.3329
2026-04-20 22:48:39,690 Epoch [11/100] Step [300/391] Loss: 0.5371
2026-04-20 22:48:40,418 Epoch 11 Train Loss: 0.4728 Acc: 0.8356
2026-04-20 22:48:40,912 Epoch 11 Test Loss: 0.8665 Acc: 0.7220
2026-04-20 22:48:41,946 Epoch [12/100] Step [100/391] Loss: 0.3811
2026-04-20 22:48:42,710 Epoch [12/100] Step [200/391] Loss: 0.5589
2026-04-20 22:48:43,475 Epoch [12/100] Step [300/391] Loss: 0.3932
2026-04-20 22:48:44,206 Epoch 12 Train Loss: 0.4544 Acc: 0.8436
2026-04-20 22:48:44,705 Epoch 12 Test Loss: 0.6449 Acc: 0.7740
2026-04-20 22:48:44,743 Saved new best checkpoint: model_ckpts/cnn_archcnn_conv64-64-128-256_fc512_bs128_optadam_lr0.001_schedcosine_drop0.1_seed42/best.pth
2026-04-20 22:48:45,756 Epoch [13/100] Step [100/391] Loss: 0.5701
2026-04-20 22:48:46,521 Epoch [13/100] Step [200/391] Loss: 0.4374
2026-04-20 22:48:47,285 Epoch [13/100] Step [300/391] Loss: 0.5149
2026-04-20 22:48:48,021 Epoch 13 Train Loss: 0.4283 Acc: 0.8517
2026-04-20 22:48:48,519 Epoch 13 Test Loss: 0.6209 Acc: 0.7907
2026-04-20 22:48:48,556 Saved new best checkpoint: model_ckpts/cnn_archcnn_conv64-64-128-256_fc512_bs128_optadam_lr0.001_schedcosine_drop0.1_seed42/best.pth
2026-04-20 22:48:49,555 Epoch [14/100] Step [100/391] Loss: 0.4978
2026-04-20 22:48:50,315 Epoch [14/100] Step [200/391] Loss: 0.4103
2026-04-20 22:48:51,069 Epoch [14/100] Step [300/391] Loss: 0.2451
2026-04-20 22:48:51,792 Epoch 14 Train Loss: 0.4173 Acc: 0.8557
2026-04-20 22:48:52,307 Epoch 14 Test Loss: 0.6292 Acc: 0.7953
2026-04-20 22:48:52,345 Saved new best checkpoint: model_ckpts/cnn_archcnn_conv64-64-128-256_fc512_bs128_optadam_lr0.001_schedcosine_drop0.1_seed42/best.pth
2026-04-20 22:48:53,345 Epoch [15/100] Step [100/391] Loss: 0.3804
2026-04-20 22:48:54,101 Epoch [15/100] Step [200/391] Loss: 0.4200
2026-04-20 22:48:54,859 Epoch [15/100] Step [300/391] Loss: 0.4092
2026-04-20 22:48:55,589 Epoch 15 Train Loss: 0.4026 Acc: 0.8612
2026-04-20 22:48:56,084 Epoch 15 Test Loss: 0.6412 Acc: 0.7953
2026-04-20 22:48:57,120 Epoch [16/100] Step [100/391] Loss: 0.5951
2026-04-20 22:48:57,877 Epoch [16/100] Step [200/391] Loss: 0.4853
2026-04-20 22:48:58,631 Epoch [16/100] Step [300/391] Loss: 0.5171
2026-04-20 22:48:59,355 Epoch 16 Train Loss: 0.3855 Acc: 0.8656
2026-04-20 22:48:59,858 Epoch 16 Test Loss: 0.5693 Acc: 0.8107
2026-04-20 22:48:59,896 Saved new best checkpoint: model_ckpts/cnn_archcnn_conv64-64-128-256_fc512_bs128_optadam_lr0.001_schedcosine_drop0.1_seed42/best.pth
2026-04-20 22:49:00,901 Epoch [17/100] Step [100/391] Loss: 0.4393
2026-04-20 22:49:01,657 Epoch [17/100] Step [200/391] Loss: 0.3988
2026-04-20 22:49:02,414 Epoch [17/100] Step [300/391] Loss: 0.3832
2026-04-20 22:49:03,139 Epoch 17 Train Loss: 0.3780 Acc: 0.8684
2026-04-20 22:49:03,644 Epoch 17 Test Loss: 0.6395 Acc: 0.7821
2026-04-20 22:49:04,678 Epoch [18/100] Step [100/391] Loss: 0.4089
2026-04-20 22:49:05,477 Epoch [18/100] Step [200/391] Loss: 0.3664
2026-04-20 22:49:06,238 Epoch [18/100] Step [300/391] Loss: 0.3969
2026-04-20 22:49:06,967 Epoch 18 Train Loss: 0.3617 Acc: 0.8754
2026-04-20 22:49:07,469 Epoch 18 Test Loss: 0.5469 Acc: 0.8177
2026-04-20 22:49:07,507 Saved new best checkpoint: model_ckpts/cnn_archcnn_conv64-64-128-256_fc512_bs128_optadam_lr0.001_schedcosine_drop0.1_seed42/best.pth
2026-04-20 22:49:08,513 Epoch [19/100] Step [100/391] Loss: 0.3097
2026-04-20 22:49:09,311 Epoch [19/100] Step [200/391] Loss: 0.3299
2026-04-20 22:49:10,070 Epoch [19/100] Step [300/391] Loss: 0.4148
2026-04-20 22:49:10,813 Epoch 19 Train Loss: 0.3506 Acc: 0.8787
2026-04-20 22:49:11,315 Epoch 19 Test Loss: 0.5086 Acc: 0.8259
2026-04-20 22:49:11,354 Saved new best checkpoint: model_ckpts/cnn_archcnn_conv64-64-128-256_fc512_bs128_optadam_lr0.001_schedcosine_drop0.1_seed42/best.pth
2026-04-20 22:49:12,370 Epoch [20/100] Step [100/391] Loss: 0.3204
2026-04-20 22:49:13,180 Epoch [20/100] Step [200/391] Loss: 0.2785
2026-04-20 22:49:13,948 Epoch [20/100] Step [300/391] Loss: 0.3158
2026-04-20 22:49:14,684 Epoch 20 Train Loss: 0.3457 Acc: 0.8789
2026-04-20 22:49:15,185 Epoch 20 Test Loss: 0.4730 Acc: 0.8411
2026-04-20 22:49:15,223 Saved new best checkpoint: model_ckpts/cnn_archcnn_conv64-64-128-256_fc512_bs128_optadam_lr0.001_schedcosine_drop0.1_seed42/best.pth
2026-04-20 22:49:16,247 Epoch [21/100] Step [100/391] Loss: 0.3151
2026-04-20 22:49:17,059 Epoch [21/100] Step [200/391] Loss: 0.3876
2026-04-20 22:49:17,826 Epoch [21/100] Step [300/391] Loss: 0.2712
2026-04-20 22:49:18,565 Epoch 21 Train Loss: 0.3331 Acc: 0.8847
2026-04-20 22:49:19,060 Epoch 21 Test Loss: 0.4492 Acc: 0.8483
2026-04-20 22:49:19,099 Saved new best checkpoint: model_ckpts/cnn_archcnn_conv64-64-128-256_fc512_bs128_optadam_lr0.001_schedcosine_drop0.1_seed42/best.pth
2026-04-20 22:49:20,125 Epoch [22/100] Step [100/391] Loss: 0.4050
2026-04-20 22:49:20,927 Epoch [22/100] Step [200/391] Loss: 0.3603
2026-04-20 22:49:21,701 Epoch [22/100] Step [300/391] Loss: 0.4498
2026-04-20 22:49:22,430 Epoch 22 Train Loss: 0.3203 Acc: 0.8880
2026-04-20 22:49:22,939 Epoch 22 Test Loss: 0.5162 Acc: 0.8292
2026-04-20 22:49:24,082 Epoch [23/100] Step [100/391] Loss: 0.2226
2026-04-20 22:49:24,888 Epoch [23/100] Step [200/391] Loss: 0.3180
2026-04-20 22:49:25,654 Epoch [23/100] Step [300/391] Loss: 0.3063
2026-04-20 22:49:26,392 Epoch 23 Train Loss: 0.3136 Acc: 0.8918
2026-04-20 22:49:26,891 Epoch 23 Test Loss: 0.5633 Acc: 0.8164
2026-04-20 22:49:27,931 Epoch [24/100] Step [100/391] Loss: 0.2943
2026-04-20 22:49:28,734 Epoch [24/100] Step [200/391] Loss: 0.3078
2026-04-20 22:49:29,502 Epoch [24/100] Step [300/391] Loss: 0.2109
2026-04-20 22:49:30,239 Epoch 24 Train Loss: 0.3030 Acc: 0.8950
2026-04-20 22:49:30,741 Epoch 24 Test Loss: 0.5133 Acc: 0.8235
2026-04-20 22:49:31,779 Epoch [25/100] Step [100/391] Loss: 0.2765
2026-04-20 22:49:32,583 Epoch [25/100] Step [200/391] Loss: 0.3830
2026-04-20 22:49:33,351 Epoch [25/100] Step [300/391] Loss: 0.2935
2026-04-20 22:49:34,084 Epoch 25 Train Loss: 0.3008 Acc: 0.8960
2026-04-20 22:49:34,585 Epoch 25 Test Loss: 0.5202 Acc: 0.8301
2026-04-20 22:49:35,619 Epoch [26/100] Step [100/391] Loss: 0.3990
2026-04-20 22:49:36,422 Epoch [26/100] Step [200/391] Loss: 0.4216
2026-04-20 22:49:37,228 Epoch [26/100] Step [300/391] Loss: 0.4110
2026-04-20 22:49:37,979 Epoch 26 Train Loss: 0.2911 Acc: 0.8999
2026-04-20 22:49:38,483 Epoch 26 Test Loss: 0.5198 Acc: 0.8326
2026-04-20 22:49:39,564 Epoch [27/100] Step [100/391] Loss: 0.2025
2026-04-20 22:49:40,387 Epoch [27/100] Step [200/391] Loss: 0.1690
2026-04-20 22:49:41,191 Epoch [27/100] Step [300/391] Loss: 0.2840
2026-04-20 22:49:41,957 Epoch 27 Train Loss: 0.2836 Acc: 0.9003
2026-04-20 22:49:42,459 Epoch 27 Test Loss: 0.4590 Acc: 0.8504
2026-04-20 22:49:42,496 Saved new best checkpoint: model_ckpts/cnn_archcnn_conv64-64-128-256_fc512_bs128_optadam_lr0.001_schedcosine_drop0.1_seed42/best.pth
2026-04-20 22:49:43,562 Epoch [28/100] Step [100/391] Loss: 0.3084
2026-04-20 22:49:44,383 Epoch [28/100] Step [200/391] Loss: 0.2057
2026-04-20 22:49:45,215 Epoch [28/100] Step [300/391] Loss: 0.2349
2026-04-20 22:49:45,980 Epoch 28 Train Loss: 0.2774 Acc: 0.9029
2026-04-20 22:49:46,475 Epoch 28 Test Loss: 0.5909 Acc: 0.8127
2026-04-20 22:49:47,545 Epoch [29/100] Step [100/391] Loss: 0.3166
2026-04-20 22:49:48,354 Epoch [29/100] Step [200/391] Loss: 0.2715
2026-04-20 22:49:49,150 Epoch [29/100] Step [300/391] Loss: 0.1960
2026-04-20 22:49:49,894 Epoch 29 Train Loss: 0.2711 Acc: 0.9064
2026-04-20 22:49:50,391 Epoch 29 Test Loss: 0.4638 Acc: 0.8487
2026-04-20 22:49:51,451 Epoch [30/100] Step [100/391] Loss: 0.2184
2026-04-20 22:49:52,256 Epoch [30/100] Step [200/391] Loss: 0.2865
2026-04-20 22:49:53,019 Epoch [30/100] Step [300/391] Loss: 0.2751
2026-04-20 22:49:53,742 Epoch 30 Train Loss: 0.2624 Acc: 0.9091
2026-04-20 22:49:54,243 Epoch 30 Test Loss: 0.4508 Acc: 0.8532
2026-04-20 22:49:54,281 Saved new best checkpoint: model_ckpts/cnn_archcnn_conv64-64-128-256_fc512_bs128_optadam_lr0.001_schedcosine_drop0.1_seed42/best.pth
2026-04-20 22:49:55,288 Epoch [31/100] Step [100/391] Loss: 0.1619
2026-04-20 22:49:56,083 Epoch [31/100] Step [200/391] Loss: 0.3179
2026-04-20 22:49:56,852 Epoch [31/100] Step [300/391] Loss: 0.3685
2026-04-20 22:49:57,584 Epoch 31 Train Loss: 0.2579 Acc: 0.9099
2026-04-20 22:49:58,095 Epoch 31 Test Loss: 0.5764 Acc: 0.8225
2026-04-20 22:49:59,128 Epoch [32/100] Step [100/391] Loss: 0.2557
2026-04-20 22:49:59,930 Epoch [32/100] Step [200/391] Loss: 0.1605
2026-04-20 22:50:00,691 Epoch [32/100] Step [300/391] Loss: 0.2449
2026-04-20 22:50:01,427 Epoch 32 Train Loss: 0.2502 Acc: 0.9126
2026-04-20 22:50:01,928 Epoch 32 Test Loss: 0.4470 Acc: 0.8526
2026-04-20 22:50:02,968 Epoch [33/100] Step [100/391] Loss: 0.2612
2026-04-20 22:50:03,766 Epoch [33/100] Step [200/391] Loss: 0.2905
2026-04-20 22:50:04,532 Epoch [33/100] Step [300/391] Loss: 0.2988
2026-04-20 22:50:05,251 Epoch 33 Train Loss: 0.2446 Acc: 0.9150
2026-04-20 22:50:05,757 Epoch 33 Test Loss: 0.4247 Acc: 0.8588
2026-04-20 22:50:05,796 Saved new best checkpoint: model_ckpts/cnn_archcnn_conv64-64-128-256_fc512_bs128_optadam_lr0.001_schedcosine_drop0.1_seed42/best.pth
2026-04-20 22:50:06,806 Epoch [34/100] Step [100/391] Loss: 0.2275
2026-04-20 22:50:07,608 Epoch [34/100] Step [200/391] Loss: 0.2103
2026-04-20 22:50:08,370 Epoch [34/100] Step [300/391] Loss: 0.2545
2026-04-20 22:50:09,103 Epoch 34 Train Loss: 0.2384 Acc: 0.9176
2026-04-20 22:50:09,607 Epoch 34 Test Loss: 0.4950 Acc: 0.8416
2026-04-20 22:50:10,649 Epoch [35/100] Step [100/391] Loss: 0.2538
2026-04-20 22:50:11,452 Epoch [35/100] Step [200/391] Loss: 0.2248
2026-04-20 22:50:12,216 Epoch [35/100] Step [300/391] Loss: 0.4711
2026-04-20 22:50:12,951 Epoch 35 Train Loss: 0.2283 Acc: 0.9205
2026-04-20 22:50:13,452 Epoch 35 Test Loss: 0.4827 Acc: 0.8495
2026-04-20 22:50:14,628 Epoch [36/100] Step [100/391] Loss: 0.2240
2026-04-20 22:50:15,428 Epoch [36/100] Step [200/391] Loss: 0.1382
2026-04-20 22:50:16,191 Epoch [36/100] Step [300/391] Loss: 0.2416
2026-04-20 22:50:16,920 Epoch 36 Train Loss: 0.2288 Acc: 0.9204
2026-04-20 22:50:17,422 Epoch 36 Test Loss: 0.5262 Acc: 0.8407
2026-04-20 22:50:18,462 Epoch [37/100] Step [100/391] Loss: 0.2496
2026-04-20 22:50:19,266 Epoch [37/100] Step [200/391] Loss: 0.2759
2026-04-20 22:50:20,032 Epoch [37/100] Step [300/391] Loss: 0.2497
2026-04-20 22:50:20,765 Epoch 37 Train Loss: 0.2235 Acc: 0.9219
2026-04-20 22:50:21,277 Epoch 37 Test Loss: 0.4220 Acc: 0.8612
2026-04-20 22:50:21,315 Saved new best checkpoint: model_ckpts/cnn_archcnn_conv64-64-128-256_fc512_bs128_optadam_lr0.001_schedcosine_drop0.1_seed42/best.pth
2026-04-20 22:50:22,333 Epoch [38/100] Step [100/391] Loss: 0.0898
2026-04-20 22:50:23,134 Epoch [38/100] Step [200/391] Loss: 0.2229
2026-04-20 22:50:23,899 Epoch [38/100] Step [300/391] Loss: 0.2846
2026-04-20 22:50:24,633 Epoch 38 Train Loss: 0.2190 Acc: 0.9239
2026-04-20 22:50:25,134 Epoch 38 Test Loss: 0.4428 Acc: 0.8571
2026-04-20 22:50:26,172 Epoch [39/100] Step [100/391] Loss: 0.1738
2026-04-20 22:50:26,975 Epoch [39/100] Step [200/391] Loss: 0.3148
2026-04-20 22:50:27,738 Epoch [39/100] Step [300/391] Loss: 0.2271
2026-04-20 22:50:28,468 Epoch 39 Train Loss: 0.2100 Acc: 0.9262
2026-04-20 22:50:28,987 Epoch 39 Test Loss: 0.4312 Acc: 0.8661
2026-04-20 22:50:29,025 Saved new best checkpoint: model_ckpts/cnn_archcnn_conv64-64-128-256_fc512_bs128_optadam_lr0.001_schedcosine_drop0.1_seed42/best.pth
2026-04-20 22:50:30,100 Epoch [40/100] Step [100/391] Loss: 0.2499
2026-04-20 22:50:30,920 Epoch [40/100] Step [200/391] Loss: 0.2623
2026-04-20 22:50:31,720 Epoch [40/100] Step [300/391] Loss: 0.1725
2026-04-20 22:50:32,458 Epoch 40 Train Loss: 0.1996 Acc: 0.9316
2026-04-20 22:50:32,964 Epoch 40 Test Loss: 0.4527 Acc: 0.8542
2026-04-20 22:50:34,006 Epoch [41/100] Step [100/391] Loss: 0.2188
2026-04-20 22:50:34,804 Epoch [41/100] Step [200/391] Loss: 0.2066
2026-04-20 22:50:35,569 Epoch [41/100] Step [300/391] Loss: 0.1881
2026-04-20 22:50:36,304 Epoch 41 Train Loss: 0.2008 Acc: 0.9297
2026-04-20 22:50:36,798 Epoch 41 Test Loss: 0.4708 Acc: 0.8552
2026-04-20 22:50:37,836 Epoch [42/100] Step [100/391] Loss: 0.2200
2026-04-20 22:50:38,636 Epoch [42/100] Step [200/391] Loss: 0.2582
2026-04-20 22:50:39,401 Epoch [42/100] Step [300/391] Loss: 0.1968
2026-04-20 22:50:40,124 Epoch 42 Train Loss: 0.1988 Acc: 0.9318
2026-04-20 22:50:40,619 Epoch 42 Test Loss: 0.4956 Acc: 0.8458
2026-04-20 22:50:41,654 Epoch [43/100] Step [100/391] Loss: 0.1985
2026-04-20 22:50:42,452 Epoch [43/100] Step [200/391] Loss: 0.3348
2026-04-20 22:50:43,216 Epoch [43/100] Step [300/391] Loss: 0.2184
2026-04-20 22:50:43,952 Epoch 43 Train Loss: 0.1908 Acc: 0.9335
2026-04-20 22:50:44,455 Epoch 43 Test Loss: 0.4409 Acc: 0.8640
2026-04-20 22:50:45,486 Epoch [44/100] Step [100/391] Loss: 0.1852
2026-04-20 22:50:46,287 Epoch [44/100] Step [200/391] Loss: 0.1268
2026-04-20 22:50:47,053 Epoch [44/100] Step [300/391] Loss: 0.2226
2026-04-20 22:50:47,785 Epoch 44 Train Loss: 0.1853 Acc: 0.9360
2026-04-20 22:50:48,289 Epoch 44 Test Loss: 0.4185 Acc: 0.8668
2026-04-20 22:50:48,326 Saved new best checkpoint: model_ckpts/cnn_archcnn_conv64-64-128-256_fc512_bs128_optadam_lr0.001_schedcosine_drop0.1_seed42/best.pth
2026-04-20 22:50:49,333 Epoch [45/100] Step [100/391] Loss: 0.2307
2026-04-20 22:50:50,133 Epoch [45/100] Step [200/391] Loss: 0.2427
2026-04-20 22:50:50,898 Epoch [45/100] Step [300/391] Loss: 0.1167
2026-04-20 22:50:51,626 Epoch 45 Train Loss: 0.1805 Acc: 0.9390
2026-04-20 22:50:52,134 Epoch 45 Test Loss: 0.4356 Acc: 0.8617
2026-04-20 22:50:53,167 Epoch [46/100] Step [100/391] Loss: 0.1561
2026-04-20 22:50:53,969 Epoch [46/100] Step [200/391] Loss: 0.1784
2026-04-20 22:50:54,731 Epoch [46/100] Step [300/391] Loss: 0.1757
2026-04-20 22:50:55,460 Epoch 46 Train Loss: 0.1726 Acc: 0.9400
2026-04-20 22:50:55,973 Epoch 46 Test Loss: 0.4648 Acc: 0.8564
2026-04-20 22:50:57,003 Epoch [47/100] Step [100/391] Loss: 0.1947
2026-04-20 22:50:57,804 Epoch [47/100] Step [200/391] Loss: 0.1906
2026-04-20 22:50:58,570 Epoch [47/100] Step [300/391] Loss: 0.2433
2026-04-20 22:50:59,298 Epoch 47 Train Loss: 0.1680 Acc: 0.9410
2026-04-20 22:50:59,800 Epoch 47 Test Loss: 0.4474 Acc: 0.8629
2026-04-20 22:51:00,830 Epoch [48/100] Step [100/391] Loss: 0.1706
2026-04-20 22:51:01,638 Epoch [48/100] Step [200/391] Loss: 0.1330
2026-04-20 22:51:02,403 Epoch [48/100] Step [300/391] Loss: 0.1589
2026-04-20 22:51:03,131 Epoch 48 Train Loss: 0.1609 Acc: 0.9446
2026-04-20 22:51:03,629 Epoch 48 Test Loss: 0.4520 Acc: 0.8608
2026-04-20 22:51:04,962 Epoch [49/100] Step [100/391] Loss: 0.0960
2026-04-20 22:51:05,755 Epoch [49/100] Step [200/391] Loss: 0.0940
2026-04-20 22:51:06,515 Epoch [49/100] Step [300/391] Loss: 0.1085
2026-04-20 22:51:07,250 Epoch 49 Train Loss: 0.1603 Acc: 0.9436
2026-04-20 22:51:07,749 Epoch 49 Test Loss: 0.4159 Acc: 0.8672
2026-04-20 22:51:07,788 Saved new best checkpoint: model_ckpts/cnn_archcnn_conv64-64-128-256_fc512_bs128_optadam_lr0.001_schedcosine_drop0.1_seed42/best.pth
2026-04-20 22:51:08,804 Epoch [50/100] Step [100/391] Loss: 0.1537
2026-04-20 22:51:09,609 Epoch [50/100] Step [200/391] Loss: 0.1792
2026-04-20 22:51:10,375 Epoch [50/100] Step [300/391] Loss: 0.2028
2026-04-20 22:51:11,109 Epoch 50 Train Loss: 0.1545 Acc: 0.9462
2026-04-20 22:51:11,603 Epoch 50 Test Loss: 0.4368 Acc: 0.8646
2026-04-20 22:51:12,641 Epoch [51/100] Step [100/391] Loss: 0.1499
2026-04-20 22:51:13,444 Epoch [51/100] Step [200/391] Loss: 0.2113
2026-04-20 22:51:14,207 Epoch [51/100] Step [300/391] Loss: 0.2053
2026-04-20 22:51:14,932 Epoch 51 Train Loss: 0.1533 Acc: 0.9470
2026-04-20 22:51:15,441 Epoch 51 Test Loss: 0.4644 Acc: 0.8612
2026-04-20 22:51:16,483 Epoch [52/100] Step [100/391] Loss: 0.0881
2026-04-20 22:51:17,286 Epoch [52/100] Step [200/391] Loss: 0.1122
2026-04-20 22:51:18,050 Epoch [52/100] Step [300/391] Loss: 0.1735
2026-04-20 22:51:18,776 Epoch 52 Train Loss: 0.1441 Acc: 0.9502
2026-04-20 22:51:19,285 Epoch 52 Test Loss: 0.4097 Acc: 0.8720
2026-04-20 22:51:19,324 Saved new best checkpoint: model_ckpts/cnn_archcnn_conv64-64-128-256_fc512_bs128_optadam_lr0.001_schedcosine_drop0.1_seed42/best.pth
2026-04-20 22:51:20,337 Epoch [53/100] Step [100/391] Loss: 0.0880
2026-04-20 22:51:21,151 Epoch [53/100] Step [200/391] Loss: 0.1157
2026-04-20 22:51:21,917 Epoch [53/100] Step [300/391] Loss: 0.1272
2026-04-20 22:51:22,652 Epoch 53 Train Loss: 0.1378 Acc: 0.9531
2026-04-20 22:51:23,169 Epoch 53 Test Loss: 0.4566 Acc: 0.8598
2026-04-20 22:51:24,208 Epoch [54/100] Step [100/391] Loss: 0.1182
2026-04-20 22:51:25,018 Epoch [54/100] Step [200/391] Loss: 0.0340
2026-04-20 22:51:25,785 Epoch [54/100] Step [300/391] Loss: 0.1392
2026-04-20 22:51:26,523 Epoch 54 Train Loss: 0.1349 Acc: 0.9530
2026-04-20 22:51:27,028 Epoch 54 Test Loss: 0.3997 Acc: 0.8760
2026-04-20 22:51:27,066 Saved new best checkpoint: model_ckpts/cnn_archcnn_conv64-64-128-256_fc512_bs128_optadam_lr0.001_schedcosine_drop0.1_seed42/best.pth
2026-04-20 22:51:28,083 Epoch [55/100] Step [100/391] Loss: 0.0531
2026-04-20 22:51:28,892 Epoch [55/100] Step [200/391] Loss: 0.1255
2026-04-20 22:51:29,654 Epoch [55/100] Step [300/391] Loss: 0.2633
2026-04-20 22:51:30,391 Epoch 55 Train Loss: 0.1283 Acc: 0.9559
2026-04-20 22:51:30,898 Epoch 55 Test Loss: 0.4278 Acc: 0.8708
2026-04-20 22:51:31,941 Epoch [56/100] Step [100/391] Loss: 0.1502
2026-04-20 22:51:32,747 Epoch [56/100] Step [200/391] Loss: 0.1100
2026-04-20 22:51:33,517 Epoch [56/100] Step [300/391] Loss: 0.0715
2026-04-20 22:51:34,256 Epoch 56 Train Loss: 0.1258 Acc: 0.9564
2026-04-20 22:51:34,756 Epoch 56 Test Loss: 0.3985 Acc: 0.8808
2026-04-20 22:51:34,793 Saved new best checkpoint: model_ckpts/cnn_archcnn_conv64-64-128-256_fc512_bs128_optadam_lr0.001_schedcosine_drop0.1_seed42/best.pth
2026-04-20 22:51:35,809 Epoch [57/100] Step [100/391] Loss: 0.0960
2026-04-20 22:51:36,609 Epoch [57/100] Step [200/391] Loss: 0.1357
2026-04-20 22:51:37,387 Epoch [57/100] Step [300/391] Loss: 0.1421
2026-04-20 22:51:38,124 Epoch 57 Train Loss: 0.1190 Acc: 0.9602
2026-04-20 22:51:38,626 Epoch 57 Test Loss: 0.3854 Acc: 0.8845
2026-04-20 22:51:38,664 Saved new best checkpoint: model_ckpts/cnn_archcnn_conv64-64-128-256_fc512_bs128_optadam_lr0.001_schedcosine_drop0.1_seed42/best.pth
2026-04-20 22:51:39,685 Epoch [58/100] Step [100/391] Loss: 0.0578
2026-04-20 22:51:40,501 Epoch [58/100] Step [200/391] Loss: 0.0992
2026-04-20 22:51:41,270 Epoch [58/100] Step [300/391] Loss: 0.1231
2026-04-20 22:51:42,005 Epoch 58 Train Loss: 0.1130 Acc: 0.9628
2026-04-20 22:51:42,514 Epoch 58 Test Loss: 0.4109 Acc: 0.8748
2026-04-20 22:51:43,562 Epoch [59/100] Step [100/391] Loss: 0.1254
2026-04-20 22:51:44,383 Epoch [59/100] Step [200/391] Loss: 0.1527
2026-04-20 22:51:45,160 Epoch [59/100] Step [300/391] Loss: 0.1099
2026-04-20 22:51:45,907 Epoch 59 Train Loss: 0.1084 Acc: 0.9636
2026-04-20 22:51:46,421 Epoch 59 Test Loss: 0.3956 Acc: 0.8812
2026-04-20 22:51:47,495 Epoch [60/100] Step [100/391] Loss: 0.1128
2026-04-20 22:51:48,315 Epoch [60/100] Step [200/391] Loss: 0.0954
2026-04-20 22:51:49,139 Epoch [60/100] Step [300/391] Loss: 0.1443
2026-04-20 22:51:49,900 Epoch 60 Train Loss: 0.1076 Acc: 0.9625
2026-04-20 22:51:50,400 Epoch 60 Test Loss: 0.4451 Acc: 0.8651
2026-04-20 22:51:51,479 Epoch [61/100] Step [100/391] Loss: 0.1428
2026-04-20 22:51:52,297 Epoch [61/100] Step [200/391] Loss: 0.1172
2026-04-20 22:51:53,089 Epoch [61/100] Step [300/391] Loss: 0.0850
2026-04-20 22:51:53,840 Epoch 61 Train Loss: 0.1008 Acc: 0.9667
2026-04-20 22:51:54,336 Epoch 61 Test Loss: 0.4024 Acc: 0.8797
2026-04-20 22:51:55,413 Epoch [62/100] Step [100/391] Loss: 0.1101
2026-04-20 22:51:56,231 Epoch [62/100] Step [200/391] Loss: 0.1039
2026-04-20 22:51:57,022 Epoch [62/100] Step [300/391] Loss: 0.0820
2026-04-20 22:51:57,777 Epoch 62 Train Loss: 0.0995 Acc: 0.9659
2026-04-20 22:51:58,282 Epoch 62 Test Loss: 0.3813 Acc: 0.8820
2026-04-20 22:51:59,522 Epoch [63/100] Step [100/391] Loss: 0.0939
2026-04-20 22:52:00,339 Epoch [63/100] Step [200/391] Loss: 0.1020
2026-04-20 22:52:01,129 Epoch [63/100] Step [300/391] Loss: 0.0609
2026-04-20 22:52:01,889 Epoch 63 Train Loss: 0.0931 Acc: 0.9694
2026-04-20 22:52:02,734 Epoch 63 Test Loss: 0.4110 Acc: 0.8796
2026-04-20 22:52:03,940 Epoch [64/100] Step [100/391] Loss: 0.0936
2026-04-20 22:52:04,765 Epoch [64/100] Step [200/391] Loss: 0.1010
2026-04-20 22:52:05,557 Epoch [64/100] Step [300/391] Loss: 0.0690
2026-04-20 22:52:06,312 Epoch 64 Train Loss: 0.0900 Acc: 0.9698
2026-04-20 22:52:06,820 Epoch 64 Test Loss: 0.4356 Acc: 0.8698
2026-04-20 22:52:07,897 Epoch [65/100] Step [100/391] Loss: 0.0606
2026-04-20 22:52:08,714 Epoch [65/100] Step [200/391] Loss: 0.1027
2026-04-20 22:52:09,503 Epoch [65/100] Step [300/391] Loss: 0.0586
2026-04-20 22:52:10,247 Epoch 65 Train Loss: 0.0836 Acc: 0.9730
2026-04-20 22:52:10,744 Epoch 65 Test Loss: 0.3864 Acc: 0.8835
2026-04-20 22:52:11,837 Epoch [66/100] Step [100/391] Loss: 0.0480
2026-04-20 22:52:12,661 Epoch [66/100] Step [200/391] Loss: 0.0535
2026-04-20 22:52:13,452 Epoch [66/100] Step [300/391] Loss: 0.0850
2026-04-20 22:52:14,201 Epoch 66 Train Loss: 0.0807 Acc: 0.9736
2026-04-20 22:52:14,694 Epoch 66 Test Loss: 0.3997 Acc: 0.8834
2026-04-20 22:52:15,783 Epoch [67/100] Step [100/391] Loss: 0.0445
2026-04-20 22:52:16,600 Epoch [67/100] Step [200/391] Loss: 0.0418
2026-04-20 22:52:17,394 Epoch [67/100] Step [300/391] Loss: 0.0750
2026-04-20 22:52:18,145 Epoch 67 Train Loss: 0.0793 Acc: 0.9747
2026-04-20 22:52:18,655 Epoch 67 Test Loss: 0.4339 Acc: 0.8764
2026-04-20 22:52:19,744 Epoch [68/100] Step [100/391] Loss: 0.0869
2026-04-20 22:52:20,564 Epoch [68/100] Step [200/391] Loss: 0.0860
2026-04-20 22:52:21,351 Epoch [68/100] Step [300/391] Loss: 0.0712
2026-04-20 22:52:22,081 Epoch 68 Train Loss: 0.0717 Acc: 0.9773
2026-04-20 22:52:22,580 Epoch 68 Test Loss: 0.3832 Acc: 0.8833
2026-04-20 22:52:23,641 Epoch [69/100] Step [100/391] Loss: 0.0742
2026-04-20 22:52:24,458 Epoch [69/100] Step [200/391] Loss: 0.0531
2026-04-20 22:52:25,228 Epoch [69/100] Step [300/391] Loss: 0.0458
2026-04-20 22:52:25,959 Epoch 69 Train Loss: 0.0706 Acc: 0.9774
2026-04-20 22:52:26,455 Epoch 69 Test Loss: 0.4024 Acc: 0.8833
2026-04-20 22:52:27,514 Epoch [70/100] Step [100/391] Loss: 0.0438
2026-04-20 22:52:28,324 Epoch [70/100] Step [200/391] Loss: 0.0488
2026-04-20 22:52:29,104 Epoch [70/100] Step [300/391] Loss: 0.0542
2026-04-20 22:52:29,845 Epoch 70 Train Loss: 0.0618 Acc: 0.9809
2026-04-20 22:52:30,355 Epoch 70 Test Loss: 0.4244 Acc: 0.8784
2026-04-20 22:52:31,421 Epoch [71/100] Step [100/391] Loss: 0.0902
2026-04-20 22:52:32,241 Epoch [71/100] Step [200/391] Loss: 0.0542
2026-04-20 22:52:33,015 Epoch [71/100] Step [300/391] Loss: 0.0685
2026-04-20 22:52:33,752 Epoch 71 Train Loss: 0.0607 Acc: 0.9811
2026-04-20 22:52:34,253 Epoch 71 Test Loss: 0.4031 Acc: 0.8872
2026-04-20 22:52:34,291 Saved new best checkpoint: model_ckpts/cnn_archcnn_conv64-64-128-256_fc512_bs128_optadam_lr0.001_schedcosine_drop0.1_seed42/best.pth
2026-04-20 22:52:35,320 Epoch [72/100] Step [100/391] Loss: 0.0500
2026-04-20 22:52:36,140 Epoch [72/100] Step [200/391] Loss: 0.0464
2026-04-20 22:52:36,909 Epoch [72/100] Step [300/391] Loss: 0.0549
2026-04-20 22:52:37,650 Epoch 72 Train Loss: 0.0614 Acc: 0.9802
2026-04-20 22:52:38,155 Epoch 72 Test Loss: 0.4317 Acc: 0.8781
2026-04-20 22:52:39,209 Epoch [73/100] Step [100/391] Loss: 0.1033
2026-04-20 22:52:40,031 Epoch [73/100] Step [200/391] Loss: 0.0627
2026-04-20 22:52:40,803 Epoch [73/100] Step [300/391] Loss: 0.0229
2026-04-20 22:52:41,542 Epoch 73 Train Loss: 0.0579 Acc: 0.9822
2026-04-20 22:52:42,041 Epoch 73 Test Loss: 0.3987 Acc: 0.8828
2026-04-20 22:52:43,098 Epoch [74/100] Step [100/391] Loss: 0.0611
2026-04-20 22:52:43,918 Epoch [74/100] Step [200/391] Loss: 0.0489
2026-04-20 22:52:44,691 Epoch [74/100] Step [300/391] Loss: 0.0462
2026-04-20 22:52:45,432 Epoch 74 Train Loss: 0.0545 Acc: 0.9830
2026-04-20 22:52:45,936 Epoch 74 Test Loss: 0.3934 Acc: 0.8872
2026-04-20 22:52:47,113 Epoch [75/100] Step [100/391] Loss: 0.0511
2026-04-20 22:52:47,927 Epoch [75/100] Step [200/391] Loss: 0.0410
2026-04-20 22:52:48,697 Epoch [75/100] Step [300/391] Loss: 0.0358
2026-04-20 22:52:49,436 Epoch 75 Train Loss: 0.0492 Acc: 0.9862
2026-04-20 22:52:49,937 Epoch 75 Test Loss: 0.3999 Acc: 0.8901
2026-04-20 22:52:49,975 Saved new best checkpoint: model_ckpts/cnn_archcnn_conv64-64-128-256_fc512_bs128_optadam_lr0.001_schedcosine_drop0.1_seed42/best.pth
2026-04-20 22:52:51,000 Epoch [76/100] Step [100/391] Loss: 0.0214
2026-04-20 22:52:51,824 Epoch [76/100] Step [200/391] Loss: 0.0264
2026-04-20 22:52:52,597 Epoch [76/100] Step [300/391] Loss: 0.0404
2026-04-20 22:52:53,337 Epoch 76 Train Loss: 0.0464 Acc: 0.9869
2026-04-20 22:52:53,842 Epoch 76 Test Loss: 0.4026 Acc: 0.8849
2026-04-20 22:52:54,893 Epoch [77/100] Step [100/391] Loss: 0.0273
2026-04-20 22:52:55,709 Epoch [77/100] Step [200/391] Loss: 0.0246
2026-04-20 22:52:56,481 Epoch [77/100] Step [300/391] Loss: 0.0158
2026-04-20 22:52:57,214 Epoch 77 Train Loss: 0.0446 Acc: 0.9881
2026-04-20 22:52:57,708 Epoch 77 Test Loss: 0.4024 Acc: 0.8861
2026-04-20 22:52:58,766 Epoch [78/100] Step [100/391] Loss: 0.1024
2026-04-20 22:52:59,581 Epoch [78/100] Step [200/391] Loss: 0.0703
2026-04-20 22:53:00,358 Epoch [78/100] Step [300/391] Loss: 0.0285
2026-04-20 22:53:01,093 Epoch 78 Train Loss: 0.0444 Acc: 0.9876
2026-04-20 22:53:01,600 Epoch 78 Test Loss: 0.3850 Acc: 0.8870
2026-04-20 22:53:02,675 Epoch [79/100] Step [100/391] Loss: 0.0355
2026-04-20 22:53:03,492 Epoch [79/100] Step [200/391] Loss: 0.0205
2026-04-20 22:53:04,263 Epoch [79/100] Step [300/391] Loss: 0.0590
2026-04-20 22:53:04,998 Epoch 79 Train Loss: 0.0392 Acc: 0.9896
2026-04-20 22:53:05,506 Epoch 79 Test Loss: 0.3957 Acc: 0.8906
2026-04-20 22:53:05,545 Saved new best checkpoint: model_ckpts/cnn_archcnn_conv64-64-128-256_fc512_bs128_optadam_lr0.001_schedcosine_drop0.1_seed42/best.pth
2026-04-20 22:53:06,585 Epoch [80/100] Step [100/391] Loss: 0.0399
2026-04-20 22:53:07,409 Epoch [80/100] Step [200/391] Loss: 0.0418
2026-04-20 22:53:08,180 Epoch [80/100] Step [300/391] Loss: 0.0312
2026-04-20 22:53:08,914 Epoch 80 Train Loss: 0.0388 Acc: 0.9895
2026-04-20 22:53:09,411 Epoch 80 Test Loss: 0.3890 Acc: 0.8895
2026-04-20 22:53:10,471 Epoch [81/100] Step [100/391] Loss: 0.0421
2026-04-20 22:53:11,283 Epoch [81/100] Step [200/391] Loss: 0.0273
2026-04-20 22:53:12,064 Epoch [81/100] Step [300/391] Loss: 0.0300
2026-04-20 22:53:12,802 Epoch 81 Train Loss: 0.0356 Acc: 0.9910
2026-04-20 22:53:13,302 Epoch 81 Test Loss: 0.3989 Acc: 0.8892
2026-04-20 22:53:14,362 Epoch [82/100] Step [100/391] Loss: 0.0339
2026-04-20 22:53:15,175 Epoch [82/100] Step [200/391] Loss: 0.0171
2026-04-20 22:53:15,945 Epoch [82/100] Step [300/391] Loss: 0.0590
2026-04-20 22:53:16,686 Epoch 82 Train Loss: 0.0337 Acc: 0.9916
2026-04-20 22:53:17,188 Epoch 82 Test Loss: 0.3890 Acc: 0.8890
2026-04-20 22:53:18,249 Epoch [83/100] Step [100/391] Loss: 0.0653
2026-04-20 22:53:19,065 Epoch [83/100] Step [200/391] Loss: 0.0377
2026-04-20 22:53:19,835 Epoch [83/100] Step [300/391] Loss: 0.0417
2026-04-20 22:53:20,570 Epoch 83 Train Loss: 0.0323 Acc: 0.9922
2026-04-20 22:53:21,076 Epoch 83 Test Loss: 0.3870 Acc: 0.8914
2026-04-20 22:53:21,113 Saved new best checkpoint: model_ckpts/cnn_archcnn_conv64-64-128-256_fc512_bs128_optadam_lr0.001_schedcosine_drop0.1_seed42/best.pth
2026-04-20 22:53:22,134 Epoch [84/100] Step [100/391] Loss: 0.0453
2026-04-20 22:53:22,950 Epoch [84/100] Step [200/391] Loss: 0.0630
2026-04-20 22:53:23,719 Epoch [84/100] Step [300/391] Loss: 0.0194
2026-04-20 22:53:24,461 Epoch 84 Train Loss: 0.0295 Acc: 0.9938
2026-04-20 22:53:24,963 Epoch 84 Test Loss: 0.3936 Acc: 0.8895
2026-04-20 22:53:26,011 Epoch [85/100] Step [100/391] Loss: 0.0292
2026-04-20 22:53:26,820 Epoch [85/100] Step [200/391] Loss: 0.0257
2026-04-20 22:53:27,594 Epoch [85/100] Step [300/391] Loss: 0.0143
2026-04-20 22:53:28,327 Epoch 85 Train Loss: 0.0290 Acc: 0.9930
2026-04-20 22:53:28,831 Epoch 85 Test Loss: 0.3966 Acc: 0.8902
2026-04-20 22:53:29,875 Epoch [86/100] Step [100/391] Loss: 0.0261
2026-04-20 22:53:30,685 Epoch [86/100] Step [200/391] Loss: 0.0199
2026-04-20 22:53:31,457 Epoch [86/100] Step [300/391] Loss: 0.0175
2026-04-20 22:53:32,180 Epoch 86 Train Loss: 0.0277 Acc: 0.9942
2026-04-20 22:53:32,689 Epoch 86 Test Loss: 0.3903 Acc: 0.8885
2026-04-20 22:53:33,846 Epoch [87/100] Step [100/391] Loss: 0.0189
2026-04-20 22:53:34,648 Epoch [87/100] Step [200/391] Loss: 0.0189
2026-04-20 22:53:35,409 Epoch [87/100] Step [300/391] Loss: 0.0294
2026-04-20 22:53:36,139 Epoch 87 Train Loss: 0.0255 Acc: 0.9950
2026-04-20 22:53:36,647 Epoch 87 Test Loss: 0.3972 Acc: 0.8895
2026-04-20 22:53:37,685 Epoch [88/100] Step [100/391] Loss: 0.0162
2026-04-20 22:53:38,485 Epoch [88/100] Step [200/391] Loss: 0.0322
2026-04-20 22:53:39,246 Epoch [88/100] Step [300/391] Loss: 0.0228
2026-04-20 22:53:39,967 Epoch 88 Train Loss: 0.0251 Acc: 0.9953
2026-04-20 22:53:40,480 Epoch 88 Test Loss: 0.3883 Acc: 0.8904
2026-04-20 22:53:41,523 Epoch [89/100] Step [100/391] Loss: 0.0273
2026-04-20 22:53:42,327 Epoch [89/100] Step [200/391] Loss: 0.0409
2026-04-20 22:53:43,089 Epoch [89/100] Step [300/391] Loss: 0.0267
2026-04-20 22:53:43,818 Epoch 89 Train Loss: 0.0250 Acc: 0.9947
2026-04-20 22:53:44,331 Epoch 89 Test Loss: 0.3885 Acc: 0.8922
2026-04-20 22:53:44,368 Saved new best checkpoint: model_ckpts/cnn_archcnn_conv64-64-128-256_fc512_bs128_optadam_lr0.001_schedcosine_drop0.1_seed42/best.pth
2026-04-20 22:53:45,379 Epoch [90/100] Step [100/391] Loss: 0.0384
2026-04-20 22:53:46,184 Epoch [90/100] Step [200/391] Loss: 0.0190
2026-04-20 22:53:46,946 Epoch [90/100] Step [300/391] Loss: 0.0401
2026-04-20 22:53:47,677 Epoch 90 Train Loss: 0.0239 Acc: 0.9954
2026-04-20 22:53:48,196 Epoch 90 Test Loss: 0.3860 Acc: 0.8920
2026-04-20 22:53:49,232 Epoch [91/100] Step [100/391] Loss: 0.0166
2026-04-20 22:53:50,030 Epoch [91/100] Step [200/391] Loss: 0.0083
2026-04-20 22:53:50,791 Epoch [91/100] Step [300/391] Loss: 0.0307
2026-04-20 22:53:51,519 Epoch 91 Train Loss: 0.0224 Acc: 0.9956
2026-04-20 22:53:52,036 Epoch 91 Test Loss: 0.3886 Acc: 0.8917
2026-04-20 22:53:53,092 Epoch [92/100] Step [100/391] Loss: 0.0158
2026-04-20 22:53:53,898 Epoch [92/100] Step [200/391] Loss: 0.0302
2026-04-20 22:53:54,657 Epoch [92/100] Step [300/391] Loss: 0.0161
2026-04-20 22:53:55,390 Epoch 92 Train Loss: 0.0221 Acc: 0.9959
2026-04-20 22:53:55,885 Epoch 92 Test Loss: 0.3884 Acc: 0.8911
2026-04-20 22:53:56,914 Epoch [93/100] Step [100/391] Loss: 0.0212
2026-04-20 22:53:57,716 Epoch [93/100] Step [200/391] Loss: 0.0141
2026-04-20 22:53:58,479 Epoch [93/100] Step [300/391] Loss: 0.0204
2026-04-20 22:53:59,210 Epoch 93 Train Loss: 0.0209 Acc: 0.9965
2026-04-20 22:53:59,714 Epoch 93 Test Loss: 0.3856 Acc: 0.8920
2026-04-20 22:54:00,752 Epoch [94/100] Step [100/391] Loss: 0.0445
2026-04-20 22:54:01,553 Epoch [94/100] Step [200/391] Loss: 0.0128
2026-04-20 22:54:02,316 Epoch [94/100] Step [300/391] Loss: 0.0235
2026-04-20 22:54:03,046 Epoch 94 Train Loss: 0.0208 Acc: 0.9966
2026-04-20 22:54:03,549 Epoch 94 Test Loss: 0.3828 Acc: 0.8943
2026-04-20 22:54:03,588 Saved new best checkpoint: model_ckpts/cnn_archcnn_conv64-64-128-256_fc512_bs128_optadam_lr0.001_schedcosine_drop0.1_seed42/best.pth
2026-04-20 22:54:04,601 Epoch [95/100] Step [100/391] Loss: 0.0260
2026-04-20 22:54:05,401 Epoch [95/100] Step [200/391] Loss: 0.0222
2026-04-20 22:54:06,160 Epoch [95/100] Step [300/391] Loss: 0.0142
2026-04-20 22:54:06,939 Epoch 95 Train Loss: 0.0209 Acc: 0.9962
2026-04-20 22:54:07,457 Epoch 95 Test Loss: 0.3808 Acc: 0.8939
2026-04-20 22:54:08,513 Epoch [96/100] Step [100/391] Loss: 0.0115
2026-04-20 22:54:09,295 Epoch [96/100] Step [200/391] Loss: 0.0133
2026-04-20 22:54:10,074 Epoch [96/100] Step [300/391] Loss: 0.0161
2026-04-20 22:54:10,817 Epoch 96 Train Loss: 0.0195 Acc: 0.9969
2026-04-20 22:54:11,324 Epoch 96 Test Loss: 0.3873 Acc: 0.8923
2026-04-20 22:54:12,386 Epoch [97/100] Step [100/391] Loss: 0.0164
2026-04-20 22:54:13,166 Epoch [97/100] Step [200/391] Loss: 0.0213
2026-04-20 22:54:13,942 Epoch [97/100] Step [300/391] Loss: 0.0193
2026-04-20 22:54:14,686 Epoch 97 Train Loss: 0.0206 Acc: 0.9962
2026-04-20 22:54:15,186 Epoch 97 Test Loss: 0.3839 Acc: 0.8924
2026-04-20 22:54:16,245 Epoch [98/100] Step [100/391] Loss: 0.0281
2026-04-20 22:54:17,022 Epoch [98/100] Step [200/391] Loss: 0.0312
2026-04-20 22:54:17,802 Epoch [98/100] Step [300/391] Loss: 0.0087
2026-04-20 22:54:18,568 Epoch 98 Train Loss: 0.0199 Acc: 0.9967
2026-04-20 22:54:19,075 Epoch 98 Test Loss: 0.3847 Acc: 0.8931
2026-04-20 22:54:20,139 Epoch [99/100] Step [100/391] Loss: 0.0221
2026-04-20 22:54:20,941 Epoch [99/100] Step [200/391] Loss: 0.0567
2026-04-20 22:54:21,744 Epoch [99/100] Step [300/391] Loss: 0.0284
2026-04-20 22:54:22,509 Epoch 99 Train Loss: 0.0199 Acc: 0.9967
2026-04-20 22:54:23,013 Epoch 99 Test Loss: 0.3821 Acc: 0.8936
2026-04-20 22:54:24,395 Epoch [100/100] Step [100/391] Loss: 0.0141
2026-04-20 22:54:25,196 Epoch [100/100] Step [200/391] Loss: 0.0186
2026-04-20 22:54:25,992 Epoch [100/100] Step [300/391] Loss: 0.0174
2026-04-20 22:54:26,750 Epoch 100 Train Loss: 0.0195 Acc: 0.9966
2026-04-20 22:54:27,259 Epoch 100 Test Loss: 0.3838 Acc: 0.8938
2026-04-20 22:54:27,407 Training complete. Best test acc: 0.8943
