2026-04-20 23:55:02,694 Using device: cuda:0
2026-04-20 23:55:02,694 Using optimizer: sgd
2026-04-20 23:55:04,135 Epoch [1/100] Step [100/391] Loss: 1.8301
2026-04-20 23:55:04,942 Epoch [1/100] Step [200/391] Loss: 1.4035
2026-04-20 23:55:05,744 Epoch [1/100] Step [300/391] Loss: 1.4220
2026-04-20 23:55:06,637 Epoch 1 Train Loss: 1.6874 Acc: 0.3986
2026-04-20 23:55:07,145 Epoch 1 Test Loss: 1.6080 Acc: 0.4418
2026-04-20 23:55:07,166 Saved new best checkpoint: model_ckpts/cnn_archcnn_conv64-128-256_fc512_bs128_optsgd_lr0.1_schedstep_s30_g0.12_drop0.1_seed42/best.pth
2026-04-20 23:55:08,213 Epoch [2/100] Step [100/391] Loss: 1.4448
2026-04-20 23:55:09,014 Epoch [2/100] Step [200/391] Loss: 1.2790
2026-04-20 23:55:09,815 Epoch [2/100] Step [300/391] Loss: 1.2245
2026-04-20 23:55:10,589 Epoch 2 Train Loss: 1.2362 Acc: 0.5532
2026-04-20 23:55:11,073 Epoch 2 Test Loss: 1.3343 Acc: 0.5399
2026-04-20 23:55:11,098 Saved new best checkpoint: model_ckpts/cnn_archcnn_conv64-128-256_fc512_bs128_optsgd_lr0.1_schedstep_s30_g0.12_drop0.1_seed42/best.pth
2026-04-20 23:55:12,143 Epoch [3/100] Step [100/391] Loss: 1.0747
2026-04-20 23:55:12,948 Epoch [3/100] Step [200/391] Loss: 1.0315
2026-04-20 23:55:13,748 Epoch [3/100] Step [300/391] Loss: 0.9708
2026-04-20 23:55:14,528 Epoch 3 Train Loss: 1.0589 Acc: 0.6214
2026-04-20 23:55:15,025 Epoch 3 Test Loss: 1.2243 Acc: 0.5768
2026-04-20 23:55:15,049 Saved new best checkpoint: model_ckpts/cnn_archcnn_conv64-128-256_fc512_bs128_optsgd_lr0.1_schedstep_s30_g0.12_drop0.1_seed42/best.pth
2026-04-20 23:55:16,099 Epoch [4/100] Step [100/391] Loss: 1.0560
2026-04-20 23:55:16,905 Epoch [4/100] Step [200/391] Loss: 1.1338
2026-04-20 23:55:17,712 Epoch [4/100] Step [300/391] Loss: 0.9192
2026-04-20 23:55:18,480 Epoch 4 Train Loss: 0.9477 Acc: 0.6639
2026-04-20 23:55:18,988 Epoch 4 Test Loss: 1.2243 Acc: 0.5910
2026-04-20 23:55:19,013 Saved new best checkpoint: model_ckpts/cnn_archcnn_conv64-128-256_fc512_bs128_optsgd_lr0.1_schedstep_s30_g0.12_drop0.1_seed42/best.pth
2026-04-20 23:55:20,063 Epoch [5/100] Step [100/391] Loss: 1.0543
2026-04-20 23:55:20,866 Epoch [5/100] Step [200/391] Loss: 0.7279
2026-04-20 23:55:21,675 Epoch [5/100] Step [300/391] Loss: 0.9114
2026-04-20 23:55:22,432 Epoch 5 Train Loss: 0.8695 Acc: 0.6929
2026-04-20 23:55:22,922 Epoch 5 Test Loss: 0.9143 Acc: 0.6819
2026-04-20 23:55:22,947 Saved new best checkpoint: model_ckpts/cnn_archcnn_conv64-128-256_fc512_bs128_optsgd_lr0.1_schedstep_s30_g0.12_drop0.1_seed42/best.pth
2026-04-20 23:55:24,004 Epoch [6/100] Step [100/391] Loss: 0.7581
2026-04-20 23:55:24,812 Epoch [6/100] Step [200/391] Loss: 0.9242
2026-04-20 23:55:25,614 Epoch [6/100] Step [300/391] Loss: 0.7518
2026-04-20 23:55:26,372 Epoch 6 Train Loss: 0.8072 Acc: 0.7184
2026-04-20 23:55:26,867 Epoch 6 Test Loss: 1.3938 Acc: 0.5878
2026-04-20 23:55:27,923 Epoch [7/100] Step [100/391] Loss: 0.6337
2026-04-20 23:55:28,729 Epoch [7/100] Step [200/391] Loss: 0.8558
2026-04-20 23:55:29,530 Epoch [7/100] Step [300/391] Loss: 0.8268
2026-04-20 23:55:30,291 Epoch 7 Train Loss: 0.7805 Acc: 0.7252
2026-04-20 23:55:30,778 Epoch 7 Test Loss: 1.6731 Acc: 0.5653
2026-04-20 23:55:31,846 Epoch [8/100] Step [100/391] Loss: 0.7209
2026-04-20 23:55:32,649 Epoch [8/100] Step [200/391] Loss: 0.6790
2026-04-20 23:55:33,454 Epoch [8/100] Step [300/391] Loss: 0.9844
2026-04-20 23:55:34,219 Epoch 8 Train Loss: 0.7443 Acc: 0.7391
2026-04-20 23:55:34,714 Epoch 8 Test Loss: 1.1841 Acc: 0.6201
2026-04-20 23:55:35,785 Epoch [9/100] Step [100/391] Loss: 0.6734
2026-04-20 23:55:36,587 Epoch [9/100] Step [200/391] Loss: 0.8194
2026-04-20 23:55:37,387 Epoch [9/100] Step [300/391] Loss: 0.7078
2026-04-20 23:55:38,146 Epoch 9 Train Loss: 0.7256 Acc: 0.7474
2026-04-20 23:55:38,644 Epoch 9 Test Loss: 1.7159 Acc: 0.5158
2026-04-20 23:55:39,833 Epoch [10/100] Step [100/391] Loss: 0.7455
2026-04-20 23:55:40,633 Epoch [10/100] Step [200/391] Loss: 0.6700
2026-04-20 23:55:41,437 Epoch [10/100] Step [300/391] Loss: 0.7853
2026-04-20 23:55:42,199 Epoch 10 Train Loss: 0.6987 Acc: 0.7564
2026-04-20 23:55:42,685 Epoch 10 Test Loss: 1.5137 Acc: 0.5425
2026-04-20 23:55:43,736 Epoch [11/100] Step [100/391] Loss: 0.6483
2026-04-20 23:55:44,539 Epoch [11/100] Step [200/391] Loss: 0.7190
2026-04-20 23:55:45,341 Epoch [11/100] Step [300/391] Loss: 0.5485
2026-04-20 23:55:46,105 Epoch 11 Train Loss: 0.6899 Acc: 0.7609
2026-04-20 23:55:46,606 Epoch 11 Test Loss: 1.1241 Acc: 0.6412
2026-04-20 23:55:47,658 Epoch [12/100] Step [100/391] Loss: 0.8091
2026-04-20 23:55:48,462 Epoch [12/100] Step [200/391] Loss: 0.6680
2026-04-20 23:55:49,266 Epoch [12/100] Step [300/391] Loss: 0.7160
2026-04-20 23:55:50,027 Epoch 12 Train Loss: 0.6733 Acc: 0.7633
2026-04-20 23:55:50,525 Epoch 12 Test Loss: 1.4414 Acc: 0.5635
2026-04-20 23:55:51,577 Epoch [13/100] Step [100/391] Loss: 0.7208
2026-04-20 23:55:52,381 Epoch [13/100] Step [200/391] Loss: 0.8586
2026-04-20 23:55:53,182 Epoch [13/100] Step [300/391] Loss: 0.5239
2026-04-20 23:55:53,941 Epoch 13 Train Loss: 0.6620 Acc: 0.7691
2026-04-20 23:55:54,432 Epoch 13 Test Loss: 1.2097 Acc: 0.6341
2026-04-20 23:55:55,496 Epoch [14/100] Step [100/391] Loss: 0.6396
2026-04-20 23:55:56,302 Epoch [14/100] Step [200/391] Loss: 0.6351
2026-04-20 23:55:57,105 Epoch [14/100] Step [300/391] Loss: 0.6673
2026-04-20 23:55:57,860 Epoch 14 Train Loss: 0.6572 Acc: 0.7698
2026-04-20 23:55:58,350 Epoch 14 Test Loss: 1.5251 Acc: 0.5878
2026-04-20 23:55:59,411 Epoch [15/100] Step [100/391] Loss: 0.6996
2026-04-20 23:56:00,214 Epoch [15/100] Step [200/391] Loss: 0.6853
2026-04-20 23:56:01,011 Epoch [15/100] Step [300/391] Loss: 0.5428
2026-04-20 23:56:01,776 Epoch 15 Train Loss: 0.6430 Acc: 0.7766
2026-04-20 23:56:02,272 Epoch 15 Test Loss: 1.3607 Acc: 0.5994
2026-04-20 23:56:03,340 Epoch [16/100] Step [100/391] Loss: 0.6482
2026-04-20 23:56:04,144 Epoch [16/100] Step [200/391] Loss: 0.6925
2026-04-20 23:56:04,945 Epoch [16/100] Step [300/391] Loss: 0.6654
2026-04-20 23:56:05,703 Epoch 16 Train Loss: 0.6292 Acc: 0.7808
2026-04-20 23:56:06,192 Epoch 16 Test Loss: 1.0785 Acc: 0.6547
2026-04-20 23:56:07,264 Epoch [17/100] Step [100/391] Loss: 0.6636
2026-04-20 23:56:08,064 Epoch [17/100] Step [200/391] Loss: 0.6597
2026-04-20 23:56:08,868 Epoch [17/100] Step [300/391] Loss: 0.6611
2026-04-20 23:56:09,627 Epoch 17 Train Loss: 0.6273 Acc: 0.7820
2026-04-20 23:56:10,130 Epoch 17 Test Loss: 1.0483 Acc: 0.6748
2026-04-20 23:56:11,198 Epoch [18/100] Step [100/391] Loss: 0.6588
2026-04-20 23:56:12,002 Epoch [18/100] Step [200/391] Loss: 0.7087
2026-04-20 23:56:12,803 Epoch [18/100] Step [300/391] Loss: 0.7060
2026-04-20 23:56:13,569 Epoch 18 Train Loss: 0.6220 Acc: 0.7839
2026-04-20 23:56:14,066 Epoch 18 Test Loss: 0.8041 Acc: 0.7321
2026-04-20 23:56:14,092 Saved new best checkpoint: model_ckpts/cnn_archcnn_conv64-128-256_fc512_bs128_optsgd_lr0.1_schedstep_s30_g0.12_drop0.1_seed42/best.pth
2026-04-20 23:56:15,156 Epoch [19/100] Step [100/391] Loss: 0.5732
2026-04-20 23:56:15,962 Epoch [19/100] Step [200/391] Loss: 0.7010
2026-04-20 23:56:16,768 Epoch [19/100] Step [300/391] Loss: 0.6366
2026-04-20 23:56:17,531 Epoch 19 Train Loss: 0.6128 Acc: 0.7866
2026-04-20 23:56:18,019 Epoch 19 Test Loss: 1.0833 Acc: 0.6657
2026-04-20 23:56:19,098 Epoch [20/100] Step [100/391] Loss: 0.5331
2026-04-20 23:56:19,906 Epoch [20/100] Step [200/391] Loss: 0.6921
2026-04-20 23:56:20,714 Epoch [20/100] Step [300/391] Loss: 0.6608
2026-04-20 23:56:21,482 Epoch 20 Train Loss: 0.6143 Acc: 0.7851
2026-04-20 23:56:21,977 Epoch 20 Test Loss: 1.0023 Acc: 0.6820
2026-04-20 23:56:23,064 Epoch [21/100] Step [100/391] Loss: 0.6995
2026-04-20 23:56:23,872 Epoch [21/100] Step [200/391] Loss: 0.5971
2026-04-20 23:56:24,679 Epoch [21/100] Step [300/391] Loss: 0.5614
2026-04-20 23:56:25,444 Epoch 21 Train Loss: 0.6155 Acc: 0.7868
2026-04-20 23:56:25,945 Epoch 21 Test Loss: 1.1076 Acc: 0.6603
2026-04-20 23:56:27,040 Epoch [22/100] Step [100/391] Loss: 0.5360
2026-04-20 23:56:27,855 Epoch [22/100] Step [200/391] Loss: 0.4538
2026-04-20 23:56:28,673 Epoch [22/100] Step [300/391] Loss: 0.4904
2026-04-20 23:56:29,448 Epoch 22 Train Loss: 0.6004 Acc: 0.7896
2026-04-20 23:56:29,947 Epoch 22 Test Loss: 1.5365 Acc: 0.5547
2026-04-20 23:56:31,198 Epoch [23/100] Step [100/391] Loss: 0.5986
2026-04-20 23:56:32,020 Epoch [23/100] Step [200/391] Loss: 0.7400
2026-04-20 23:56:32,832 Epoch [23/100] Step [300/391] Loss: 0.5615
2026-04-20 23:56:33,603 Epoch 23 Train Loss: 0.5962 Acc: 0.7924
2026-04-20 23:56:34,105 Epoch 23 Test Loss: 1.0080 Acc: 0.6696
2026-04-20 23:56:35,165 Epoch [24/100] Step [100/391] Loss: 0.5050
2026-04-20 23:56:35,962 Epoch [24/100] Step [200/391] Loss: 0.5289
2026-04-20 23:56:36,759 Epoch [24/100] Step [300/391] Loss: 0.5771
2026-04-20 23:56:37,523 Epoch 24 Train Loss: 0.5989 Acc: 0.7913
2026-04-20 23:56:38,020 Epoch 24 Test Loss: 1.2469 Acc: 0.6174
2026-04-20 23:56:39,084 Epoch [25/100] Step [100/391] Loss: 0.6040
2026-04-20 23:56:39,879 Epoch [25/100] Step [200/391] Loss: 0.6330
2026-04-20 23:56:40,675 Epoch [25/100] Step [300/391] Loss: 0.6417
2026-04-20 23:56:41,429 Epoch 25 Train Loss: 0.5979 Acc: 0.7920
2026-04-20 23:56:41,924 Epoch 25 Test Loss: 0.8311 Acc: 0.7225
2026-04-20 23:56:42,982 Epoch [26/100] Step [100/391] Loss: 0.4344
2026-04-20 23:56:43,792 Epoch [26/100] Step [200/391] Loss: 0.7082
2026-04-20 23:56:44,600 Epoch [26/100] Step [300/391] Loss: 0.5232
2026-04-20 23:56:45,373 Epoch 26 Train Loss: 0.5885 Acc: 0.7934
2026-04-20 23:56:45,874 Epoch 26 Test Loss: 1.2391 Acc: 0.6172
2026-04-20 23:56:46,951 Epoch [27/100] Step [100/391] Loss: 0.7641
2026-04-20 23:56:47,763 Epoch [27/100] Step [200/391] Loss: 0.5882
2026-04-20 23:56:48,572 Epoch [27/100] Step [300/391] Loss: 0.4292
2026-04-20 23:56:49,340 Epoch 27 Train Loss: 0.5904 Acc: 0.7956
2026-04-20 23:56:49,829 Epoch 27 Test Loss: 1.6935 Acc: 0.5788
2026-04-20 23:56:50,909 Epoch [28/100] Step [100/391] Loss: 0.5266
2026-04-20 23:56:51,722 Epoch [28/100] Step [200/391] Loss: 0.4944
2026-04-20 23:56:52,533 Epoch [28/100] Step [300/391] Loss: 0.5063
2026-04-20 23:56:53,301 Epoch 28 Train Loss: 0.5804 Acc: 0.7983
2026-04-20 23:56:53,794 Epoch 28 Test Loss: 1.1409 Acc: 0.6353
2026-04-20 23:56:54,872 Epoch [29/100] Step [100/391] Loss: 0.6480
2026-04-20 23:56:55,680 Epoch [29/100] Step [200/391] Loss: 0.5883
2026-04-20 23:56:56,493 Epoch [29/100] Step [300/391] Loss: 0.6854
2026-04-20 23:56:57,259 Epoch 29 Train Loss: 0.5930 Acc: 0.7939
2026-04-20 23:56:57,757 Epoch 29 Test Loss: 1.4589 Acc: 0.5944
2026-04-20 23:56:58,847 Epoch [30/100] Step [100/391] Loss: 0.5070
2026-04-20 23:56:59,654 Epoch [30/100] Step [200/391] Loss: 0.6350
2026-04-20 23:57:00,465 Epoch [30/100] Step [300/391] Loss: 0.4971
2026-04-20 23:57:01,231 Epoch 30 Train Loss: 0.5807 Acc: 0.7983
2026-04-20 23:57:01,721 Epoch 30 Test Loss: 2.0710 Acc: 0.5400
2026-04-20 23:57:02,810 Epoch [31/100] Step [100/391] Loss: 0.3111
2026-04-20 23:57:03,621 Epoch [31/100] Step [200/391] Loss: 0.2733
2026-04-20 23:57:04,434 Epoch [31/100] Step [300/391] Loss: 0.3689
2026-04-20 23:57:05,201 Epoch 31 Train Loss: 0.3947 Acc: 0.8658
2026-04-20 23:57:05,705 Epoch 31 Test Loss: 0.4590 Acc: 0.8412
2026-04-20 23:57:05,730 Saved new best checkpoint: model_ckpts/cnn_archcnn_conv64-128-256_fc512_bs128_optsgd_lr0.1_schedstep_s30_g0.12_drop0.1_seed42/best.pth
2026-04-20 23:57:06,787 Epoch [32/100] Step [100/391] Loss: 0.2887
2026-04-20 23:57:07,594 Epoch [32/100] Step [200/391] Loss: 0.4769
2026-04-20 23:57:08,406 Epoch [32/100] Step [300/391] Loss: 0.2877
2026-04-20 23:57:09,174 Epoch 32 Train Loss: 0.3412 Acc: 0.8838
2026-04-20 23:57:09,669 Epoch 32 Test Loss: 0.4259 Acc: 0.8535
2026-04-20 23:57:09,695 Saved new best checkpoint: model_ckpts/cnn_archcnn_conv64-128-256_fc512_bs128_optsgd_lr0.1_schedstep_s30_g0.12_drop0.1_seed42/best.pth
2026-04-20 23:57:10,752 Epoch [33/100] Step [100/391] Loss: 0.3061
2026-04-20 23:57:11,568 Epoch [33/100] Step [200/391] Loss: 0.2937
2026-04-20 23:57:12,379 Epoch [33/100] Step [300/391] Loss: 0.4415
2026-04-20 23:57:13,145 Epoch 33 Train Loss: 0.3180 Acc: 0.8909
2026-04-20 23:57:13,646 Epoch 33 Test Loss: 0.4402 Acc: 0.8545
2026-04-20 23:57:13,672 Saved new best checkpoint: model_ckpts/cnn_archcnn_conv64-128-256_fc512_bs128_optsgd_lr0.1_schedstep_s30_g0.12_drop0.1_seed42/best.pth
2026-04-20 23:57:14,730 Epoch [34/100] Step [100/391] Loss: 0.3352
2026-04-20 23:57:15,541 Epoch [34/100] Step [200/391] Loss: 0.3094
2026-04-20 23:57:16,351 Epoch [34/100] Step [300/391] Loss: 0.2765
2026-04-20 23:57:17,123 Epoch 34 Train Loss: 0.3019 Acc: 0.8982
2026-04-20 23:57:17,618 Epoch 34 Test Loss: 0.4322 Acc: 0.8540
2026-04-20 23:57:18,855 Epoch [35/100] Step [100/391] Loss: 0.3725
2026-04-20 23:57:19,667 Epoch [35/100] Step [200/391] Loss: 0.2740
2026-04-20 23:57:20,472 Epoch [35/100] Step [300/391] Loss: 0.3291
2026-04-20 23:57:21,238 Epoch 35 Train Loss: 0.2914 Acc: 0.9000
2026-04-20 23:57:21,737 Epoch 35 Test Loss: 0.4138 Acc: 0.8612
2026-04-20 23:57:21,763 Saved new best checkpoint: model_ckpts/cnn_archcnn_conv64-128-256_fc512_bs128_optsgd_lr0.1_schedstep_s30_g0.12_drop0.1_seed42/best.pth
2026-04-20 23:57:22,822 Epoch [36/100] Step [100/391] Loss: 0.3675
2026-04-20 23:57:23,633 Epoch [36/100] Step [200/391] Loss: 0.2748
2026-04-20 23:57:24,444 Epoch [36/100] Step [300/391] Loss: 0.3333
2026-04-20 23:57:25,210 Epoch 36 Train Loss: 0.2823 Acc: 0.9035
2026-04-20 23:57:25,715 Epoch 36 Test Loss: 0.5076 Acc: 0.8256
2026-04-20 23:57:26,795 Epoch [37/100] Step [100/391] Loss: 0.2446
2026-04-20 23:57:27,606 Epoch [37/100] Step [200/391] Loss: 0.2771
2026-04-20 23:57:28,420 Epoch [37/100] Step [300/391] Loss: 0.2558
2026-04-20 23:57:29,190 Epoch 37 Train Loss: 0.2715 Acc: 0.9059
2026-04-20 23:57:29,679 Epoch 37 Test Loss: 0.4219 Acc: 0.8615
2026-04-20 23:57:29,705 Saved new best checkpoint: model_ckpts/cnn_archcnn_conv64-128-256_fc512_bs128_optsgd_lr0.1_schedstep_s30_g0.12_drop0.1_seed42/best.pth
2026-04-20 23:57:30,781 Epoch [38/100] Step [100/391] Loss: 0.2343
2026-04-20 23:57:31,590 Epoch [38/100] Step [200/391] Loss: 0.2232
2026-04-20 23:57:32,402 Epoch [38/100] Step [300/391] Loss: 0.2032
2026-04-20 23:57:33,170 Epoch 38 Train Loss: 0.2667 Acc: 0.9088
2026-04-20 23:57:33,672 Epoch 38 Test Loss: 0.4544 Acc: 0.8506
2026-04-20 23:57:34,760 Epoch [39/100] Step [100/391] Loss: 0.2307
2026-04-20 23:57:35,576 Epoch [39/100] Step [200/391] Loss: 0.2199
2026-04-20 23:57:36,383 Epoch [39/100] Step [300/391] Loss: 0.3027
2026-04-20 23:57:37,152 Epoch 39 Train Loss: 0.2625 Acc: 0.9107
2026-04-20 23:57:37,648 Epoch 39 Test Loss: 0.5006 Acc: 0.8280
2026-04-20 23:57:38,752 Epoch [40/100] Step [100/391] Loss: 0.1632
2026-04-20 23:57:39,567 Epoch [40/100] Step [200/391] Loss: 0.2821
2026-04-20 23:57:40,378 Epoch [40/100] Step [300/391] Loss: 0.2648
2026-04-20 23:57:41,142 Epoch 40 Train Loss: 0.2579 Acc: 0.9108
2026-04-20 23:57:41,645 Epoch 40 Test Loss: 0.4664 Acc: 0.8489
2026-04-20 23:57:42,727 Epoch [41/100] Step [100/391] Loss: 0.3101
2026-04-20 23:57:43,531 Epoch [41/100] Step [200/391] Loss: 0.1467
2026-04-20 23:57:44,338 Epoch [41/100] Step [300/391] Loss: 0.2453
2026-04-20 23:57:45,111 Epoch 41 Train Loss: 0.2533 Acc: 0.9122
2026-04-20 23:57:45,611 Epoch 41 Test Loss: 0.4459 Acc: 0.8525
2026-04-20 23:57:46,695 Epoch [42/100] Step [100/391] Loss: 0.2730
2026-04-20 23:57:47,504 Epoch [42/100] Step [200/391] Loss: 0.3106
2026-04-20 23:57:48,314 Epoch [42/100] Step [300/391] Loss: 0.3048
2026-04-20 23:57:49,079 Epoch 42 Train Loss: 0.2432 Acc: 0.9165
2026-04-20 23:57:49,574 Epoch 42 Test Loss: 0.4378 Acc: 0.8578
2026-04-20 23:57:50,646 Epoch [43/100] Step [100/391] Loss: 0.2837
2026-04-20 23:57:51,454 Epoch [43/100] Step [200/391] Loss: 0.2817
2026-04-20 23:57:52,262 Epoch [43/100] Step [300/391] Loss: 0.2197
2026-04-20 23:57:53,033 Epoch 43 Train Loss: 0.2424 Acc: 0.9162
2026-04-20 23:57:53,537 Epoch 43 Test Loss: 0.4988 Acc: 0.8403
2026-04-20 23:57:54,607 Epoch [44/100] Step [100/391] Loss: 0.2167
2026-04-20 23:57:55,418 Epoch [44/100] Step [200/391] Loss: 0.2158
2026-04-20 23:57:56,234 Epoch [44/100] Step [300/391] Loss: 0.2292
2026-04-20 23:57:57,000 Epoch 44 Train Loss: 0.2381 Acc: 0.9187
2026-04-20 23:57:57,501 Epoch 44 Test Loss: 0.5998 Acc: 0.8139
2026-04-20 23:57:58,582 Epoch [45/100] Step [100/391] Loss: 0.1958
2026-04-20 23:57:59,394 Epoch [45/100] Step [200/391] Loss: 0.1720
2026-04-20 23:58:00,210 Epoch [45/100] Step [300/391] Loss: 0.2287
2026-04-20 23:58:00,978 Epoch 45 Train Loss: 0.2393 Acc: 0.9180
2026-04-20 23:58:01,476 Epoch 45 Test Loss: 0.4961 Acc: 0.8423
2026-04-20 23:58:02,548 Epoch [46/100] Step [100/391] Loss: 0.2366
2026-04-20 23:58:03,364 Epoch [46/100] Step [200/391] Loss: 0.2512
2026-04-20 23:58:04,181 Epoch [46/100] Step [300/391] Loss: 0.2022
2026-04-20 23:58:04,947 Epoch 46 Train Loss: 0.2299 Acc: 0.9225
2026-04-20 23:58:05,437 Epoch 46 Test Loss: 0.6337 Acc: 0.7938
2026-04-20 23:58:06,517 Epoch [47/100] Step [100/391] Loss: 0.1544
2026-04-20 23:58:07,329 Epoch [47/100] Step [200/391] Loss: 0.3041
2026-04-20 23:58:08,146 Epoch [47/100] Step [300/391] Loss: 0.2257
2026-04-20 23:58:08,920 Epoch 47 Train Loss: 0.2317 Acc: 0.9201
2026-04-20 23:58:09,425 Epoch 47 Test Loss: 0.7318 Acc: 0.7742
2026-04-20 23:58:10,634 Epoch [48/100] Step [100/391] Loss: 0.1826
2026-04-20 23:58:11,447 Epoch [48/100] Step [200/391] Loss: 0.2242
2026-04-20 23:58:12,262 Epoch [48/100] Step [300/391] Loss: 0.1790
2026-04-20 23:58:13,031 Epoch 48 Train Loss: 0.2289 Acc: 0.9199
2026-04-20 23:58:13,528 Epoch 48 Test Loss: 0.4708 Acc: 0.8496
2026-04-20 23:58:14,602 Epoch [49/100] Step [100/391] Loss: 0.1884
2026-04-20 23:58:15,413 Epoch [49/100] Step [200/391] Loss: 0.2907
2026-04-20 23:58:16,227 Epoch [49/100] Step [300/391] Loss: 0.2931
2026-04-20 23:58:16,991 Epoch 49 Train Loss: 0.2249 Acc: 0.9230
2026-04-20 23:58:17,492 Epoch 49 Test Loss: 0.5405 Acc: 0.8265
2026-04-20 23:58:18,579 Epoch [50/100] Step [100/391] Loss: 0.3099
2026-04-20 23:58:19,394 Epoch [50/100] Step [200/391] Loss: 0.2057
2026-04-20 23:58:20,207 Epoch [50/100] Step [300/391] Loss: 0.2757
2026-04-20 23:58:20,976 Epoch 50 Train Loss: 0.2257 Acc: 0.9221
2026-04-20 23:58:21,474 Epoch 50 Test Loss: 0.4695 Acc: 0.8482
2026-04-20 23:58:22,563 Epoch [51/100] Step [100/391] Loss: 0.2471
2026-04-20 23:58:23,378 Epoch [51/100] Step [200/391] Loss: 0.2260
2026-04-20 23:58:24,196 Epoch [51/100] Step [300/391] Loss: 0.3251
2026-04-20 23:58:24,969 Epoch 51 Train Loss: 0.2224 Acc: 0.9239
2026-04-20 23:58:25,470 Epoch 51 Test Loss: 0.4910 Acc: 0.8495
2026-04-20 23:58:26,549 Epoch [52/100] Step [100/391] Loss: 0.1587
2026-04-20 23:58:27,363 Epoch [52/100] Step [200/391] Loss: 0.1783
2026-04-20 23:58:28,179 Epoch [52/100] Step [300/391] Loss: 0.2326
2026-04-20 23:58:28,948 Epoch 52 Train Loss: 0.2207 Acc: 0.9244
2026-04-20 23:58:29,450 Epoch 52 Test Loss: 0.4721 Acc: 0.8502
2026-04-20 23:58:30,531 Epoch [53/100] Step [100/391] Loss: 0.2609
2026-04-20 23:58:31,342 Epoch [53/100] Step [200/391] Loss: 0.2348
2026-04-20 23:58:32,153 Epoch [53/100] Step [300/391] Loss: 0.2392
2026-04-20 23:58:32,928 Epoch 53 Train Loss: 0.2214 Acc: 0.9229
2026-04-20 23:58:33,427 Epoch 53 Test Loss: 0.4763 Acc: 0.8530
2026-04-20 23:58:34,512 Epoch [54/100] Step [100/391] Loss: 0.1702
2026-04-20 23:58:35,329 Epoch [54/100] Step [200/391] Loss: 0.2143
2026-04-20 23:58:36,147 Epoch [54/100] Step [300/391] Loss: 0.2124
2026-04-20 23:58:36,918 Epoch 54 Train Loss: 0.2199 Acc: 0.9250
2026-04-20 23:58:37,420 Epoch 54 Test Loss: 0.7072 Acc: 0.8003
2026-04-20 23:58:38,500 Epoch [55/100] Step [100/391] Loss: 0.2023
2026-04-20 23:58:39,310 Epoch [55/100] Step [200/391] Loss: 0.2390
2026-04-20 23:58:40,127 Epoch [55/100] Step [300/391] Loss: 0.1442
2026-04-20 23:58:40,895 Epoch 55 Train Loss: 0.2216 Acc: 0.9231
2026-04-20 23:58:41,382 Epoch 55 Test Loss: 0.5359 Acc: 0.8337
2026-04-20 23:58:42,464 Epoch [56/100] Step [100/391] Loss: 0.1971
2026-04-20 23:58:43,276 Epoch [56/100] Step [200/391] Loss: 0.2225
2026-04-20 23:58:44,091 Epoch [56/100] Step [300/391] Loss: 0.2148
2026-04-20 23:58:44,866 Epoch 56 Train Loss: 0.2183 Acc: 0.9247
2026-04-20 23:58:45,371 Epoch 56 Test Loss: 0.5176 Acc: 0.8346
2026-04-20 23:58:46,453 Epoch [57/100] Step [100/391] Loss: 0.2350
2026-04-20 23:58:47,270 Epoch [57/100] Step [200/391] Loss: 0.2189
2026-04-20 23:58:48,085 Epoch [57/100] Step [300/391] Loss: 0.2233
2026-04-20 23:58:48,853 Epoch 57 Train Loss: 0.2181 Acc: 0.9248
2026-04-20 23:58:49,337 Epoch 57 Test Loss: 0.6358 Acc: 0.8099
2026-04-20 23:58:50,420 Epoch [58/100] Step [100/391] Loss: 0.2929
2026-04-20 23:58:51,234 Epoch [58/100] Step [200/391] Loss: 0.2483
2026-04-20 23:58:52,044 Epoch [58/100] Step [300/391] Loss: 0.2183
2026-04-20 23:58:52,806 Epoch 58 Train Loss: 0.2175 Acc: 0.9241
2026-04-20 23:58:53,303 Epoch 58 Test Loss: 0.6318 Acc: 0.8053
2026-04-20 23:58:54,374 Epoch [59/100] Step [100/391] Loss: 0.1637
2026-04-20 23:58:55,177 Epoch [59/100] Step [200/391] Loss: 0.1590
2026-04-20 23:58:55,977 Epoch [59/100] Step [300/391] Loss: 0.2341
2026-04-20 23:58:56,735 Epoch 59 Train Loss: 0.2162 Acc: 0.9243
2026-04-20 23:58:57,230 Epoch 59 Test Loss: 0.4839 Acc: 0.8463
2026-04-20 23:58:58,295 Epoch [60/100] Step [100/391] Loss: 0.1409
2026-04-20 23:58:59,095 Epoch [60/100] Step [200/391] Loss: 0.2392
2026-04-20 23:58:59,898 Epoch [60/100] Step [300/391] Loss: 0.3015
2026-04-20 23:59:00,663 Epoch 60 Train Loss: 0.2142 Acc: 0.9268
2026-04-20 23:59:01,157 Epoch 60 Test Loss: 0.7602 Acc: 0.7695
2026-04-20 23:59:02,259 Epoch [61/100] Step [100/391] Loss: 0.1855
2026-04-20 23:59:03,061 Epoch [61/100] Step [200/391] Loss: 0.1479
2026-04-20 23:59:03,860 Epoch [61/100] Step [300/391] Loss: 0.1090
2026-04-20 23:59:04,625 Epoch 61 Train Loss: 0.1439 Acc: 0.9554
2026-04-20 23:59:05,126 Epoch 61 Test Loss: 0.3477 Acc: 0.8856
2026-04-20 23:59:05,152 Saved new best checkpoint: model_ckpts/cnn_archcnn_conv64-128-256_fc512_bs128_optsgd_lr0.1_schedstep_s30_g0.12_drop0.1_seed42/best.pth
2026-04-20 23:59:06,214 Epoch [62/100] Step [100/391] Loss: 0.1426
2026-04-20 23:59:07,016 Epoch [62/100] Step [200/391] Loss: 0.0949
2026-04-20 23:59:07,819 Epoch [62/100] Step [300/391] Loss: 0.1578
2026-04-20 23:59:08,582 Epoch 62 Train Loss: 0.1259 Acc: 0.9622
2026-04-20 23:59:09,074 Epoch 62 Test Loss: 0.3475 Acc: 0.8861
2026-04-20 23:59:09,100 Saved new best checkpoint: model_ckpts/cnn_archcnn_conv64-128-256_fc512_bs128_optsgd_lr0.1_schedstep_s30_g0.12_drop0.1_seed42/best.pth
2026-04-20 23:59:10,156 Epoch [63/100] Step [100/391] Loss: 0.1307
2026-04-20 23:59:10,957 Epoch [63/100] Step [200/391] Loss: 0.1607
2026-04-20 23:59:11,757 Epoch [63/100] Step [300/391] Loss: 0.1038
2026-04-20 23:59:12,523 Epoch 63 Train Loss: 0.1209 Acc: 0.9647
2026-04-20 23:59:13,030 Epoch 63 Test Loss: 0.3457 Acc: 0.8880
2026-04-20 23:59:13,056 Saved new best checkpoint: model_ckpts/cnn_archcnn_conv64-128-256_fc512_bs128_optsgd_lr0.1_schedstep_s30_g0.12_drop0.1_seed42/best.pth
2026-04-20 23:59:14,265 Epoch [64/100] Step [100/391] Loss: 0.1242
2026-04-20 23:59:15,067 Epoch [64/100] Step [200/391] Loss: 0.1470
2026-04-20 23:59:15,870 Epoch [64/100] Step [300/391] Loss: 0.1155
2026-04-20 23:59:16,632 Epoch 64 Train Loss: 0.1160 Acc: 0.9668
2026-04-20 23:59:17,143 Epoch 64 Test Loss: 0.3478 Acc: 0.8879
2026-04-20 23:59:18,216 Epoch [65/100] Step [100/391] Loss: 0.1279
2026-04-20 23:59:19,018 Epoch [65/100] Step [200/391] Loss: 0.1047
2026-04-20 23:59:19,821 Epoch [65/100] Step [300/391] Loss: 0.1565
2026-04-20 23:59:20,583 Epoch 65 Train Loss: 0.1139 Acc: 0.9669
2026-04-20 23:59:21,084 Epoch 65 Test Loss: 0.3464 Acc: 0.8875
2026-04-20 23:59:22,153 Epoch [66/100] Step [100/391] Loss: 0.1224
2026-04-20 23:59:22,951 Epoch [66/100] Step [200/391] Loss: 0.0975
2026-04-20 23:59:23,752 Epoch [66/100] Step [300/391] Loss: 0.1299
2026-04-20 23:59:24,517 Epoch 66 Train Loss: 0.1105 Acc: 0.9683
2026-04-20 23:59:25,025 Epoch 66 Test Loss: 0.3426 Acc: 0.8926
2026-04-20 23:59:25,051 Saved new best checkpoint: model_ckpts/cnn_archcnn_conv64-128-256_fc512_bs128_optsgd_lr0.1_schedstep_s30_g0.12_drop0.1_seed42/best.pth
2026-04-20 23:59:26,110 Epoch [67/100] Step [100/391] Loss: 0.1177
2026-04-20 23:59:26,914 Epoch [67/100] Step [200/391] Loss: 0.0863
2026-04-20 23:59:27,716 Epoch [67/100] Step [300/391] Loss: 0.1296
2026-04-20 23:59:28,474 Epoch 67 Train Loss: 0.1065 Acc: 0.9687
2026-04-20 23:59:28,980 Epoch 67 Test Loss: 0.3442 Acc: 0.8888
2026-04-20 23:59:30,054 Epoch [68/100] Step [100/391] Loss: 0.0906
2026-04-20 23:59:30,858 Epoch [68/100] Step [200/391] Loss: 0.1088
2026-04-20 23:59:31,660 Epoch [68/100] Step [300/391] Loss: 0.0815
2026-04-20 23:59:32,422 Epoch 68 Train Loss: 0.1047 Acc: 0.9700
2026-04-20 23:59:32,989 Epoch 68 Test Loss: 0.3515 Acc: 0.8898
2026-04-20 23:59:34,055 Epoch [69/100] Step [100/391] Loss: 0.0759
2026-04-20 23:59:34,857 Epoch [69/100] Step [200/391] Loss: 0.1199
2026-04-20 23:59:35,658 Epoch [69/100] Step [300/391] Loss: 0.1088
2026-04-20 23:59:36,418 Epoch 69 Train Loss: 0.1038 Acc: 0.9702
2026-04-20 23:59:36,917 Epoch 69 Test Loss: 0.3476 Acc: 0.8883
2026-04-20 23:59:37,988 Epoch [70/100] Step [100/391] Loss: 0.1141
2026-04-20 23:59:38,790 Epoch [70/100] Step [200/391] Loss: 0.0827
2026-04-20 23:59:39,592 Epoch [70/100] Step [300/391] Loss: 0.0595
2026-04-20 23:59:40,351 Epoch 70 Train Loss: 0.1007 Acc: 0.9711
2026-04-20 23:59:40,844 Epoch 70 Test Loss: 0.3518 Acc: 0.8870
2026-04-20 23:59:41,919 Epoch [71/100] Step [100/391] Loss: 0.1463
2026-04-20 23:59:42,723 Epoch [71/100] Step [200/391] Loss: 0.0646
2026-04-20 23:59:43,527 Epoch [71/100] Step [300/391] Loss: 0.1034
2026-04-20 23:59:44,290 Epoch 71 Train Loss: 0.0978 Acc: 0.9719
2026-04-20 23:59:44,785 Epoch 71 Test Loss: 0.3466 Acc: 0.8887
2026-04-20 23:59:45,864 Epoch [72/100] Step [100/391] Loss: 0.1127
2026-04-20 23:59:46,681 Epoch [72/100] Step [200/391] Loss: 0.0689
2026-04-20 23:59:47,497 Epoch [72/100] Step [300/391] Loss: 0.1191
2026-04-20 23:59:48,280 Epoch 72 Train Loss: 0.0963 Acc: 0.9728
2026-04-20 23:59:48,779 Epoch 72 Test Loss: 0.3510 Acc: 0.8877
2026-04-20 23:59:49,886 Epoch [73/100] Step [100/391] Loss: 0.1349
2026-04-20 23:59:50,703 Epoch [73/100] Step [200/391] Loss: 0.0864
2026-04-20 23:59:51,518 Epoch [73/100] Step [300/391] Loss: 0.1197
2026-04-20 23:59:52,298 Epoch 73 Train Loss: 0.0964 Acc: 0.9733
2026-04-20 23:59:52,794 Epoch 73 Test Loss: 0.3544 Acc: 0.8884
2026-04-20 23:59:53,893 Epoch [74/100] Step [100/391] Loss: 0.0771
2026-04-20 23:59:54,705 Epoch [74/100] Step [200/391] Loss: 0.0806
2026-04-20 23:59:55,508 Epoch [74/100] Step [300/391] Loss: 0.0869
2026-04-20 23:59:56,270 Epoch 74 Train Loss: 0.0921 Acc: 0.9751
2026-04-20 23:59:56,766 Epoch 74 Test Loss: 0.3601 Acc: 0.8847
2026-04-20 23:59:57,844 Epoch [75/100] Step [100/391] Loss: 0.0755
2026-04-20 23:59:58,645 Epoch [75/100] Step [200/391] Loss: 0.0707
2026-04-20 23:59:59,447 Epoch [75/100] Step [300/391] Loss: 0.1020
2026-04-21 00:00:00,213 Epoch 75 Train Loss: 0.0933 Acc: 0.9737
2026-04-21 00:00:00,705 Epoch 75 Test Loss: 0.3559 Acc: 0.8866
2026-04-21 00:00:01,779 Epoch [76/100] Step [100/391] Loss: 0.1358
2026-04-21 00:00:02,580 Epoch [76/100] Step [200/391] Loss: 0.0968
2026-04-21 00:00:03,382 Epoch [76/100] Step [300/391] Loss: 0.1197
2026-04-21 00:00:04,138 Epoch 76 Train Loss: 0.0912 Acc: 0.9744
2026-04-21 00:00:04,624 Epoch 76 Test Loss: 0.3601 Acc: 0.8878
2026-04-21 00:00:05,854 Epoch [77/100] Step [100/391] Loss: 0.0992
2026-04-21 00:00:06,655 Epoch [77/100] Step [200/391] Loss: 0.1251
2026-04-21 00:00:07,456 Epoch [77/100] Step [300/391] Loss: 0.0647
2026-04-21 00:00:08,229 Epoch 77 Train Loss: 0.0888 Acc: 0.9756
2026-04-21 00:00:08,739 Epoch 77 Test Loss: 0.3600 Acc: 0.8903
2026-04-21 00:00:09,829 Epoch [78/100] Step [100/391] Loss: 0.0972
2026-04-21 00:00:10,631 Epoch [78/100] Step [200/391] Loss: 0.0830
2026-04-21 00:00:11,436 Epoch [78/100] Step [300/391] Loss: 0.0618
2026-04-21 00:00:12,197 Epoch 78 Train Loss: 0.0876 Acc: 0.9765
2026-04-21 00:00:12,699 Epoch 78 Test Loss: 0.3616 Acc: 0.8867
2026-04-21 00:00:13,775 Epoch [79/100] Step [100/391] Loss: 0.1247
2026-04-21 00:00:14,579 Epoch [79/100] Step [200/391] Loss: 0.0690
2026-04-21 00:00:15,382 Epoch [79/100] Step [300/391] Loss: 0.1014
2026-04-21 00:00:16,150 Epoch 79 Train Loss: 0.0882 Acc: 0.9754
2026-04-21 00:00:16,652 Epoch 79 Test Loss: 0.3621 Acc: 0.8881
2026-04-21 00:00:17,741 Epoch [80/100] Step [100/391] Loss: 0.0993
2026-04-21 00:00:18,547 Epoch [80/100] Step [200/391] Loss: 0.0769
2026-04-21 00:00:19,351 Epoch [80/100] Step [300/391] Loss: 0.0665
2026-04-21 00:00:20,114 Epoch 80 Train Loss: 0.0865 Acc: 0.9761
2026-04-21 00:00:20,623 Epoch 80 Test Loss: 0.3589 Acc: 0.8899
2026-04-21 00:00:21,704 Epoch [81/100] Step [100/391] Loss: 0.0542
2026-04-21 00:00:22,507 Epoch [81/100] Step [200/391] Loss: 0.0656
2026-04-21 00:00:23,309 Epoch [81/100] Step [300/391] Loss: 0.0726
2026-04-21 00:00:24,072 Epoch 81 Train Loss: 0.0853 Acc: 0.9761
2026-04-21 00:00:24,566 Epoch 81 Test Loss: 0.3679 Acc: 0.8860
2026-04-21 00:00:25,642 Epoch [82/100] Step [100/391] Loss: 0.0559
2026-04-21 00:00:26,442 Epoch [82/100] Step [200/391] Loss: 0.0818
2026-04-21 00:00:27,242 Epoch [82/100] Step [300/391] Loss: 0.0613
2026-04-21 00:00:27,997 Epoch 82 Train Loss: 0.0848 Acc: 0.9764
2026-04-21 00:00:28,492 Epoch 82 Test Loss: 0.3724 Acc: 0.8848
2026-04-21 00:00:29,570 Epoch [83/100] Step [100/391] Loss: 0.0566
2026-04-21 00:00:30,372 Epoch [83/100] Step [200/391] Loss: 0.0383
2026-04-21 00:00:31,173 Epoch [83/100] Step [300/391] Loss: 0.1450
2026-04-21 00:00:31,932 Epoch 83 Train Loss: 0.0830 Acc: 0.9771
2026-04-21 00:00:32,439 Epoch 83 Test Loss: 0.3770 Acc: 0.8868
2026-04-21 00:00:33,503 Epoch [84/100] Step [100/391] Loss: 0.1048
2026-04-21 00:00:34,305 Epoch [84/100] Step [200/391] Loss: 0.0653
2026-04-21 00:00:35,104 Epoch [84/100] Step [300/391] Loss: 0.0592
2026-04-21 00:00:35,865 Epoch 84 Train Loss: 0.0820 Acc: 0.9770
2026-04-21 00:00:36,359 Epoch 84 Test Loss: 0.3676 Acc: 0.8878
2026-04-21 00:00:37,438 Epoch [85/100] Step [100/391] Loss: 0.0685
2026-04-21 00:00:38,242 Epoch [85/100] Step [200/391] Loss: 0.0569
2026-04-21 00:00:39,044 Epoch [85/100] Step [300/391] Loss: 0.0711
2026-04-21 00:00:39,803 Epoch 85 Train Loss: 0.0818 Acc: 0.9774
2026-04-21 00:00:40,285 Epoch 85 Test Loss: 0.3638 Acc: 0.8873
2026-04-21 00:00:41,343 Epoch [86/100] Step [100/391] Loss: 0.0911
2026-04-21 00:00:42,143 Epoch [86/100] Step [200/391] Loss: 0.0693
2026-04-21 00:00:42,945 Epoch [86/100] Step [300/391] Loss: 0.0790
2026-04-21 00:00:43,704 Epoch 86 Train Loss: 0.0796 Acc: 0.9780
2026-04-21 00:00:44,188 Epoch 86 Test Loss: 0.3722 Acc: 0.8880
2026-04-21 00:00:45,253 Epoch [87/100] Step [100/391] Loss: 0.0756
2026-04-21 00:00:46,055 Epoch [87/100] Step [200/391] Loss: 0.0763
2026-04-21 00:00:46,861 Epoch [87/100] Step [300/391] Loss: 0.0549
2026-04-21 00:00:47,622 Epoch 87 Train Loss: 0.0812 Acc: 0.9769
2026-04-21 00:00:48,113 Epoch 87 Test Loss: 0.3694 Acc: 0.8862
2026-04-21 00:00:49,390 Epoch [88/100] Step [100/391] Loss: 0.0689
2026-04-21 00:00:50,189 Epoch [88/100] Step [200/391] Loss: 0.0528
2026-04-21 00:00:50,990 Epoch [88/100] Step [300/391] Loss: 0.0425
2026-04-21 00:00:51,762 Epoch 88 Train Loss: 0.0802 Acc: 0.9774
2026-04-21 00:00:52,249 Epoch 88 Test Loss: 0.3712 Acc: 0.8887
2026-04-21 00:00:53,316 Epoch [89/100] Step [100/391] Loss: 0.0800
2026-04-21 00:00:54,119 Epoch [89/100] Step [200/391] Loss: 0.1196
2026-04-21 00:00:54,923 Epoch [89/100] Step [300/391] Loss: 0.0912
2026-04-21 00:00:55,688 Epoch 89 Train Loss: 0.0782 Acc: 0.9788
2026-04-21 00:00:56,194 Epoch 89 Test Loss: 0.3742 Acc: 0.8866
2026-04-21 00:00:57,258 Epoch [90/100] Step [100/391] Loss: 0.0710
2026-04-21 00:00:58,059 Epoch [90/100] Step [200/391] Loss: 0.0710
2026-04-21 00:00:58,860 Epoch [90/100] Step [300/391] Loss: 0.0892
2026-04-21 00:00:59,616 Epoch 90 Train Loss: 0.0771 Acc: 0.9787
2026-04-21 00:01:00,108 Epoch 90 Test Loss: 0.3777 Acc: 0.8858
2026-04-21 00:01:01,172 Epoch [91/100] Step [100/391] Loss: 0.0902
2026-04-21 00:01:01,975 Epoch [91/100] Step [200/391] Loss: 0.0651
2026-04-21 00:01:02,776 Epoch [91/100] Step [300/391] Loss: 0.0700
2026-04-21 00:01:03,537 Epoch 91 Train Loss: 0.0697 Acc: 0.9823
2026-04-21 00:01:04,043 Epoch 91 Test Loss: 0.3628 Acc: 0.8915
2026-04-21 00:01:05,108 Epoch [92/100] Step [100/391] Loss: 0.0470
2026-04-21 00:01:05,911 Epoch [92/100] Step [200/391] Loss: 0.0329
2026-04-21 00:01:06,711 Epoch [92/100] Step [300/391] Loss: 0.0686
2026-04-21 00:01:07,472 Epoch 92 Train Loss: 0.0686 Acc: 0.9824
2026-04-21 00:01:07,965 Epoch 92 Test Loss: 0.3597 Acc: 0.8924
2026-04-21 00:01:09,025 Epoch [93/100] Step [100/391] Loss: 0.0913
2026-04-21 00:01:09,827 Epoch [93/100] Step [200/391] Loss: 0.0545
2026-04-21 00:01:10,630 Epoch [93/100] Step [300/391] Loss: 0.0537
2026-04-21 00:01:11,394 Epoch 93 Train Loss: 0.0685 Acc: 0.9825
2026-04-21 00:01:11,886 Epoch 93 Test Loss: 0.3603 Acc: 0.8922
2026-04-21 00:01:12,954 Epoch [94/100] Step [100/391] Loss: 0.0522
2026-04-21 00:01:13,756 Epoch [94/100] Step [200/391] Loss: 0.0391
2026-04-21 00:01:14,560 Epoch [94/100] Step [300/391] Loss: 0.0648
2026-04-21 00:01:15,320 Epoch 94 Train Loss: 0.0674 Acc: 0.9832
2026-04-21 00:01:15,813 Epoch 94 Test Loss: 0.3637 Acc: 0.8920
2026-04-21 00:01:16,873 Epoch [95/100] Step [100/391] Loss: 0.0747
2026-04-21 00:01:17,675 Epoch [95/100] Step [200/391] Loss: 0.0386
2026-04-21 00:01:18,477 Epoch [95/100] Step [300/391] Loss: 0.0514
2026-04-21 00:01:19,235 Epoch 95 Train Loss: 0.0683 Acc: 0.9833
2026-04-21 00:01:19,732 Epoch 95 Test Loss: 0.3619 Acc: 0.8913
2026-04-21 00:01:20,798 Epoch [96/100] Step [100/391] Loss: 0.0545
2026-04-21 00:01:21,599 Epoch [96/100] Step [200/391] Loss: 0.0513
2026-04-21 00:01:22,400 Epoch [96/100] Step [300/391] Loss: 0.0696
2026-04-21 00:01:23,163 Epoch 96 Train Loss: 0.0672 Acc: 0.9831
2026-04-21 00:01:23,664 Epoch 96 Test Loss: 0.3600 Acc: 0.8921
2026-04-21 00:01:24,729 Epoch [97/100] Step [100/391] Loss: 0.0487
2026-04-21 00:01:25,530 Epoch [97/100] Step [200/391] Loss: 0.0575
2026-04-21 00:01:26,331 Epoch [97/100] Step [300/391] Loss: 0.1081
2026-04-21 00:01:27,088 Epoch 97 Train Loss: 0.0675 Acc: 0.9831
2026-04-21 00:01:27,581 Epoch 97 Test Loss: 0.3630 Acc: 0.8917
2026-04-21 00:01:28,649 Epoch [98/100] Step [100/391] Loss: 0.0729
2026-04-21 00:01:29,450 Epoch [98/100] Step [200/391] Loss: 0.0992
2026-04-21 00:01:30,249 Epoch [98/100] Step [300/391] Loss: 0.0535
2026-04-21 00:01:31,007 Epoch 98 Train Loss: 0.0672 Acc: 0.9833
2026-04-21 00:01:31,502 Epoch 98 Test Loss: 0.3614 Acc: 0.8899
2026-04-21 00:01:32,580 Epoch [99/100] Step [100/391] Loss: 0.0491
2026-04-21 00:01:33,382 Epoch [99/100] Step [200/391] Loss: 0.0547
2026-04-21 00:01:34,184 Epoch [99/100] Step [300/391] Loss: 0.0515
2026-04-21 00:01:34,938 Epoch 99 Train Loss: 0.0661 Acc: 0.9834
2026-04-21 00:01:35,428 Epoch 99 Test Loss: 0.3614 Acc: 0.8923
2026-04-21 00:01:36,492 Epoch [100/100] Step [100/391] Loss: 0.0734
2026-04-21 00:01:37,293 Epoch [100/100] Step [200/391] Loss: 0.0510
2026-04-21 00:01:38,094 Epoch [100/100] Step [300/391] Loss: 0.0532
2026-04-21 00:01:38,853 Epoch 100 Train Loss: 0.0675 Acc: 0.9831
2026-04-21 00:01:39,359 Epoch 100 Test Loss: 0.3630 Acc: 0.8909
2026-04-21 00:01:39,510 Training complete. Best test acc: 0.8926
