2026-04-20 19:04:14,431 Using device: cuda:0
2026-04-20 19:04:15,807 Epoch [1/100] Step [100/391] Loss: 1.9359
2026-04-20 19:04:16,593 Epoch [1/100] Step [200/391] Loss: 1.4537
2026-04-20 19:04:17,379 Epoch [1/100] Step [300/391] Loss: 1.4903
2026-04-20 19:04:18,251 Epoch 1 Train Loss: 1.6914 Acc: 0.3995
2026-04-20 19:04:18,739 Epoch 1 Test Loss: 1.6396 Acc: 0.4370
2026-04-20 19:04:18,755 Saved new best checkpoint: model_ckpts/cnn_conv64-128-256_fc512_bs128_lr0.1_seed42_ep1.pth
2026-04-20 19:04:19,648 Epoch [2/100] Step [100/391] Loss: 1.4678
2026-04-20 19:04:20,432 Epoch [2/100] Step [200/391] Loss: 1.2621
2026-04-20 19:04:21,217 Epoch [2/100] Step [300/391] Loss: 1.2449
2026-04-20 19:04:21,961 Epoch 2 Train Loss: 1.2214 Acc: 0.5578
2026-04-20 19:04:22,445 Epoch 2 Test Loss: 1.1932 Acc: 0.5754
2026-04-20 19:04:22,460 Saved new best checkpoint: model_ckpts/cnn_conv64-128-256_fc512_bs128_lr0.1_seed42_ep2.pth
2026-04-20 19:04:23,362 Epoch [3/100] Step [100/391] Loss: 1.0149
2026-04-20 19:04:24,150 Epoch [3/100] Step [200/391] Loss: 0.9881
2026-04-20 19:04:24,938 Epoch [3/100] Step [300/391] Loss: 0.9332
2026-04-20 19:04:25,677 Epoch 3 Train Loss: 1.0446 Acc: 0.6284
2026-04-20 19:04:26,167 Epoch 3 Test Loss: 1.4703 Acc: 0.5147
2026-04-20 19:04:27,056 Epoch [4/100] Step [100/391] Loss: 1.0309
2026-04-20 19:04:27,841 Epoch [4/100] Step [200/391] Loss: 1.1028
2026-04-20 19:04:28,625 Epoch [4/100] Step [300/391] Loss: 0.8839
2026-04-20 19:04:29,372 Epoch 4 Train Loss: 0.9442 Acc: 0.6652
2026-04-20 19:04:29,851 Epoch 4 Test Loss: 1.1763 Acc: 0.6156
2026-04-20 19:04:29,866 Saved new best checkpoint: model_ckpts/cnn_conv64-128-256_fc512_bs128_lr0.1_seed42_ep4.pth
2026-04-20 19:04:30,749 Epoch [5/100] Step [100/391] Loss: 1.0296
2026-04-20 19:04:31,534 Epoch [5/100] Step [200/391] Loss: 0.7735
2026-04-20 19:04:32,322 Epoch [5/100] Step [300/391] Loss: 0.9322
2026-04-20 19:04:33,066 Epoch 5 Train Loss: 0.8672 Acc: 0.6919
2026-04-20 19:04:33,535 Epoch 5 Test Loss: 1.1093 Acc: 0.6111
2026-04-20 19:04:34,430 Epoch [6/100] Step [100/391] Loss: 0.6933
2026-04-20 19:04:35,218 Epoch [6/100] Step [200/391] Loss: 0.8963
2026-04-20 19:04:36,007 Epoch [6/100] Step [300/391] Loss: 0.7647
2026-04-20 19:04:36,758 Epoch 6 Train Loss: 0.8086 Acc: 0.7166
2026-04-20 19:04:37,234 Epoch 6 Test Loss: 1.2490 Acc: 0.5928
2026-04-20 19:04:38,130 Epoch [7/100] Step [100/391] Loss: 0.6217
2026-04-20 19:04:38,918 Epoch [7/100] Step [200/391] Loss: 0.8747
2026-04-20 19:04:39,707 Epoch [7/100] Step [300/391] Loss: 0.7969
2026-04-20 19:04:40,452 Epoch 7 Train Loss: 0.7758 Acc: 0.7273
2026-04-20 19:04:40,927 Epoch 7 Test Loss: 1.0869 Acc: 0.6352
2026-04-20 19:04:40,941 Saved new best checkpoint: model_ckpts/cnn_conv64-128-256_fc512_bs128_lr0.1_seed42_ep7.pth
2026-04-20 19:04:41,832 Epoch [8/100] Step [100/391] Loss: 0.7666
2026-04-20 19:04:42,618 Epoch [8/100] Step [200/391] Loss: 0.6371
2026-04-20 19:04:43,404 Epoch [8/100] Step [300/391] Loss: 1.0284
2026-04-20 19:04:44,155 Epoch 8 Train Loss: 0.7417 Acc: 0.7406
2026-04-20 19:04:44,633 Epoch 8 Test Loss: 1.3728 Acc: 0.5835
2026-04-20 19:04:45,526 Epoch [9/100] Step [100/391] Loss: 0.6889
2026-04-20 19:04:46,317 Epoch [9/100] Step [200/391] Loss: 0.8423
2026-04-20 19:04:47,104 Epoch [9/100] Step [300/391] Loss: 0.7190
2026-04-20 19:04:47,851 Epoch 9 Train Loss: 0.7247 Acc: 0.7463
2026-04-20 19:04:48,328 Epoch 9 Test Loss: 1.4419 Acc: 0.5536
2026-04-20 19:04:49,221 Epoch [10/100] Step [100/391] Loss: 0.7211
2026-04-20 19:04:50,008 Epoch [10/100] Step [200/391] Loss: 0.7066
2026-04-20 19:04:50,795 Epoch [10/100] Step [300/391] Loss: 0.7761
2026-04-20 19:04:51,542 Epoch 10 Train Loss: 0.6931 Acc: 0.7576
2026-04-20 19:04:52,017 Epoch 10 Test Loss: 2.1251 Acc: 0.4627
2026-04-20 19:04:52,906 Epoch [11/100] Step [100/391] Loss: 0.6546
2026-04-20 19:04:53,692 Epoch [11/100] Step [200/391] Loss: 0.6744
2026-04-20 19:04:54,478 Epoch [11/100] Step [300/391] Loss: 0.5858
2026-04-20 19:04:55,215 Epoch 11 Train Loss: 0.6839 Acc: 0.7629
2026-04-20 19:04:55,686 Epoch 11 Test Loss: 1.3397 Acc: 0.6273
2026-04-20 19:04:56,581 Epoch [12/100] Step [100/391] Loss: 0.8138
2026-04-20 19:04:57,366 Epoch [12/100] Step [200/391] Loss: 0.6396
2026-04-20 19:04:58,152 Epoch [12/100] Step [300/391] Loss: 0.7193
2026-04-20 19:04:58,901 Epoch 12 Train Loss: 0.6613 Acc: 0.7693
2026-04-20 19:04:59,380 Epoch 12 Test Loss: 1.6647 Acc: 0.5428
2026-04-20 19:05:00,272 Epoch [13/100] Step [100/391] Loss: 0.6047
2026-04-20 19:05:01,059 Epoch [13/100] Step [200/391] Loss: 0.8250
2026-04-20 19:05:01,845 Epoch [13/100] Step [300/391] Loss: 0.5082
2026-04-20 19:05:02,591 Epoch 13 Train Loss: 0.6474 Acc: 0.7746
2026-04-20 19:05:03,063 Epoch 13 Test Loss: 1.1355 Acc: 0.6432
2026-04-20 19:05:03,077 Saved new best checkpoint: model_ckpts/cnn_conv64-128-256_fc512_bs128_lr0.1_seed42_ep13.pth
2026-04-20 19:05:03,962 Epoch [14/100] Step [100/391] Loss: 0.6056
2026-04-20 19:05:04,749 Epoch [14/100] Step [200/391] Loss: 0.6070
2026-04-20 19:05:05,535 Epoch [14/100] Step [300/391] Loss: 0.6233
2026-04-20 19:05:06,277 Epoch 14 Train Loss: 0.6414 Acc: 0.7752
2026-04-20 19:05:06,756 Epoch 14 Test Loss: 1.2955 Acc: 0.6212
2026-04-20 19:05:07,651 Epoch [15/100] Step [100/391] Loss: 0.6607
2026-04-20 19:05:08,438 Epoch [15/100] Step [200/391] Loss: 0.8143
2026-04-20 19:05:09,224 Epoch [15/100] Step [300/391] Loss: 0.5546
2026-04-20 19:05:09,974 Epoch 15 Train Loss: 0.6313 Acc: 0.7786
2026-04-20 19:05:10,450 Epoch 15 Test Loss: 1.2153 Acc: 0.6248
2026-04-20 19:05:11,342 Epoch [16/100] Step [100/391] Loss: 0.6868
2026-04-20 19:05:12,130 Epoch [16/100] Step [200/391] Loss: 0.6744
2026-04-20 19:05:12,922 Epoch [16/100] Step [300/391] Loss: 0.6358
2026-04-20 19:05:13,671 Epoch 16 Train Loss: 0.6240 Acc: 0.7825
2026-04-20 19:05:14,144 Epoch 16 Test Loss: 0.8723 Acc: 0.7114
2026-04-20 19:05:14,158 Saved new best checkpoint: model_ckpts/cnn_conv64-128-256_fc512_bs128_lr0.1_seed42_ep16.pth
2026-04-20 19:05:15,047 Epoch [17/100] Step [100/391] Loss: 0.6784
2026-04-20 19:05:15,839 Epoch [17/100] Step [200/391] Loss: 0.5450
2026-04-20 19:05:16,631 Epoch [17/100] Step [300/391] Loss: 0.6349
2026-04-20 19:05:17,381 Epoch 17 Train Loss: 0.6106 Acc: 0.7879
2026-04-20 19:05:17,854 Epoch 17 Test Loss: 0.9605 Acc: 0.7002
2026-04-20 19:05:18,745 Epoch [18/100] Step [100/391] Loss: 0.5544
2026-04-20 19:05:19,535 Epoch [18/100] Step [200/391] Loss: 0.6053
2026-04-20 19:05:20,326 Epoch [18/100] Step [300/391] Loss: 0.6679
2026-04-20 19:05:21,079 Epoch 18 Train Loss: 0.6016 Acc: 0.7906
2026-04-20 19:05:21,551 Epoch 18 Test Loss: 1.1075 Acc: 0.6659
2026-04-20 19:05:22,447 Epoch [19/100] Step [100/391] Loss: 0.5114
2026-04-20 19:05:23,236 Epoch [19/100] Step [200/391] Loss: 0.6993
2026-04-20 19:05:24,027 Epoch [19/100] Step [300/391] Loss: 0.6461
2026-04-20 19:05:24,780 Epoch 19 Train Loss: 0.5918 Acc: 0.7932
2026-04-20 19:05:25,257 Epoch 19 Test Loss: 1.0631 Acc: 0.6794
2026-04-20 19:05:26,151 Epoch [20/100] Step [100/391] Loss: 0.5970
2026-04-20 19:05:26,944 Epoch [20/100] Step [200/391] Loss: 0.5795
2026-04-20 19:05:27,735 Epoch [20/100] Step [300/391] Loss: 0.7076
2026-04-20 19:05:28,486 Epoch 20 Train Loss: 0.5903 Acc: 0.7956
2026-04-20 19:05:28,957 Epoch 20 Test Loss: 1.3658 Acc: 0.6073
2026-04-20 19:05:29,858 Epoch [21/100] Step [100/391] Loss: 0.6163
2026-04-20 19:05:30,648 Epoch [21/100] Step [200/391] Loss: 0.4804
2026-04-20 19:05:31,438 Epoch [21/100] Step [300/391] Loss: 0.6185
2026-04-20 19:05:32,188 Epoch 21 Train Loss: 0.5901 Acc: 0.7947
2026-04-20 19:05:32,665 Epoch 21 Test Loss: 1.3226 Acc: 0.6109
2026-04-20 19:05:33,562 Epoch [22/100] Step [100/391] Loss: 0.4482
2026-04-20 19:05:34,352 Epoch [22/100] Step [200/391] Loss: 0.4864
2026-04-20 19:05:35,141 Epoch [22/100] Step [300/391] Loss: 0.4256
2026-04-20 19:05:35,882 Epoch 22 Train Loss: 0.5760 Acc: 0.7996
2026-04-20 19:05:36,357 Epoch 22 Test Loss: 1.1546 Acc: 0.6158
2026-04-20 19:05:37,253 Epoch [23/100] Step [100/391] Loss: 0.5220
2026-04-20 19:05:38,047 Epoch [23/100] Step [200/391] Loss: 0.7434
2026-04-20 19:05:38,840 Epoch [23/100] Step [300/391] Loss: 0.5485
2026-04-20 19:05:39,583 Epoch 23 Train Loss: 0.5694 Acc: 0.8019
2026-04-20 19:05:40,055 Epoch 23 Test Loss: 1.4079 Acc: 0.6148
2026-04-20 19:05:40,952 Epoch [24/100] Step [100/391] Loss: 0.5075
2026-04-20 19:05:41,744 Epoch [24/100] Step [200/391] Loss: 0.5470
2026-04-20 19:05:42,534 Epoch [24/100] Step [300/391] Loss: 0.5409
2026-04-20 19:05:43,286 Epoch 24 Train Loss: 0.5703 Acc: 0.8005
2026-04-20 19:05:43,762 Epoch 24 Test Loss: 1.2511 Acc: 0.5928
2026-04-20 19:05:44,659 Epoch [25/100] Step [100/391] Loss: 0.5683
2026-04-20 19:05:45,448 Epoch [25/100] Step [200/391] Loss: 0.4951
2026-04-20 19:05:46,238 Epoch [25/100] Step [300/391] Loss: 0.6468
2026-04-20 19:05:46,994 Epoch 25 Train Loss: 0.5678 Acc: 0.8015
2026-04-20 19:05:47,471 Epoch 25 Test Loss: 0.9857 Acc: 0.6758
2026-04-20 19:05:48,367 Epoch [26/100] Step [100/391] Loss: 0.3787
2026-04-20 19:05:49,156 Epoch [26/100] Step [200/391] Loss: 0.6437
2026-04-20 19:05:49,945 Epoch [26/100] Step [300/391] Loss: 0.4343
2026-04-20 19:05:50,698 Epoch 26 Train Loss: 0.5514 Acc: 0.8087
2026-04-20 19:05:51,166 Epoch 26 Test Loss: 0.9232 Acc: 0.7021
2026-04-20 19:05:52,062 Epoch [27/100] Step [100/391] Loss: 0.7022
2026-04-20 19:05:52,853 Epoch [27/100] Step [200/391] Loss: 0.5873
2026-04-20 19:05:53,644 Epoch [27/100] Step [300/391] Loss: 0.4393
2026-04-20 19:05:54,391 Epoch 27 Train Loss: 0.5485 Acc: 0.8078
2026-04-20 19:05:54,865 Epoch 27 Test Loss: 0.9978 Acc: 0.6868
2026-04-20 19:05:55,763 Epoch [28/100] Step [100/391] Loss: 0.5265
2026-04-20 19:05:56,553 Epoch [28/100] Step [200/391] Loss: 0.4747
2026-04-20 19:05:57,345 Epoch [28/100] Step [300/391] Loss: 0.5751
2026-04-20 19:05:58,099 Epoch 28 Train Loss: 0.5447 Acc: 0.8097
2026-04-20 19:05:58,566 Epoch 28 Test Loss: 1.2425 Acc: 0.6346
2026-04-20 19:05:59,460 Epoch [29/100] Step [100/391] Loss: 0.5305
2026-04-20 19:06:00,252 Epoch [29/100] Step [200/391] Loss: 0.5863
2026-04-20 19:06:01,043 Epoch [29/100] Step [300/391] Loss: 0.6440
2026-04-20 19:06:01,794 Epoch 29 Train Loss: 0.5478 Acc: 0.8100
2026-04-20 19:06:02,279 Epoch 29 Test Loss: 0.8789 Acc: 0.6987
2026-04-20 19:06:03,174 Epoch [30/100] Step [100/391] Loss: 0.5509
2026-04-20 19:06:03,965 Epoch [30/100] Step [200/391] Loss: 0.6145
2026-04-20 19:06:04,756 Epoch [30/100] Step [300/391] Loss: 0.4503
2026-04-20 19:06:05,499 Epoch 30 Train Loss: 0.5352 Acc: 0.8141
2026-04-20 19:06:05,965 Epoch 30 Test Loss: 2.1047 Acc: 0.5528
2026-04-20 19:06:06,861 Epoch [31/100] Step [100/391] Loss: 0.4655
2026-04-20 19:06:07,652 Epoch [31/100] Step [200/391] Loss: 0.4478
2026-04-20 19:06:08,445 Epoch [31/100] Step [300/391] Loss: 0.5502
2026-04-20 19:06:09,187 Epoch 31 Train Loss: 0.5313 Acc: 0.8158
2026-04-20 19:06:09,664 Epoch 31 Test Loss: 0.8434 Acc: 0.7306
2026-04-20 19:06:09,678 Saved new best checkpoint: model_ckpts/cnn_conv64-128-256_fc512_bs128_lr0.1_seed42_ep31.pth
2026-04-20 19:06:10,570 Epoch [32/100] Step [100/391] Loss: 0.4747
2026-04-20 19:06:11,361 Epoch [32/100] Step [200/391] Loss: 0.6519
2026-04-20 19:06:12,152 Epoch [32/100] Step [300/391] Loss: 0.5923
2026-04-20 19:06:12,905 Epoch 32 Train Loss: 0.5247 Acc: 0.8169
2026-04-20 19:06:13,378 Epoch 32 Test Loss: 0.8409 Acc: 0.7320
2026-04-20 19:06:13,391 Saved new best checkpoint: model_ckpts/cnn_conv64-128-256_fc512_bs128_lr0.1_seed42_ep32.pth
2026-04-20 19:06:14,279 Epoch [33/100] Step [100/391] Loss: 0.4555
2026-04-20 19:06:15,069 Epoch [33/100] Step [200/391] Loss: 0.5670
2026-04-20 19:06:15,859 Epoch [33/100] Step [300/391] Loss: 0.5083
2026-04-20 19:06:16,607 Epoch 33 Train Loss: 0.5191 Acc: 0.8190
2026-04-20 19:06:17,080 Epoch 33 Test Loss: 0.7820 Acc: 0.7444
2026-04-20 19:06:17,094 Saved new best checkpoint: model_ckpts/cnn_conv64-128-256_fc512_bs128_lr0.1_seed42_ep33.pth
2026-04-20 19:06:17,981 Epoch [34/100] Step [100/391] Loss: 0.5025
2026-04-20 19:06:18,771 Epoch [34/100] Step [200/391] Loss: 0.6543
2026-04-20 19:06:19,561 Epoch [34/100] Step [300/391] Loss: 0.3957
2026-04-20 19:06:20,301 Epoch 34 Train Loss: 0.5107 Acc: 0.8220
2026-04-20 19:06:20,776 Epoch 34 Test Loss: 1.0644 Acc: 0.6555
2026-04-20 19:06:21,673 Epoch [35/100] Step [100/391] Loss: 0.5411
2026-04-20 19:06:22,463 Epoch [35/100] Step [200/391] Loss: 0.3443
2026-04-20 19:06:23,252 Epoch [35/100] Step [300/391] Loss: 0.5854
2026-04-20 19:06:24,005 Epoch 35 Train Loss: 0.5123 Acc: 0.8215
2026-04-20 19:06:24,483 Epoch 35 Test Loss: 1.0777 Acc: 0.6635
2026-04-20 19:06:25,391 Epoch [36/100] Step [100/391] Loss: 0.6311
2026-04-20 19:06:26,183 Epoch [36/100] Step [200/391] Loss: 0.5512
2026-04-20 19:06:26,974 Epoch [36/100] Step [300/391] Loss: 0.5275
2026-04-20 19:06:27,722 Epoch 36 Train Loss: 0.5062 Acc: 0.8247
2026-04-20 19:06:28,192 Epoch 36 Test Loss: 1.5035 Acc: 0.5659
2026-04-20 19:06:29,087 Epoch [37/100] Step [100/391] Loss: 0.5596
2026-04-20 19:06:29,879 Epoch [37/100] Step [200/391] Loss: 0.5138
2026-04-20 19:06:30,670 Epoch [37/100] Step [300/391] Loss: 0.6165
2026-04-20 19:06:31,419 Epoch 37 Train Loss: 0.4932 Acc: 0.8293
2026-04-20 19:06:31,899 Epoch 37 Test Loss: 0.9372 Acc: 0.7129
2026-04-20 19:06:32,794 Epoch [38/100] Step [100/391] Loss: 0.3905
2026-04-20 19:06:33,584 Epoch [38/100] Step [200/391] Loss: 0.3562
2026-04-20 19:06:34,373 Epoch [38/100] Step [300/391] Loss: 0.4224
2026-04-20 19:06:35,114 Epoch 38 Train Loss: 0.4957 Acc: 0.8270
2026-04-20 19:06:35,577 Epoch 38 Test Loss: 1.1106 Acc: 0.6597
2026-04-20 19:06:36,471 Epoch [39/100] Step [100/391] Loss: 0.4786
2026-04-20 19:06:37,264 Epoch [39/100] Step [200/391] Loss: 0.4659
2026-04-20 19:06:38,055 Epoch [39/100] Step [300/391] Loss: 0.4044
2026-04-20 19:06:38,805 Epoch 39 Train Loss: 0.4859 Acc: 0.8321
2026-04-20 19:06:39,282 Epoch 39 Test Loss: 1.4358 Acc: 0.6315
2026-04-20 19:06:40,177 Epoch [40/100] Step [100/391] Loss: 0.3338
2026-04-20 19:06:40,970 Epoch [40/100] Step [200/391] Loss: 0.5733
2026-04-20 19:06:41,761 Epoch [40/100] Step [300/391] Loss: 0.4502
2026-04-20 19:06:42,503 Epoch 40 Train Loss: 0.4797 Acc: 0.8335
2026-04-20 19:06:42,978 Epoch 40 Test Loss: 0.8958 Acc: 0.7231
2026-04-20 19:06:43,872 Epoch [41/100] Step [100/391] Loss: 0.5668
2026-04-20 19:06:44,666 Epoch [41/100] Step [200/391] Loss: 0.2797
2026-04-20 19:06:45,460 Epoch [41/100] Step [300/391] Loss: 0.5749
2026-04-20 19:06:46,213 Epoch 41 Train Loss: 0.4731 Acc: 0.8360
2026-04-20 19:06:46,697 Epoch 41 Test Loss: 1.0298 Acc: 0.6916
2026-04-20 19:06:47,598 Epoch [42/100] Step [100/391] Loss: 0.4449
2026-04-20 19:06:48,389 Epoch [42/100] Step [200/391] Loss: 0.6474
2026-04-20 19:06:49,181 Epoch [42/100] Step [300/391] Loss: 0.5161
2026-04-20 19:06:49,928 Epoch 42 Train Loss: 0.4716 Acc: 0.8360
2026-04-20 19:06:50,411 Epoch 42 Test Loss: 1.3543 Acc: 0.6106
2026-04-20 19:06:51,308 Epoch [43/100] Step [100/391] Loss: 0.5421
2026-04-20 19:06:52,101 Epoch [43/100] Step [200/391] Loss: 0.4420
2026-04-20 19:06:52,891 Epoch [43/100] Step [300/391] Loss: 0.3561
2026-04-20 19:06:53,643 Epoch 43 Train Loss: 0.4573 Acc: 0.8410
2026-04-20 19:06:54,123 Epoch 43 Test Loss: 1.3620 Acc: 0.6404
2026-04-20 19:06:55,022 Epoch [44/100] Step [100/391] Loss: 0.4636
2026-04-20 19:06:55,816 Epoch [44/100] Step [200/391] Loss: 0.3641
2026-04-20 19:06:56,612 Epoch [44/100] Step [300/391] Loss: 0.4163
2026-04-20 19:06:57,359 Epoch 44 Train Loss: 0.4551 Acc: 0.8423
2026-04-20 19:06:57,829 Epoch 44 Test Loss: 0.9687 Acc: 0.6996
2026-04-20 19:06:58,726 Epoch [45/100] Step [100/391] Loss: 0.4146
2026-04-20 19:06:59,516 Epoch [45/100] Step [200/391] Loss: 0.5336
2026-04-20 19:07:00,306 Epoch [45/100] Step [300/391] Loss: 0.3715
2026-04-20 19:07:01,056 Epoch 45 Train Loss: 0.4516 Acc: 0.8429
2026-04-20 19:07:01,531 Epoch 45 Test Loss: 0.8567 Acc: 0.7298
2026-04-20 19:07:02,427 Epoch [46/100] Step [100/391] Loss: 0.3364
2026-04-20 19:07:03,306 Epoch [46/100] Step [200/391] Loss: 0.4123
2026-04-20 19:07:04,182 Epoch [46/100] Step [300/391] Loss: 0.4192
2026-04-20 19:07:04,976 Epoch 46 Train Loss: 0.4408 Acc: 0.8469
2026-04-20 19:07:05,448 Epoch 46 Test Loss: 0.9104 Acc: 0.7151
2026-04-20 19:07:06,420 Epoch [47/100] Step [100/391] Loss: 0.3218
2026-04-20 19:07:07,279 Epoch [47/100] Step [200/391] Loss: 0.4762
2026-04-20 19:07:08,126 Epoch [47/100] Step [300/391] Loss: 0.4306
2026-04-20 19:07:08,891 Epoch 47 Train Loss: 0.4366 Acc: 0.8471
2026-04-20 19:07:09,358 Epoch 47 Test Loss: 1.1416 Acc: 0.6363
2026-04-20 19:07:10,287 Epoch [48/100] Step [100/391] Loss: 0.4200
2026-04-20 19:07:11,115 Epoch [48/100] Step [200/391] Loss: 0.4112
2026-04-20 19:07:11,935 Epoch [48/100] Step [300/391] Loss: 0.3513
2026-04-20 19:07:12,704 Epoch 48 Train Loss: 0.4259 Acc: 0.8513
2026-04-20 19:07:13,174 Epoch 48 Test Loss: 0.9785 Acc: 0.6835
2026-04-20 19:07:14,104 Epoch [49/100] Step [100/391] Loss: 0.3639
2026-04-20 19:07:14,931 Epoch [49/100] Step [200/391] Loss: 0.5641
2026-04-20 19:07:15,754 Epoch [49/100] Step [300/391] Loss: 0.4578
2026-04-20 19:07:16,526 Epoch 49 Train Loss: 0.4289 Acc: 0.8518
2026-04-20 19:07:16,997 Epoch 49 Test Loss: 0.7577 Acc: 0.7515
2026-04-20 19:07:17,011 Saved new best checkpoint: model_ckpts/cnn_conv64-128-256_fc512_bs128_lr0.1_seed42_ep49.pth
2026-04-20 19:07:17,934 Epoch [50/100] Step [100/391] Loss: 0.4736
2026-04-20 19:07:18,759 Epoch [50/100] Step [200/391] Loss: 0.4078
2026-04-20 19:07:19,585 Epoch [50/100] Step [300/391] Loss: 0.4335
2026-04-20 19:07:20,352 Epoch 50 Train Loss: 0.4134 Acc: 0.8565
2026-04-20 19:07:20,818 Epoch 50 Test Loss: 0.6871 Acc: 0.7608
2026-04-20 19:07:20,832 Saved new best checkpoint: model_ckpts/cnn_conv64-128-256_fc512_bs128_lr0.1_seed42_ep50.pth
2026-04-20 19:07:21,756 Epoch [51/100] Step [100/391] Loss: 0.3874
2026-04-20 19:07:22,586 Epoch [51/100] Step [200/391] Loss: 0.3496
2026-04-20 19:07:23,411 Epoch [51/100] Step [300/391] Loss: 0.6039
2026-04-20 19:07:24,181 Epoch 51 Train Loss: 0.4102 Acc: 0.8571
2026-04-20 19:07:24,655 Epoch 51 Test Loss: 0.6202 Acc: 0.7925
2026-04-20 19:07:24,670 Saved new best checkpoint: model_ckpts/cnn_conv64-128-256_fc512_bs128_lr0.1_seed42_ep51.pth
2026-04-20 19:07:25,595 Epoch [52/100] Step [100/391] Loss: 0.3519
2026-04-20 19:07:26,420 Epoch [52/100] Step [200/391] Loss: 0.3585
2026-04-20 19:07:27,248 Epoch [52/100] Step [300/391] Loss: 0.3540
2026-04-20 19:07:28,018 Epoch 52 Train Loss: 0.3993 Acc: 0.8604
2026-04-20 19:07:28,499 Epoch 52 Test Loss: 0.7719 Acc: 0.7654
2026-04-20 19:07:29,442 Epoch [53/100] Step [100/391] Loss: 0.4206
2026-04-20 19:07:30,269 Epoch [53/100] Step [200/391] Loss: 0.3934
2026-04-20 19:07:31,094 Epoch [53/100] Step [300/391] Loss: 0.4108
2026-04-20 19:07:31,871 Epoch 53 Train Loss: 0.3981 Acc: 0.8617
2026-04-20 19:07:32,343 Epoch 53 Test Loss: 1.0369 Acc: 0.7065
2026-04-20 19:07:33,281 Epoch [54/100] Step [100/391] Loss: 0.2487
2026-04-20 19:07:34,108 Epoch [54/100] Step [200/391] Loss: 0.3826
2026-04-20 19:07:34,935 Epoch [54/100] Step [300/391] Loss: 0.3213
2026-04-20 19:07:35,714 Epoch 54 Train Loss: 0.3872 Acc: 0.8663
2026-04-20 19:07:36,184 Epoch 54 Test Loss: 1.0224 Acc: 0.6800
2026-04-20 19:07:37,120 Epoch [55/100] Step [100/391] Loss: 0.3397
2026-04-20 19:07:37,941 Epoch [55/100] Step [200/391] Loss: 0.3430
2026-04-20 19:07:38,768 Epoch [55/100] Step [300/391] Loss: 0.3282
2026-04-20 19:07:39,542 Epoch 55 Train Loss: 0.3798 Acc: 0.8682
2026-04-20 19:07:40,017 Epoch 55 Test Loss: 0.7444 Acc: 0.7652
2026-04-20 19:07:40,948 Epoch [56/100] Step [100/391] Loss: 0.3420
2026-04-20 19:07:41,775 Epoch [56/100] Step [200/391] Loss: 0.4429
2026-04-20 19:07:42,600 Epoch [56/100] Step [300/391] Loss: 0.4427
2026-04-20 19:07:43,371 Epoch 56 Train Loss: 0.3715 Acc: 0.8718
2026-04-20 19:07:43,840 Epoch 56 Test Loss: 0.7580 Acc: 0.7727
2026-04-20 19:07:44,773 Epoch [57/100] Step [100/391] Loss: 0.3546
2026-04-20 19:07:45,601 Epoch [57/100] Step [200/391] Loss: 0.4474
2026-04-20 19:07:46,425 Epoch [57/100] Step [300/391] Loss: 0.3820
2026-04-20 19:07:47,193 Epoch 57 Train Loss: 0.3661 Acc: 0.8743
2026-04-20 19:07:47,668 Epoch 57 Test Loss: 0.7087 Acc: 0.7816
2026-04-20 19:07:48,597 Epoch [58/100] Step [100/391] Loss: 0.3563
2026-04-20 19:07:49,419 Epoch [58/100] Step [200/391] Loss: 0.3042
2026-04-20 19:07:50,241 Epoch [58/100] Step [300/391] Loss: 0.2999
2026-04-20 19:07:51,018 Epoch 58 Train Loss: 0.3583 Acc: 0.8765
2026-04-20 19:07:51,497 Epoch 58 Test Loss: 0.8210 Acc: 0.7500
2026-04-20 19:07:52,430 Epoch [59/100] Step [100/391] Loss: 0.2743
2026-04-20 19:07:53,254 Epoch [59/100] Step [200/391] Loss: 0.2615
2026-04-20 19:07:54,076 Epoch [59/100] Step [300/391] Loss: 0.4561
2026-04-20 19:07:54,846 Epoch 59 Train Loss: 0.3487 Acc: 0.8782
2026-04-20 19:07:55,320 Epoch 59 Test Loss: 1.3132 Acc: 0.6579
2026-04-20 19:07:56,245 Epoch [60/100] Step [100/391] Loss: 0.2345
2026-04-20 19:07:57,068 Epoch [60/100] Step [200/391] Loss: 0.4826
2026-04-20 19:07:57,891 Epoch [60/100] Step [300/391] Loss: 0.4513
2026-04-20 19:07:58,670 Epoch 60 Train Loss: 0.3425 Acc: 0.8812
2026-04-20 19:07:59,147 Epoch 60 Test Loss: 0.7072 Acc: 0.7617
2026-04-20 19:08:00,080 Epoch [61/100] Step [100/391] Loss: 0.3092
2026-04-20 19:08:00,906 Epoch [61/100] Step [200/391] Loss: 0.2901
2026-04-20 19:08:01,731 Epoch [61/100] Step [300/391] Loss: 0.2838
2026-04-20 19:08:02,504 Epoch 61 Train Loss: 0.3339 Acc: 0.8856
2026-04-20 19:08:02,984 Epoch 61 Test Loss: 0.7663 Acc: 0.7681
2026-04-20 19:08:03,923 Epoch [62/100] Step [100/391] Loss: 0.3426
2026-04-20 19:08:04,751 Epoch [62/100] Step [200/391] Loss: 0.2441
2026-04-20 19:08:05,578 Epoch [62/100] Step [300/391] Loss: 0.4375
2026-04-20 19:08:06,347 Epoch 62 Train Loss: 0.3252 Acc: 0.8882
2026-04-20 19:08:06,820 Epoch 62 Test Loss: 0.8557 Acc: 0.7276
2026-04-20 19:08:07,757 Epoch [63/100] Step [100/391] Loss: 0.2535
2026-04-20 19:08:08,583 Epoch [63/100] Step [200/391] Loss: 0.3627
2026-04-20 19:08:09,408 Epoch [63/100] Step [300/391] Loss: 0.1935
2026-04-20 19:08:10,186 Epoch 63 Train Loss: 0.3156 Acc: 0.8913
2026-04-20 19:08:10,672 Epoch 63 Test Loss: 0.6773 Acc: 0.7833
2026-04-20 19:08:11,604 Epoch [64/100] Step [100/391] Loss: 0.2216
2026-04-20 19:08:12,428 Epoch [64/100] Step [200/391] Loss: 0.3562
2026-04-20 19:08:13,252 Epoch [64/100] Step [300/391] Loss: 0.3141
2026-04-20 19:08:14,032 Epoch 64 Train Loss: 0.3040 Acc: 0.8954
2026-04-20 19:08:14,503 Epoch 64 Test Loss: 0.6006 Acc: 0.8074
2026-04-20 19:08:14,518 Saved new best checkpoint: model_ckpts/cnn_conv64-128-256_fc512_bs128_lr0.1_seed42_ep64.pth
2026-04-20 19:08:15,439 Epoch [65/100] Step [100/391] Loss: 0.2389
2026-04-20 19:08:16,265 Epoch [65/100] Step [200/391] Loss: 0.4042
2026-04-20 19:08:17,092 Epoch [65/100] Step [300/391] Loss: 0.4604
2026-04-20 19:08:17,860 Epoch 65 Train Loss: 0.2973 Acc: 0.8977
2026-04-20 19:08:18,337 Epoch 65 Test Loss: 0.6866 Acc: 0.7882
2026-04-20 19:08:19,271 Epoch [66/100] Step [100/391] Loss: 0.3238
2026-04-20 19:08:20,095 Epoch [66/100] Step [200/391] Loss: 0.2215
2026-04-20 19:08:20,943 Epoch [66/100] Step [300/391] Loss: 0.3809
2026-04-20 19:08:21,714 Epoch 66 Train Loss: 0.2887 Acc: 0.9000
2026-04-20 19:08:22,200 Epoch 66 Test Loss: 0.6217 Acc: 0.7943
2026-04-20 19:08:23,130 Epoch [67/100] Step [100/391] Loss: 0.2835
2026-04-20 19:08:23,951 Epoch [67/100] Step [200/391] Loss: 0.2593
2026-04-20 19:08:24,772 Epoch [67/100] Step [300/391] Loss: 0.2971
2026-04-20 19:08:25,547 Epoch 67 Train Loss: 0.2797 Acc: 0.9028
2026-04-20 19:08:26,015 Epoch 67 Test Loss: 0.6959 Acc: 0.7783
2026-04-20 19:08:26,941 Epoch [68/100] Step [100/391] Loss: 0.2505
2026-04-20 19:08:27,764 Epoch [68/100] Step [200/391] Loss: 0.2531
2026-04-20 19:08:28,584 Epoch [68/100] Step [300/391] Loss: 0.3151
2026-04-20 19:08:29,357 Epoch 68 Train Loss: 0.2752 Acc: 0.9041
2026-04-20 19:08:29,838 Epoch 68 Test Loss: 0.5280 Acc: 0.8291
2026-04-20 19:08:29,852 Saved new best checkpoint: model_ckpts/cnn_conv64-128-256_fc512_bs128_lr0.1_seed42_ep68.pth
2026-04-20 19:08:30,769 Epoch [69/100] Step [100/391] Loss: 0.1810
2026-04-20 19:08:31,591 Epoch [69/100] Step [200/391] Loss: 0.2626
2026-04-20 19:08:32,410 Epoch [69/100] Step [300/391] Loss: 0.2608
2026-04-20 19:08:33,180 Epoch 69 Train Loss: 0.2562 Acc: 0.9118
2026-04-20 19:08:33,659 Epoch 69 Test Loss: 0.7147 Acc: 0.7824
2026-04-20 19:08:34,592 Epoch [70/100] Step [100/391] Loss: 0.2560
2026-04-20 19:08:35,416 Epoch [70/100] Step [200/391] Loss: 0.2996
2026-04-20 19:08:36,236 Epoch [70/100] Step [300/391] Loss: 0.2250
2026-04-20 19:08:37,004 Epoch 70 Train Loss: 0.2500 Acc: 0.9146
2026-04-20 19:08:37,482 Epoch 70 Test Loss: 0.5844 Acc: 0.8119
2026-04-20 19:08:38,406 Epoch [71/100] Step [100/391] Loss: 0.2421
2026-04-20 19:08:39,226 Epoch [71/100] Step [200/391] Loss: 0.2229
2026-04-20 19:08:40,049 Epoch [71/100] Step [300/391] Loss: 0.2645
2026-04-20 19:08:40,810 Epoch 71 Train Loss: 0.2418 Acc: 0.9171
2026-04-20 19:08:41,285 Epoch 71 Test Loss: 0.5354 Acc: 0.8250
2026-04-20 19:08:42,216 Epoch [72/100] Step [100/391] Loss: 0.2740
2026-04-20 19:08:43,036 Epoch [72/100] Step [200/391] Loss: 0.2072
2026-04-20 19:08:43,856 Epoch [72/100] Step [300/391] Loss: 0.3334
2026-04-20 19:08:44,625 Epoch 72 Train Loss: 0.2313 Acc: 0.9207
2026-04-20 19:08:45,099 Epoch 72 Test Loss: 1.0641 Acc: 0.7194
2026-04-20 19:08:46,025 Epoch [73/100] Step [100/391] Loss: 0.2483
2026-04-20 19:08:46,849 Epoch [73/100] Step [200/391] Loss: 0.2463
2026-04-20 19:08:47,673 Epoch [73/100] Step [300/391] Loss: 0.2533
2026-04-20 19:08:48,449 Epoch 73 Train Loss: 0.2232 Acc: 0.9226
2026-04-20 19:08:48,921 Epoch 73 Test Loss: 0.7208 Acc: 0.7868
2026-04-20 19:08:49,866 Epoch [74/100] Step [100/391] Loss: 0.2145
2026-04-20 19:08:50,688 Epoch [74/100] Step [200/391] Loss: 0.1888
2026-04-20 19:08:51,508 Epoch [74/100] Step [300/391] Loss: 0.2665
2026-04-20 19:08:52,280 Epoch 74 Train Loss: 0.2096 Acc: 0.9297
2026-04-20 19:08:52,751 Epoch 74 Test Loss: 0.5623 Acc: 0.8310
2026-04-20 19:08:52,766 Saved new best checkpoint: model_ckpts/cnn_conv64-128-256_fc512_bs128_lr0.1_seed42_ep74.pth
2026-04-20 19:08:53,684 Epoch [75/100] Step [100/391] Loss: 0.2067
2026-04-20 19:08:54,504 Epoch [75/100] Step [200/391] Loss: 0.1966
2026-04-20 19:08:55,322 Epoch [75/100] Step [300/391] Loss: 0.1964
2026-04-20 19:08:56,097 Epoch 75 Train Loss: 0.2045 Acc: 0.9300
2026-04-20 19:08:56,573 Epoch 75 Test Loss: 0.6105 Acc: 0.8162
2026-04-20 19:08:57,503 Epoch [76/100] Step [100/391] Loss: 0.2029
2026-04-20 19:08:58,326 Epoch [76/100] Step [200/391] Loss: 0.2534
2026-04-20 19:08:59,143 Epoch [76/100] Step [300/391] Loss: 0.2951
2026-04-20 19:08:59,914 Epoch 76 Train Loss: 0.1889 Acc: 0.9372
2026-04-20 19:09:00,386 Epoch 76 Test Loss: 0.4696 Acc: 0.8542
2026-04-20 19:09:00,400 Saved new best checkpoint: model_ckpts/cnn_conv64-128-256_fc512_bs128_lr0.1_seed42_ep76.pth
2026-04-20 19:09:01,315 Epoch [77/100] Step [100/391] Loss: 0.1818
2026-04-20 19:09:02,134 Epoch [77/100] Step [200/391] Loss: 0.2192
2026-04-20 19:09:02,949 Epoch [77/100] Step [300/391] Loss: 0.1609
2026-04-20 19:09:03,723 Epoch 77 Train Loss: 0.1790 Acc: 0.9395
2026-04-20 19:09:04,196 Epoch 77 Test Loss: 0.4734 Acc: 0.8514
2026-04-20 19:09:05,121 Epoch [78/100] Step [100/391] Loss: 0.1796
2026-04-20 19:09:05,943 Epoch [78/100] Step [200/391] Loss: 0.1528
2026-04-20 19:09:06,764 Epoch [78/100] Step [300/391] Loss: 0.1622
2026-04-20 19:09:07,538 Epoch 78 Train Loss: 0.1700 Acc: 0.9428
2026-04-20 19:09:08,014 Epoch 78 Test Loss: 0.5014 Acc: 0.8405
2026-04-20 19:09:08,936 Epoch [79/100] Step [100/391] Loss: 0.2258
2026-04-20 19:09:09,755 Epoch [79/100] Step [200/391] Loss: 0.1789
2026-04-20 19:09:10,573 Epoch [79/100] Step [300/391] Loss: 0.1915
2026-04-20 19:09:11,345 Epoch 79 Train Loss: 0.1575 Acc: 0.9473
2026-04-20 19:09:11,815 Epoch 79 Test Loss: 0.5357 Acc: 0.8326
2026-04-20 19:09:12,736 Epoch [80/100] Step [100/391] Loss: 0.1703
2026-04-20 19:09:13,555 Epoch [80/100] Step [200/391] Loss: 0.1909
2026-04-20 19:09:14,373 Epoch [80/100] Step [300/391] Loss: 0.1718
2026-04-20 19:09:15,148 Epoch 80 Train Loss: 0.1548 Acc: 0.9485
2026-04-20 19:09:15,628 Epoch 80 Test Loss: 0.5246 Acc: 0.8393
2026-04-20 19:09:16,545 Epoch [81/100] Step [100/391] Loss: 0.1040
2026-04-20 19:09:17,364 Epoch [81/100] Step [200/391] Loss: 0.1240
2026-04-20 19:09:18,186 Epoch [81/100] Step [300/391] Loss: 0.1536
2026-04-20 19:09:18,956 Epoch 81 Train Loss: 0.1405 Acc: 0.9552
2026-04-20 19:09:19,422 Epoch 81 Test Loss: 0.4690 Acc: 0.8546
2026-04-20 19:09:19,436 Saved new best checkpoint: model_ckpts/cnn_conv64-128-256_fc512_bs128_lr0.1_seed42_ep81.pth
2026-04-20 19:09:20,353 Epoch [82/100] Step [100/391] Loss: 0.1112
2026-04-20 19:09:21,149 Epoch [82/100] Step [200/391] Loss: 0.1654
2026-04-20 19:09:21,939 Epoch [82/100] Step [300/391] Loss: 0.0662
2026-04-20 19:09:22,684 Epoch 82 Train Loss: 0.1317 Acc: 0.9582
2026-04-20 19:09:23,155 Epoch 82 Test Loss: 0.4898 Acc: 0.8483
2026-04-20 19:09:24,045 Epoch [83/100] Step [100/391] Loss: 0.1318
2026-04-20 19:09:24,837 Epoch [83/100] Step [200/391] Loss: 0.0670
2026-04-20 19:09:25,637 Epoch [83/100] Step [300/391] Loss: 0.1827
2026-04-20 19:09:26,434 Epoch 83 Train Loss: 0.1208 Acc: 0.9620
2026-04-20 19:09:26,905 Epoch 83 Test Loss: 0.3965 Acc: 0.8742
2026-04-20 19:09:26,919 Saved new best checkpoint: model_ckpts/cnn_conv64-128-256_fc512_bs128_lr0.1_seed42_ep83.pth
2026-04-20 19:09:27,865 Epoch [84/100] Step [100/391] Loss: 0.1198
2026-04-20 19:09:28,686 Epoch [84/100] Step [200/391] Loss: 0.1013
2026-04-20 19:09:29,504 Epoch [84/100] Step [300/391] Loss: 0.0990
2026-04-20 19:09:30,276 Epoch 84 Train Loss: 0.1147 Acc: 0.9648
2026-04-20 19:09:30,756 Epoch 84 Test Loss: 0.4172 Acc: 0.8732
2026-04-20 19:09:31,705 Epoch [85/100] Step [100/391] Loss: 0.0828
2026-04-20 19:09:32,500 Epoch [85/100] Step [200/391] Loss: 0.0581
2026-04-20 19:09:33,290 Epoch [85/100] Step [300/391] Loss: 0.1201
2026-04-20 19:09:34,041 Epoch 85 Train Loss: 0.1048 Acc: 0.9672
2026-04-20 19:09:34,514 Epoch 85 Test Loss: 0.3740 Acc: 0.8828
2026-04-20 19:09:34,528 Saved new best checkpoint: model_ckpts/cnn_conv64-128-256_fc512_bs128_lr0.1_seed42_ep85.pth
2026-04-20 19:09:35,414 Epoch [86/100] Step [100/391] Loss: 0.1030
2026-04-20 19:09:36,204 Epoch [86/100] Step [200/391] Loss: 0.0691
2026-04-20 19:09:36,994 Epoch [86/100] Step [300/391] Loss: 0.0896
2026-04-20 19:09:37,753 Epoch 86 Train Loss: 0.0969 Acc: 0.9704
2026-04-20 19:09:38,219 Epoch 86 Test Loss: 0.4387 Acc: 0.8679
2026-04-20 19:09:39,141 Epoch [87/100] Step [100/391] Loss: 0.0658
2026-04-20 19:09:39,946 Epoch [87/100] Step [200/391] Loss: 0.0816
2026-04-20 19:09:40,748 Epoch [87/100] Step [300/391] Loss: 0.0679
2026-04-20 19:09:41,497 Epoch 87 Train Loss: 0.0914 Acc: 0.9725
2026-04-20 19:09:41,970 Epoch 87 Test Loss: 0.3956 Acc: 0.8813
2026-04-20 19:09:42,864 Epoch [88/100] Step [100/391] Loss: 0.0850
2026-04-20 19:09:43,655 Epoch [88/100] Step [200/391] Loss: 0.0520
2026-04-20 19:09:44,447 Epoch [88/100] Step [300/391] Loss: 0.0641
2026-04-20 19:09:45,198 Epoch 88 Train Loss: 0.0853 Acc: 0.9753
2026-04-20 19:09:45,667 Epoch 88 Test Loss: 0.3799 Acc: 0.8805
2026-04-20 19:09:46,562 Epoch [89/100] Step [100/391] Loss: 0.0786
2026-04-20 19:09:47,352 Epoch [89/100] Step [200/391] Loss: 0.1066
2026-04-20 19:09:48,144 Epoch [89/100] Step [300/391] Loss: 0.0703
2026-04-20 19:09:48,890 Epoch 89 Train Loss: 0.0781 Acc: 0.9780
2026-04-20 19:09:49,370 Epoch 89 Test Loss: 0.3751 Acc: 0.8863
2026-04-20 19:09:49,384 Saved new best checkpoint: model_ckpts/cnn_conv64-128-256_fc512_bs128_lr0.1_seed42_ep89.pth
2026-04-20 19:09:50,269 Epoch [90/100] Step [100/391] Loss: 0.0880
2026-04-20 19:09:51,058 Epoch [90/100] Step [200/391] Loss: 0.0529
2026-04-20 19:09:51,847 Epoch [90/100] Step [300/391] Loss: 0.0609
2026-04-20 19:09:52,592 Epoch 90 Train Loss: 0.0722 Acc: 0.9813
2026-04-20 19:09:53,062 Epoch 90 Test Loss: 0.3734 Acc: 0.8855
2026-04-20 19:09:53,955 Epoch [91/100] Step [100/391] Loss: 0.0751
2026-04-20 19:09:54,744 Epoch [91/100] Step [200/391] Loss: 0.0509
2026-04-20 19:09:55,533 Epoch [91/100] Step [300/391] Loss: 0.0573
2026-04-20 19:09:56,283 Epoch 91 Train Loss: 0.0670 Acc: 0.9829
2026-04-20 19:09:56,758 Epoch 91 Test Loss: 0.3481 Acc: 0.8908
2026-04-20 19:09:56,772 Saved new best checkpoint: model_ckpts/cnn_conv64-128-256_fc512_bs128_lr0.1_seed42_ep91.pth
2026-04-20 19:09:57,663 Epoch [92/100] Step [100/391] Loss: 0.0567
2026-04-20 19:09:58,453 Epoch [92/100] Step [200/391] Loss: 0.0294
2026-04-20 19:09:59,243 Epoch [92/100] Step [300/391] Loss: 0.0344
2026-04-20 19:09:59,992 Epoch 92 Train Loss: 0.0662 Acc: 0.9827
2026-04-20 19:10:00,465 Epoch 92 Test Loss: 0.3490 Acc: 0.8867
2026-04-20 19:10:01,358 Epoch [93/100] Step [100/391] Loss: 0.0811
2026-04-20 19:10:02,147 Epoch [93/100] Step [200/391] Loss: 0.0473
2026-04-20 19:10:02,935 Epoch [93/100] Step [300/391] Loss: 0.0721
2026-04-20 19:10:03,684 Epoch 93 Train Loss: 0.0621 Acc: 0.9852
2026-04-20 19:10:04,161 Epoch 93 Test Loss: 0.3481 Acc: 0.8935
2026-04-20 19:10:04,175 Saved new best checkpoint: model_ckpts/cnn_conv64-128-256_fc512_bs128_lr0.1_seed42_ep93.pth
2026-04-20 19:10:05,066 Epoch [94/100] Step [100/391] Loss: 0.0477
2026-04-20 19:10:05,855 Epoch [94/100] Step [200/391] Loss: 0.0374
2026-04-20 19:10:06,644 Epoch [94/100] Step [300/391] Loss: 0.0780
2026-04-20 19:10:07,385 Epoch 94 Train Loss: 0.0600 Acc: 0.9863
2026-04-20 19:10:07,858 Epoch 94 Test Loss: 0.3510 Acc: 0.8936
2026-04-20 19:10:07,872 Saved new best checkpoint: model_ckpts/cnn_conv64-128-256_fc512_bs128_lr0.1_seed42_ep94.pth
2026-04-20 19:10:08,757 Epoch [95/100] Step [100/391] Loss: 0.0504
2026-04-20 19:10:09,544 Epoch [95/100] Step [200/391] Loss: 0.0401
2026-04-20 19:10:10,333 Epoch [95/100] Step [300/391] Loss: 0.0678
2026-04-20 19:10:11,082 Epoch 95 Train Loss: 0.0570 Acc: 0.9865
2026-04-20 19:10:11,561 Epoch 95 Test Loss: 0.3440 Acc: 0.8934
2026-04-20 19:10:12,454 Epoch [96/100] Step [100/391] Loss: 0.0572
2026-04-20 19:10:13,243 Epoch [96/100] Step [200/391] Loss: 0.0318
2026-04-20 19:10:14,032 Epoch [96/100] Step [300/391] Loss: 0.0529
2026-04-20 19:10:14,778 Epoch 96 Train Loss: 0.0549 Acc: 0.9876
2026-04-20 19:10:15,248 Epoch 96 Test Loss: 0.3428 Acc: 0.8927
2026-04-20 19:10:16,138 Epoch [97/100] Step [100/391] Loss: 0.0257
2026-04-20 19:10:16,926 Epoch [97/100] Step [200/391] Loss: 0.0523
2026-04-20 19:10:17,715 Epoch [97/100] Step [300/391] Loss: 0.0652
2026-04-20 19:10:18,453 Epoch 97 Train Loss: 0.0546 Acc: 0.9873
2026-04-20 19:10:18,929 Epoch 97 Test Loss: 0.3430 Acc: 0.8936
2026-04-20 19:10:19,821 Epoch [98/100] Step [100/391] Loss: 0.0546
2026-04-20 19:10:20,610 Epoch [98/100] Step [200/391] Loss: 0.0691
2026-04-20 19:10:21,401 Epoch [98/100] Step [300/391] Loss: 0.0498
2026-04-20 19:10:22,147 Epoch 98 Train Loss: 0.0537 Acc: 0.9877
2026-04-20 19:10:22,622 Epoch 98 Test Loss: 0.3417 Acc: 0.8944
2026-04-20 19:10:22,636 Saved new best checkpoint: model_ckpts/cnn_conv64-128-256_fc512_bs128_lr0.1_seed42_ep98.pth
2026-04-20 19:10:23,527 Epoch [99/100] Step [100/391] Loss: 0.0434
2026-04-20 19:10:24,317 Epoch [99/100] Step [200/391] Loss: 0.0415
2026-04-20 19:10:25,105 Epoch [99/100] Step [300/391] Loss: 0.0487
2026-04-20 19:10:25,853 Epoch 99 Train Loss: 0.0537 Acc: 0.9881
2026-04-20 19:10:26,333 Epoch 99 Test Loss: 0.3407 Acc: 0.8946
2026-04-20 19:10:26,347 Saved new best checkpoint: model_ckpts/cnn_conv64-128-256_fc512_bs128_lr0.1_seed42_ep99.pth
2026-04-20 19:10:27,232 Epoch [100/100] Step [100/391] Loss: 0.0581
2026-04-20 19:10:28,021 Epoch [100/100] Step [200/391] Loss: 0.0334
2026-04-20 19:10:28,810 Epoch [100/100] Step [300/391] Loss: 0.0389
2026-04-20 19:10:29,554 Epoch 100 Train Loss: 0.0539 Acc: 0.9875
2026-04-20 19:10:30,028 Epoch 100 Test Loss: 0.3419 Acc: 0.8933
2026-04-20 19:10:30,036 Training complete. Best test acc: 0.8946
