2026-04-20 22:55:29,356 Using device: cuda:0
2026-04-20 22:55:29,356 Using optimizer: sgd
2026-04-20 22:55:30,723 Epoch [1/100] Step [100/391] Loss: 1.7961
2026-04-20 22:55:31,472 Epoch [1/100] Step [200/391] Loss: 1.6469
2026-04-20 22:55:32,222 Epoch [1/100] Step [300/391] Loss: 1.4168
2026-04-20 22:55:33,071 Epoch 1 Train Loss: 1.6924 Acc: 0.4031
2026-04-20 22:55:33,598 Epoch 1 Test Loss: 1.5669 Acc: 0.4652
2026-04-20 22:55:33,621 Saved new best checkpoint: model_ckpts/cnn_archcnn_conv64-64-128-256_fc512_bs128_optsgd_lr0.1_schedcosine_drop0.1_seed42/best.pth
2026-04-20 22:55:34,637 Epoch [2/100] Step [100/391] Loss: 1.1014
2026-04-20 22:55:35,408 Epoch [2/100] Step [200/391] Loss: 1.0906
2026-04-20 22:55:36,175 Epoch [2/100] Step [300/391] Loss: 1.0978
2026-04-20 22:55:36,902 Epoch 2 Train Loss: 1.1627 Acc: 0.5789
2026-04-20 22:55:37,388 Epoch 2 Test Loss: 1.5709 Acc: 0.5213
2026-04-20 22:55:37,412 Saved new best checkpoint: model_ckpts/cnn_archcnn_conv64-64-128-256_fc512_bs128_optsgd_lr0.1_schedcosine_drop0.1_seed42/best.pth
2026-04-20 22:55:38,445 Epoch [3/100] Step [100/391] Loss: 1.0723
2026-04-20 22:55:39,208 Epoch [3/100] Step [200/391] Loss: 0.8807
2026-04-20 22:55:39,987 Epoch [3/100] Step [300/391] Loss: 0.9157
2026-04-20 22:55:40,717 Epoch 3 Train Loss: 0.9776 Acc: 0.6527
2026-04-20 22:55:41,220 Epoch 3 Test Loss: 1.2578 Acc: 0.5794
2026-04-20 22:55:41,246 Saved new best checkpoint: model_ckpts/cnn_archcnn_conv64-64-128-256_fc512_bs128_optsgd_lr0.1_schedcosine_drop0.1_seed42/best.pth
2026-04-20 22:55:42,280 Epoch [4/100] Step [100/391] Loss: 0.8068
2026-04-20 22:55:43,071 Epoch [4/100] Step [200/391] Loss: 0.8788
2026-04-20 22:55:43,842 Epoch [4/100] Step [300/391] Loss: 0.7607
2026-04-20 22:55:44,572 Epoch 4 Train Loss: 0.8459 Acc: 0.7004
2026-04-20 22:55:45,075 Epoch 4 Test Loss: 1.6336 Acc: 0.5119
2026-04-20 22:55:46,111 Epoch [5/100] Step [100/391] Loss: 0.7443
2026-04-20 22:55:46,896 Epoch [5/100] Step [200/391] Loss: 0.8429
2026-04-20 22:55:47,685 Epoch [5/100] Step [300/391] Loss: 0.6655
2026-04-20 22:55:48,416 Epoch 5 Train Loss: 0.7658 Acc: 0.7298
2026-04-20 22:55:48,919 Epoch 5 Test Loss: 0.8581 Acc: 0.7036
2026-04-20 22:55:48,946 Saved new best checkpoint: model_ckpts/cnn_archcnn_conv64-64-128-256_fc512_bs128_optsgd_lr0.1_schedcosine_drop0.1_seed42/best.pth
2026-04-20 22:55:49,992 Epoch [6/100] Step [100/391] Loss: 0.9410
2026-04-20 22:55:50,756 Epoch [6/100] Step [200/391] Loss: 0.5701
2026-04-20 22:55:51,522 Epoch [6/100] Step [300/391] Loss: 0.5966
2026-04-20 22:55:52,253 Epoch 6 Train Loss: 0.7062 Acc: 0.7527
2026-04-20 22:55:52,764 Epoch 6 Test Loss: 1.1817 Acc: 0.6088
2026-04-20 22:55:53,814 Epoch [7/100] Step [100/391] Loss: 0.7349
2026-04-20 22:55:54,586 Epoch [7/100] Step [200/391] Loss: 0.5489
2026-04-20 22:55:55,350 Epoch [7/100] Step [300/391] Loss: 0.5941
2026-04-20 22:55:56,085 Epoch 7 Train Loss: 0.6658 Acc: 0.7685
2026-04-20 22:55:56,588 Epoch 7 Test Loss: 1.2976 Acc: 0.6411
2026-04-20 22:55:57,638 Epoch [8/100] Step [100/391] Loss: 0.5354
2026-04-20 22:55:58,404 Epoch [8/100] Step [200/391] Loss: 0.7255
2026-04-20 22:55:59,168 Epoch [8/100] Step [300/391] Loss: 0.7271
2026-04-20 22:55:59,889 Epoch 8 Train Loss: 0.6419 Acc: 0.7743
2026-04-20 22:56:00,402 Epoch 8 Test Loss: 0.8984 Acc: 0.7060
2026-04-20 22:56:00,430 Saved new best checkpoint: model_ckpts/cnn_archcnn_conv64-64-128-256_fc512_bs128_optsgd_lr0.1_schedcosine_drop0.1_seed42/best.pth
2026-04-20 22:56:01,483 Epoch [9/100] Step [100/391] Loss: 0.5421
2026-04-20 22:56:02,253 Epoch [9/100] Step [200/391] Loss: 0.5536
2026-04-20 22:56:03,020 Epoch [9/100] Step [300/391] Loss: 0.7324
2026-04-20 22:56:03,748 Epoch 9 Train Loss: 0.6152 Acc: 0.7880
2026-04-20 22:56:04,259 Epoch 9 Test Loss: 0.7755 Acc: 0.7397
2026-04-20 22:56:04,288 Saved new best checkpoint: model_ckpts/cnn_archcnn_conv64-64-128-256_fc512_bs128_optsgd_lr0.1_schedcosine_drop0.1_seed42/best.pth
2026-04-20 22:56:05,445 Epoch [10/100] Step [100/391] Loss: 0.5648
2026-04-20 22:56:06,214 Epoch [10/100] Step [200/391] Loss: 0.8509
2026-04-20 22:56:06,983 Epoch [10/100] Step [300/391] Loss: 0.6379
2026-04-20 22:56:07,713 Epoch 10 Train Loss: 0.5957 Acc: 0.7926
2026-04-20 22:56:08,233 Epoch 10 Test Loss: 1.0104 Acc: 0.6913
2026-04-20 22:56:09,286 Epoch [11/100] Step [100/391] Loss: 0.5884
2026-04-20 22:56:10,056 Epoch [11/100] Step [200/391] Loss: 0.4343
2026-04-20 22:56:10,822 Epoch [11/100] Step [300/391] Loss: 0.5974
2026-04-20 22:56:11,557 Epoch 11 Train Loss: 0.5714 Acc: 0.8006
2026-04-20 22:56:12,073 Epoch 11 Test Loss: 0.9778 Acc: 0.6889
2026-04-20 22:56:13,128 Epoch [12/100] Step [100/391] Loss: 0.4918
2026-04-20 22:56:13,901 Epoch [12/100] Step [200/391] Loss: 0.6691
2026-04-20 22:56:14,673 Epoch [12/100] Step [300/391] Loss: 0.5211
2026-04-20 22:56:15,410 Epoch 12 Train Loss: 0.5643 Acc: 0.8052
2026-04-20 22:56:15,914 Epoch 12 Test Loss: 0.6523 Acc: 0.7781
2026-04-20 22:56:15,940 Saved new best checkpoint: model_ckpts/cnn_archcnn_conv64-64-128-256_fc512_bs128_optsgd_lr0.1_schedcosine_drop0.1_seed42/best.pth
2026-04-20 22:56:16,975 Epoch [13/100] Step [100/391] Loss: 0.6771
2026-04-20 22:56:17,751 Epoch [13/100] Step [200/391] Loss: 0.5357
2026-04-20 22:56:18,523 Epoch [13/100] Step [300/391] Loss: 0.6333
2026-04-20 22:56:19,264 Epoch 13 Train Loss: 0.5459 Acc: 0.8123
2026-04-20 22:56:19,774 Epoch 13 Test Loss: 0.7721 Acc: 0.7399
2026-04-20 22:56:20,821 Epoch [14/100] Step [100/391] Loss: 0.5783
2026-04-20 22:56:21,595 Epoch [14/100] Step [200/391] Loss: 0.5244
2026-04-20 22:56:22,368 Epoch [14/100] Step [300/391] Loss: 0.3467
2026-04-20 22:56:23,104 Epoch 14 Train Loss: 0.5349 Acc: 0.8145
2026-04-20 22:56:23,620 Epoch 14 Test Loss: 0.7883 Acc: 0.7434
2026-04-20 22:56:24,680 Epoch [15/100] Step [100/391] Loss: 0.5977
2026-04-20 22:56:25,454 Epoch [15/100] Step [200/391] Loss: 0.5364
2026-04-20 22:56:26,227 Epoch [15/100] Step [300/391] Loss: 0.5925
2026-04-20 22:56:26,967 Epoch 15 Train Loss: 0.5252 Acc: 0.8172
2026-04-20 22:56:27,476 Epoch 15 Test Loss: 1.1104 Acc: 0.6687
2026-04-20 22:56:28,533 Epoch [16/100] Step [100/391] Loss: 0.5848
2026-04-20 22:56:29,308 Epoch [16/100] Step [200/391] Loss: 0.4031
2026-04-20 22:56:30,083 Epoch [16/100] Step [300/391] Loss: 0.6428
2026-04-20 22:56:30,830 Epoch 16 Train Loss: 0.5185 Acc: 0.8205
2026-04-20 22:56:31,334 Epoch 16 Test Loss: 0.7521 Acc: 0.7449
2026-04-20 22:56:32,398 Epoch [17/100] Step [100/391] Loss: 0.5957
2026-04-20 22:56:33,175 Epoch [17/100] Step [200/391] Loss: 0.5726
2026-04-20 22:56:33,950 Epoch [17/100] Step [300/391] Loss: 0.5524
2026-04-20 22:56:34,696 Epoch 17 Train Loss: 0.5090 Acc: 0.8236
2026-04-20 22:56:35,197 Epoch 17 Test Loss: 0.7494 Acc: 0.7418
2026-04-20 22:56:36,261 Epoch [18/100] Step [100/391] Loss: 0.5252
2026-04-20 22:56:37,039 Epoch [18/100] Step [200/391] Loss: 0.5536
2026-04-20 22:56:37,816 Epoch [18/100] Step [300/391] Loss: 0.5287
2026-04-20 22:56:38,554 Epoch 18 Train Loss: 0.5034 Acc: 0.8258
2026-04-20 22:56:39,056 Epoch 18 Test Loss: 0.9650 Acc: 0.6951
2026-04-20 22:56:40,090 Epoch [19/100] Step [100/391] Loss: 0.4970
2026-04-20 22:56:40,853 Epoch [19/100] Step [200/391] Loss: 0.3826
2026-04-20 22:56:41,615 Epoch [19/100] Step [300/391] Loss: 0.5382
2026-04-20 22:56:42,340 Epoch 19 Train Loss: 0.4957 Acc: 0.8276
2026-04-20 22:56:42,844 Epoch 19 Test Loss: 1.1142 Acc: 0.6583
2026-04-20 22:56:43,879 Epoch [20/100] Step [100/391] Loss: 0.4902
2026-04-20 22:56:44,641 Epoch [20/100] Step [200/391] Loss: 0.4220
2026-04-20 22:56:45,403 Epoch [20/100] Step [300/391] Loss: 0.4316
2026-04-20 22:56:46,128 Epoch 20 Train Loss: 0.4897 Acc: 0.8322
2026-04-20 22:56:46,634 Epoch 20 Test Loss: 0.8824 Acc: 0.7027
2026-04-20 22:56:47,662 Epoch [21/100] Step [100/391] Loss: 0.3109
2026-04-20 22:56:48,427 Epoch [21/100] Step [200/391] Loss: 0.4509
2026-04-20 22:56:49,189 Epoch [21/100] Step [300/391] Loss: 0.3782
2026-04-20 22:56:49,921 Epoch 21 Train Loss: 0.4841 Acc: 0.8325
2026-04-20 22:56:50,435 Epoch 21 Test Loss: 0.6651 Acc: 0.7793
2026-04-20 22:56:50,460 Saved new best checkpoint: model_ckpts/cnn_archcnn_conv64-64-128-256_fc512_bs128_optsgd_lr0.1_schedcosine_drop0.1_seed42/best.pth
2026-04-20 22:56:51,475 Epoch [22/100] Step [100/391] Loss: 0.5667
2026-04-20 22:56:52,238 Epoch [22/100] Step [200/391] Loss: 0.4517
2026-04-20 22:56:53,002 Epoch [22/100] Step [300/391] Loss: 0.5457
2026-04-20 22:56:53,726 Epoch 22 Train Loss: 0.4793 Acc: 0.8339
2026-04-20 22:56:54,240 Epoch 22 Test Loss: 0.9035 Acc: 0.7238
2026-04-20 22:56:55,386 Epoch [23/100] Step [100/391] Loss: 0.4632
2026-04-20 22:56:56,148 Epoch [23/100] Step [200/391] Loss: 0.4640
2026-04-20 22:56:56,910 Epoch [23/100] Step [300/391] Loss: 0.4753
2026-04-20 22:56:57,645 Epoch 23 Train Loss: 0.4648 Acc: 0.8396
2026-04-20 22:56:58,164 Epoch 23 Test Loss: 1.0141 Acc: 0.7018
2026-04-20 22:56:59,191 Epoch [24/100] Step [100/391] Loss: 0.4376
2026-04-20 22:56:59,954 Epoch [24/100] Step [200/391] Loss: 0.5897
2026-04-20 22:57:00,715 Epoch [24/100] Step [300/391] Loss: 0.2782
2026-04-20 22:57:01,457 Epoch 24 Train Loss: 0.4657 Acc: 0.8391
2026-04-20 22:57:01,968 Epoch 24 Test Loss: 0.8796 Acc: 0.7243
2026-04-20 22:57:02,995 Epoch [25/100] Step [100/391] Loss: 0.5642
2026-04-20 22:57:03,759 Epoch [25/100] Step [200/391] Loss: 0.5266
2026-04-20 22:57:04,520 Epoch [25/100] Step [300/391] Loss: 0.3981
2026-04-20 22:57:05,250 Epoch 25 Train Loss: 0.4681 Acc: 0.8377
2026-04-20 22:57:05,760 Epoch 25 Test Loss: 0.8890 Acc: 0.7189
2026-04-20 22:57:06,794 Epoch [26/100] Step [100/391] Loss: 0.4595
2026-04-20 22:57:07,558 Epoch [26/100] Step [200/391] Loss: 0.5907
2026-04-20 22:57:08,321 Epoch [26/100] Step [300/391] Loss: 0.5749
2026-04-20 22:57:09,046 Epoch 26 Train Loss: 0.4646 Acc: 0.8405
2026-04-20 22:57:09,564 Epoch 26 Test Loss: 1.0549 Acc: 0.6680
2026-04-20 22:57:10,591 Epoch [27/100] Step [100/391] Loss: 0.3076
2026-04-20 22:57:11,353 Epoch [27/100] Step [200/391] Loss: 0.2903
2026-04-20 22:57:12,134 Epoch [27/100] Step [300/391] Loss: 0.5083
2026-04-20 22:57:12,858 Epoch 27 Train Loss: 0.4501 Acc: 0.8437
2026-04-20 22:57:13,369 Epoch 27 Test Loss: 0.6871 Acc: 0.7685
2026-04-20 22:57:14,402 Epoch [28/100] Step [100/391] Loss: 0.4162
2026-04-20 22:57:15,164 Epoch [28/100] Step [200/391] Loss: 0.4069
2026-04-20 22:57:15,927 Epoch [28/100] Step [300/391] Loss: 0.3849
2026-04-20 22:57:16,653 Epoch 28 Train Loss: 0.4495 Acc: 0.8444
2026-04-20 22:57:17,162 Epoch 28 Test Loss: 1.1516 Acc: 0.6770
2026-04-20 22:57:18,190 Epoch [29/100] Step [100/391] Loss: 0.4135
2026-04-20 22:57:18,951 Epoch [29/100] Step [200/391] Loss: 0.3180
2026-04-20 22:57:19,714 Epoch [29/100] Step [300/391] Loss: 0.3050
2026-04-20 22:57:20,442 Epoch 29 Train Loss: 0.4469 Acc: 0.8469
2026-04-20 22:57:20,951 Epoch 29 Test Loss: 0.7485 Acc: 0.7547
2026-04-20 22:57:21,993 Epoch [30/100] Step [100/391] Loss: 0.3694
2026-04-20 22:57:22,758 Epoch [30/100] Step [200/391] Loss: 0.4590
2026-04-20 22:57:23,522 Epoch [30/100] Step [300/391] Loss: 0.4930
2026-04-20 22:57:24,254 Epoch 30 Train Loss: 0.4339 Acc: 0.8513
2026-04-20 22:57:24,766 Epoch 30 Test Loss: 0.8425 Acc: 0.7134
2026-04-20 22:57:25,794 Epoch [31/100] Step [100/391] Loss: 0.3474
2026-04-20 22:57:26,558 Epoch [31/100] Step [200/391] Loss: 0.4661
2026-04-20 22:57:27,320 Epoch [31/100] Step [300/391] Loss: 0.5925
2026-04-20 22:57:28,057 Epoch 31 Train Loss: 0.4332 Acc: 0.8505
2026-04-20 22:57:28,571 Epoch 31 Test Loss: 0.7599 Acc: 0.7541
2026-04-20 22:57:29,600 Epoch [32/100] Step [100/391] Loss: 0.4619
2026-04-20 22:57:30,362 Epoch [32/100] Step [200/391] Loss: 0.3619
2026-04-20 22:57:31,125 Epoch [32/100] Step [300/391] Loss: 0.4013
2026-04-20 22:57:31,848 Epoch 32 Train Loss: 0.4266 Acc: 0.8526
2026-04-20 22:57:32,351 Epoch 32 Test Loss: 2.4930 Acc: 0.4145
2026-04-20 22:57:33,382 Epoch [33/100] Step [100/391] Loss: 0.4263
2026-04-20 22:57:34,144 Epoch [33/100] Step [200/391] Loss: 0.5087
2026-04-20 22:57:34,907 Epoch [33/100] Step [300/391] Loss: 0.4561
2026-04-20 22:57:35,640 Epoch 33 Train Loss: 0.4228 Acc: 0.8517
2026-04-20 22:57:36,157 Epoch 33 Test Loss: 0.7046 Acc: 0.7653
2026-04-20 22:57:37,185 Epoch [34/100] Step [100/391] Loss: 0.4011
2026-04-20 22:57:37,948 Epoch [34/100] Step [200/391] Loss: 0.4551
2026-04-20 22:57:38,711 Epoch [34/100] Step [300/391] Loss: 0.3282
2026-04-20 22:57:39,447 Epoch 34 Train Loss: 0.4148 Acc: 0.8571
2026-04-20 22:57:39,964 Epoch 34 Test Loss: 0.8965 Acc: 0.7156
2026-04-20 22:57:40,989 Epoch [35/100] Step [100/391] Loss: 0.3576
2026-04-20 22:57:41,751 Epoch [35/100] Step [200/391] Loss: 0.3517
2026-04-20 22:57:42,515 Epoch [35/100] Step [300/391] Loss: 0.4957
2026-04-20 22:57:43,250 Epoch 35 Train Loss: 0.4064 Acc: 0.8591
2026-04-20 22:57:43,754 Epoch 35 Test Loss: 0.8065 Acc: 0.7350
2026-04-20 22:57:44,902 Epoch [36/100] Step [100/391] Loss: 0.4144
2026-04-20 22:57:45,664 Epoch [36/100] Step [200/391] Loss: 0.3150
2026-04-20 22:57:46,427 Epoch [36/100] Step [300/391] Loss: 0.3773
2026-04-20 22:57:47,155 Epoch 36 Train Loss: 0.4123 Acc: 0.8562
2026-04-20 22:57:47,672 Epoch 36 Test Loss: 0.7723 Acc: 0.7466
2026-04-20 22:57:48,711 Epoch [37/100] Step [100/391] Loss: 0.4280
2026-04-20 22:57:49,474 Epoch [37/100] Step [200/391] Loss: 0.4365
2026-04-20 22:57:50,239 Epoch [37/100] Step [300/391] Loss: 0.3960
2026-04-20 22:57:50,970 Epoch 37 Train Loss: 0.4045 Acc: 0.8592
2026-04-20 22:57:51,470 Epoch 37 Test Loss: 0.5376 Acc: 0.8251
2026-04-20 22:57:51,494 Saved new best checkpoint: model_ckpts/cnn_archcnn_conv64-64-128-256_fc512_bs128_optsgd_lr0.1_schedcosine_drop0.1_seed42/best.pth
2026-04-20 22:57:52,514 Epoch [38/100] Step [100/391] Loss: 0.2274
2026-04-20 22:57:53,277 Epoch [38/100] Step [200/391] Loss: 0.3152
2026-04-20 22:57:54,041 Epoch [38/100] Step [300/391] Loss: 0.3887
2026-04-20 22:57:54,768 Epoch 38 Train Loss: 0.3940 Acc: 0.8627
2026-04-20 22:57:55,280 Epoch 38 Test Loss: 0.6749 Acc: 0.7664
2026-04-20 22:57:56,306 Epoch [39/100] Step [100/391] Loss: 0.3656
2026-04-20 22:57:57,069 Epoch [39/100] Step [200/391] Loss: 0.4960
2026-04-20 22:57:57,832 Epoch [39/100] Step [300/391] Loss: 0.4880
2026-04-20 22:57:58,566 Epoch 39 Train Loss: 0.3955 Acc: 0.8623
2026-04-20 22:57:59,069 Epoch 39 Test Loss: 0.7497 Acc: 0.7622
2026-04-20 22:58:00,101 Epoch [40/100] Step [100/391] Loss: 0.4537
2026-04-20 22:58:00,863 Epoch [40/100] Step [200/391] Loss: 0.5230
2026-04-20 22:58:01,626 Epoch [40/100] Step [300/391] Loss: 0.3659
2026-04-20 22:58:02,353 Epoch 40 Train Loss: 0.3809 Acc: 0.8683
2026-04-20 22:58:02,859 Epoch 40 Test Loss: 0.7685 Acc: 0.7522
2026-04-20 22:58:03,894 Epoch [41/100] Step [100/391] Loss: 0.3516
2026-04-20 22:58:04,655 Epoch [41/100] Step [200/391] Loss: 0.3794
2026-04-20 22:58:05,418 Epoch [41/100] Step [300/391] Loss: 0.3503
2026-04-20 22:58:06,152 Epoch 41 Train Loss: 0.3874 Acc: 0.8655
2026-04-20 22:58:06,656 Epoch 41 Test Loss: 0.7671 Acc: 0.7489
2026-04-20 22:58:07,691 Epoch [42/100] Step [100/391] Loss: 0.3095
2026-04-20 22:58:08,451 Epoch [42/100] Step [200/391] Loss: 0.4449
2026-04-20 22:58:09,212 Epoch [42/100] Step [300/391] Loss: 0.2888
2026-04-20 22:58:09,939 Epoch 42 Train Loss: 0.3757 Acc: 0.8720
2026-04-20 22:58:10,438 Epoch 42 Test Loss: 0.5081 Acc: 0.8326
2026-04-20 22:58:10,463 Saved new best checkpoint: model_ckpts/cnn_archcnn_conv64-64-128-256_fc512_bs128_optsgd_lr0.1_schedcosine_drop0.1_seed42/best.pth
2026-04-20 22:58:11,468 Epoch [43/100] Step [100/391] Loss: 0.3120
2026-04-20 22:58:12,229 Epoch [43/100] Step [200/391] Loss: 0.5978
2026-04-20 22:58:12,993 Epoch [43/100] Step [300/391] Loss: 0.4601
2026-04-20 22:58:13,726 Epoch 43 Train Loss: 0.3630 Acc: 0.8742
2026-04-20 22:58:14,229 Epoch 43 Test Loss: 0.6512 Acc: 0.7853
2026-04-20 22:58:15,252 Epoch [44/100] Step [100/391] Loss: 0.4880
2026-04-20 22:58:16,015 Epoch [44/100] Step [200/391] Loss: 0.3675
2026-04-20 22:58:16,778 Epoch [44/100] Step [300/391] Loss: 0.4836
2026-04-20 22:58:17,502 Epoch 44 Train Loss: 0.3651 Acc: 0.8737
2026-04-20 22:58:18,009 Epoch 44 Test Loss: 1.0949 Acc: 0.6820
2026-04-20 22:58:19,039 Epoch [45/100] Step [100/391] Loss: 0.4101
2026-04-20 22:58:19,803 Epoch [45/100] Step [200/391] Loss: 0.4324
2026-04-20 22:58:20,567 Epoch [45/100] Step [300/391] Loss: 0.2542
2026-04-20 22:58:21,302 Epoch 45 Train Loss: 0.3619 Acc: 0.8745
2026-04-20 22:58:21,803 Epoch 45 Test Loss: 0.6748 Acc: 0.7872
2026-04-20 22:58:22,827 Epoch [46/100] Step [100/391] Loss: 0.3729
2026-04-20 22:58:23,590 Epoch [46/100] Step [200/391] Loss: 0.3669
2026-04-20 22:58:24,352 Epoch [46/100] Step [300/391] Loss: 0.3836
2026-04-20 22:58:25,087 Epoch 46 Train Loss: 0.3512 Acc: 0.8797
2026-04-20 22:58:25,586 Epoch 46 Test Loss: 1.0084 Acc: 0.7035
2026-04-20 22:58:26,614 Epoch [47/100] Step [100/391] Loss: 0.3436
2026-04-20 22:58:27,379 Epoch [47/100] Step [200/391] Loss: 0.3440
2026-04-20 22:58:28,144 Epoch [47/100] Step [300/391] Loss: 0.4233
2026-04-20 22:58:28,869 Epoch 47 Train Loss: 0.3522 Acc: 0.8768
2026-04-20 22:58:29,379 Epoch 47 Test Loss: 0.5705 Acc: 0.8145
2026-04-20 22:58:30,406 Epoch [48/100] Step [100/391] Loss: 0.3714
2026-04-20 22:58:31,170 Epoch [48/100] Step [200/391] Loss: 0.3860
2026-04-20 22:58:31,933 Epoch [48/100] Step [300/391] Loss: 0.3461
2026-04-20 22:58:32,663 Epoch 48 Train Loss: 0.3454 Acc: 0.8803
2026-04-20 22:58:33,162 Epoch 48 Test Loss: 0.5324 Acc: 0.8223
2026-04-20 22:58:34,182 Epoch [49/100] Step [100/391] Loss: 0.2357
2026-04-20 22:58:34,947 Epoch [49/100] Step [200/391] Loss: 0.3006
2026-04-20 22:58:35,709 Epoch [49/100] Step [300/391] Loss: 0.2723
2026-04-20 22:58:36,446 Epoch 49 Train Loss: 0.3362 Acc: 0.8828
2026-04-20 22:58:36,958 Epoch 49 Test Loss: 0.6921 Acc: 0.7769
2026-04-20 22:58:38,101 Epoch [50/100] Step [100/391] Loss: 0.3236
2026-04-20 22:58:38,863 Epoch [50/100] Step [200/391] Loss: 0.3299
2026-04-20 22:58:39,628 Epoch [50/100] Step [300/391] Loss: 0.3790
2026-04-20 22:58:40,355 Epoch 50 Train Loss: 0.3353 Acc: 0.8829
2026-04-20 22:58:40,856 Epoch 50 Test Loss: 0.8971 Acc: 0.7249
2026-04-20 22:58:41,887 Epoch [51/100] Step [100/391] Loss: 0.3645
2026-04-20 22:58:42,650 Epoch [51/100] Step [200/391] Loss: 0.3102
2026-04-20 22:58:43,413 Epoch [51/100] Step [300/391] Loss: 0.3971
2026-04-20 22:58:44,137 Epoch 51 Train Loss: 0.3274 Acc: 0.8870
2026-04-20 22:58:44,654 Epoch 51 Test Loss: 0.5482 Acc: 0.8175
2026-04-20 22:58:45,679 Epoch [52/100] Step [100/391] Loss: 0.3007
2026-04-20 22:58:46,441 Epoch [52/100] Step [200/391] Loss: 0.3061
2026-04-20 22:58:47,203 Epoch [52/100] Step [300/391] Loss: 0.4476
2026-04-20 22:58:47,930 Epoch 52 Train Loss: 0.3151 Acc: 0.8900
2026-04-20 22:58:48,433 Epoch 52 Test Loss: 0.6728 Acc: 0.7976
2026-04-20 22:58:49,463 Epoch [53/100] Step [100/391] Loss: 0.2338
2026-04-20 22:58:50,228 Epoch [53/100] Step [200/391] Loss: 0.3491
2026-04-20 22:58:50,989 Epoch [53/100] Step [300/391] Loss: 0.2512
2026-04-20 22:58:51,718 Epoch 53 Train Loss: 0.3079 Acc: 0.8938
2026-04-20 22:58:52,227 Epoch 53 Test Loss: 0.5563 Acc: 0.8225
2026-04-20 22:58:53,255 Epoch [54/100] Step [100/391] Loss: 0.2572
2026-04-20 22:58:54,020 Epoch [54/100] Step [200/391] Loss: 0.1268
2026-04-20 22:58:54,780 Epoch [54/100] Step [300/391] Loss: 0.3150
2026-04-20 22:58:55,503 Epoch 54 Train Loss: 0.3073 Acc: 0.8925
2026-04-20 22:58:56,009 Epoch 54 Test Loss: 0.4769 Acc: 0.8428
2026-04-20 22:58:56,036 Saved new best checkpoint: model_ckpts/cnn_archcnn_conv64-64-128-256_fc512_bs128_optsgd_lr0.1_schedcosine_drop0.1_seed42/best.pth
2026-04-20 22:58:57,045 Epoch [55/100] Step [100/391] Loss: 0.1708
2026-04-20 22:58:57,809 Epoch [55/100] Step [200/391] Loss: 0.2566
2026-04-20 22:58:58,574 Epoch [55/100] Step [300/391] Loss: 0.4509
2026-04-20 22:58:59,301 Epoch 55 Train Loss: 0.3018 Acc: 0.8954
2026-04-20 22:58:59,793 Epoch 55 Test Loss: 0.6941 Acc: 0.7830
2026-04-20 22:59:00,830 Epoch [56/100] Step [100/391] Loss: 0.2545
2026-04-20 22:59:01,596 Epoch [56/100] Step [200/391] Loss: 0.2248
2026-04-20 22:59:02,360 Epoch [56/100] Step [300/391] Loss: 0.2885
2026-04-20 22:59:03,087 Epoch 56 Train Loss: 0.2966 Acc: 0.8978
2026-04-20 22:59:03,589 Epoch 56 Test Loss: 0.6392 Acc: 0.7925
2026-04-20 22:59:04,620 Epoch [57/100] Step [100/391] Loss: 0.2866
2026-04-20 22:59:05,382 Epoch [57/100] Step [200/391] Loss: 0.2711
2026-04-20 22:59:06,143 Epoch [57/100] Step [300/391] Loss: 0.4178
2026-04-20 22:59:06,872 Epoch 57 Train Loss: 0.2854 Acc: 0.9003
2026-04-20 22:59:07,374 Epoch 57 Test Loss: 0.4919 Acc: 0.8430
2026-04-20 22:59:07,400 Saved new best checkpoint: model_ckpts/cnn_archcnn_conv64-64-128-256_fc512_bs128_optsgd_lr0.1_schedcosine_drop0.1_seed42/best.pth
2026-04-20 22:59:08,422 Epoch [58/100] Step [100/391] Loss: 0.2249
2026-04-20 22:59:09,186 Epoch [58/100] Step [200/391] Loss: 0.1919
2026-04-20 22:59:09,948 Epoch [58/100] Step [300/391] Loss: 0.3100
2026-04-20 22:59:10,678 Epoch 58 Train Loss: 0.2739 Acc: 0.9050
2026-04-20 22:59:11,197 Epoch 58 Test Loss: 0.6137 Acc: 0.7981
2026-04-20 22:59:12,221 Epoch [59/100] Step [100/391] Loss: 0.3349
2026-04-20 22:59:12,981 Epoch [59/100] Step [200/391] Loss: 0.2826
2026-04-20 22:59:13,741 Epoch [59/100] Step [300/391] Loss: 0.2407
2026-04-20 22:59:14,472 Epoch 59 Train Loss: 0.2728 Acc: 0.9049
2026-04-20 22:59:14,997 Epoch 59 Test Loss: 0.7880 Acc: 0.7747
2026-04-20 22:59:16,028 Epoch [60/100] Step [100/391] Loss: 0.2364
2026-04-20 22:59:16,789 Epoch [60/100] Step [200/391] Loss: 0.2580
2026-04-20 22:59:17,552 Epoch [60/100] Step [300/391] Loss: 0.1841
2026-04-20 22:59:18,276 Epoch 60 Train Loss: 0.2650 Acc: 0.9078
2026-04-20 22:59:18,770 Epoch 60 Test Loss: 0.4655 Acc: 0.8455
2026-04-20 22:59:18,795 Saved new best checkpoint: model_ckpts/cnn_archcnn_conv64-64-128-256_fc512_bs128_optsgd_lr0.1_schedcosine_drop0.1_seed42/best.pth
2026-04-20 22:59:19,813 Epoch [61/100] Step [100/391] Loss: 0.1909
2026-04-20 22:59:20,576 Epoch [61/100] Step [200/391] Loss: 0.1749
2026-04-20 22:59:21,341 Epoch [61/100] Step [300/391] Loss: 0.3739
2026-04-20 22:59:22,076 Epoch 61 Train Loss: 0.2578 Acc: 0.9116
2026-04-20 22:59:22,584 Epoch 61 Test Loss: 0.4330 Acc: 0.8539
2026-04-20 22:59:22,610 Saved new best checkpoint: model_ckpts/cnn_archcnn_conv64-64-128-256_fc512_bs128_optsgd_lr0.1_schedcosine_drop0.1_seed42/best.pth
2026-04-20 22:59:23,627 Epoch [62/100] Step [100/391] Loss: 0.1708
2026-04-20 22:59:24,390 Epoch [62/100] Step [200/391] Loss: 0.2116
2026-04-20 22:59:25,154 Epoch [62/100] Step [300/391] Loss: 0.2337
2026-04-20 22:59:25,880 Epoch 62 Train Loss: 0.2504 Acc: 0.9112
2026-04-20 22:59:26,388 Epoch 62 Test Loss: 0.5502 Acc: 0.8203
2026-04-20 22:59:27,420 Epoch [63/100] Step [100/391] Loss: 0.1662
2026-04-20 22:59:28,184 Epoch [63/100] Step [200/391] Loss: 0.2830
2026-04-20 22:59:28,948 Epoch [63/100] Step [300/391] Loss: 0.2847
2026-04-20 22:59:29,678 Epoch 63 Train Loss: 0.2395 Acc: 0.9176
2026-04-20 22:59:30,179 Epoch 63 Test Loss: 0.5264 Acc: 0.8310
2026-04-20 22:59:31,210 Epoch [64/100] Step [100/391] Loss: 0.1924
2026-04-20 22:59:31,974 Epoch [64/100] Step [200/391] Loss: 0.1952
2026-04-20 22:59:32,737 Epoch [64/100] Step [300/391] Loss: 0.2105
2026-04-20 22:59:33,470 Epoch 64 Train Loss: 0.2390 Acc: 0.9168
2026-04-20 22:59:33,974 Epoch 64 Test Loss: 0.4652 Acc: 0.8504
2026-04-20 22:59:35,119 Epoch [65/100] Step [100/391] Loss: 0.2014
2026-04-20 22:59:35,882 Epoch [65/100] Step [200/391] Loss: 0.2179
2026-04-20 22:59:36,644 Epoch [65/100] Step [300/391] Loss: 0.2143
2026-04-20 22:59:37,374 Epoch 65 Train Loss: 0.2238 Acc: 0.9232
2026-04-20 22:59:37,884 Epoch 65 Test Loss: 0.5368 Acc: 0.8302
2026-04-20 22:59:38,904 Epoch [66/100] Step [100/391] Loss: 0.2315
2026-04-20 22:59:39,660 Epoch [66/100] Step [200/391] Loss: 0.2525
2026-04-20 22:59:40,417 Epoch [66/100] Step [300/391] Loss: 0.1962
2026-04-20 22:59:41,146 Epoch 66 Train Loss: 0.2197 Acc: 0.9233
2026-04-20 22:59:41,658 Epoch 66 Test Loss: 0.6116 Acc: 0.8174
2026-04-20 22:59:42,689 Epoch [67/100] Step [100/391] Loss: 0.1594
2026-04-20 22:59:43,446 Epoch [67/100] Step [200/391] Loss: 0.2682
2026-04-20 22:59:44,201 Epoch [67/100] Step [300/391] Loss: 0.1706
2026-04-20 22:59:44,922 Epoch 67 Train Loss: 0.2076 Acc: 0.9277
2026-04-20 22:59:45,428 Epoch 67 Test Loss: 0.4740 Acc: 0.8506
2026-04-20 22:59:46,456 Epoch [68/100] Step [100/391] Loss: 0.3021
2026-04-20 22:59:47,209 Epoch [68/100] Step [200/391] Loss: 0.2093
2026-04-20 22:59:47,965 Epoch [68/100] Step [300/391] Loss: 0.1598
2026-04-20 22:59:48,691 Epoch 68 Train Loss: 0.1945 Acc: 0.9332
2026-04-20 22:59:49,189 Epoch 68 Test Loss: 0.4703 Acc: 0.8534
2026-04-20 22:59:50,230 Epoch [69/100] Step [100/391] Loss: 0.2451
2026-04-20 22:59:50,987 Epoch [69/100] Step [200/391] Loss: 0.2480
2026-04-20 22:59:51,742 Epoch [69/100] Step [300/391] Loss: 0.1794
2026-04-20 22:59:52,466 Epoch 69 Train Loss: 0.1949 Acc: 0.9339
2026-04-20 22:59:52,976 Epoch 69 Test Loss: 0.4285 Acc: 0.8623
2026-04-20 22:59:53,001 Saved new best checkpoint: model_ckpts/cnn_archcnn_conv64-64-128-256_fc512_bs128_optsgd_lr0.1_schedcosine_drop0.1_seed42/best.pth
2026-04-20 22:59:54,009 Epoch [70/100] Step [100/391] Loss: 0.1555
2026-04-20 22:59:54,762 Epoch [70/100] Step [200/391] Loss: 0.1771
2026-04-20 22:59:55,518 Epoch [70/100] Step [300/391] Loss: 0.2030
2026-04-20 22:59:56,245 Epoch 70 Train Loss: 0.1812 Acc: 0.9373
2026-04-20 22:59:56,754 Epoch 70 Test Loss: 0.4414 Acc: 0.8588
2026-04-20 22:59:57,786 Epoch [71/100] Step [100/391] Loss: 0.2614
2026-04-20 22:59:58,541 Epoch [71/100] Step [200/391] Loss: 0.1139
2026-04-20 22:59:59,296 Epoch [71/100] Step [300/391] Loss: 0.1363
2026-04-20 23:00:00,019 Epoch 71 Train Loss: 0.1758 Acc: 0.9394
2026-04-20 23:00:00,517 Epoch 71 Test Loss: 0.5102 Acc: 0.8395
2026-04-20 23:00:01,542 Epoch [72/100] Step [100/391] Loss: 0.1094
2026-04-20 23:00:02,297 Epoch [72/100] Step [200/391] Loss: 0.1279
2026-04-20 23:00:03,052 Epoch [72/100] Step [300/391] Loss: 0.1806
2026-04-20 23:00:03,771 Epoch 72 Train Loss: 0.1676 Acc: 0.9420
2026-04-20 23:00:04,274 Epoch 72 Test Loss: 0.6329 Acc: 0.8266
2026-04-20 23:00:05,298 Epoch [73/100] Step [100/391] Loss: 0.2671
2026-04-20 23:00:06,055 Epoch [73/100] Step [200/391] Loss: 0.2167
2026-04-20 23:00:06,808 Epoch [73/100] Step [300/391] Loss: 0.1493
2026-04-20 23:00:07,524 Epoch 73 Train Loss: 0.1573 Acc: 0.9462
2026-04-20 23:00:08,037 Epoch 73 Test Loss: 0.3986 Acc: 0.8760
2026-04-20 23:00:08,063 Saved new best checkpoint: model_ckpts/cnn_archcnn_conv64-64-128-256_fc512_bs128_optsgd_lr0.1_schedcosine_drop0.1_seed42/best.pth
2026-04-20 23:00:09,076 Epoch [74/100] Step [100/391] Loss: 0.1635
2026-04-20 23:00:09,827 Epoch [74/100] Step [200/391] Loss: 0.1624
2026-04-20 23:00:10,581 Epoch [74/100] Step [300/391] Loss: 0.1264
2026-04-20 23:00:11,305 Epoch 74 Train Loss: 0.1465 Acc: 0.9491
2026-04-20 23:00:11,817 Epoch 74 Test Loss: 0.4756 Acc: 0.8524
2026-04-20 23:00:12,841 Epoch [75/100] Step [100/391] Loss: 0.1399
2026-04-20 23:00:13,595 Epoch [75/100] Step [200/391] Loss: 0.2220
2026-04-20 23:00:14,349 Epoch [75/100] Step [300/391] Loss: 0.1538
2026-04-20 23:00:15,072 Epoch 75 Train Loss: 0.1392 Acc: 0.9529
2026-04-20 23:00:15,570 Epoch 75 Test Loss: 0.4258 Acc: 0.8722
2026-04-20 23:00:16,593 Epoch [76/100] Step [100/391] Loss: 0.0635
2026-04-20 23:00:17,347 Epoch [76/100] Step [200/391] Loss: 0.2180
2026-04-20 23:00:18,103 Epoch [76/100] Step [300/391] Loss: 0.1281
2026-04-20 23:00:18,817 Epoch 76 Train Loss: 0.1307 Acc: 0.9554
2026-04-20 23:00:19,325 Epoch 76 Test Loss: 0.4807 Acc: 0.8593
2026-04-20 23:00:20,346 Epoch [77/100] Step [100/391] Loss: 0.0934
2026-04-20 23:00:21,103 Epoch [77/100] Step [200/391] Loss: 0.1024
2026-04-20 23:00:21,854 Epoch [77/100] Step [300/391] Loss: 0.0861
2026-04-20 23:00:22,573 Epoch 77 Train Loss: 0.1220 Acc: 0.9592
2026-04-20 23:00:23,088 Epoch 77 Test Loss: 0.4031 Acc: 0.8753
2026-04-20 23:00:24,228 Epoch [78/100] Step [100/391] Loss: 0.1926
2026-04-20 23:00:24,983 Epoch [78/100] Step [200/391] Loss: 0.1100
2026-04-20 23:00:25,738 Epoch [78/100] Step [300/391] Loss: 0.1289
2026-04-20 23:00:26,465 Epoch 78 Train Loss: 0.1110 Acc: 0.9628
2026-04-20 23:00:26,964 Epoch 78 Test Loss: 0.4148 Acc: 0.8715
2026-04-20 23:00:27,991 Epoch [79/100] Step [100/391] Loss: 0.0830
2026-04-20 23:00:28,746 Epoch [79/100] Step [200/391] Loss: 0.0938
2026-04-20 23:00:29,503 Epoch [79/100] Step [300/391] Loss: 0.1388
2026-04-20 23:00:30,220 Epoch 79 Train Loss: 0.0997 Acc: 0.9670
2026-04-20 23:00:30,731 Epoch 79 Test Loss: 0.3964 Acc: 0.8812
2026-04-20 23:00:30,757 Saved new best checkpoint: model_ckpts/cnn_archcnn_conv64-64-128-256_fc512_bs128_optsgd_lr0.1_schedcosine_drop0.1_seed42/best.pth
2026-04-20 23:00:31,774 Epoch [80/100] Step [100/391] Loss: 0.0878
2026-04-20 23:00:32,531 Epoch [80/100] Step [200/391] Loss: 0.0873
2026-04-20 23:00:33,287 Epoch [80/100] Step [300/391] Loss: 0.1066
2026-04-20 23:00:34,008 Epoch 80 Train Loss: 0.0918 Acc: 0.9705
2026-04-20 23:00:34,518 Epoch 80 Test Loss: 0.3449 Acc: 0.8931
2026-04-20 23:00:34,544 Saved new best checkpoint: model_ckpts/cnn_archcnn_conv64-64-128-256_fc512_bs128_optsgd_lr0.1_schedcosine_drop0.1_seed42/best.pth
2026-04-20 23:00:35,560 Epoch [81/100] Step [100/391] Loss: 0.1237
2026-04-20 23:00:36,313 Epoch [81/100] Step [200/391] Loss: 0.0751
2026-04-20 23:00:37,069 Epoch [81/100] Step [300/391] Loss: 0.0951
2026-04-20 23:00:37,783 Epoch 81 Train Loss: 0.0832 Acc: 0.9733
2026-04-20 23:00:38,285 Epoch 81 Test Loss: 0.3704 Acc: 0.8902
2026-04-20 23:00:39,316 Epoch [82/100] Step [100/391] Loss: 0.0330
2026-04-20 23:00:40,073 Epoch [82/100] Step [200/391] Loss: 0.0918
2026-04-20 23:00:40,825 Epoch [82/100] Step [300/391] Loss: 0.0962
2026-04-20 23:00:41,548 Epoch 82 Train Loss: 0.0777 Acc: 0.9756
2026-04-20 23:00:42,062 Epoch 82 Test Loss: 0.3551 Acc: 0.8939
2026-04-20 23:00:42,088 Saved new best checkpoint: model_ckpts/cnn_archcnn_conv64-64-128-256_fc512_bs128_optsgd_lr0.1_schedcosine_drop0.1_seed42/best.pth
2026-04-20 23:00:43,105 Epoch [83/100] Step [100/391] Loss: 0.1124
2026-04-20 23:00:43,860 Epoch [83/100] Step [200/391] Loss: 0.0843
2026-04-20 23:00:44,612 Epoch [83/100] Step [300/391] Loss: 0.0552
2026-04-20 23:00:45,329 Epoch 83 Train Loss: 0.0699 Acc: 0.9796
2026-04-20 23:00:45,835 Epoch 83 Test Loss: 0.3635 Acc: 0.8904
2026-04-20 23:00:46,850 Epoch [84/100] Step [100/391] Loss: 0.0948
2026-04-20 23:00:47,605 Epoch [84/100] Step [200/391] Loss: 0.1161
2026-04-20 23:00:48,357 Epoch [84/100] Step [300/391] Loss: 0.0259
2026-04-20 23:00:49,078 Epoch 84 Train Loss: 0.0619 Acc: 0.9817
2026-04-20 23:00:49,591 Epoch 84 Test Loss: 0.3781 Acc: 0.8868
2026-04-20 23:00:50,607 Epoch [85/100] Step [100/391] Loss: 0.0532
2026-04-20 23:00:51,362 Epoch [85/100] Step [200/391] Loss: 0.0376
2026-04-20 23:00:52,117 Epoch [85/100] Step [300/391] Loss: 0.0635
2026-04-20 23:00:52,837 Epoch 85 Train Loss: 0.0574 Acc: 0.9836
2026-04-20 23:00:53,345 Epoch 85 Test Loss: 0.3299 Acc: 0.9012
2026-04-20 23:00:53,370 Saved new best checkpoint: model_ckpts/cnn_archcnn_conv64-64-128-256_fc512_bs128_optsgd_lr0.1_schedcosine_drop0.1_seed42/best.pth
2026-04-20 23:00:54,379 Epoch [86/100] Step [100/391] Loss: 0.0510
2026-04-20 23:00:55,132 Epoch [86/100] Step [200/391] Loss: 0.0403
2026-04-20 23:00:55,887 Epoch [86/100] Step [300/391] Loss: 0.0744
2026-04-20 23:00:56,607 Epoch 86 Train Loss: 0.0521 Acc: 0.9860
2026-04-20 23:00:57,127 Epoch 86 Test Loss: 0.3240 Acc: 0.9011
2026-04-20 23:00:58,144 Epoch [87/100] Step [100/391] Loss: 0.0313
2026-04-20 23:00:58,900 Epoch [87/100] Step [200/391] Loss: 0.0266
2026-04-20 23:00:59,655 Epoch [87/100] Step [300/391] Loss: 0.0351
2026-04-20 23:01:00,370 Epoch 87 Train Loss: 0.0453 Acc: 0.9882
2026-04-20 23:01:00,886 Epoch 87 Test Loss: 0.3200 Acc: 0.9066
2026-04-20 23:01:00,912 Saved new best checkpoint: model_ckpts/cnn_archcnn_conv64-64-128-256_fc512_bs128_optsgd_lr0.1_schedcosine_drop0.1_seed42/best.pth
2026-04-20 23:01:01,917 Epoch [88/100] Step [100/391] Loss: 0.0245
2026-04-20 23:01:02,672 Epoch [88/100] Step [200/391] Loss: 0.0348
2026-04-20 23:01:03,430 Epoch [88/100] Step [300/391] Loss: 0.0425
2026-04-20 23:01:04,160 Epoch 88 Train Loss: 0.0417 Acc: 0.9894
2026-04-20 23:01:04,664 Epoch 88 Test Loss: 0.3252 Acc: 0.9049
2026-04-20 23:01:05,691 Epoch [89/100] Step [100/391] Loss: 0.0149
2026-04-20 23:01:06,447 Epoch [89/100] Step [200/391] Loss: 0.0469
2026-04-20 23:01:07,200 Epoch [89/100] Step [300/391] Loss: 0.0252
2026-04-20 23:01:07,929 Epoch 89 Train Loss: 0.0392 Acc: 0.9906
2026-04-20 23:01:08,440 Epoch 89 Test Loss: 0.3090 Acc: 0.9064
2026-04-20 23:01:09,454 Epoch [90/100] Step [100/391] Loss: 0.0538
2026-04-20 23:01:10,208 Epoch [90/100] Step [200/391] Loss: 0.0289
2026-04-20 23:01:10,964 Epoch [90/100] Step [300/391] Loss: 0.0369
2026-04-20 23:01:11,691 Epoch 90 Train Loss: 0.0349 Acc: 0.9924
2026-04-20 23:01:12,199 Epoch 90 Test Loss: 0.3139 Acc: 0.9071
2026-04-20 23:01:12,224 Saved new best checkpoint: model_ckpts/cnn_archcnn_conv64-64-128-256_fc512_bs128_optsgd_lr0.1_schedcosine_drop0.1_seed42/best.pth
2026-04-20 23:01:13,348 Epoch [91/100] Step [100/391] Loss: 0.0430
2026-04-20 23:01:14,107 Epoch [91/100] Step [200/391] Loss: 0.0312
2026-04-20 23:01:14,863 Epoch [91/100] Step [300/391] Loss: 0.0294
2026-04-20 23:01:15,587 Epoch 91 Train Loss: 0.0333 Acc: 0.9928
2026-04-20 23:01:16,094 Epoch 91 Test Loss: 0.3138 Acc: 0.9068
2026-04-20 23:01:17,121 Epoch [92/100] Step [100/391] Loss: 0.0220
2026-04-20 23:01:17,878 Epoch [92/100] Step [200/391] Loss: 0.0201
2026-04-20 23:01:18,636 Epoch [92/100] Step [300/391] Loss: 0.0228
2026-04-20 23:01:19,369 Epoch 92 Train Loss: 0.0300 Acc: 0.9940
2026-04-20 23:01:19,881 Epoch 92 Test Loss: 0.3066 Acc: 0.9098
2026-04-20 23:01:19,908 Saved new best checkpoint: model_ckpts/cnn_archcnn_conv64-64-128-256_fc512_bs128_optsgd_lr0.1_schedcosine_drop0.1_seed42/best.pth
2026-04-20 23:01:20,912 Epoch [93/100] Step [100/391] Loss: 0.0296
2026-04-20 23:01:21,670 Epoch [93/100] Step [200/391] Loss: 0.0291
2026-04-20 23:01:22,429 Epoch [93/100] Step [300/391] Loss: 0.0312
2026-04-20 23:01:23,156 Epoch 93 Train Loss: 0.0290 Acc: 0.9943
2026-04-20 23:01:23,676 Epoch 93 Test Loss: 0.3065 Acc: 0.9083
2026-04-20 23:01:24,699 Epoch [94/100] Step [100/391] Loss: 0.0466
2026-04-20 23:01:25,460 Epoch [94/100] Step [200/391] Loss: 0.0257
2026-04-20 23:01:26,219 Epoch [94/100] Step [300/391] Loss: 0.0232
2026-04-20 23:01:26,949 Epoch 94 Train Loss: 0.0288 Acc: 0.9944
2026-04-20 23:01:27,465 Epoch 94 Test Loss: 0.3055 Acc: 0.9098
2026-04-20 23:01:28,491 Epoch [95/100] Step [100/391] Loss: 0.0291
2026-04-20 23:01:29,250 Epoch [95/100] Step [200/391] Loss: 0.0327
2026-04-20 23:01:30,013 Epoch [95/100] Step [300/391] Loss: 0.0266
2026-04-20 23:01:30,747 Epoch 95 Train Loss: 0.0269 Acc: 0.9948
2026-04-20 23:01:31,255 Epoch 95 Test Loss: 0.3044 Acc: 0.9100
2026-04-20 23:01:31,281 Saved new best checkpoint: model_ckpts/cnn_archcnn_conv64-64-128-256_fc512_bs128_optsgd_lr0.1_schedcosine_drop0.1_seed42/best.pth
2026-04-20 23:01:32,286 Epoch [96/100] Step [100/391] Loss: 0.0306
2026-04-20 23:01:33,047 Epoch [96/100] Step [200/391] Loss: 0.0222
2026-04-20 23:01:33,808 Epoch [96/100] Step [300/391] Loss: 0.0290
2026-04-20 23:01:34,527 Epoch 96 Train Loss: 0.0265 Acc: 0.9951
2026-04-20 23:01:35,037 Epoch 96 Test Loss: 0.3053 Acc: 0.9095
2026-04-20 23:01:36,066 Epoch [97/100] Step [100/391] Loss: 0.0331
2026-04-20 23:01:36,828 Epoch [97/100] Step [200/391] Loss: 0.0298
2026-04-20 23:01:37,590 Epoch [97/100] Step [300/391] Loss: 0.0186
2026-04-20 23:01:38,320 Epoch 97 Train Loss: 0.0257 Acc: 0.9958
2026-04-20 23:01:38,826 Epoch 97 Test Loss: 0.3034 Acc: 0.9106
2026-04-20 23:01:38,852 Saved new best checkpoint: model_ckpts/cnn_archcnn_conv64-64-128-256_fc512_bs128_optsgd_lr0.1_schedcosine_drop0.1_seed42/best.pth
2026-04-20 23:01:39,865 Epoch [98/100] Step [100/391] Loss: 0.0504
2026-04-20 23:01:40,630 Epoch [98/100] Step [200/391] Loss: 0.0390
2026-04-20 23:01:41,398 Epoch [98/100] Step [300/391] Loss: 0.0148
2026-04-20 23:01:42,124 Epoch 98 Train Loss: 0.0247 Acc: 0.9960
2026-04-20 23:01:42,633 Epoch 98 Test Loss: 0.3026 Acc: 0.9116
2026-04-20 23:01:42,659 Saved new best checkpoint: model_ckpts/cnn_archcnn_conv64-64-128-256_fc512_bs128_optsgd_lr0.1_schedcosine_drop0.1_seed42/best.pth
2026-04-20 23:01:43,670 Epoch [99/100] Step [100/391] Loss: 0.0254
2026-04-20 23:01:44,434 Epoch [99/100] Step [200/391] Loss: 0.0301
2026-04-20 23:01:45,196 Epoch [99/100] Step [300/391] Loss: 0.0145
2026-04-20 23:01:45,927 Epoch 99 Train Loss: 0.0247 Acc: 0.9956
2026-04-20 23:01:46,430 Epoch 99 Test Loss: 0.3018 Acc: 0.9118
2026-04-20 23:01:46,456 Saved new best checkpoint: model_ckpts/cnn_archcnn_conv64-64-128-256_fc512_bs128_optsgd_lr0.1_schedcosine_drop0.1_seed42/best.pth
2026-04-20 23:01:47,474 Epoch [100/100] Step [100/391] Loss: 0.0224
2026-04-20 23:01:48,238 Epoch [100/100] Step [200/391] Loss: 0.0269
2026-04-20 23:01:49,002 Epoch [100/100] Step [300/391] Loss: 0.0346
2026-04-20 23:01:49,729 Epoch 100 Train Loss: 0.0250 Acc: 0.9959
2026-04-20 23:01:50,247 Epoch 100 Test Loss: 0.3027 Acc: 0.9108
2026-04-20 23:01:50,393 Training complete. Best test acc: 0.9118
