2026-04-20 23:03:03,384 Using device: cuda:0
2026-04-20 23:03:03,385 Using optimizer: sgd
2026-04-20 23:03:04,784 Epoch [1/100] Step [100/391] Loss: 1.7830
2026-04-20 23:03:05,542 Epoch [1/100] Step [200/391] Loss: 1.6326
2026-04-20 23:03:06,303 Epoch [1/100] Step [300/391] Loss: 1.4329
2026-04-20 23:03:07,155 Epoch 1 Train Loss: 1.6881 Acc: 0.4059
2026-04-20 23:03:07,679 Epoch 1 Test Loss: 1.4512 Acc: 0.4981
2026-04-20 23:03:07,702 Saved new best checkpoint: model_ckpts/cnn_archcnn_conv64-64-128-256_fc512_bs128_optsgd_lr0.1_schedstep_s30_g0.12_drop0.1_seed42/best.pth
2026-04-20 23:03:08,695 Epoch [2/100] Step [100/391] Loss: 1.1398
2026-04-20 23:03:09,456 Epoch [2/100] Step [200/391] Loss: 1.1387
2026-04-20 23:03:10,215 Epoch [2/100] Step [300/391] Loss: 1.1312
2026-04-20 23:03:10,935 Epoch 2 Train Loss: 1.1608 Acc: 0.5815
2026-04-20 23:03:11,438 Epoch 2 Test Loss: 1.7872 Acc: 0.4667
2026-04-20 23:03:12,460 Epoch [3/100] Step [100/391] Loss: 0.9603
2026-04-20 23:03:13,220 Epoch [3/100] Step [200/391] Loss: 0.8413
2026-04-20 23:03:13,979 Epoch [3/100] Step [300/391] Loss: 0.8982
2026-04-20 23:03:14,706 Epoch 3 Train Loss: 0.9800 Acc: 0.6513
2026-04-20 23:03:15,210 Epoch 3 Test Loss: 1.5186 Acc: 0.5151
2026-04-20 23:03:15,236 Saved new best checkpoint: model_ckpts/cnn_archcnn_conv64-64-128-256_fc512_bs128_optsgd_lr0.1_schedstep_s30_g0.12_drop0.1_seed42/best.pth
2026-04-20 23:03:16,250 Epoch [4/100] Step [100/391] Loss: 0.8131
2026-04-20 23:03:17,010 Epoch [4/100] Step [200/391] Loss: 0.8507
2026-04-20 23:03:17,768 Epoch [4/100] Step [300/391] Loss: 0.7524
2026-04-20 23:03:18,513 Epoch 4 Train Loss: 0.8502 Acc: 0.6990
2026-04-20 23:03:19,025 Epoch 4 Test Loss: 1.2070 Acc: 0.6027
2026-04-20 23:03:19,051 Saved new best checkpoint: model_ckpts/cnn_archcnn_conv64-64-128-256_fc512_bs128_optsgd_lr0.1_schedstep_s30_g0.12_drop0.1_seed42/best.pth
2026-04-20 23:03:20,085 Epoch [5/100] Step [100/391] Loss: 0.7195
2026-04-20 23:03:20,863 Epoch [5/100] Step [200/391] Loss: 0.8244
2026-04-20 23:03:21,654 Epoch [5/100] Step [300/391] Loss: 0.6997
2026-04-20 23:03:22,416 Epoch 5 Train Loss: 0.7654 Acc: 0.7299
2026-04-20 23:03:22,918 Epoch 5 Test Loss: 0.9125 Acc: 0.6768
2026-04-20 23:03:22,944 Saved new best checkpoint: model_ckpts/cnn_archcnn_conv64-64-128-256_fc512_bs128_optsgd_lr0.1_schedstep_s30_g0.12_drop0.1_seed42/best.pth
2026-04-20 23:03:24,009 Epoch [6/100] Step [100/391] Loss: 0.8122
2026-04-20 23:03:24,804 Epoch [6/100] Step [200/391] Loss: 0.6029
2026-04-20 23:03:25,605 Epoch [6/100] Step [300/391] Loss: 0.6077
2026-04-20 23:03:26,346 Epoch 6 Train Loss: 0.7022 Acc: 0.7547
2026-04-20 23:03:26,857 Epoch 6 Test Loss: 0.9197 Acc: 0.6871
2026-04-20 23:03:26,882 Saved new best checkpoint: model_ckpts/cnn_archcnn_conv64-64-128-256_fc512_bs128_optsgd_lr0.1_schedstep_s30_g0.12_drop0.1_seed42/best.pth
2026-04-20 23:03:27,914 Epoch [7/100] Step [100/391] Loss: 0.7841
2026-04-20 23:03:28,691 Epoch [7/100] Step [200/391] Loss: 0.5878
2026-04-20 23:03:29,462 Epoch [7/100] Step [300/391] Loss: 0.6554
2026-04-20 23:03:30,187 Epoch 7 Train Loss: 0.6668 Acc: 0.7676
2026-04-20 23:03:30,690 Epoch 7 Test Loss: 1.2852 Acc: 0.6366
2026-04-20 23:03:31,736 Epoch [8/100] Step [100/391] Loss: 0.5065
2026-04-20 23:03:32,500 Epoch [8/100] Step [200/391] Loss: 0.7313
2026-04-20 23:03:33,262 Epoch [8/100] Step [300/391] Loss: 0.7190
2026-04-20 23:03:33,991 Epoch 8 Train Loss: 0.6427 Acc: 0.7769
2026-04-20 23:03:34,496 Epoch 8 Test Loss: 1.1736 Acc: 0.6578
2026-04-20 23:03:35,531 Epoch [9/100] Step [100/391] Loss: 0.5738
2026-04-20 23:03:36,292 Epoch [9/100] Step [200/391] Loss: 0.5311
2026-04-20 23:03:37,052 Epoch [9/100] Step [300/391] Loss: 0.8153
2026-04-20 23:03:37,779 Epoch 9 Train Loss: 0.6091 Acc: 0.7901
2026-04-20 23:03:38,293 Epoch 9 Test Loss: 0.9247 Acc: 0.7084
2026-04-20 23:03:38,321 Saved new best checkpoint: model_ckpts/cnn_archcnn_conv64-64-128-256_fc512_bs128_optsgd_lr0.1_schedstep_s30_g0.12_drop0.1_seed42/best.pth
2026-04-20 23:03:39,513 Epoch [10/100] Step [100/391] Loss: 0.6431
2026-04-20 23:03:40,335 Epoch [10/100] Step [200/391] Loss: 0.8822
2026-04-20 23:03:41,123 Epoch [10/100] Step [300/391] Loss: 0.6625
2026-04-20 23:03:41,882 Epoch 10 Train Loss: 0.5961 Acc: 0.7923
2026-04-20 23:03:42,383 Epoch 10 Test Loss: 1.0500 Acc: 0.6780
2026-04-20 23:03:43,438 Epoch [11/100] Step [100/391] Loss: 0.5398
2026-04-20 23:03:44,210 Epoch [11/100] Step [200/391] Loss: 0.5252
2026-04-20 23:03:44,977 Epoch [11/100] Step [300/391] Loss: 0.6247
2026-04-20 23:03:45,702 Epoch 11 Train Loss: 0.5808 Acc: 0.7981
2026-04-20 23:03:46,219 Epoch 11 Test Loss: 1.4173 Acc: 0.5738
2026-04-20 23:03:47,282 Epoch [12/100] Step [100/391] Loss: 0.4324
2026-04-20 23:03:48,049 Epoch [12/100] Step [200/391] Loss: 0.7819
2026-04-20 23:03:48,813 Epoch [12/100] Step [300/391] Loss: 0.5685
2026-04-20 23:03:49,536 Epoch 12 Train Loss: 0.5695 Acc: 0.8028
2026-04-20 23:03:50,053 Epoch 12 Test Loss: 1.1191 Acc: 0.6596
2026-04-20 23:03:51,121 Epoch [13/100] Step [100/391] Loss: 0.6261
2026-04-20 23:03:51,890 Epoch [13/100] Step [200/391] Loss: 0.5570
2026-04-20 23:03:52,660 Epoch [13/100] Step [300/391] Loss: 0.6010
2026-04-20 23:03:53,396 Epoch 13 Train Loss: 0.5490 Acc: 0.8098
2026-04-20 23:03:53,893 Epoch 13 Test Loss: 0.7463 Acc: 0.7440
2026-04-20 23:03:53,918 Saved new best checkpoint: model_ckpts/cnn_archcnn_conv64-64-128-256_fc512_bs128_optsgd_lr0.1_schedstep_s30_g0.12_drop0.1_seed42/best.pth
2026-04-20 23:03:54,958 Epoch [14/100] Step [100/391] Loss: 0.6690
2026-04-20 23:03:55,724 Epoch [14/100] Step [200/391] Loss: 0.5966
2026-04-20 23:03:56,488 Epoch [14/100] Step [300/391] Loss: 0.3393
2026-04-20 23:03:57,211 Epoch 14 Train Loss: 0.5425 Acc: 0.8108
2026-04-20 23:03:57,720 Epoch 14 Test Loss: 0.6999 Acc: 0.7599
2026-04-20 23:03:57,746 Saved new best checkpoint: model_ckpts/cnn_archcnn_conv64-64-128-256_fc512_bs128_optsgd_lr0.1_schedstep_s30_g0.12_drop0.1_seed42/best.pth
2026-04-20 23:03:58,779 Epoch [15/100] Step [100/391] Loss: 0.5130
2026-04-20 23:03:59,547 Epoch [15/100] Step [200/391] Loss: 0.5932
2026-04-20 23:04:00,315 Epoch [15/100] Step [300/391] Loss: 0.5098
2026-04-20 23:04:01,046 Epoch 15 Train Loss: 0.5322 Acc: 0.8168
2026-04-20 23:04:01,557 Epoch 15 Test Loss: 0.9513 Acc: 0.7043
2026-04-20 23:04:02,605 Epoch [16/100] Step [100/391] Loss: 0.7407
2026-04-20 23:04:03,378 Epoch [16/100] Step [200/391] Loss: 0.4851
2026-04-20 23:04:04,148 Epoch [16/100] Step [300/391] Loss: 0.5716
2026-04-20 23:04:04,883 Epoch 16 Train Loss: 0.5273 Acc: 0.8157
2026-04-20 23:04:05,399 Epoch 16 Test Loss: 0.8328 Acc: 0.7397
2026-04-20 23:04:06,455 Epoch [17/100] Step [100/391] Loss: 0.5179
2026-04-20 23:04:07,224 Epoch [17/100] Step [200/391] Loss: 0.6044
2026-04-20 23:04:07,991 Epoch [17/100] Step [300/391] Loss: 0.5829
2026-04-20 23:04:08,715 Epoch 17 Train Loss: 0.5231 Acc: 0.8181
2026-04-20 23:04:09,226 Epoch 17 Test Loss: 0.8675 Acc: 0.7120
2026-04-20 23:04:10,291 Epoch [18/100] Step [100/391] Loss: 0.6764
2026-04-20 23:04:11,064 Epoch [18/100] Step [200/391] Loss: 0.6216
2026-04-20 23:04:11,837 Epoch [18/100] Step [300/391] Loss: 0.5297
2026-04-20 23:04:12,572 Epoch 18 Train Loss: 0.5175 Acc: 0.8209
2026-04-20 23:04:13,089 Epoch 18 Test Loss: 1.1093 Acc: 0.6624
2026-04-20 23:04:14,140 Epoch [19/100] Step [100/391] Loss: 0.5571
2026-04-20 23:04:14,912 Epoch [19/100] Step [200/391] Loss: 0.5215
2026-04-20 23:04:15,683 Epoch [19/100] Step [300/391] Loss: 0.5952
2026-04-20 23:04:16,417 Epoch 19 Train Loss: 0.5121 Acc: 0.8221
2026-04-20 23:04:16,929 Epoch 19 Test Loss: 0.7263 Acc: 0.7510
2026-04-20 23:04:17,979 Epoch [20/100] Step [100/391] Loss: 0.5365
2026-04-20 23:04:18,751 Epoch [20/100] Step [200/391] Loss: 0.5516
2026-04-20 23:04:19,521 Epoch [20/100] Step [300/391] Loss: 0.4710
2026-04-20 23:04:20,247 Epoch 20 Train Loss: 0.5095 Acc: 0.8271
2026-04-20 23:04:20,759 Epoch 20 Test Loss: 0.9939 Acc: 0.6727
2026-04-20 23:04:21,806 Epoch [21/100] Step [100/391] Loss: 0.3621
2026-04-20 23:04:22,578 Epoch [21/100] Step [200/391] Loss: 0.4964
2026-04-20 23:04:23,348 Epoch [21/100] Step [300/391] Loss: 0.4614
2026-04-20 23:04:24,074 Epoch 21 Train Loss: 0.5057 Acc: 0.8234
2026-04-20 23:04:24,575 Epoch 21 Test Loss: 0.7763 Acc: 0.7464
2026-04-20 23:04:25,621 Epoch [22/100] Step [100/391] Loss: 0.5865
2026-04-20 23:04:26,390 Epoch [22/100] Step [200/391] Loss: 0.4693
2026-04-20 23:04:27,157 Epoch [22/100] Step [300/391] Loss: 0.5417
2026-04-20 23:04:27,881 Epoch 22 Train Loss: 0.5018 Acc: 0.8256
2026-04-20 23:04:28,381 Epoch 22 Test Loss: 1.0394 Acc: 0.6861
2026-04-20 23:04:29,435 Epoch [23/100] Step [100/391] Loss: 0.4667
2026-04-20 23:04:30,206 Epoch [23/100] Step [200/391] Loss: 0.4465
2026-04-20 23:04:30,973 Epoch [23/100] Step [300/391] Loss: 0.4779
2026-04-20 23:04:31,709 Epoch 23 Train Loss: 0.4945 Acc: 0.8287
2026-04-20 23:04:32,211 Epoch 23 Test Loss: 0.7053 Acc: 0.7679
2026-04-20 23:04:32,238 Saved new best checkpoint: model_ckpts/cnn_archcnn_conv64-64-128-256_fc512_bs128_optsgd_lr0.1_schedstep_s30_g0.12_drop0.1_seed42/best.pth
2026-04-20 23:04:33,398 Epoch [24/100] Step [100/391] Loss: 0.4179
2026-04-20 23:04:34,173 Epoch [24/100] Step [200/391] Loss: 0.5539
2026-04-20 23:04:34,941 Epoch [24/100] Step [300/391] Loss: 0.3353
2026-04-20 23:04:35,671 Epoch 24 Train Loss: 0.4951 Acc: 0.8286
2026-04-20 23:04:36,177 Epoch 24 Test Loss: 1.1886 Acc: 0.6456
2026-04-20 23:04:37,230 Epoch [25/100] Step [100/391] Loss: 0.5753
2026-04-20 23:04:37,999 Epoch [25/100] Step [200/391] Loss: 0.5148
2026-04-20 23:04:38,765 Epoch [25/100] Step [300/391] Loss: 0.5423
2026-04-20 23:04:39,500 Epoch 25 Train Loss: 0.4913 Acc: 0.8312
2026-04-20 23:04:40,017 Epoch 25 Test Loss: 0.9183 Acc: 0.7137
2026-04-20 23:04:41,058 Epoch [26/100] Step [100/391] Loss: 0.5156
2026-04-20 23:04:41,831 Epoch [26/100] Step [200/391] Loss: 0.6204
2026-04-20 23:04:42,606 Epoch [26/100] Step [300/391] Loss: 0.5830
2026-04-20 23:04:43,333 Epoch 26 Train Loss: 0.4926 Acc: 0.8299
2026-04-20 23:04:43,860 Epoch 26 Test Loss: 0.8486 Acc: 0.7311
2026-04-20 23:04:44,916 Epoch [27/100] Step [100/391] Loss: 0.3282
2026-04-20 23:04:45,687 Epoch [27/100] Step [200/391] Loss: 0.2977
2026-04-20 23:04:46,453 Epoch [27/100] Step [300/391] Loss: 0.5164
2026-04-20 23:04:47,178 Epoch 27 Train Loss: 0.4849 Acc: 0.8325
2026-04-20 23:04:47,687 Epoch 27 Test Loss: 0.8005 Acc: 0.7395
2026-04-20 23:04:48,747 Epoch [28/100] Step [100/391] Loss: 0.5987
2026-04-20 23:04:49,521 Epoch [28/100] Step [200/391] Loss: 0.4157
2026-04-20 23:04:50,290 Epoch [28/100] Step [300/391] Loss: 0.4710
2026-04-20 23:04:51,020 Epoch 28 Train Loss: 0.4894 Acc: 0.8295
2026-04-20 23:04:51,523 Epoch 28 Test Loss: 0.8084 Acc: 0.7231
2026-04-20 23:04:52,574 Epoch [29/100] Step [100/391] Loss: 0.4748
2026-04-20 23:04:53,348 Epoch [29/100] Step [200/391] Loss: 0.3985
2026-04-20 23:04:54,119 Epoch [29/100] Step [300/391] Loss: 0.3598
2026-04-20 23:04:54,848 Epoch 29 Train Loss: 0.4887 Acc: 0.8302
2026-04-20 23:04:55,369 Epoch 29 Test Loss: 1.0433 Acc: 0.6972
2026-04-20 23:04:56,415 Epoch [30/100] Step [100/391] Loss: 0.5448
2026-04-20 23:04:57,188 Epoch [30/100] Step [200/391] Loss: 0.5432
2026-04-20 23:04:57,955 Epoch [30/100] Step [300/391] Loss: 0.5102
2026-04-20 23:04:58,681 Epoch 30 Train Loss: 0.4828 Acc: 0.8324
2026-04-20 23:04:59,182 Epoch 30 Test Loss: 0.6964 Acc: 0.7718
2026-04-20 23:04:59,208 Saved new best checkpoint: model_ckpts/cnn_archcnn_conv64-64-128-256_fc512_bs128_optsgd_lr0.1_schedstep_s30_g0.12_drop0.1_seed42/best.pth
2026-04-20 23:05:00,237 Epoch [31/100] Step [100/391] Loss: 0.2824
2026-04-20 23:05:01,005 Epoch [31/100] Step [200/391] Loss: 0.4392
2026-04-20 23:05:01,773 Epoch [31/100] Step [300/391] Loss: 0.3274
2026-04-20 23:05:02,511 Epoch 31 Train Loss: 0.3136 Acc: 0.8947
2026-04-20 23:05:03,018 Epoch 31 Test Loss: 0.3619 Acc: 0.8750
2026-04-20 23:05:03,045 Saved new best checkpoint: model_ckpts/cnn_archcnn_conv64-64-128-256_fc512_bs128_optsgd_lr0.1_schedstep_s30_g0.12_drop0.1_seed42/best.pth
2026-04-20 23:05:04,080 Epoch [32/100] Step [100/391] Loss: 0.2873
2026-04-20 23:05:04,847 Epoch [32/100] Step [200/391] Loss: 0.2306
2026-04-20 23:05:05,615 Epoch [32/100] Step [300/391] Loss: 0.2149
2026-04-20 23:05:06,350 Epoch 32 Train Loss: 0.2610 Acc: 0.9106
2026-04-20 23:05:06,857 Epoch 32 Test Loss: 0.3453 Acc: 0.8794
2026-04-20 23:05:06,884 Saved new best checkpoint: model_ckpts/cnn_archcnn_conv64-64-128-256_fc512_bs128_optsgd_lr0.1_schedstep_s30_g0.12_drop0.1_seed42/best.pth
2026-04-20 23:05:07,915 Epoch [33/100] Step [100/391] Loss: 0.2331
2026-04-20 23:05:08,686 Epoch [33/100] Step [200/391] Loss: 0.2540
2026-04-20 23:05:09,451 Epoch [33/100] Step [300/391] Loss: 0.2747
2026-04-20 23:05:10,180 Epoch 33 Train Loss: 0.2367 Acc: 0.9186
2026-04-20 23:05:10,688 Epoch 33 Test Loss: 0.3551 Acc: 0.8791
2026-04-20 23:05:11,742 Epoch [34/100] Step [100/391] Loss: 0.1938
2026-04-20 23:05:12,519 Epoch [34/100] Step [200/391] Loss: 0.2068
2026-04-20 23:05:13,295 Epoch [34/100] Step [300/391] Loss: 0.1821
2026-04-20 23:05:14,033 Epoch 34 Train Loss: 0.2255 Acc: 0.9228
2026-04-20 23:05:14,527 Epoch 34 Test Loss: 0.3512 Acc: 0.8855
2026-04-20 23:05:14,552 Saved new best checkpoint: model_ckpts/cnn_archcnn_conv64-64-128-256_fc512_bs128_optsgd_lr0.1_schedstep_s30_g0.12_drop0.1_seed42/best.pth
2026-04-20 23:05:15,589 Epoch [35/100] Step [100/391] Loss: 0.2398
2026-04-20 23:05:16,360 Epoch [35/100] Step [200/391] Loss: 0.1740
2026-04-20 23:05:17,129 Epoch [35/100] Step [300/391] Loss: 0.2977
2026-04-20 23:05:17,859 Epoch 35 Train Loss: 0.2118 Acc: 0.9296
2026-04-20 23:05:18,372 Epoch 35 Test Loss: 0.3660 Acc: 0.8806
2026-04-20 23:05:19,422 Epoch [36/100] Step [100/391] Loss: 0.1878
2026-04-20 23:05:20,187 Epoch [36/100] Step [200/391] Loss: 0.1688
2026-04-20 23:05:20,954 Epoch [36/100] Step [300/391] Loss: 0.1663
2026-04-20 23:05:21,677 Epoch 36 Train Loss: 0.2032 Acc: 0.9303
2026-04-20 23:05:22,202 Epoch 36 Test Loss: 0.3516 Acc: 0.8835
2026-04-20 23:05:23,379 Epoch [37/100] Step [100/391] Loss: 0.1924
2026-04-20 23:05:24,151 Epoch [37/100] Step [200/391] Loss: 0.2477
2026-04-20 23:05:24,920 Epoch [37/100] Step [300/391] Loss: 0.2941
2026-04-20 23:05:25,649 Epoch 37 Train Loss: 0.1992 Acc: 0.9318
2026-04-20 23:05:26,158 Epoch 37 Test Loss: 0.3556 Acc: 0.8790
2026-04-20 23:05:27,220 Epoch [38/100] Step [100/391] Loss: 0.0651
2026-04-20 23:05:27,990 Epoch [38/100] Step [200/391] Loss: 0.1526
2026-04-20 23:05:28,757 Epoch [38/100] Step [300/391] Loss: 0.2211
2026-04-20 23:05:29,489 Epoch 38 Train Loss: 0.1899 Acc: 0.9344
2026-04-20 23:05:30,002 Epoch 38 Test Loss: 0.3602 Acc: 0.8799
2026-04-20 23:05:31,054 Epoch [39/100] Step [100/391] Loss: 0.1828
2026-04-20 23:05:31,825 Epoch [39/100] Step [200/391] Loss: 0.3019
2026-04-20 23:05:32,595 Epoch [39/100] Step [300/391] Loss: 0.2626
2026-04-20 23:05:33,325 Epoch 39 Train Loss: 0.1855 Acc: 0.9363
2026-04-20 23:05:33,841 Epoch 39 Test Loss: 0.3552 Acc: 0.8821
2026-04-20 23:05:34,906 Epoch [40/100] Step [100/391] Loss: 0.2069
2026-04-20 23:05:35,677 Epoch [40/100] Step [200/391] Loss: 0.2512
2026-04-20 23:05:36,451 Epoch [40/100] Step [300/391] Loss: 0.1556
2026-04-20 23:05:37,181 Epoch 40 Train Loss: 0.1804 Acc: 0.9375
2026-04-20 23:05:37,694 Epoch 40 Test Loss: 0.3951 Acc: 0.8701
2026-04-20 23:05:38,766 Epoch [41/100] Step [100/391] Loss: 0.2150
2026-04-20 23:05:39,538 Epoch [41/100] Step [200/391] Loss: 0.1643
2026-04-20 23:05:40,307 Epoch [41/100] Step [300/391] Loss: 0.1152
2026-04-20 23:05:41,038 Epoch 41 Train Loss: 0.1753 Acc: 0.9406
2026-04-20 23:05:41,545 Epoch 41 Test Loss: 0.4556 Acc: 0.8573
2026-04-20 23:05:42,616 Epoch [42/100] Step [100/391] Loss: 0.2138
2026-04-20 23:05:43,387 Epoch [42/100] Step [200/391] Loss: 0.1886
2026-04-20 23:05:44,156 Epoch [42/100] Step [300/391] Loss: 0.1255
2026-04-20 23:05:44,882 Epoch 42 Train Loss: 0.1757 Acc: 0.9393
2026-04-20 23:05:45,386 Epoch 42 Test Loss: 0.3837 Acc: 0.8789
2026-04-20 23:05:46,428 Epoch [43/100] Step [100/391] Loss: 0.1600
2026-04-20 23:05:47,196 Epoch [43/100] Step [200/391] Loss: 0.2905
2026-04-20 23:05:47,963 Epoch [43/100] Step [300/391] Loss: 0.1827
2026-04-20 23:05:48,692 Epoch 43 Train Loss: 0.1683 Acc: 0.9422
2026-04-20 23:05:49,208 Epoch 43 Test Loss: 0.3988 Acc: 0.8725
2026-04-20 23:05:50,265 Epoch [44/100] Step [100/391] Loss: 0.2055
2026-04-20 23:05:51,038 Epoch [44/100] Step [200/391] Loss: 0.2000
2026-04-20 23:05:51,805 Epoch [44/100] Step [300/391] Loss: 0.1493
2026-04-20 23:05:52,540 Epoch 44 Train Loss: 0.1654 Acc: 0.9433
2026-04-20 23:05:53,052 Epoch 44 Test Loss: 0.4090 Acc: 0.8702
2026-04-20 23:05:54,112 Epoch [45/100] Step [100/391] Loss: 0.1485
2026-04-20 23:05:54,890 Epoch [45/100] Step [200/391] Loss: 0.2152
2026-04-20 23:05:55,661 Epoch [45/100] Step [300/391] Loss: 0.0959
2026-04-20 23:05:56,393 Epoch 45 Train Loss: 0.1634 Acc: 0.9445
2026-04-20 23:05:56,898 Epoch 45 Test Loss: 0.4132 Acc: 0.8682
2026-04-20 23:05:57,960 Epoch [46/100] Step [100/391] Loss: 0.1577
2026-04-20 23:05:58,729 Epoch [46/100] Step [200/391] Loss: 0.1786
2026-04-20 23:05:59,497 Epoch [46/100] Step [300/391] Loss: 0.2022
2026-04-20 23:06:00,231 Epoch 46 Train Loss: 0.1595 Acc: 0.9448
2026-04-20 23:06:00,736 Epoch 46 Test Loss: 0.4996 Acc: 0.8511
2026-04-20 23:06:01,790 Epoch [47/100] Step [100/391] Loss: 0.1172
2026-04-20 23:06:02,562 Epoch [47/100] Step [200/391] Loss: 0.1589
2026-04-20 23:06:03,331 Epoch [47/100] Step [300/391] Loss: 0.2275
2026-04-20 23:06:04,061 Epoch 47 Train Loss: 0.1623 Acc: 0.9434
2026-04-20 23:06:04,579 Epoch 47 Test Loss: 0.3890 Acc: 0.8742
2026-04-20 23:06:05,624 Epoch [48/100] Step [100/391] Loss: 0.1717
2026-04-20 23:06:06,396 Epoch [48/100] Step [200/391] Loss: 0.1537
2026-04-20 23:06:07,163 Epoch [48/100] Step [300/391] Loss: 0.1181
2026-04-20 23:06:07,897 Epoch 48 Train Loss: 0.1570 Acc: 0.9459
2026-04-20 23:06:08,404 Epoch 48 Test Loss: 0.4022 Acc: 0.8702
2026-04-20 23:06:09,450 Epoch [49/100] Step [100/391] Loss: 0.0555
2026-04-20 23:06:10,227 Epoch [49/100] Step [200/391] Loss: 0.0750
2026-04-20 23:06:11,001 Epoch [49/100] Step [300/391] Loss: 0.1410
2026-04-20 23:06:11,735 Epoch 49 Train Loss: 0.1589 Acc: 0.9455
2026-04-20 23:06:12,240 Epoch 49 Test Loss: 0.3937 Acc: 0.8749
2026-04-20 23:06:13,429 Epoch [50/100] Step [100/391] Loss: 0.1387
2026-04-20 23:06:14,207 Epoch [50/100] Step [200/391] Loss: 0.1274
2026-04-20 23:06:14,985 Epoch [50/100] Step [300/391] Loss: 0.1373
2026-04-20 23:06:15,721 Epoch 50 Train Loss: 0.1597 Acc: 0.9456
2026-04-20 23:06:16,228 Epoch 50 Test Loss: 0.4011 Acc: 0.8734
2026-04-20 23:06:17,290 Epoch [51/100] Step [100/391] Loss: 0.1361
2026-04-20 23:06:18,063 Epoch [51/100] Step [200/391] Loss: 0.2323
2026-04-20 23:06:18,833 Epoch [51/100] Step [300/391] Loss: 0.1661
2026-04-20 23:06:19,566 Epoch 51 Train Loss: 0.1553 Acc: 0.9473
2026-04-20 23:06:20,078 Epoch 51 Test Loss: 0.3933 Acc: 0.8776
2026-04-20 23:06:21,148 Epoch [52/100] Step [100/391] Loss: 0.0873
2026-04-20 23:06:21,924 Epoch [52/100] Step [200/391] Loss: 0.1372
2026-04-20 23:06:22,704 Epoch [52/100] Step [300/391] Loss: 0.1910
2026-04-20 23:06:23,440 Epoch 52 Train Loss: 0.1553 Acc: 0.9457
2026-04-20 23:06:23,960 Epoch 52 Test Loss: 0.4902 Acc: 0.8514
2026-04-20 23:06:25,019 Epoch [53/100] Step [100/391] Loss: 0.1483
2026-04-20 23:06:25,798 Epoch [53/100] Step [200/391] Loss: 0.2372
2026-04-20 23:06:26,574 Epoch [53/100] Step [300/391] Loss: 0.1416
2026-04-20 23:06:27,308 Epoch 53 Train Loss: 0.1530 Acc: 0.9478
2026-04-20 23:06:27,817 Epoch 53 Test Loss: 0.4178 Acc: 0.8685
2026-04-20 23:06:28,875 Epoch [54/100] Step [100/391] Loss: 0.1032
2026-04-20 23:06:29,657 Epoch [54/100] Step [200/391] Loss: 0.0432
2026-04-20 23:06:30,435 Epoch [54/100] Step [300/391] Loss: 0.1976
2026-04-20 23:06:31,170 Epoch 54 Train Loss: 0.1550 Acc: 0.9458
2026-04-20 23:06:31,685 Epoch 54 Test Loss: 0.4420 Acc: 0.8624
2026-04-20 23:06:32,747 Epoch [55/100] Step [100/391] Loss: 0.1190
2026-04-20 23:06:33,527 Epoch [55/100] Step [200/391] Loss: 0.1447
2026-04-20 23:06:34,307 Epoch [55/100] Step [300/391] Loss: 0.1918
2026-04-20 23:06:35,050 Epoch 55 Train Loss: 0.1522 Acc: 0.9473
2026-04-20 23:06:35,569 Epoch 55 Test Loss: 0.4487 Acc: 0.8587
2026-04-20 23:06:36,639 Epoch [56/100] Step [100/391] Loss: 0.1310
2026-04-20 23:06:37,421 Epoch [56/100] Step [200/391] Loss: 0.1178
2026-04-20 23:06:38,198 Epoch [56/100] Step [300/391] Loss: 0.1308
2026-04-20 23:06:38,936 Epoch 56 Train Loss: 0.1545 Acc: 0.9468
2026-04-20 23:06:39,455 Epoch 56 Test Loss: 0.4684 Acc: 0.8557
2026-04-20 23:06:40,515 Epoch [57/100] Step [100/391] Loss: 0.1076
2026-04-20 23:06:41,296 Epoch [57/100] Step [200/391] Loss: 0.1723
2026-04-20 23:06:42,077 Epoch [57/100] Step [300/391] Loss: 0.3166
2026-04-20 23:06:42,828 Epoch 57 Train Loss: 0.1545 Acc: 0.9461
2026-04-20 23:06:43,344 Epoch 57 Test Loss: 0.4399 Acc: 0.8628
2026-04-20 23:06:44,408 Epoch [58/100] Step [100/391] Loss: 0.1497
2026-04-20 23:06:45,191 Epoch [58/100] Step [200/391] Loss: 0.0891
2026-04-20 23:06:45,968 Epoch [58/100] Step [300/391] Loss: 0.1410
2026-04-20 23:06:46,707 Epoch 58 Train Loss: 0.1476 Acc: 0.9492
2026-04-20 23:06:47,228 Epoch 58 Test Loss: 0.4842 Acc: 0.8575
2026-04-20 23:06:48,295 Epoch [59/100] Step [100/391] Loss: 0.1683
2026-04-20 23:06:49,074 Epoch [59/100] Step [200/391] Loss: 0.1062
2026-04-20 23:06:49,851 Epoch [59/100] Step [300/391] Loss: 0.1278
2026-04-20 23:06:50,585 Epoch 59 Train Loss: 0.1498 Acc: 0.9489
2026-04-20 23:06:51,098 Epoch 59 Test Loss: 0.4211 Acc: 0.8671
2026-04-20 23:06:52,157 Epoch [60/100] Step [100/391] Loss: 0.1776
2026-04-20 23:06:52,939 Epoch [60/100] Step [200/391] Loss: 0.1314
2026-04-20 23:06:53,722 Epoch [60/100] Step [300/391] Loss: 0.1099
2026-04-20 23:06:54,461 Epoch 60 Train Loss: 0.1502 Acc: 0.9477
2026-04-20 23:06:54,959 Epoch 60 Test Loss: 0.4970 Acc: 0.8518
2026-04-20 23:06:56,021 Epoch [61/100] Step [100/391] Loss: 0.1417
2026-04-20 23:06:56,799 Epoch [61/100] Step [200/391] Loss: 0.0775
2026-04-20 23:06:57,576 Epoch [61/100] Step [300/391] Loss: 0.0861
2026-04-20 23:06:58,314 Epoch 61 Train Loss: 0.0965 Acc: 0.9699
2026-04-20 23:06:58,810 Epoch 61 Test Loss: 0.3214 Acc: 0.8978
2026-04-20 23:06:58,837 Saved new best checkpoint: model_ckpts/cnn_archcnn_conv64-64-128-256_fc512_bs128_optsgd_lr0.1_schedstep_s30_g0.12_drop0.1_seed42/best.pth
2026-04-20 23:07:00,065 Epoch [62/100] Step [100/391] Loss: 0.0927
2026-04-20 23:07:00,849 Epoch [62/100] Step [200/391] Loss: 0.0688
2026-04-20 23:07:01,630 Epoch [62/100] Step [300/391] Loss: 0.0655
2026-04-20 23:07:02,375 Epoch 62 Train Loss: 0.0801 Acc: 0.9762
2026-04-20 23:07:03,267 Epoch 62 Test Loss: 0.3138 Acc: 0.8992
2026-04-20 23:07:03,300 Saved new best checkpoint: model_ckpts/cnn_archcnn_conv64-64-128-256_fc512_bs128_optsgd_lr0.1_schedstep_s30_g0.12_drop0.1_seed42/best.pth
2026-04-20 23:07:04,478 Epoch [63/100] Step [100/391] Loss: 0.0540
2026-04-20 23:07:05,262 Epoch [63/100] Step [200/391] Loss: 0.0775
2026-04-20 23:07:06,041 Epoch [63/100] Step [300/391] Loss: 0.0895
2026-04-20 23:07:06,782 Epoch 63 Train Loss: 0.0725 Acc: 0.9803
2026-04-20 23:07:07,301 Epoch 63 Test Loss: 0.3140 Acc: 0.8997
2026-04-20 23:07:07,327 Saved new best checkpoint: model_ckpts/cnn_archcnn_conv64-64-128-256_fc512_bs128_optsgd_lr0.1_schedstep_s30_g0.12_drop0.1_seed42/best.pth
2026-04-20 23:07:08,378 Epoch [64/100] Step [100/391] Loss: 0.0566
2026-04-20 23:07:09,160 Epoch [64/100] Step [200/391] Loss: 0.0561
2026-04-20 23:07:09,941 Epoch [64/100] Step [300/391] Loss: 0.0753
2026-04-20 23:07:10,680 Epoch 64 Train Loss: 0.0695 Acc: 0.9804
2026-04-20 23:07:11,195 Epoch 64 Test Loss: 0.3138 Acc: 0.8992
2026-04-20 23:07:12,261 Epoch [65/100] Step [100/391] Loss: 0.0364
2026-04-20 23:07:13,041 Epoch [65/100] Step [200/391] Loss: 0.0852
2026-04-20 23:07:13,828 Epoch [65/100] Step [300/391] Loss: 0.0794
2026-04-20 23:07:14,564 Epoch 65 Train Loss: 0.0652 Acc: 0.9825
2026-04-20 23:07:15,084 Epoch 65 Test Loss: 0.3137 Acc: 0.9006
2026-04-20 23:07:15,110 Saved new best checkpoint: model_ckpts/cnn_archcnn_conv64-64-128-256_fc512_bs128_optsgd_lr0.1_schedstep_s30_g0.12_drop0.1_seed42/best.pth
2026-04-20 23:07:16,159 Epoch [66/100] Step [100/391] Loss: 0.0340
2026-04-20 23:07:16,946 Epoch [66/100] Step [200/391] Loss: 0.0645
2026-04-20 23:07:17,725 Epoch [66/100] Step [300/391] Loss: 0.0548
2026-04-20 23:07:18,465 Epoch 66 Train Loss: 0.0609 Acc: 0.9842
2026-04-20 23:07:18,972 Epoch 66 Test Loss: 0.3183 Acc: 0.9021
2026-04-20 23:07:18,999 Saved new best checkpoint: model_ckpts/cnn_archcnn_conv64-64-128-256_fc512_bs128_optsgd_lr0.1_schedstep_s30_g0.12_drop0.1_seed42/best.pth
2026-04-20 23:07:20,043 Epoch [67/100] Step [100/391] Loss: 0.0270
2026-04-20 23:07:20,827 Epoch [67/100] Step [200/391] Loss: 0.0360
2026-04-20 23:07:21,606 Epoch [67/100] Step [300/391] Loss: 0.0475
2026-04-20 23:07:22,348 Epoch 67 Train Loss: 0.0588 Acc: 0.9844
2026-04-20 23:07:22,861 Epoch 67 Test Loss: 0.3225 Acc: 0.9001
2026-04-20 23:07:23,943 Epoch [68/100] Step [100/391] Loss: 0.0848
2026-04-20 23:07:24,728 Epoch [68/100] Step [200/391] Loss: 0.0833
2026-04-20 23:07:25,508 Epoch [68/100] Step [300/391] Loss: 0.0591
2026-04-20 23:07:26,248 Epoch 68 Train Loss: 0.0581 Acc: 0.9851
2026-04-20 23:07:26,763 Epoch 68 Test Loss: 0.3180 Acc: 0.9012
2026-04-20 23:07:27,829 Epoch [69/100] Step [100/391] Loss: 0.0622
2026-04-20 23:07:28,611 Epoch [69/100] Step [200/391] Loss: 0.0322
2026-04-20 23:07:29,390 Epoch [69/100] Step [300/391] Loss: 0.0633
2026-04-20 23:07:30,131 Epoch 69 Train Loss: 0.0579 Acc: 0.9841
2026-04-20 23:07:30,641 Epoch 69 Test Loss: 0.3201 Acc: 0.9005
2026-04-20 23:07:31,727 Epoch [70/100] Step [100/391] Loss: 0.0440
2026-04-20 23:07:32,508 Epoch [70/100] Step [200/391] Loss: 0.0450
2026-04-20 23:07:33,288 Epoch [70/100] Step [300/391] Loss: 0.0474
2026-04-20 23:07:34,025 Epoch 70 Train Loss: 0.0561 Acc: 0.9850
2026-04-20 23:07:34,543 Epoch 70 Test Loss: 0.3211 Acc: 0.9007
2026-04-20 23:07:35,635 Epoch [71/100] Step [100/391] Loss: 0.0887
2026-04-20 23:07:36,420 Epoch [71/100] Step [200/391] Loss: 0.0574
2026-04-20 23:07:37,200 Epoch [71/100] Step [300/391] Loss: 0.0407
2026-04-20 23:07:37,936 Epoch 71 Train Loss: 0.0545 Acc: 0.9863
2026-04-20 23:07:38,450 Epoch 71 Test Loss: 0.3201 Acc: 0.8997
2026-04-20 23:07:39,535 Epoch [72/100] Step [100/391] Loss: 0.0459
2026-04-20 23:07:40,316 Epoch [72/100] Step [200/391] Loss: 0.0403
2026-04-20 23:07:41,096 Epoch [72/100] Step [300/391] Loss: 0.0676
2026-04-20 23:07:41,834 Epoch 72 Train Loss: 0.0520 Acc: 0.9865
2026-04-20 23:07:42,345 Epoch 72 Test Loss: 0.3225 Acc: 0.8991
2026-04-20 23:07:43,555 Epoch [73/100] Step [100/391] Loss: 0.0600
2026-04-20 23:07:44,341 Epoch [73/100] Step [200/391] Loss: 0.0783
2026-04-20 23:07:45,121 Epoch [73/100] Step [300/391] Loss: 0.0304
2026-04-20 23:07:45,868 Epoch 73 Train Loss: 0.0517 Acc: 0.9872
2026-04-20 23:07:46,383 Epoch 73 Test Loss: 0.3274 Acc: 0.8992
2026-04-20 23:07:47,480 Epoch [74/100] Step [100/391] Loss: 0.0389
2026-04-20 23:07:48,263 Epoch [74/100] Step [200/391] Loss: 0.0970
2026-04-20 23:07:49,047 Epoch [74/100] Step [300/391] Loss: 0.0521
2026-04-20 23:07:49,786 Epoch 74 Train Loss: 0.0500 Acc: 0.9878
2026-04-20 23:07:50,294 Epoch 74 Test Loss: 0.3345 Acc: 0.8989
2026-04-20 23:07:51,367 Epoch [75/100] Step [100/391] Loss: 0.0549
2026-04-20 23:07:52,150 Epoch [75/100] Step [200/391] Loss: 0.0681
2026-04-20 23:07:52,930 Epoch [75/100] Step [300/391] Loss: 0.0431
2026-04-20 23:07:53,668 Epoch 75 Train Loss: 0.0494 Acc: 0.9881
2026-04-20 23:07:54,178 Epoch 75 Test Loss: 0.3315 Acc: 0.8997
2026-04-20 23:07:55,247 Epoch [76/100] Step [100/391] Loss: 0.0269
2026-04-20 23:07:56,031 Epoch [76/100] Step [200/391] Loss: 0.0808
2026-04-20 23:07:56,813 Epoch [76/100] Step [300/391] Loss: 0.0901
2026-04-20 23:07:57,549 Epoch 76 Train Loss: 0.0479 Acc: 0.9886
2026-04-20 23:07:58,063 Epoch 76 Test Loss: 0.3364 Acc: 0.9013
2026-04-20 23:07:59,147 Epoch [77/100] Step [100/391] Loss: 0.0280
2026-04-20 23:07:59,929 Epoch [77/100] Step [200/391] Loss: 0.0349
2026-04-20 23:08:00,710 Epoch [77/100] Step [300/391] Loss: 0.0458
2026-04-20 23:08:01,454 Epoch 77 Train Loss: 0.0479 Acc: 0.9880
2026-04-20 23:08:01,964 Epoch 77 Test Loss: 0.3295 Acc: 0.9011
2026-04-20 23:08:03,051 Epoch [78/100] Step [100/391] Loss: 0.0433
2026-04-20 23:08:03,837 Epoch [78/100] Step [200/391] Loss: 0.0273
2026-04-20 23:08:04,621 Epoch [78/100] Step [300/391] Loss: 0.0374
2026-04-20 23:08:05,370 Epoch 78 Train Loss: 0.0464 Acc: 0.9886
2026-04-20 23:08:05,890 Epoch 78 Test Loss: 0.3294 Acc: 0.8991
2026-04-20 23:08:06,973 Epoch [79/100] Step [100/391] Loss: 0.0261
2026-04-20 23:08:07,758 Epoch [79/100] Step [200/391] Loss: 0.0233
2026-04-20 23:08:08,539 Epoch [79/100] Step [300/391] Loss: 0.0600
2026-04-20 23:08:09,278 Epoch 79 Train Loss: 0.0452 Acc: 0.9887
2026-04-20 23:08:09,789 Epoch 79 Test Loss: 0.3285 Acc: 0.9021
2026-04-20 23:08:10,870 Epoch [80/100] Step [100/391] Loss: 0.0546
2026-04-20 23:08:11,650 Epoch [80/100] Step [200/391] Loss: 0.0509
2026-04-20 23:08:12,437 Epoch [80/100] Step [300/391] Loss: 0.0352
2026-04-20 23:08:13,177 Epoch 80 Train Loss: 0.0450 Acc: 0.9891
2026-04-20 23:08:13,695 Epoch 80 Test Loss: 0.3353 Acc: 0.9012
2026-04-20 23:08:14,779 Epoch [81/100] Step [100/391] Loss: 0.0458
2026-04-20 23:08:15,563 Epoch [81/100] Step [200/391] Loss: 0.0360
2026-04-20 23:08:16,346 Epoch [81/100] Step [300/391] Loss: 0.0354
2026-04-20 23:08:17,091 Epoch 81 Train Loss: 0.0440 Acc: 0.9894
2026-04-20 23:08:17,605 Epoch 81 Test Loss: 0.3380 Acc: 0.9016
2026-04-20 23:08:18,690 Epoch [82/100] Step [100/391] Loss: 0.0323
2026-04-20 23:08:19,481 Epoch [82/100] Step [200/391] Loss: 0.0236
2026-04-20 23:08:20,265 Epoch [82/100] Step [300/391] Loss: 0.0688
2026-04-20 23:08:21,006 Epoch 82 Train Loss: 0.0434 Acc: 0.9896
2026-04-20 23:08:21,527 Epoch 82 Test Loss: 0.3391 Acc: 0.8985
2026-04-20 23:08:22,606 Epoch [83/100] Step [100/391] Loss: 0.0446
2026-04-20 23:08:23,396 Epoch [83/100] Step [200/391] Loss: 0.0440
2026-04-20 23:08:24,181 Epoch [83/100] Step [300/391] Loss: 0.0433
2026-04-20 23:08:24,925 Epoch 83 Train Loss: 0.0412 Acc: 0.9904
2026-04-20 23:08:25,431 Epoch 83 Test Loss: 0.3395 Acc: 0.9003
2026-04-20 23:08:26,621 Epoch [84/100] Step [100/391] Loss: 0.0398
2026-04-20 23:08:27,405 Epoch [84/100] Step [200/391] Loss: 0.0504
2026-04-20 23:08:28,186 Epoch [84/100] Step [300/391] Loss: 0.0541
2026-04-20 23:08:28,937 Epoch 84 Train Loss: 0.0411 Acc: 0.9906
2026-04-20 23:08:29,450 Epoch 84 Test Loss: 0.3395 Acc: 0.9003
2026-04-20 23:08:30,523 Epoch [85/100] Step [100/391] Loss: 0.0461
2026-04-20 23:08:31,307 Epoch [85/100] Step [200/391] Loss: 0.0227
2026-04-20 23:08:32,091 Epoch [85/100] Step [300/391] Loss: 0.0369
2026-04-20 23:08:32,832 Epoch 85 Train Loss: 0.0415 Acc: 0.9902
2026-04-20 23:08:33,348 Epoch 85 Test Loss: 0.3358 Acc: 0.8999
2026-04-20 23:08:34,412 Epoch [86/100] Step [100/391] Loss: 0.0299
2026-04-20 23:08:35,197 Epoch [86/100] Step [200/391] Loss: 0.0209
2026-04-20 23:08:35,980 Epoch [86/100] Step [300/391] Loss: 0.0206
2026-04-20 23:08:36,722 Epoch 86 Train Loss: 0.0396 Acc: 0.9910
2026-04-20 23:08:37,226 Epoch 86 Test Loss: 0.3457 Acc: 0.9006
2026-04-20 23:08:38,287 Epoch [87/100] Step [100/391] Loss: 0.0238
2026-04-20 23:08:39,072 Epoch [87/100] Step [200/391] Loss: 0.0377
2026-04-20 23:08:39,853 Epoch [87/100] Step [300/391] Loss: 0.0340
2026-04-20 23:08:40,592 Epoch 87 Train Loss: 0.0409 Acc: 0.9902
2026-04-20 23:08:41,109 Epoch 87 Test Loss: 0.3444 Acc: 0.8996
2026-04-20 23:08:42,173 Epoch [88/100] Step [100/391] Loss: 0.0288
2026-04-20 23:08:42,957 Epoch [88/100] Step [200/391] Loss: 0.0228
2026-04-20 23:08:43,741 Epoch [88/100] Step [300/391] Loss: 0.0274
2026-04-20 23:08:44,491 Epoch 88 Train Loss: 0.0396 Acc: 0.9908
2026-04-20 23:08:45,007 Epoch 88 Test Loss: 0.3441 Acc: 0.9002
2026-04-20 23:08:46,071 Epoch [89/100] Step [100/391] Loss: 0.0345
2026-04-20 23:08:46,855 Epoch [89/100] Step [200/391] Loss: 0.0559
2026-04-20 23:08:47,634 Epoch [89/100] Step [300/391] Loss: 0.0484
2026-04-20 23:08:48,376 Epoch 89 Train Loss: 0.0388 Acc: 0.9912
2026-04-20 23:08:48,897 Epoch 89 Test Loss: 0.3388 Acc: 0.8985
2026-04-20 23:08:49,958 Epoch [90/100] Step [100/391] Loss: 0.0442
2026-04-20 23:08:50,746 Epoch [90/100] Step [200/391] Loss: 0.0362
2026-04-20 23:08:51,525 Epoch [90/100] Step [300/391] Loss: 0.0365
2026-04-20 23:08:52,274 Epoch 90 Train Loss: 0.0384 Acc: 0.9909
2026-04-20 23:08:52,785 Epoch 90 Test Loss: 0.3455 Acc: 0.8998
2026-04-20 23:08:53,854 Epoch [91/100] Step [100/391] Loss: 0.0465
2026-04-20 23:08:54,640 Epoch [91/100] Step [200/391] Loss: 0.0260
2026-04-20 23:08:55,423 Epoch [91/100] Step [300/391] Loss: 0.0313
2026-04-20 23:08:56,169 Epoch 91 Train Loss: 0.0350 Acc: 0.9929
2026-04-20 23:08:56,682 Epoch 91 Test Loss: 0.3420 Acc: 0.9005
2026-04-20 23:08:57,748 Epoch [92/100] Step [100/391] Loss: 0.0372
2026-04-20 23:08:58,535 Epoch [92/100] Step [200/391] Loss: 0.0242
2026-04-20 23:08:59,319 Epoch [92/100] Step [300/391] Loss: 0.0444
2026-04-20 23:09:00,061 Epoch 92 Train Loss: 0.0358 Acc: 0.9923
2026-04-20 23:09:00,578 Epoch 92 Test Loss: 0.3393 Acc: 0.9002
2026-04-20 23:09:01,648 Epoch [93/100] Step [100/391] Loss: 0.0353
2026-04-20 23:09:02,434 Epoch [93/100] Step [200/391] Loss: 0.0283
2026-04-20 23:09:03,216 Epoch [93/100] Step [300/391] Loss: 0.0332
2026-04-20 23:09:03,957 Epoch 93 Train Loss: 0.0344 Acc: 0.9927
2026-04-20 23:09:04,465 Epoch 93 Test Loss: 0.3360 Acc: 0.9008
2026-04-20 23:09:05,531 Epoch [94/100] Step [100/391] Loss: 0.0377
2026-04-20 23:09:06,309 Epoch [94/100] Step [200/391] Loss: 0.0581
2026-04-20 23:09:07,090 Epoch [94/100] Step [300/391] Loss: 0.0337
2026-04-20 23:09:07,826 Epoch 94 Train Loss: 0.0341 Acc: 0.9930
2026-04-20 23:09:08,342 Epoch 94 Test Loss: 0.3374 Acc: 0.9004
2026-04-20 23:09:09,407 Epoch [95/100] Step [100/391] Loss: 0.0209
2026-04-20 23:09:10,190 Epoch [95/100] Step [200/391] Loss: 0.0477
2026-04-20 23:09:10,971 Epoch [95/100] Step [300/391] Loss: 0.0336
2026-04-20 23:09:11,718 Epoch 95 Train Loss: 0.0354 Acc: 0.9915
2026-04-20 23:09:12,230 Epoch 95 Test Loss: 0.3359 Acc: 0.9013
2026-04-20 23:09:13,303 Epoch [96/100] Step [100/391] Loss: 0.0470
2026-04-20 23:09:14,086 Epoch [96/100] Step [200/391] Loss: 0.0457
2026-04-20 23:09:14,867 Epoch [96/100] Step [300/391] Loss: 0.0187
2026-04-20 23:09:15,608 Epoch 96 Train Loss: 0.0329 Acc: 0.9938
2026-04-20 23:09:16,120 Epoch 96 Test Loss: 0.3386 Acc: 0.9018
2026-04-20 23:09:17,332 Epoch [97/100] Step [100/391] Loss: 0.0372
2026-04-20 23:09:18,115 Epoch [97/100] Step [200/391] Loss: 0.0513
2026-04-20 23:09:18,893 Epoch [97/100] Step [300/391] Loss: 0.0297
2026-04-20 23:09:19,635 Epoch 97 Train Loss: 0.0344 Acc: 0.9931
2026-04-20 23:09:20,159 Epoch 97 Test Loss: 0.3371 Acc: 0.9001
2026-04-20 23:09:21,236 Epoch [98/100] Step [100/391] Loss: 0.0323
2026-04-20 23:09:22,016 Epoch [98/100] Step [200/391] Loss: 0.0927
2026-04-20 23:09:22,796 Epoch [98/100] Step [300/391] Loss: 0.0232
2026-04-20 23:09:23,535 Epoch 98 Train Loss: 0.0334 Acc: 0.9932
2026-04-20 23:09:24,057 Epoch 98 Test Loss: 0.3364 Acc: 0.9014
2026-04-20 23:09:25,119 Epoch [99/100] Step [100/391] Loss: 0.0303
2026-04-20 23:09:25,900 Epoch [99/100] Step [200/391] Loss: 0.0592
2026-04-20 23:09:26,680 Epoch [99/100] Step [300/391] Loss: 0.0204
2026-04-20 23:09:27,420 Epoch 99 Train Loss: 0.0325 Acc: 0.9938
2026-04-20 23:09:27,934 Epoch 99 Test Loss: 0.3359 Acc: 0.9010
2026-04-20 23:09:28,999 Epoch [100/100] Step [100/391] Loss: 0.0382
2026-04-20 23:09:29,783 Epoch [100/100] Step [200/391] Loss: 0.0232
2026-04-20 23:09:30,562 Epoch [100/100] Step [300/391] Loss: 0.0238
2026-04-20 23:09:31,289 Epoch 100 Train Loss: 0.0331 Acc: 0.9937
2026-04-20 23:09:31,805 Epoch 100 Test Loss: 0.3379 Acc: 0.9015
2026-04-20 23:09:31,948 Training complete. Best test acc: 0.9021
