2026-04-20 19:45:42,202 Using device: cuda:0
2026-04-20 19:45:43,561 Epoch [1/100] Step [100/391] Loss: 1.7592
2026-04-20 19:45:44,291 Epoch [1/100] Step [200/391] Loss: 1.5736
2026-04-20 19:45:45,018 Epoch [1/100] Step [300/391] Loss: 1.4171
2026-04-20 19:45:45,832 Epoch 1 Train Loss: 1.7215 Acc: 0.3912
2026-04-20 19:45:46,352 Epoch 1 Test Loss: 1.7511 Acc: 0.4438
2026-04-20 19:45:46,376 Saved new best checkpoint: model_ckpts/cnn_conv64-64-128-256_fc512_bs128_lr0.1_schedcosine_drop0.2_seed42/best.pth
2026-04-20 19:45:47,365 Epoch [2/100] Step [100/391] Loss: 1.0967
2026-04-20 19:45:48,099 Epoch [2/100] Step [200/391] Loss: 1.0914
2026-04-20 19:45:48,831 Epoch [2/100] Step [300/391] Loss: 1.1021
2026-04-20 19:45:49,535 Epoch 2 Train Loss: 1.1869 Acc: 0.5704
2026-04-20 19:45:50,037 Epoch 2 Test Loss: 1.5153 Acc: 0.5185
2026-04-20 19:45:50,062 Saved new best checkpoint: model_ckpts/cnn_conv64-64-128-256_fc512_bs128_lr0.1_schedcosine_drop0.2_seed42/best.pth
2026-04-20 19:45:51,101 Epoch [3/100] Step [100/391] Loss: 1.0357
2026-04-20 19:45:51,856 Epoch [3/100] Step [200/391] Loss: 0.8728
2026-04-20 19:45:52,606 Epoch [3/100] Step [300/391] Loss: 0.8782
2026-04-20 19:45:53,309 Epoch 3 Train Loss: 1.0051 Acc: 0.6404
2026-04-20 19:45:53,814 Epoch 3 Test Loss: 1.3038 Acc: 0.5580
2026-04-20 19:45:53,839 Saved new best checkpoint: model_ckpts/cnn_conv64-64-128-256_fc512_bs128_lr0.1_schedcosine_drop0.2_seed42/best.pth
2026-04-20 19:45:54,844 Epoch [4/100] Step [100/391] Loss: 0.8320
2026-04-20 19:45:55,593 Epoch [4/100] Step [200/391] Loss: 0.9377
2026-04-20 19:45:56,380 Epoch [4/100] Step [300/391] Loss: 0.7159
2026-04-20 19:45:57,098 Epoch 4 Train Loss: 0.8705 Acc: 0.6906
2026-04-20 19:45:57,594 Epoch 4 Test Loss: 1.3073 Acc: 0.5681
2026-04-20 19:45:57,619 Saved new best checkpoint: model_ckpts/cnn_conv64-64-128-256_fc512_bs128_lr0.1_schedcosine_drop0.2_seed42/best.pth
2026-04-20 19:45:58,607 Epoch [5/100] Step [100/391] Loss: 0.7290
2026-04-20 19:45:59,342 Epoch [5/100] Step [200/391] Loss: 0.8385
2026-04-20 19:46:00,079 Epoch [5/100] Step [300/391] Loss: 0.6841
2026-04-20 19:46:00,773 Epoch 5 Train Loss: 0.7785 Acc: 0.7271
2026-04-20 19:46:01,276 Epoch 5 Test Loss: 0.9047 Acc: 0.6952
2026-04-20 19:46:01,301 Saved new best checkpoint: model_ckpts/cnn_conv64-64-128-256_fc512_bs128_lr0.1_schedcosine_drop0.2_seed42/best.pth
2026-04-20 19:46:02,306 Epoch [6/100] Step [100/391] Loss: 0.7996
2026-04-20 19:46:03,040 Epoch [6/100] Step [200/391] Loss: 0.5797
2026-04-20 19:46:03,773 Epoch [6/100] Step [300/391] Loss: 0.6404
2026-04-20 19:46:04,471 Epoch 6 Train Loss: 0.7167 Acc: 0.7508
2026-04-20 19:46:04,971 Epoch 6 Test Loss: 1.1129 Acc: 0.6304
2026-04-20 19:46:05,979 Epoch [7/100] Step [100/391] Loss: 0.8064
2026-04-20 19:46:06,712 Epoch [7/100] Step [200/391] Loss: 0.6044
2026-04-20 19:46:07,447 Epoch [7/100] Step [300/391] Loss: 0.6279
2026-04-20 19:46:08,148 Epoch 7 Train Loss: 0.6790 Acc: 0.7648
2026-04-20 19:46:08,648 Epoch 7 Test Loss: 0.9331 Acc: 0.6904
2026-04-20 19:46:09,657 Epoch [8/100] Step [100/391] Loss: 0.5431
2026-04-20 19:46:10,394 Epoch [8/100] Step [200/391] Loss: 0.7129
2026-04-20 19:46:11,129 Epoch [8/100] Step [300/391] Loss: 0.7084
2026-04-20 19:46:11,827 Epoch 8 Train Loss: 0.6494 Acc: 0.7742
2026-04-20 19:46:12,346 Epoch 8 Test Loss: 0.8057 Acc: 0.7234
2026-04-20 19:46:12,372 Saved new best checkpoint: model_ckpts/cnn_conv64-64-128-256_fc512_bs128_lr0.1_schedcosine_drop0.2_seed42/best.pth
2026-04-20 19:46:13,367 Epoch [9/100] Step [100/391] Loss: 0.5910
2026-04-20 19:46:14,095 Epoch [9/100] Step [200/391] Loss: 0.5600
2026-04-20 19:46:14,824 Epoch [9/100] Step [300/391] Loss: 0.7432
2026-04-20 19:46:15,516 Epoch 9 Train Loss: 0.6203 Acc: 0.7850
2026-04-20 19:46:16,020 Epoch 9 Test Loss: 1.6172 Acc: 0.5567
2026-04-20 19:46:17,134 Epoch [10/100] Step [100/391] Loss: 0.5296
2026-04-20 19:46:17,866 Epoch [10/100] Step [200/391] Loss: 0.8038
2026-04-20 19:46:18,597 Epoch [10/100] Step [300/391] Loss: 0.6287
2026-04-20 19:46:19,303 Epoch 10 Train Loss: 0.6050 Acc: 0.7890
2026-04-20 19:46:19,805 Epoch 10 Test Loss: 0.9623 Acc: 0.6877
2026-04-20 19:46:20,816 Epoch [11/100] Step [100/391] Loss: 0.5505
2026-04-20 19:46:21,549 Epoch [11/100] Step [200/391] Loss: 0.4657
2026-04-20 19:46:22,283 Epoch [11/100] Step [300/391] Loss: 0.6002
2026-04-20 19:46:22,981 Epoch 11 Train Loss: 0.5854 Acc: 0.7956
2026-04-20 19:46:23,489 Epoch 11 Test Loss: 0.8347 Acc: 0.7181
2026-04-20 19:46:24,496 Epoch [12/100] Step [100/391] Loss: 0.5148
2026-04-20 19:46:25,227 Epoch [12/100] Step [200/391] Loss: 0.6742
2026-04-20 19:46:25,958 Epoch [12/100] Step [300/391] Loss: 0.5557
2026-04-20 19:46:26,655 Epoch 12 Train Loss: 0.5722 Acc: 0.7999
2026-04-20 19:46:27,159 Epoch 12 Test Loss: 1.0462 Acc: 0.6777
2026-04-20 19:46:28,163 Epoch [13/100] Step [100/391] Loss: 0.6476
2026-04-20 19:46:28,895 Epoch [13/100] Step [200/391] Loss: 0.5767
2026-04-20 19:46:29,628 Epoch [13/100] Step [300/391] Loss: 0.6521
2026-04-20 19:46:30,329 Epoch 13 Train Loss: 0.5588 Acc: 0.8083
2026-04-20 19:46:30,822 Epoch 13 Test Loss: 0.9642 Acc: 0.6948
2026-04-20 19:46:31,819 Epoch [14/100] Step [100/391] Loss: 0.6178
2026-04-20 19:46:32,548 Epoch [14/100] Step [200/391] Loss: 0.5696
2026-04-20 19:46:33,279 Epoch [14/100] Step [300/391] Loss: 0.3575
2026-04-20 19:46:33,973 Epoch 14 Train Loss: 0.5531 Acc: 0.8090
2026-04-20 19:46:34,491 Epoch 14 Test Loss: 0.8869 Acc: 0.7116
2026-04-20 19:46:35,495 Epoch [15/100] Step [100/391] Loss: 0.5849
2026-04-20 19:46:36,228 Epoch [15/100] Step [200/391] Loss: 0.4842
2026-04-20 19:46:36,961 Epoch [15/100] Step [300/391] Loss: 0.4934
2026-04-20 19:46:37,657 Epoch 15 Train Loss: 0.5368 Acc: 0.8154
2026-04-20 19:46:38,156 Epoch 15 Test Loss: 0.8875 Acc: 0.7304
2026-04-20 19:46:38,181 Saved new best checkpoint: model_ckpts/cnn_conv64-64-128-256_fc512_bs128_lr0.1_schedcosine_drop0.2_seed42/best.pth
2026-04-20 19:46:39,170 Epoch [16/100] Step [100/391] Loss: 0.6803
2026-04-20 19:46:39,900 Epoch [16/100] Step [200/391] Loss: 0.4511
2026-04-20 19:46:40,630 Epoch [16/100] Step [300/391] Loss: 0.6398
2026-04-20 19:46:41,324 Epoch 16 Train Loss: 0.5285 Acc: 0.8164
2026-04-20 19:46:41,831 Epoch 16 Test Loss: 0.7914 Acc: 0.7298
2026-04-20 19:46:42,838 Epoch [17/100] Step [100/391] Loss: 0.5068
2026-04-20 19:46:43,570 Epoch [17/100] Step [200/391] Loss: 0.6510
2026-04-20 19:46:44,302 Epoch [17/100] Step [300/391] Loss: 0.5779
2026-04-20 19:46:44,994 Epoch 17 Train Loss: 0.5258 Acc: 0.8190
2026-04-20 19:46:45,492 Epoch 17 Test Loss: 0.6794 Acc: 0.7748
2026-04-20 19:46:45,518 Saved new best checkpoint: model_ckpts/cnn_conv64-64-128-256_fc512_bs128_lr0.1_schedcosine_drop0.2_seed42/best.pth
2026-04-20 19:46:46,505 Epoch [18/100] Step [100/391] Loss: 0.6246
2026-04-20 19:46:47,237 Epoch [18/100] Step [200/391] Loss: 0.6457
2026-04-20 19:46:47,968 Epoch [18/100] Step [300/391] Loss: 0.5445
2026-04-20 19:46:48,662 Epoch 18 Train Loss: 0.5199 Acc: 0.8213
2026-04-20 19:46:49,169 Epoch 18 Test Loss: 1.0543 Acc: 0.6798
2026-04-20 19:46:50,181 Epoch [19/100] Step [100/391] Loss: 0.4618
2026-04-20 19:46:50,912 Epoch [19/100] Step [200/391] Loss: 0.4830
2026-04-20 19:46:51,644 Epoch [19/100] Step [300/391] Loss: 0.6404
2026-04-20 19:46:52,339 Epoch 19 Train Loss: 0.5156 Acc: 0.8216
2026-04-20 19:46:52,846 Epoch 19 Test Loss: 0.9884 Acc: 0.6608
2026-04-20 19:46:53,855 Epoch [20/100] Step [100/391] Loss: 0.4922
2026-04-20 19:46:54,589 Epoch [20/100] Step [200/391] Loss: 0.4867
2026-04-20 19:46:55,323 Epoch [20/100] Step [300/391] Loss: 0.5140
2026-04-20 19:46:56,022 Epoch 20 Train Loss: 0.5063 Acc: 0.8243
2026-04-20 19:46:56,513 Epoch 20 Test Loss: 1.1269 Acc: 0.6341
2026-04-20 19:46:57,526 Epoch [21/100] Step [100/391] Loss: 0.3973
2026-04-20 19:46:58,259 Epoch [21/100] Step [200/391] Loss: 0.4671
2026-04-20 19:46:58,991 Epoch [21/100] Step [300/391] Loss: 0.4933
2026-04-20 19:46:59,686 Epoch 21 Train Loss: 0.4940 Acc: 0.8308
2026-04-20 19:47:00,190 Epoch 21 Test Loss: 1.2595 Acc: 0.6418
2026-04-20 19:47:01,320 Epoch [22/100] Step [100/391] Loss: 0.5913
2026-04-20 19:47:02,052 Epoch [22/100] Step [200/391] Loss: 0.5576
2026-04-20 19:47:02,784 Epoch [22/100] Step [300/391] Loss: 0.5711
2026-04-20 19:47:03,482 Epoch 22 Train Loss: 0.4934 Acc: 0.8289
2026-04-20 19:47:03,989 Epoch 22 Test Loss: 1.1108 Acc: 0.6691
2026-04-20 19:47:04,984 Epoch [23/100] Step [100/391] Loss: 0.4842
2026-04-20 19:47:05,716 Epoch [23/100] Step [200/391] Loss: 0.4539
2026-04-20 19:47:06,448 Epoch [23/100] Step [300/391] Loss: 0.5100
2026-04-20 19:47:07,151 Epoch 23 Train Loss: 0.4834 Acc: 0.8330
2026-04-20 19:47:07,655 Epoch 23 Test Loss: 0.9245 Acc: 0.7190
2026-04-20 19:47:08,662 Epoch [24/100] Step [100/391] Loss: 0.4209
2026-04-20 19:47:09,394 Epoch [24/100] Step [200/391] Loss: 0.5702
2026-04-20 19:47:10,126 Epoch [24/100] Step [300/391] Loss: 0.2663
2026-04-20 19:47:10,821 Epoch 24 Train Loss: 0.4781 Acc: 0.8341
2026-04-20 19:47:11,324 Epoch 24 Test Loss: 0.8799 Acc: 0.7291
2026-04-20 19:47:12,348 Epoch [25/100] Step [100/391] Loss: 0.5353
2026-04-20 19:47:13,094 Epoch [25/100] Step [200/391] Loss: 0.5290
2026-04-20 19:47:13,836 Epoch [25/100] Step [300/391] Loss: 0.5085
2026-04-20 19:47:14,532 Epoch 25 Train Loss: 0.4746 Acc: 0.8366
2026-04-20 19:47:15,044 Epoch 25 Test Loss: 0.7942 Acc: 0.7308
2026-04-20 19:47:16,043 Epoch [26/100] Step [100/391] Loss: 0.5587
2026-04-20 19:47:16,780 Epoch [26/100] Step [200/391] Loss: 0.6143
2026-04-20 19:47:17,577 Epoch [26/100] Step [300/391] Loss: 0.6266
2026-04-20 19:47:18,294 Epoch 26 Train Loss: 0.4756 Acc: 0.8352
2026-04-20 19:47:18,792 Epoch 26 Test Loss: 0.7562 Acc: 0.7663
2026-04-20 19:47:19,813 Epoch [27/100] Step [100/391] Loss: 0.3535
2026-04-20 19:47:20,550 Epoch [27/100] Step [200/391] Loss: 0.2482
2026-04-20 19:47:21,285 Epoch [27/100] Step [300/391] Loss: 0.5400
2026-04-20 19:47:21,995 Epoch 27 Train Loss: 0.4611 Acc: 0.8431
2026-04-20 19:47:22,499 Epoch 27 Test Loss: 0.6634 Acc: 0.7815
2026-04-20 19:47:22,525 Saved new best checkpoint: model_ckpts/cnn_conv64-64-128-256_fc512_bs128_lr0.1_schedcosine_drop0.2_seed42/best.pth
2026-04-20 19:47:23,521 Epoch [28/100] Step [100/391] Loss: 0.5993
2026-04-20 19:47:24,262 Epoch [28/100] Step [200/391] Loss: 0.2965
2026-04-20 19:47:25,004 Epoch [28/100] Step [300/391] Loss: 0.4013
2026-04-20 19:47:25,711 Epoch 28 Train Loss: 0.4598 Acc: 0.8397
2026-04-20 19:47:26,209 Epoch 28 Test Loss: 0.8476 Acc: 0.7320
2026-04-20 19:47:27,225 Epoch [29/100] Step [100/391] Loss: 0.4398
2026-04-20 19:47:27,964 Epoch [29/100] Step [200/391] Loss: 0.4943
2026-04-20 19:47:28,708 Epoch [29/100] Step [300/391] Loss: 0.3406
2026-04-20 19:47:29,417 Epoch 29 Train Loss: 0.4552 Acc: 0.8415
2026-04-20 19:47:29,920 Epoch 29 Test Loss: 0.6482 Acc: 0.7783
2026-04-20 19:47:30,940 Epoch [30/100] Step [100/391] Loss: 0.4661
2026-04-20 19:47:31,684 Epoch [30/100] Step [200/391] Loss: 0.5410
2026-04-20 19:47:32,431 Epoch [30/100] Step [300/391] Loss: 0.4797
2026-04-20 19:47:33,149 Epoch 30 Train Loss: 0.4539 Acc: 0.8423
2026-04-20 19:47:33,657 Epoch 30 Test Loss: 0.6285 Acc: 0.7905
2026-04-20 19:47:33,683 Saved new best checkpoint: model_ckpts/cnn_conv64-64-128-256_fc512_bs128_lr0.1_schedcosine_drop0.2_seed42/best.pth
2026-04-20 19:47:34,676 Epoch [31/100] Step [100/391] Loss: 0.3401
2026-04-20 19:47:35,415 Epoch [31/100] Step [200/391] Loss: 0.4472
2026-04-20 19:47:36,158 Epoch [31/100] Step [300/391] Loss: 0.5306
2026-04-20 19:47:36,871 Epoch 31 Train Loss: 0.4436 Acc: 0.8483
2026-04-20 19:47:37,378 Epoch 31 Test Loss: 0.9084 Acc: 0.7315
2026-04-20 19:47:38,390 Epoch [32/100] Step [100/391] Loss: 0.4809
2026-04-20 19:47:39,135 Epoch [32/100] Step [200/391] Loss: 0.4105
2026-04-20 19:47:39,878 Epoch [32/100] Step [300/391] Loss: 0.4337
2026-04-20 19:47:40,580 Epoch 32 Train Loss: 0.4410 Acc: 0.8462
2026-04-20 19:47:41,089 Epoch 32 Test Loss: 1.0082 Acc: 0.6686
2026-04-20 19:47:42,117 Epoch [33/100] Step [100/391] Loss: 0.5981
2026-04-20 19:47:42,864 Epoch [33/100] Step [200/391] Loss: 0.5512
2026-04-20 19:47:43,610 Epoch [33/100] Step [300/391] Loss: 0.4913
2026-04-20 19:47:44,315 Epoch 33 Train Loss: 0.4328 Acc: 0.8501
2026-04-20 19:47:44,805 Epoch 33 Test Loss: 0.8605 Acc: 0.7176
2026-04-20 19:47:45,829 Epoch [34/100] Step [100/391] Loss: 0.4129
2026-04-20 19:47:46,568 Epoch [34/100] Step [200/391] Loss: 0.4753
2026-04-20 19:47:47,369 Epoch [34/100] Step [300/391] Loss: 0.3913
2026-04-20 19:47:48,117 Epoch 34 Train Loss: 0.4299 Acc: 0.8517
2026-04-20 19:47:48,611 Epoch 34 Test Loss: 0.6715 Acc: 0.7746
2026-04-20 19:47:49,810 Epoch [35/100] Step [100/391] Loss: 0.4077
2026-04-20 19:47:50,600 Epoch [35/100] Step [200/391] Loss: 0.4216
2026-04-20 19:47:51,400 Epoch [35/100] Step [300/391] Loss: 0.6928
2026-04-20 19:47:52,155 Epoch 35 Train Loss: 0.4288 Acc: 0.8502
2026-04-20 19:47:52,647 Epoch 35 Test Loss: 0.7502 Acc: 0.7522
2026-04-20 19:47:53,684 Epoch [36/100] Step [100/391] Loss: 0.3629
2026-04-20 19:47:54,442 Epoch [36/100] Step [200/391] Loss: 0.3185
2026-04-20 19:47:55,210 Epoch [36/100] Step [300/391] Loss: 0.4457
2026-04-20 19:47:55,961 Epoch 36 Train Loss: 0.4204 Acc: 0.8553
2026-04-20 19:47:56,467 Epoch 36 Test Loss: 0.8059 Acc: 0.7481
2026-04-20 19:47:57,544 Epoch [37/100] Step [100/391] Loss: 0.4550
2026-04-20 19:47:58,315 Epoch [37/100] Step [200/391] Loss: 0.4944
2026-04-20 19:47:59,054 Epoch [37/100] Step [300/391] Loss: 0.3660
2026-04-20 19:47:59,754 Epoch 37 Train Loss: 0.4124 Acc: 0.8561
2026-04-20 19:48:00,255 Epoch 37 Test Loss: 0.6582 Acc: 0.7871
2026-04-20 19:48:01,282 Epoch [38/100] Step [100/391] Loss: 0.2552
2026-04-20 19:48:02,020 Epoch [38/100] Step [200/391] Loss: 0.3693
2026-04-20 19:48:02,757 Epoch [38/100] Step [300/391] Loss: 0.4118
2026-04-20 19:48:03,461 Epoch 38 Train Loss: 0.4116 Acc: 0.8574
2026-04-20 19:48:03,970 Epoch 38 Test Loss: 0.8073 Acc: 0.7412
2026-04-20 19:48:04,987 Epoch [39/100] Step [100/391] Loss: 0.3685
2026-04-20 19:48:05,726 Epoch [39/100] Step [200/391] Loss: 0.4613
2026-04-20 19:48:06,467 Epoch [39/100] Step [300/391] Loss: 0.4783
2026-04-20 19:48:07,173 Epoch 39 Train Loss: 0.4011 Acc: 0.8599
2026-04-20 19:48:07,679 Epoch 39 Test Loss: 0.6336 Acc: 0.7959
2026-04-20 19:48:07,706 Saved new best checkpoint: model_ckpts/cnn_conv64-64-128-256_fc512_bs128_lr0.1_schedcosine_drop0.2_seed42/best.pth
2026-04-20 19:48:08,730 Epoch [40/100] Step [100/391] Loss: 0.5340
2026-04-20 19:48:09,468 Epoch [40/100] Step [200/391] Loss: 0.5200
2026-04-20 19:48:10,206 Epoch [40/100] Step [300/391] Loss: 0.3620
2026-04-20 19:48:10,914 Epoch 40 Train Loss: 0.3983 Acc: 0.8622
2026-04-20 19:48:11,428 Epoch 40 Test Loss: 0.7882 Acc: 0.7457
2026-04-20 19:48:12,456 Epoch [41/100] Step [100/391] Loss: 0.4450
2026-04-20 19:48:13,196 Epoch [41/100] Step [200/391] Loss: 0.2861
2026-04-20 19:48:13,936 Epoch [41/100] Step [300/391] Loss: 0.3069
2026-04-20 19:48:14,644 Epoch 41 Train Loss: 0.3985 Acc: 0.8621
2026-04-20 19:48:15,151 Epoch 41 Test Loss: 0.6620 Acc: 0.7850
2026-04-20 19:48:16,193 Epoch [42/100] Step [100/391] Loss: 0.3206
2026-04-20 19:48:16,959 Epoch [42/100] Step [200/391] Loss: 0.4727
2026-04-20 19:48:17,696 Epoch [42/100] Step [300/391] Loss: 0.2708
2026-04-20 19:48:18,410 Epoch 42 Train Loss: 0.3906 Acc: 0.8656
2026-04-20 19:48:18,911 Epoch 42 Test Loss: 0.6050 Acc: 0.7951
2026-04-20 19:48:19,925 Epoch [43/100] Step [100/391] Loss: 0.3429
2026-04-20 19:48:20,667 Epoch [43/100] Step [200/391] Loss: 0.6116
2026-04-20 19:48:21,408 Epoch [43/100] Step [300/391] Loss: 0.4166
2026-04-20 19:48:22,112 Epoch 43 Train Loss: 0.3794 Acc: 0.8670
2026-04-20 19:48:22,622 Epoch 43 Test Loss: 0.7445 Acc: 0.7570
2026-04-20 19:48:23,633 Epoch [44/100] Step [100/391] Loss: 0.4642
2026-04-20 19:48:24,370 Epoch [44/100] Step [200/391] Loss: 0.3504
2026-04-20 19:48:25,120 Epoch [44/100] Step [300/391] Loss: 0.5588
2026-04-20 19:48:25,820 Epoch 44 Train Loss: 0.3831 Acc: 0.8665
2026-04-20 19:48:26,316 Epoch 44 Test Loss: 0.9515 Acc: 0.7149
2026-04-20 19:48:27,324 Epoch [45/100] Step [100/391] Loss: 0.3355
2026-04-20 19:48:28,087 Epoch [45/100] Step [200/391] Loss: 0.4589
2026-04-20 19:48:28,825 Epoch [45/100] Step [300/391] Loss: 0.2754
2026-04-20 19:48:29,532 Epoch 45 Train Loss: 0.3751 Acc: 0.8690
2026-04-20 19:48:30,031 Epoch 45 Test Loss: 0.9601 Acc: 0.7124
2026-04-20 19:48:31,052 Epoch [46/100] Step [100/391] Loss: 0.4641
2026-04-20 19:48:31,790 Epoch [46/100] Step [200/391] Loss: 0.3956
2026-04-20 19:48:32,526 Epoch [46/100] Step [300/391] Loss: 0.4577
2026-04-20 19:48:33,233 Epoch 46 Train Loss: 0.3685 Acc: 0.8717
2026-04-20 19:48:33,740 Epoch 46 Test Loss: 0.7188 Acc: 0.7718
2026-04-20 19:48:34,749 Epoch [47/100] Step [100/391] Loss: 0.3826
2026-04-20 19:48:35,484 Epoch [47/100] Step [200/391] Loss: 0.3530
2026-04-20 19:48:36,238 Epoch [47/100] Step [300/391] Loss: 0.3473
2026-04-20 19:48:36,940 Epoch 47 Train Loss: 0.3628 Acc: 0.8739
2026-04-20 19:48:37,439 Epoch 47 Test Loss: 0.7641 Acc: 0.7622
2026-04-20 19:48:38,588 Epoch [48/100] Step [100/391] Loss: 0.3485
2026-04-20 19:48:39,337 Epoch [48/100] Step [200/391] Loss: 0.3449
2026-04-20 19:48:40,078 Epoch [48/100] Step [300/391] Loss: 0.3247
2026-04-20 19:48:40,791 Epoch 48 Train Loss: 0.3570 Acc: 0.8760
2026-04-20 19:48:41,305 Epoch 48 Test Loss: 0.6289 Acc: 0.7984
2026-04-20 19:48:41,331 Saved new best checkpoint: model_ckpts/cnn_conv64-64-128-256_fc512_bs128_lr0.1_schedcosine_drop0.2_seed42/best.pth
2026-04-20 19:48:42,333 Epoch [49/100] Step [100/391] Loss: 0.2827
2026-04-20 19:48:43,074 Epoch [49/100] Step [200/391] Loss: 0.2088
2026-04-20 19:48:43,815 Epoch [49/100] Step [300/391] Loss: 0.3253
2026-04-20 19:48:44,517 Epoch 49 Train Loss: 0.3555 Acc: 0.8781
2026-04-20 19:48:45,025 Epoch 49 Test Loss: 0.7348 Acc: 0.7618
2026-04-20 19:48:46,044 Epoch [50/100] Step [100/391] Loss: 0.4116
2026-04-20 19:48:46,785 Epoch [50/100] Step [200/391] Loss: 0.3360
2026-04-20 19:48:47,566 Epoch [50/100] Step [300/391] Loss: 0.4262
2026-04-20 19:48:48,316 Epoch 50 Train Loss: 0.3514 Acc: 0.8775
2026-04-20 19:48:48,825 Epoch 50 Test Loss: 0.6305 Acc: 0.7896
2026-04-20 19:48:49,880 Epoch [51/100] Step [100/391] Loss: 0.4251
2026-04-20 19:48:50,658 Epoch [51/100] Step [200/391] Loss: 0.4123
2026-04-20 19:48:51,442 Epoch [51/100] Step [300/391] Loss: 0.3308
2026-04-20 19:48:52,182 Epoch 51 Train Loss: 0.3337 Acc: 0.8848
2026-04-20 19:48:52,691 Epoch 51 Test Loss: 0.6712 Acc: 0.7830
2026-04-20 19:48:53,755 Epoch [52/100] Step [100/391] Loss: 0.3145
2026-04-20 19:48:54,542 Epoch [52/100] Step [200/391] Loss: 0.3108
2026-04-20 19:48:55,306 Epoch [52/100] Step [300/391] Loss: 0.4877
2026-04-20 19:48:56,047 Epoch 52 Train Loss: 0.3334 Acc: 0.8835
2026-04-20 19:48:56,559 Epoch 52 Test Loss: 0.5877 Acc: 0.8065
2026-04-20 19:48:56,585 Saved new best checkpoint: model_ckpts/cnn_conv64-64-128-256_fc512_bs128_lr0.1_schedcosine_drop0.2_seed42/best.pth
2026-04-20 19:48:57,623 Epoch [53/100] Step [100/391] Loss: 0.2722
2026-04-20 19:48:58,399 Epoch [53/100] Step [200/391] Loss: 0.3179
2026-04-20 19:48:59,178 Epoch [53/100] Step [300/391] Loss: 0.3001
2026-04-20 19:48:59,914 Epoch 53 Train Loss: 0.3230 Acc: 0.8876
2026-04-20 19:49:00,421 Epoch 53 Test Loss: 0.5209 Acc: 0.8249
2026-04-20 19:49:00,448 Saved new best checkpoint: model_ckpts/cnn_conv64-64-128-256_fc512_bs128_lr0.1_schedcosine_drop0.2_seed42/best.pth
2026-04-20 19:49:01,490 Epoch [54/100] Step [100/391] Loss: 0.2776
2026-04-20 19:49:02,262 Epoch [54/100] Step [200/391] Loss: 0.2280
2026-04-20 19:49:03,012 Epoch [54/100] Step [300/391] Loss: 0.3489
2026-04-20 19:49:03,713 Epoch 54 Train Loss: 0.3219 Acc: 0.8881
2026-04-20 19:49:04,220 Epoch 54 Test Loss: 0.6206 Acc: 0.7977
2026-04-20 19:49:05,231 Epoch [55/100] Step [100/391] Loss: 0.1672
2026-04-20 19:49:05,971 Epoch [55/100] Step [200/391] Loss: 0.3594
2026-04-20 19:49:06,713 Epoch [55/100] Step [300/391] Loss: 0.4901
2026-04-20 19:49:07,421 Epoch 55 Train Loss: 0.3183 Acc: 0.8891
2026-04-20 19:49:07,928 Epoch 55 Test Loss: 0.5760 Acc: 0.8086
2026-04-20 19:49:08,942 Epoch [56/100] Step [100/391] Loss: 0.3885
2026-04-20 19:49:09,683 Epoch [56/100] Step [200/391] Loss: 0.2663
2026-04-20 19:49:10,421 Epoch [56/100] Step [300/391] Loss: 0.2596
2026-04-20 19:49:11,123 Epoch 56 Train Loss: 0.3030 Acc: 0.8946
2026-04-20 19:49:11,623 Epoch 56 Test Loss: 0.7235 Acc: 0.7622
2026-04-20 19:49:12,637 Epoch [57/100] Step [100/391] Loss: 0.2819
2026-04-20 19:49:13,375 Epoch [57/100] Step [200/391] Loss: 0.3390
2026-04-20 19:49:14,114 Epoch [57/100] Step [300/391] Loss: 0.3820
2026-04-20 19:49:14,816 Epoch 57 Train Loss: 0.2997 Acc: 0.8952
2026-04-20 19:49:15,321 Epoch 57 Test Loss: 0.5712 Acc: 0.8082
2026-04-20 19:49:16,329 Epoch [58/100] Step [100/391] Loss: 0.2357
2026-04-20 19:49:17,068 Epoch [58/100] Step [200/391] Loss: 0.2037
2026-04-20 19:49:17,816 Epoch [58/100] Step [300/391] Loss: 0.2575
2026-04-20 19:49:18,521 Epoch 58 Train Loss: 0.2856 Acc: 0.9004
2026-04-20 19:49:19,052 Epoch 58 Test Loss: 0.4603 Acc: 0.8481
2026-04-20 19:49:19,077 Saved new best checkpoint: model_ckpts/cnn_conv64-64-128-256_fc512_bs128_lr0.1_schedcosine_drop0.2_seed42/best.pth
2026-04-20 19:49:20,077 Epoch [59/100] Step [100/391] Loss: 0.3382
2026-04-20 19:49:20,815 Epoch [59/100] Step [200/391] Loss: 0.3110
2026-04-20 19:49:21,555 Epoch [59/100] Step [300/391] Loss: 0.2478
2026-04-20 19:49:22,268 Epoch 59 Train Loss: 0.2869 Acc: 0.9006
2026-04-20 19:49:22,777 Epoch 59 Test Loss: 0.5287 Acc: 0.8291
2026-04-20 19:49:23,787 Epoch [60/100] Step [100/391] Loss: 0.2304
2026-04-20 19:49:24,525 Epoch [60/100] Step [200/391] Loss: 0.2457
2026-04-20 19:49:25,266 Epoch [60/100] Step [300/391] Loss: 0.2946
2026-04-20 19:49:25,971 Epoch 60 Train Loss: 0.2756 Acc: 0.9042
2026-04-20 19:49:26,459 Epoch 60 Test Loss: 0.7084 Acc: 0.7809
2026-04-20 19:49:27,600 Epoch [61/100] Step [100/391] Loss: 0.3173
2026-04-20 19:49:28,340 Epoch [61/100] Step [200/391] Loss: 0.2235
2026-04-20 19:49:29,080 Epoch [61/100] Step [300/391] Loss: 0.3723
2026-04-20 19:49:29,784 Epoch 61 Train Loss: 0.2718 Acc: 0.9064
2026-04-20 19:49:30,290 Epoch 61 Test Loss: 0.6921 Acc: 0.7864
2026-04-20 19:49:31,317 Epoch [62/100] Step [100/391] Loss: 0.1819
2026-04-20 19:49:32,068 Epoch [62/100] Step [200/391] Loss: 0.2597
2026-04-20 19:49:32,807 Epoch [62/100] Step [300/391] Loss: 0.2600
2026-04-20 19:49:33,508 Epoch 62 Train Loss: 0.2633 Acc: 0.9084
2026-04-20 19:49:34,008 Epoch 62 Test Loss: 0.5110 Acc: 0.8360
2026-04-20 19:49:35,018 Epoch [63/100] Step [100/391] Loss: 0.1631
2026-04-20 19:49:35,771 Epoch [63/100] Step [200/391] Loss: 0.2179
2026-04-20 19:49:36,517 Epoch [63/100] Step [300/391] Loss: 0.3100
2026-04-20 19:49:37,240 Epoch 63 Train Loss: 0.2528 Acc: 0.9125
2026-04-20 19:49:37,753 Epoch 63 Test Loss: 0.4876 Acc: 0.8410
2026-04-20 19:49:38,800 Epoch [64/100] Step [100/391] Loss: 0.2200
2026-04-20 19:49:39,601 Epoch [64/100] Step [200/391] Loss: 0.2162
2026-04-20 19:49:40,380 Epoch [64/100] Step [300/391] Loss: 0.3138
2026-04-20 19:49:41,102 Epoch 64 Train Loss: 0.2502 Acc: 0.9125
2026-04-20 19:49:41,618 Epoch 64 Test Loss: 0.5654 Acc: 0.8238
2026-04-20 19:49:42,650 Epoch [65/100] Step [100/391] Loss: 0.1783
2026-04-20 19:49:43,397 Epoch [65/100] Step [200/391] Loss: 0.2781
2026-04-20 19:49:44,135 Epoch [65/100] Step [300/391] Loss: 0.2297
2026-04-20 19:49:44,846 Epoch 65 Train Loss: 0.2347 Acc: 0.9187
2026-04-20 19:49:45,351 Epoch 65 Test Loss: 0.5348 Acc: 0.8290
2026-04-20 19:49:46,370 Epoch [66/100] Step [100/391] Loss: 0.1742
2026-04-20 19:49:47,141 Epoch [66/100] Step [200/391] Loss: 0.2014
2026-04-20 19:49:47,882 Epoch [66/100] Step [300/391] Loss: 0.2143
2026-04-20 19:49:48,584 Epoch 66 Train Loss: 0.2308 Acc: 0.9197
2026-04-20 19:49:49,088 Epoch 66 Test Loss: 0.5134 Acc: 0.8386
2026-04-20 19:49:50,127 Epoch [67/100] Step [100/391] Loss: 0.2489
2026-04-20 19:49:50,866 Epoch [67/100] Step [200/391] Loss: 0.2239
2026-04-20 19:49:51,620 Epoch [67/100] Step [300/391] Loss: 0.1869
2026-04-20 19:49:52,378 Epoch 67 Train Loss: 0.2238 Acc: 0.9202
2026-04-20 19:49:52,886 Epoch 67 Test Loss: 0.4455 Acc: 0.8556
2026-04-20 19:49:52,912 Saved new best checkpoint: model_ckpts/cnn_conv64-64-128-256_fc512_bs128_lr0.1_schedcosine_drop0.2_seed42/best.pth
2026-04-20 19:49:53,917 Epoch [68/100] Step [100/391] Loss: 0.2591
2026-04-20 19:49:54,655 Epoch [68/100] Step [200/391] Loss: 0.1923
2026-04-20 19:49:55,417 Epoch [68/100] Step [300/391] Loss: 0.2360
2026-04-20 19:49:56,121 Epoch 68 Train Loss: 0.2131 Acc: 0.9267
2026-04-20 19:49:56,635 Epoch 68 Test Loss: 0.4832 Acc: 0.8468
2026-04-20 19:49:57,665 Epoch [69/100] Step [100/391] Loss: 0.1934
2026-04-20 19:49:58,408 Epoch [69/100] Step [200/391] Loss: 0.2744
2026-04-20 19:49:59,154 Epoch [69/100] Step [300/391] Loss: 0.1600
2026-04-20 19:49:59,859 Epoch 69 Train Loss: 0.2063 Acc: 0.9294
2026-04-20 19:50:00,358 Epoch 69 Test Loss: 0.4947 Acc: 0.8416
2026-04-20 19:50:01,399 Epoch [70/100] Step [100/391] Loss: 0.1604
2026-04-20 19:50:02,139 Epoch [70/100] Step [200/391] Loss: 0.1829
2026-04-20 19:50:02,878 Epoch [70/100] Step [300/391] Loss: 0.2495
2026-04-20 19:50:03,583 Epoch 70 Train Loss: 0.1957 Acc: 0.9322
2026-04-20 19:50:04,091 Epoch 70 Test Loss: 0.4792 Acc: 0.8447
2026-04-20 19:50:05,129 Epoch [71/100] Step [100/391] Loss: 0.2671
2026-04-20 19:50:05,870 Epoch [71/100] Step [200/391] Loss: 0.1414
2026-04-20 19:50:06,631 Epoch [71/100] Step [300/391] Loss: 0.1579
2026-04-20 19:50:07,379 Epoch 71 Train Loss: 0.1863 Acc: 0.9351
2026-04-20 19:50:07,885 Epoch 71 Test Loss: 0.5740 Acc: 0.8304
2026-04-20 19:50:08,939 Epoch [72/100] Step [100/391] Loss: 0.1369
2026-04-20 19:50:09,726 Epoch [72/100] Step [200/391] Loss: 0.1997
2026-04-20 19:50:10,523 Epoch [72/100] Step [300/391] Loss: 0.1908
2026-04-20 19:50:11,283 Epoch 72 Train Loss: 0.1799 Acc: 0.9376
2026-04-20 19:50:11,816 Epoch 72 Test Loss: 0.5839 Acc: 0.8263
2026-04-20 19:50:13,040 Epoch [73/100] Step [100/391] Loss: 0.2145
2026-04-20 19:50:13,830 Epoch [73/100] Step [200/391] Loss: 0.2357
2026-04-20 19:50:14,620 Epoch [73/100] Step [300/391] Loss: 0.1456
2026-04-20 19:50:15,358 Epoch 73 Train Loss: 0.1736 Acc: 0.9404
2026-04-20 19:50:15,885 Epoch 73 Test Loss: 0.4298 Acc: 0.8626
2026-04-20 19:50:15,912 Saved new best checkpoint: model_ckpts/cnn_conv64-64-128-256_fc512_bs128_lr0.1_schedcosine_drop0.2_seed42/best.pth
2026-04-20 19:50:16,922 Epoch [74/100] Step [100/391] Loss: 0.2019
2026-04-20 19:50:17,662 Epoch [74/100] Step [200/391] Loss: 0.2073
2026-04-20 19:50:18,403 Epoch [74/100] Step [300/391] Loss: 0.1619
2026-04-20 19:50:19,105 Epoch 74 Train Loss: 0.1618 Acc: 0.9446
2026-04-20 19:50:19,610 Epoch 74 Test Loss: 0.5845 Acc: 0.8226
2026-04-20 19:50:20,639 Epoch [75/100] Step [100/391] Loss: 0.1565
2026-04-20 19:50:21,381 Epoch [75/100] Step [200/391] Loss: 0.1311
2026-04-20 19:50:22,119 Epoch [75/100] Step [300/391] Loss: 0.1502
2026-04-20 19:50:22,820 Epoch 75 Train Loss: 0.1488 Acc: 0.9490
2026-04-20 19:50:23,327 Epoch 75 Test Loss: 0.4428 Acc: 0.8668
2026-04-20 19:50:23,352 Saved new best checkpoint: model_ckpts/cnn_conv64-64-128-256_fc512_bs128_lr0.1_schedcosine_drop0.2_seed42/best.pth
2026-04-20 19:50:24,357 Epoch [76/100] Step [100/391] Loss: 0.0979
2026-04-20 19:50:25,096 Epoch [76/100] Step [200/391] Loss: 0.1362
2026-04-20 19:50:25,837 Epoch [76/100] Step [300/391] Loss: 0.1501
2026-04-20 19:50:26,542 Epoch 76 Train Loss: 0.1439 Acc: 0.9507
2026-04-20 19:50:27,044 Epoch 76 Test Loss: 0.4146 Acc: 0.8699
2026-04-20 19:50:27,070 Saved new best checkpoint: model_ckpts/cnn_conv64-64-128-256_fc512_bs128_lr0.1_schedcosine_drop0.2_seed42/best.pth
2026-04-20 19:50:28,086 Epoch [77/100] Step [100/391] Loss: 0.1223
2026-04-20 19:50:28,825 Epoch [77/100] Step [200/391] Loss: 0.0818
2026-04-20 19:50:29,564 Epoch [77/100] Step [300/391] Loss: 0.1533
2026-04-20 19:50:30,268 Epoch 77 Train Loss: 0.1331 Acc: 0.9543
2026-04-20 19:50:30,772 Epoch 77 Test Loss: 0.4258 Acc: 0.8671
2026-04-20 19:50:31,805 Epoch [78/100] Step [100/391] Loss: 0.1752
2026-04-20 19:50:32,544 Epoch [78/100] Step [200/391] Loss: 0.1154
2026-04-20 19:50:33,284 Epoch [78/100] Step [300/391] Loss: 0.1954
2026-04-20 19:50:33,994 Epoch 78 Train Loss: 0.1216 Acc: 0.9588
2026-04-20 19:50:34,503 Epoch 78 Test Loss: 0.4148 Acc: 0.8708
2026-04-20 19:50:34,529 Saved new best checkpoint: model_ckpts/cnn_conv64-64-128-256_fc512_bs128_lr0.1_schedcosine_drop0.2_seed42/best.pth
2026-04-20 19:50:35,540 Epoch [79/100] Step [100/391] Loss: 0.1120
2026-04-20 19:50:36,279 Epoch [79/100] Step [200/391] Loss: 0.0902
2026-04-20 19:50:37,020 Epoch [79/100] Step [300/391] Loss: 0.1599
2026-04-20 19:50:37,722 Epoch 79 Train Loss: 0.1127 Acc: 0.9624
2026-04-20 19:50:38,231 Epoch 79 Test Loss: 0.4059 Acc: 0.8777
2026-04-20 19:50:38,256 Saved new best checkpoint: model_ckpts/cnn_conv64-64-128-256_fc512_bs128_lr0.1_schedcosine_drop0.2_seed42/best.pth
2026-04-20 19:50:39,259 Epoch [80/100] Step [100/391] Loss: 0.0653
2026-04-20 19:50:40,002 Epoch [80/100] Step [200/391] Loss: 0.1059
2026-04-20 19:50:40,743 Epoch [80/100] Step [300/391] Loss: 0.1159
2026-04-20 19:50:41,451 Epoch 80 Train Loss: 0.1065 Acc: 0.9648
2026-04-20 19:50:41,962 Epoch 80 Test Loss: 0.4107 Acc: 0.8766
2026-04-20 19:50:42,997 Epoch [81/100] Step [100/391] Loss: 0.0853
2026-04-20 19:50:43,736 Epoch [81/100] Step [200/391] Loss: 0.0890
2026-04-20 19:50:44,476 Epoch [81/100] Step [300/391] Loss: 0.1627
2026-04-20 19:50:45,180 Epoch 81 Train Loss: 0.0963 Acc: 0.9677
2026-04-20 19:50:45,695 Epoch 81 Test Loss: 0.3331 Acc: 0.8977
2026-04-20 19:50:45,721 Saved new best checkpoint: model_ckpts/cnn_conv64-64-128-256_fc512_bs128_lr0.1_schedcosine_drop0.2_seed42/best.pth
2026-04-20 19:50:46,734 Epoch [82/100] Step [100/391] Loss: 0.0614
2026-04-20 19:50:47,472 Epoch [82/100] Step [200/391] Loss: 0.0460
2026-04-20 19:50:48,210 Epoch [82/100] Step [300/391] Loss: 0.1031
2026-04-20 19:50:48,912 Epoch 82 Train Loss: 0.0891 Acc: 0.9713
2026-04-20 19:50:49,422 Epoch 82 Test Loss: 0.3613 Acc: 0.8899
2026-04-20 19:50:50,454 Epoch [83/100] Step [100/391] Loss: 0.0958
2026-04-20 19:50:51,191 Epoch [83/100] Step [200/391] Loss: 0.0754
2026-04-20 19:50:51,930 Epoch [83/100] Step [300/391] Loss: 0.0977
2026-04-20 19:50:52,634 Epoch 83 Train Loss: 0.0812 Acc: 0.9745
2026-04-20 19:50:53,138 Epoch 83 Test Loss: 0.3705 Acc: 0.8901
2026-04-20 19:50:54,154 Epoch [84/100] Step [100/391] Loss: 0.0768
2026-04-20 19:50:54,892 Epoch [84/100] Step [200/391] Loss: 0.0796
2026-04-20 19:50:55,630 Epoch [84/100] Step [300/391] Loss: 0.0542
2026-04-20 19:50:56,330 Epoch 84 Train Loss: 0.0706 Acc: 0.9789
2026-04-20 19:50:56,837 Epoch 84 Test Loss: 0.3756 Acc: 0.8888
2026-04-20 19:50:58,011 Epoch [85/100] Step [100/391] Loss: 0.0424
2026-04-20 19:50:58,753 Epoch [85/100] Step [200/391] Loss: 0.0815
2026-04-20 19:50:59,496 Epoch [85/100] Step [300/391] Loss: 0.0519
2026-04-20 19:51:00,211 Epoch 85 Train Loss: 0.0673 Acc: 0.9799
2026-04-20 19:51:00,709 Epoch 85 Test Loss: 0.3412 Acc: 0.8956
2026-04-20 19:51:01,850 Epoch [86/100] Step [100/391] Loss: 0.0613
2026-04-20 19:51:02,591 Epoch [86/100] Step [200/391] Loss: 0.0551
2026-04-20 19:51:03,333 Epoch [86/100] Step [300/391] Loss: 0.0912
2026-04-20 19:51:04,036 Epoch 86 Train Loss: 0.0612 Acc: 0.9815
2026-04-20 19:51:04,550 Epoch 86 Test Loss: 0.3315 Acc: 0.8997
2026-04-20 19:51:04,575 Saved new best checkpoint: model_ckpts/cnn_conv64-64-128-256_fc512_bs128_lr0.1_schedcosine_drop0.2_seed42/best.pth
2026-04-20 19:51:05,570 Epoch [87/100] Step [100/391] Loss: 0.0529
2026-04-20 19:51:06,310 Epoch [87/100] Step [200/391] Loss: 0.0208
2026-04-20 19:51:07,049 Epoch [87/100] Step [300/391] Loss: 0.0513
2026-04-20 19:51:07,753 Epoch 87 Train Loss: 0.0569 Acc: 0.9838
2026-04-20 19:51:08,268 Epoch 87 Test Loss: 0.3312 Acc: 0.8972
2026-04-20 19:51:09,285 Epoch [88/100] Step [100/391] Loss: 0.0433
2026-04-20 19:51:10,027 Epoch [88/100] Step [200/391] Loss: 0.0243
2026-04-20 19:51:10,769 Epoch [88/100] Step [300/391] Loss: 0.0433
2026-04-20 19:51:11,473 Epoch 88 Train Loss: 0.0504 Acc: 0.9858
2026-04-20 19:51:11,980 Epoch 88 Test Loss: 0.3405 Acc: 0.8988
2026-04-20 19:51:13,007 Epoch [89/100] Step [100/391] Loss: 0.0262
2026-04-20 19:51:13,746 Epoch [89/100] Step [200/391] Loss: 0.0549
2026-04-20 19:51:14,485 Epoch [89/100] Step [300/391] Loss: 0.0228
2026-04-20 19:51:15,196 Epoch 89 Train Loss: 0.0449 Acc: 0.9883
2026-04-20 19:51:15,709 Epoch 89 Test Loss: 0.3170 Acc: 0.9052
2026-04-20 19:51:15,735 Saved new best checkpoint: model_ckpts/cnn_conv64-64-128-256_fc512_bs128_lr0.1_schedcosine_drop0.2_seed42/best.pth
2026-04-20 19:51:16,728 Epoch [90/100] Step [100/391] Loss: 0.0419
2026-04-20 19:51:17,468 Epoch [90/100] Step [200/391] Loss: 0.0245
2026-04-20 19:51:18,209 Epoch [90/100] Step [300/391] Loss: 0.0414
2026-04-20 19:51:18,917 Epoch 90 Train Loss: 0.0404 Acc: 0.9904
2026-04-20 19:51:19,427 Epoch 90 Test Loss: 0.3162 Acc: 0.9047
2026-04-20 19:51:20,436 Epoch [91/100] Step [100/391] Loss: 0.0382
2026-04-20 19:51:21,174 Epoch [91/100] Step [200/391] Loss: 0.0273
2026-04-20 19:51:21,916 Epoch [91/100] Step [300/391] Loss: 0.0277
2026-04-20 19:51:22,618 Epoch 91 Train Loss: 0.0382 Acc: 0.9906
2026-04-20 19:51:23,133 Epoch 91 Test Loss: 0.3250 Acc: 0.9033
2026-04-20 19:51:24,149 Epoch [92/100] Step [100/391] Loss: 0.0177
2026-04-20 19:51:24,888 Epoch [92/100] Step [200/391] Loss: 0.0286
2026-04-20 19:51:25,627 Epoch [92/100] Step [300/391] Loss: 0.0310
2026-04-20 19:51:26,327 Epoch 92 Train Loss: 0.0368 Acc: 0.9912
2026-04-20 19:51:26,832 Epoch 92 Test Loss: 0.3207 Acc: 0.9065
2026-04-20 19:51:26,858 Saved new best checkpoint: model_ckpts/cnn_conv64-64-128-256_fc512_bs128_lr0.1_schedcosine_drop0.2_seed42/best.pth
2026-04-20 19:51:27,855 Epoch [93/100] Step [100/391] Loss: 0.0214
2026-04-20 19:51:28,598 Epoch [93/100] Step [200/391] Loss: 0.0433
2026-04-20 19:51:29,339 Epoch [93/100] Step [300/391] Loss: 0.0226
2026-04-20 19:51:30,041 Epoch 93 Train Loss: 0.0346 Acc: 0.9925
2026-04-20 19:51:30,548 Epoch 93 Test Loss: 0.3151 Acc: 0.9088
2026-04-20 19:51:30,574 Saved new best checkpoint: model_ckpts/cnn_conv64-64-128-256_fc512_bs128_lr0.1_schedcosine_drop0.2_seed42/best.pth
2026-04-20 19:51:31,579 Epoch [94/100] Step [100/391] Loss: 0.0631
2026-04-20 19:51:32,319 Epoch [94/100] Step [200/391] Loss: 0.0425
2026-04-20 19:51:33,056 Epoch [94/100] Step [300/391] Loss: 0.0508
2026-04-20 19:51:33,766 Epoch 94 Train Loss: 0.0312 Acc: 0.9936
2026-04-20 19:51:34,277 Epoch 94 Test Loss: 0.3140 Acc: 0.9064
2026-04-20 19:51:35,290 Epoch [95/100] Step [100/391] Loss: 0.0154
2026-04-20 19:51:36,029 Epoch [95/100] Step [200/391] Loss: 0.0417
2026-04-20 19:51:36,769 Epoch [95/100] Step [300/391] Loss: 0.0354
2026-04-20 19:51:37,475 Epoch 95 Train Loss: 0.0313 Acc: 0.9931
2026-04-20 19:51:38,009 Epoch 95 Test Loss: 0.3117 Acc: 0.9081
2026-04-20 19:51:39,017 Epoch [96/100] Step [100/391] Loss: 0.0470
2026-04-20 19:51:39,756 Epoch [96/100] Step [200/391] Loss: 0.0180
2026-04-20 19:51:40,494 Epoch [96/100] Step [300/391] Loss: 0.0451
2026-04-20 19:51:41,202 Epoch 96 Train Loss: 0.0294 Acc: 0.9942
2026-04-20 19:51:41,716 Epoch 96 Test Loss: 0.3159 Acc: 0.9077
2026-04-20 19:51:42,728 Epoch [97/100] Step [100/391] Loss: 0.0256
2026-04-20 19:51:43,467 Epoch [97/100] Step [200/391] Loss: 0.0298
2026-04-20 19:51:44,205 Epoch [97/100] Step [300/391] Loss: 0.0129
2026-04-20 19:51:44,913 Epoch 97 Train Loss: 0.0293 Acc: 0.9939
2026-04-20 19:51:45,418 Epoch 97 Test Loss: 0.3140 Acc: 0.9078
2026-04-20 19:51:46,433 Epoch [98/100] Step [100/391] Loss: 0.0347
2026-04-20 19:51:47,174 Epoch [98/100] Step [200/391] Loss: 0.0336
2026-04-20 19:51:47,914 Epoch [98/100] Step [300/391] Loss: 0.0380
2026-04-20 19:51:48,619 Epoch 98 Train Loss: 0.0292 Acc: 0.9944
2026-04-20 19:51:49,130 Epoch 98 Test Loss: 0.3142 Acc: 0.9081
2026-04-20 19:51:50,263 Epoch [99/100] Step [100/391] Loss: 0.0346
2026-04-20 19:51:51,004 Epoch [99/100] Step [200/391] Loss: 0.0255
2026-04-20 19:51:51,743 Epoch [99/100] Step [300/391] Loss: 0.0169
2026-04-20 19:51:52,455 Epoch 99 Train Loss: 0.0282 Acc: 0.9945
2026-04-20 19:51:52,962 Epoch 99 Test Loss: 0.3120 Acc: 0.9091
2026-04-20 19:51:52,988 Saved new best checkpoint: model_ckpts/cnn_conv64-64-128-256_fc512_bs128_lr0.1_schedcosine_drop0.2_seed42/best.pth
2026-04-20 19:51:53,990 Epoch [100/100] Step [100/391] Loss: 0.0129
2026-04-20 19:51:54,728 Epoch [100/100] Step [200/391] Loss: 0.0281
2026-04-20 19:51:55,468 Epoch [100/100] Step [300/391] Loss: 0.0223
2026-04-20 19:51:56,178 Epoch 100 Train Loss: 0.0281 Acc: 0.9947
2026-04-20 19:51:56,694 Epoch 100 Test Loss: 0.3133 Acc: 0.9073
2026-04-20 19:51:56,840 Training complete. Best test acc: 0.9091
