2026-04-20 19:29:33,085 Using device: cuda:0
2026-04-20 19:29:34,459 Epoch [1/100] Step [100/391] Loss: 2.4076
2026-04-20 19:29:35,242 Epoch [1/100] Step [200/391] Loss: 1.7421
2026-04-20 19:29:36,026 Epoch [1/100] Step [300/391] Loss: 1.6865
2026-04-20 19:29:36,898 Epoch 1 Train Loss: 1.9446 Acc: 0.3382
2026-04-20 19:29:37,409 Epoch 1 Test Loss: 1.6250 Acc: 0.3989
2026-04-20 19:29:37,433 Saved new best checkpoint: model_ckpts/cnn_conv64-128-256_fc512_bs128_lr0.1_seed42/best.pth
2026-04-20 19:29:38,471 Epoch [2/100] Step [100/391] Loss: 1.6004
2026-04-20 19:29:39,256 Epoch [2/100] Step [200/391] Loss: 1.3776
2026-04-20 19:29:40,042 Epoch [2/100] Step [300/391] Loss: 1.4729
2026-04-20 19:29:40,786 Epoch 2 Train Loss: 1.3678 Acc: 0.5015
2026-04-20 19:29:41,280 Epoch 2 Test Loss: 1.4075 Acc: 0.5040
2026-04-20 19:29:41,305 Saved new best checkpoint: model_ckpts/cnn_conv64-128-256_fc512_bs128_lr0.1_seed42/best.pth
2026-04-20 19:29:42,336 Epoch [3/100] Step [100/391] Loss: 1.1354
2026-04-20 19:29:43,121 Epoch [3/100] Step [200/391] Loss: 1.0982
2026-04-20 19:29:43,905 Epoch [3/100] Step [300/391] Loss: 1.1588
2026-04-20 19:29:44,651 Epoch 3 Train Loss: 1.1719 Acc: 0.5785
2026-04-20 19:29:45,135 Epoch 3 Test Loss: 1.5393 Acc: 0.5064
2026-04-20 19:29:45,159 Saved new best checkpoint: model_ckpts/cnn_conv64-128-256_fc512_bs128_lr0.1_seed42/best.pth
2026-04-20 19:29:46,247 Epoch [4/100] Step [100/391] Loss: 1.2490
2026-04-20 19:29:47,033 Epoch [4/100] Step [200/391] Loss: 1.2658
2026-04-20 19:29:47,818 Epoch [4/100] Step [300/391] Loss: 0.9867
2026-04-20 19:29:48,568 Epoch 4 Train Loss: 1.0488 Acc: 0.6276
2026-04-20 19:29:49,061 Epoch 4 Test Loss: 1.2697 Acc: 0.5694
2026-04-20 19:29:49,084 Saved new best checkpoint: model_ckpts/cnn_conv64-128-256_fc512_bs128_lr0.1_seed42/best.pth
2026-04-20 19:29:50,162 Epoch [5/100] Step [100/391] Loss: 1.1409
2026-04-20 19:29:50,985 Epoch [5/100] Step [200/391] Loss: 0.9135
2026-04-20 19:29:51,799 Epoch [5/100] Step [300/391] Loss: 1.0123
2026-04-20 19:29:52,575 Epoch 5 Train Loss: 0.9595 Acc: 0.6598
2026-04-20 19:29:53,062 Epoch 5 Test Loss: 1.0814 Acc: 0.6269
2026-04-20 19:29:53,085 Saved new best checkpoint: model_ckpts/cnn_conv64-128-256_fc512_bs128_lr0.1_seed42/best.pth
2026-04-20 19:29:54,185 Epoch [6/100] Step [100/391] Loss: 0.8119
2026-04-20 19:29:55,002 Epoch [6/100] Step [200/391] Loss: 0.9545
2026-04-20 19:29:55,836 Epoch [6/100] Step [300/391] Loss: 0.8163
2026-04-20 19:29:56,600 Epoch 6 Train Loss: 0.9029 Acc: 0.6837
2026-04-20 19:29:57,095 Epoch 6 Test Loss: 1.5542 Acc: 0.5339
2026-04-20 19:29:58,202 Epoch [7/100] Step [100/391] Loss: 0.7632
2026-04-20 19:29:59,016 Epoch [7/100] Step [200/391] Loss: 1.0216
2026-04-20 19:29:59,827 Epoch [7/100] Step [300/391] Loss: 0.9661
2026-04-20 19:30:00,598 Epoch 7 Train Loss: 0.8693 Acc: 0.6958
2026-04-20 19:30:01,090 Epoch 7 Test Loss: 1.1509 Acc: 0.6147
2026-04-20 19:30:02,191 Epoch [8/100] Step [100/391] Loss: 0.8859
2026-04-20 19:30:03,003 Epoch [8/100] Step [200/391] Loss: 0.7600
2026-04-20 19:30:03,812 Epoch [8/100] Step [300/391] Loss: 1.0306
2026-04-20 19:30:04,579 Epoch 8 Train Loss: 0.8246 Acc: 0.7120
2026-04-20 19:30:05,069 Epoch 8 Test Loss: 1.9014 Acc: 0.5479
2026-04-20 19:30:06,342 Epoch [9/100] Step [100/391] Loss: 0.8324
2026-04-20 19:30:07,156 Epoch [9/100] Step [200/391] Loss: 0.9170
2026-04-20 19:30:07,961 Epoch [9/100] Step [300/391] Loss: 0.7437
2026-04-20 19:30:08,729 Epoch 9 Train Loss: 0.8153 Acc: 0.7162
2026-04-20 19:30:09,388 Epoch 9 Test Loss: 1.1917 Acc: 0.5965
2026-04-20 19:30:10,594 Epoch [10/100] Step [100/391] Loss: 0.7654
2026-04-20 19:30:11,408 Epoch [10/100] Step [200/391] Loss: 0.8205
2026-04-20 19:30:12,220 Epoch [10/100] Step [300/391] Loss: 0.9279
2026-04-20 19:30:12,985 Epoch 10 Train Loss: 0.7842 Acc: 0.7267
2026-04-20 19:30:13,485 Epoch 10 Test Loss: 1.2362 Acc: 0.5718
2026-04-20 19:30:14,585 Epoch [11/100] Step [100/391] Loss: 0.7496
2026-04-20 19:30:15,399 Epoch [11/100] Step [200/391] Loss: 0.7212
2026-04-20 19:30:16,209 Epoch [11/100] Step [300/391] Loss: 0.6443
2026-04-20 19:30:16,984 Epoch 11 Train Loss: 0.7757 Acc: 0.7313
2026-04-20 19:30:17,482 Epoch 11 Test Loss: 2.0379 Acc: 0.4839
2026-04-20 19:30:18,582 Epoch [12/100] Step [100/391] Loss: 0.8777
2026-04-20 19:30:19,392 Epoch [12/100] Step [200/391] Loss: 0.7397
2026-04-20 19:30:20,203 Epoch [12/100] Step [300/391] Loss: 0.7555
2026-04-20 19:30:20,964 Epoch 12 Train Loss: 0.7584 Acc: 0.7351
2026-04-20 19:30:21,459 Epoch 12 Test Loss: 1.0204 Acc: 0.6557
2026-04-20 19:30:21,482 Saved new best checkpoint: model_ckpts/cnn_conv64-128-256_fc512_bs128_lr0.1_seed42/best.pth
2026-04-20 19:30:22,561 Epoch [13/100] Step [100/391] Loss: 0.8310
2026-04-20 19:30:23,373 Epoch [13/100] Step [200/391] Loss: 0.8527
2026-04-20 19:30:24,186 Epoch [13/100] Step [300/391] Loss: 0.5641
2026-04-20 19:30:24,957 Epoch 13 Train Loss: 0.7479 Acc: 0.7409
2026-04-20 19:30:25,448 Epoch 13 Test Loss: 1.0097 Acc: 0.6525
2026-04-20 19:30:26,553 Epoch [14/100] Step [100/391] Loss: 0.6868
2026-04-20 19:30:27,364 Epoch [14/100] Step [200/391] Loss: 0.7656
2026-04-20 19:30:28,176 Epoch [14/100] Step [300/391] Loss: 0.7492
2026-04-20 19:30:28,941 Epoch 14 Train Loss: 0.7430 Acc: 0.7417
2026-04-20 19:30:29,433 Epoch 14 Test Loss: 1.7751 Acc: 0.5199
2026-04-20 19:30:30,540 Epoch [15/100] Step [100/391] Loss: 0.7214
2026-04-20 19:30:31,357 Epoch [15/100] Step [200/391] Loss: 0.7724
2026-04-20 19:30:32,168 Epoch [15/100] Step [300/391] Loss: 0.6112
2026-04-20 19:30:32,933 Epoch 15 Train Loss: 0.7283 Acc: 0.7485
2026-04-20 19:30:33,431 Epoch 15 Test Loss: 1.4001 Acc: 0.5660
2026-04-20 19:30:34,533 Epoch [16/100] Step [100/391] Loss: 0.7587
2026-04-20 19:30:35,351 Epoch [16/100] Step [200/391] Loss: 0.7735
2026-04-20 19:30:36,166 Epoch [16/100] Step [300/391] Loss: 0.8473
2026-04-20 19:30:36,932 Epoch 16 Train Loss: 0.7168 Acc: 0.7518
2026-04-20 19:30:37,426 Epoch 16 Test Loss: 0.9814 Acc: 0.6630
2026-04-20 19:30:37,449 Saved new best checkpoint: model_ckpts/cnn_conv64-128-256_fc512_bs128_lr0.1_seed42/best.pth
2026-04-20 19:30:38,542 Epoch [17/100] Step [100/391] Loss: 0.7473
2026-04-20 19:30:39,356 Epoch [17/100] Step [200/391] Loss: 0.5883
2026-04-20 19:30:40,168 Epoch [17/100] Step [300/391] Loss: 0.7622
2026-04-20 19:30:40,934 Epoch 17 Train Loss: 0.7098 Acc: 0.7546
2026-04-20 19:30:41,421 Epoch 17 Test Loss: 1.0483 Acc: 0.6494
2026-04-20 19:30:42,531 Epoch [18/100] Step [100/391] Loss: 0.6449
2026-04-20 19:30:43,346 Epoch [18/100] Step [200/391] Loss: 0.7422
2026-04-20 19:30:44,156 Epoch [18/100] Step [300/391] Loss: 0.7783
2026-04-20 19:30:44,927 Epoch 18 Train Loss: 0.7101 Acc: 0.7536
2026-04-20 19:30:45,414 Epoch 18 Test Loss: 1.3285 Acc: 0.6159
2026-04-20 19:30:46,518 Epoch [19/100] Step [100/391] Loss: 0.6109
2026-04-20 19:30:47,332 Epoch [19/100] Step [200/391] Loss: 0.8048
2026-04-20 19:30:48,143 Epoch [19/100] Step [300/391] Loss: 0.6075
2026-04-20 19:30:48,911 Epoch 19 Train Loss: 0.7003 Acc: 0.7586
2026-04-20 19:30:49,418 Epoch 19 Test Loss: 1.0043 Acc: 0.6793
2026-04-20 19:30:49,443 Saved new best checkpoint: model_ckpts/cnn_conv64-128-256_fc512_bs128_lr0.1_seed42/best.pth
2026-04-20 19:30:50,526 Epoch [20/100] Step [100/391] Loss: 0.7891
2026-04-20 19:30:51,342 Epoch [20/100] Step [200/391] Loss: 0.6837
2026-04-20 19:30:52,154 Epoch [20/100] Step [300/391] Loss: 0.7115
2026-04-20 19:30:52,918 Epoch 20 Train Loss: 0.7026 Acc: 0.7562
2026-04-20 19:30:53,412 Epoch 20 Test Loss: 1.2676 Acc: 0.6222
2026-04-20 19:30:54,634 Epoch [21/100] Step [100/391] Loss: 0.7352
2026-04-20 19:30:55,458 Epoch [21/100] Step [200/391] Loss: 0.6811
2026-04-20 19:30:56,272 Epoch [21/100] Step [300/391] Loss: 0.8192
2026-04-20 19:30:57,040 Epoch 21 Train Loss: 0.7030 Acc: 0.7585
2026-04-20 19:30:57,537 Epoch 21 Test Loss: 1.1109 Acc: 0.6369
2026-04-20 19:30:58,645 Epoch [22/100] Step [100/391] Loss: 0.5957
2026-04-20 19:30:59,459 Epoch [22/100] Step [200/391] Loss: 0.5415
2026-04-20 19:31:00,270 Epoch [22/100] Step [300/391] Loss: 0.5627
2026-04-20 19:31:01,037 Epoch 22 Train Loss: 0.6825 Acc: 0.7646
2026-04-20 19:31:01,536 Epoch 22 Test Loss: 1.0420 Acc: 0.6505
2026-04-20 19:31:02,624 Epoch [23/100] Step [100/391] Loss: 0.6835
2026-04-20 19:31:03,435 Epoch [23/100] Step [200/391] Loss: 0.6730
2026-04-20 19:31:04,247 Epoch [23/100] Step [300/391] Loss: 0.7293
2026-04-20 19:31:05,015 Epoch 23 Train Loss: 0.6869 Acc: 0.7644
2026-04-20 19:31:05,524 Epoch 23 Test Loss: 1.1490 Acc: 0.6309
2026-04-20 19:31:06,601 Epoch [24/100] Step [100/391] Loss: 0.6758
2026-04-20 19:31:07,416 Epoch [24/100] Step [200/391] Loss: 0.6913
2026-04-20 19:31:08,229 Epoch [24/100] Step [300/391] Loss: 0.6649
2026-04-20 19:31:08,997 Epoch 24 Train Loss: 0.6854 Acc: 0.7650
2026-04-20 19:31:09,498 Epoch 24 Test Loss: 1.2350 Acc: 0.6042
2026-04-20 19:31:10,597 Epoch [25/100] Step [100/391] Loss: 0.6639
2026-04-20 19:31:11,419 Epoch [25/100] Step [200/391] Loss: 0.6982
2026-04-20 19:31:12,240 Epoch [25/100] Step [300/391] Loss: 0.7246
2026-04-20 19:31:13,010 Epoch 25 Train Loss: 0.6881 Acc: 0.7645
2026-04-20 19:31:13,512 Epoch 25 Test Loss: 1.1002 Acc: 0.6577
2026-04-20 19:31:14,622 Epoch [26/100] Step [100/391] Loss: 0.5432
2026-04-20 19:31:15,447 Epoch [26/100] Step [200/391] Loss: 0.7387
2026-04-20 19:31:16,260 Epoch [26/100] Step [300/391] Loss: 0.5709
2026-04-20 19:31:17,033 Epoch 26 Train Loss: 0.6772 Acc: 0.7657
2026-04-20 19:31:17,528 Epoch 26 Test Loss: 1.2503 Acc: 0.6113
2026-04-20 19:31:18,629 Epoch [27/100] Step [100/391] Loss: 0.8636
2026-04-20 19:31:19,453 Epoch [27/100] Step [200/391] Loss: 0.7634
2026-04-20 19:31:20,272 Epoch [27/100] Step [300/391] Loss: 0.5666
2026-04-20 19:31:21,044 Epoch 27 Train Loss: 0.6755 Acc: 0.7674
2026-04-20 19:31:21,541 Epoch 27 Test Loss: 1.2874 Acc: 0.6308
2026-04-20 19:31:22,646 Epoch [28/100] Step [100/391] Loss: 0.6533
2026-04-20 19:31:23,469 Epoch [28/100] Step [200/391] Loss: 0.6135
2026-04-20 19:31:24,288 Epoch [28/100] Step [300/391] Loss: 0.6300
2026-04-20 19:31:25,065 Epoch 28 Train Loss: 0.6744 Acc: 0.7662
2026-04-20 19:31:25,553 Epoch 28 Test Loss: 2.4923 Acc: 0.4433
2026-04-20 19:31:26,665 Epoch [29/100] Step [100/391] Loss: 0.8680
2026-04-20 19:31:27,485 Epoch [29/100] Step [200/391] Loss: 0.6077
2026-04-20 19:31:28,301 Epoch [29/100] Step [300/391] Loss: 0.6471
2026-04-20 19:31:29,076 Epoch 29 Train Loss: 0.6807 Acc: 0.7651
2026-04-20 19:31:29,573 Epoch 29 Test Loss: 1.2592 Acc: 0.6071
2026-04-20 19:31:30,684 Epoch [30/100] Step [100/391] Loss: 0.6034
2026-04-20 19:31:31,500 Epoch [30/100] Step [200/391] Loss: 0.6599
2026-04-20 19:31:32,317 Epoch [30/100] Step [300/391] Loss: 0.5609
2026-04-20 19:31:33,090 Epoch 30 Train Loss: 0.6699 Acc: 0.7695
2026-04-20 19:31:33,596 Epoch 30 Test Loss: 1.3927 Acc: 0.5712
2026-04-20 19:31:34,715 Epoch [31/100] Step [100/391] Loss: 0.3680
2026-04-20 19:31:35,538 Epoch [31/100] Step [200/391] Loss: 0.3849
2026-04-20 19:31:36,359 Epoch [31/100] Step [300/391] Loss: 0.4993
2026-04-20 19:31:37,133 Epoch 31 Train Loss: 0.4889 Acc: 0.8319
2026-04-20 19:31:37,635 Epoch 31 Test Loss: 0.4763 Acc: 0.8341
2026-04-20 19:31:37,659 Saved new best checkpoint: model_ckpts/cnn_conv64-128-256_fc512_bs128_lr0.1_seed42/best.pth
2026-04-20 19:31:38,752 Epoch [32/100] Step [100/391] Loss: 0.4805
2026-04-20 19:31:39,570 Epoch [32/100] Step [200/391] Loss: 0.6378
2026-04-20 19:31:40,387 Epoch [32/100] Step [300/391] Loss: 0.3879
2026-04-20 19:31:41,169 Epoch 32 Train Loss: 0.4271 Acc: 0.8550
2026-04-20 19:31:41,691 Epoch 32 Test Loss: 0.4622 Acc: 0.8414
2026-04-20 19:31:41,715 Saved new best checkpoint: model_ckpts/cnn_conv64-128-256_fc512_bs128_lr0.1_seed42/best.pth
2026-04-20 19:31:42,795 Epoch [33/100] Step [100/391] Loss: 0.4242
2026-04-20 19:31:43,624 Epoch [33/100] Step [200/391] Loss: 0.3680
2026-04-20 19:31:44,444 Epoch [33/100] Step [300/391] Loss: 0.4257
2026-04-20 19:31:45,224 Epoch 33 Train Loss: 0.4046 Acc: 0.8614
2026-04-20 19:31:45,707 Epoch 33 Test Loss: 0.4649 Acc: 0.8442
2026-04-20 19:31:45,730 Saved new best checkpoint: model_ckpts/cnn_conv64-128-256_fc512_bs128_lr0.1_seed42/best.pth
2026-04-20 19:31:46,808 Epoch [34/100] Step [100/391] Loss: 0.3986
2026-04-20 19:31:47,629 Epoch [34/100] Step [200/391] Loss: 0.3226
2026-04-20 19:31:48,451 Epoch [34/100] Step [300/391] Loss: 0.3406
2026-04-20 19:31:49,226 Epoch 34 Train Loss: 0.3867 Acc: 0.8691
2026-04-20 19:31:49,717 Epoch 34 Test Loss: 0.4652 Acc: 0.8426
2026-04-20 19:31:50,835 Epoch [35/100] Step [100/391] Loss: 0.4804
2026-04-20 19:31:51,657 Epoch [35/100] Step [200/391] Loss: 0.2634
2026-04-20 19:31:52,478 Epoch [35/100] Step [300/391] Loss: 0.4241
2026-04-20 19:31:53,252 Epoch 35 Train Loss: 0.3726 Acc: 0.8725
2026-04-20 19:31:53,747 Epoch 35 Test Loss: 0.4528 Acc: 0.8442
2026-04-20 19:31:54,962 Epoch [36/100] Step [100/391] Loss: 0.4873
2026-04-20 19:31:55,790 Epoch [36/100] Step [200/391] Loss: 0.4109
2026-04-20 19:31:56,609 Epoch [36/100] Step [300/391] Loss: 0.3806
2026-04-20 19:31:57,377 Epoch 36 Train Loss: 0.3638 Acc: 0.8740
2026-04-20 19:31:57,867 Epoch 36 Test Loss: 0.5110 Acc: 0.8214
2026-04-20 19:31:58,979 Epoch [37/100] Step [100/391] Loss: 0.4463
2026-04-20 19:31:59,804 Epoch [37/100] Step [200/391] Loss: 0.4228
2026-04-20 19:32:00,625 Epoch [37/100] Step [300/391] Loss: 0.3168
2026-04-20 19:32:01,393 Epoch 37 Train Loss: 0.3516 Acc: 0.8790
2026-04-20 19:32:01,901 Epoch 37 Test Loss: 0.4869 Acc: 0.8399
2026-04-20 19:32:03,024 Epoch [38/100] Step [100/391] Loss: 0.2727
2026-04-20 19:32:03,845 Epoch [38/100] Step [200/391] Loss: 0.2792
2026-04-20 19:32:04,662 Epoch [38/100] Step [300/391] Loss: 0.2735
2026-04-20 19:32:05,438 Epoch 38 Train Loss: 0.3457 Acc: 0.8817
2026-04-20 19:32:05,937 Epoch 38 Test Loss: 0.4845 Acc: 0.8363
2026-04-20 19:32:07,051 Epoch [39/100] Step [100/391] Loss: 0.3420
2026-04-20 19:32:07,872 Epoch [39/100] Step [200/391] Loss: 0.2929
2026-04-20 19:32:08,692 Epoch [39/100] Step [300/391] Loss: 0.3619
2026-04-20 19:32:09,464 Epoch 39 Train Loss: 0.3376 Acc: 0.8838
2026-04-20 19:32:09,963 Epoch 39 Test Loss: 0.4778 Acc: 0.8356
2026-04-20 19:32:11,075 Epoch [40/100] Step [100/391] Loss: 0.2539
2026-04-20 19:32:11,899 Epoch [40/100] Step [200/391] Loss: 0.3893
2026-04-20 19:32:12,720 Epoch [40/100] Step [300/391] Loss: 0.2835
2026-04-20 19:32:13,495 Epoch 40 Train Loss: 0.3334 Acc: 0.8842
2026-04-20 19:32:13,998 Epoch 40 Test Loss: 0.4797 Acc: 0.8398
2026-04-20 19:32:15,122 Epoch [41/100] Step [100/391] Loss: 0.4162
2026-04-20 19:32:15,950 Epoch [41/100] Step [200/391] Loss: 0.2296
2026-04-20 19:32:16,775 Epoch [41/100] Step [300/391] Loss: 0.3292
2026-04-20 19:32:17,550 Epoch 41 Train Loss: 0.3302 Acc: 0.8868
2026-04-20 19:32:18,054 Epoch 41 Test Loss: 0.4403 Acc: 0.8536
2026-04-20 19:32:18,079 Saved new best checkpoint: model_ckpts/cnn_conv64-128-256_fc512_bs128_lr0.1_seed42/best.pth
2026-04-20 19:32:19,185 Epoch [42/100] Step [100/391] Loss: 0.2730
2026-04-20 19:32:20,010 Epoch [42/100] Step [200/391] Loss: 0.3560
2026-04-20 19:32:20,832 Epoch [42/100] Step [300/391] Loss: 0.3684
2026-04-20 19:32:21,605 Epoch 42 Train Loss: 0.3184 Acc: 0.8910
2026-04-20 19:32:22,097 Epoch 42 Test Loss: 0.4578 Acc: 0.8444
2026-04-20 19:32:23,195 Epoch [43/100] Step [100/391] Loss: 0.4403
2026-04-20 19:32:24,022 Epoch [43/100] Step [200/391] Loss: 0.4045
2026-04-20 19:32:24,845 Epoch [43/100] Step [300/391] Loss: 0.2913
2026-04-20 19:32:25,628 Epoch 43 Train Loss: 0.3184 Acc: 0.8913
2026-04-20 19:32:26,127 Epoch 43 Test Loss: 0.4832 Acc: 0.8420
2026-04-20 19:32:27,235 Epoch [44/100] Step [100/391] Loss: 0.3050
2026-04-20 19:32:28,061 Epoch [44/100] Step [200/391] Loss: 0.2650
2026-04-20 19:32:28,882 Epoch [44/100] Step [300/391] Loss: 0.3513
2026-04-20 19:32:29,658 Epoch 44 Train Loss: 0.3158 Acc: 0.8903
2026-04-20 19:32:30,154 Epoch 44 Test Loss: 0.4569 Acc: 0.8481
2026-04-20 19:32:31,260 Epoch [45/100] Step [100/391] Loss: 0.2660
2026-04-20 19:32:32,086 Epoch [45/100] Step [200/391] Loss: 0.2350
2026-04-20 19:32:32,907 Epoch [45/100] Step [300/391] Loss: 0.2612
2026-04-20 19:32:33,684 Epoch 45 Train Loss: 0.3110 Acc: 0.8926
2026-04-20 19:32:34,177 Epoch 45 Test Loss: 0.4671 Acc: 0.8451
2026-04-20 19:32:35,286 Epoch [46/100] Step [100/391] Loss: 0.2660
2026-04-20 19:32:36,111 Epoch [46/100] Step [200/391] Loss: 0.2619
2026-04-20 19:32:36,934 Epoch [46/100] Step [300/391] Loss: 0.3342
2026-04-20 19:32:37,717 Epoch 46 Train Loss: 0.3068 Acc: 0.8948
2026-04-20 19:32:38,219 Epoch 46 Test Loss: 0.4943 Acc: 0.8397
2026-04-20 19:32:39,329 Epoch [47/100] Step [100/391] Loss: 0.2175
2026-04-20 19:32:40,160 Epoch [47/100] Step [200/391] Loss: 0.3922
2026-04-20 19:32:40,987 Epoch [47/100] Step [300/391] Loss: 0.2097
2026-04-20 19:32:41,769 Epoch 47 Train Loss: 0.3019 Acc: 0.8964
2026-04-20 19:32:42,271 Epoch 47 Test Loss: 0.5242 Acc: 0.8271
2026-04-20 19:32:43,377 Epoch [48/100] Step [100/391] Loss: 0.2311
2026-04-20 19:32:44,202 Epoch [48/100] Step [200/391] Loss: 0.2340
2026-04-20 19:32:45,029 Epoch [48/100] Step [300/391] Loss: 0.3065
2026-04-20 19:32:45,807 Epoch 48 Train Loss: 0.2999 Acc: 0.8961
2026-04-20 19:32:46,300 Epoch 48 Test Loss: 0.5015 Acc: 0.8404
2026-04-20 19:32:47,411 Epoch [49/100] Step [100/391] Loss: 0.2822
2026-04-20 19:32:48,236 Epoch [49/100] Step [200/391] Loss: 0.3293
2026-04-20 19:32:49,060 Epoch [49/100] Step [300/391] Loss: 0.3614
2026-04-20 19:32:49,837 Epoch 49 Train Loss: 0.2957 Acc: 0.8973
2026-04-20 19:32:50,341 Epoch 49 Test Loss: 0.4929 Acc: 0.8354
2026-04-20 19:32:51,457 Epoch [50/100] Step [100/391] Loss: 0.3897
2026-04-20 19:32:52,290 Epoch [50/100] Step [200/391] Loss: 0.1896
2026-04-20 19:32:53,119 Epoch [50/100] Step [300/391] Loss: 0.3393
2026-04-20 19:32:53,895 Epoch 50 Train Loss: 0.2947 Acc: 0.8957
2026-04-20 19:32:54,405 Epoch 50 Test Loss: 0.4871 Acc: 0.8417
2026-04-20 19:32:55,681 Epoch [51/100] Step [100/391] Loss: 0.2891
2026-04-20 19:32:56,513 Epoch [51/100] Step [200/391] Loss: 0.1910
2026-04-20 19:32:57,341 Epoch [51/100] Step [300/391] Loss: 0.4103
2026-04-20 19:32:58,128 Epoch 51 Train Loss: 0.2943 Acc: 0.8982
2026-04-20 19:32:59,042 Epoch 51 Test Loss: 0.5583 Acc: 0.8274
2026-04-20 19:33:00,297 Epoch [52/100] Step [100/391] Loss: 0.3229
2026-04-20 19:33:01,132 Epoch [52/100] Step [200/391] Loss: 0.2240
2026-04-20 19:33:01,959 Epoch [52/100] Step [300/391] Loss: 0.3158
2026-04-20 19:33:02,737 Epoch 52 Train Loss: 0.2918 Acc: 0.8991
2026-04-20 19:33:03,238 Epoch 52 Test Loss: 0.4809 Acc: 0.8477
2026-04-20 19:33:04,355 Epoch [53/100] Step [100/391] Loss: 0.2760
2026-04-20 19:33:05,177 Epoch [53/100] Step [200/391] Loss: 0.2949
2026-04-20 19:33:06,001 Epoch [53/100] Step [300/391] Loss: 0.2723
2026-04-20 19:33:06,779 Epoch 53 Train Loss: 0.2914 Acc: 0.8987
2026-04-20 19:33:07,284 Epoch 53 Test Loss: 0.4661 Acc: 0.8432
2026-04-20 19:33:08,398 Epoch [54/100] Step [100/391] Loss: 0.1907
2026-04-20 19:33:09,226 Epoch [54/100] Step [200/391] Loss: 0.2843
2026-04-20 19:33:10,049 Epoch [54/100] Step [300/391] Loss: 0.2972
2026-04-20 19:33:10,828 Epoch 54 Train Loss: 0.2902 Acc: 0.8998
2026-04-20 19:33:11,336 Epoch 54 Test Loss: 0.6616 Acc: 0.7994
2026-04-20 19:33:12,452 Epoch [55/100] Step [100/391] Loss: 0.2861
2026-04-20 19:33:13,279 Epoch [55/100] Step [200/391] Loss: 0.2342
2026-04-20 19:33:14,102 Epoch [55/100] Step [300/391] Loss: 0.2401
2026-04-20 19:33:14,877 Epoch 55 Train Loss: 0.2862 Acc: 0.9009
2026-04-20 19:33:15,382 Epoch 55 Test Loss: 0.4834 Acc: 0.8431
2026-04-20 19:33:16,500 Epoch [56/100] Step [100/391] Loss: 0.2376
2026-04-20 19:33:17,327 Epoch [56/100] Step [200/391] Loss: 0.2837
2026-04-20 19:33:18,152 Epoch [56/100] Step [300/391] Loss: 0.2906
2026-04-20 19:33:18,925 Epoch 56 Train Loss: 0.2846 Acc: 0.9023
2026-04-20 19:33:19,437 Epoch 56 Test Loss: 0.5542 Acc: 0.8269
2026-04-20 19:33:20,553 Epoch [57/100] Step [100/391] Loss: 0.2919
2026-04-20 19:33:21,378 Epoch [57/100] Step [200/391] Loss: 0.2415
2026-04-20 19:33:22,202 Epoch [57/100] Step [300/391] Loss: 0.2610
2026-04-20 19:33:22,980 Epoch 57 Train Loss: 0.2837 Acc: 0.9031
2026-04-20 19:33:23,486 Epoch 57 Test Loss: 0.5588 Acc: 0.8176
2026-04-20 19:33:24,601 Epoch [58/100] Step [100/391] Loss: 0.3497
2026-04-20 19:33:25,430 Epoch [58/100] Step [200/391] Loss: 0.2789
2026-04-20 19:33:26,255 Epoch [58/100] Step [300/391] Loss: 0.2350
2026-04-20 19:33:27,032 Epoch 58 Train Loss: 0.2880 Acc: 0.8998
2026-04-20 19:33:27,528 Epoch 58 Test Loss: 0.5919 Acc: 0.8201
2026-04-20 19:33:28,642 Epoch [59/100] Step [100/391] Loss: 0.1997
2026-04-20 19:33:29,470 Epoch [59/100] Step [200/391] Loss: 0.2540
2026-04-20 19:33:30,290 Epoch [59/100] Step [300/391] Loss: 0.3261
2026-04-20 19:33:31,067 Epoch 59 Train Loss: 0.2788 Acc: 0.9025
2026-04-20 19:33:31,564 Epoch 59 Test Loss: 0.5036 Acc: 0.8389
2026-04-20 19:33:32,680 Epoch [60/100] Step [100/391] Loss: 0.2195
2026-04-20 19:33:33,508 Epoch [60/100] Step [200/391] Loss: 0.4225
2026-04-20 19:33:34,332 Epoch [60/100] Step [300/391] Loss: 0.2339
2026-04-20 19:33:35,106 Epoch 60 Train Loss: 0.2824 Acc: 0.9014
2026-04-20 19:33:35,604 Epoch 60 Test Loss: 0.6407 Acc: 0.8003
2026-04-20 19:33:36,710 Epoch [61/100] Step [100/391] Loss: 0.1968
2026-04-20 19:33:37,534 Epoch [61/100] Step [200/391] Loss: 0.1790
2026-04-20 19:33:38,359 Epoch [61/100] Step [300/391] Loss: 0.1489
2026-04-20 19:33:39,130 Epoch 61 Train Loss: 0.2178 Acc: 0.9273
2026-04-20 19:33:39,616 Epoch 61 Test Loss: 0.3649 Acc: 0.8758
2026-04-20 19:33:39,641 Saved new best checkpoint: model_ckpts/cnn_conv64-128-256_fc512_bs128_lr0.1_seed42/best.pth
2026-04-20 19:33:40,731 Epoch [62/100] Step [100/391] Loss: 0.2133
2026-04-20 19:33:41,559 Epoch [62/100] Step [200/391] Loss: 0.1811
2026-04-20 19:33:42,380 Epoch [62/100] Step [300/391] Loss: 0.2704
2026-04-20 19:33:43,155 Epoch 62 Train Loss: 0.1959 Acc: 0.9365
2026-04-20 19:33:43,651 Epoch 62 Test Loss: 0.3638 Acc: 0.8801
2026-04-20 19:33:43,675 Saved new best checkpoint: model_ckpts/cnn_conv64-128-256_fc512_bs128_lr0.1_seed42/best.pth
2026-04-20 19:33:44,782 Epoch [63/100] Step [100/391] Loss: 0.1255
2026-04-20 19:33:45,612 Epoch [63/100] Step [200/391] Loss: 0.1925
2026-04-20 19:33:46,435 Epoch [63/100] Step [300/391] Loss: 0.1360
2026-04-20 19:33:47,207 Epoch 63 Train Loss: 0.1873 Acc: 0.9398
2026-04-20 19:33:47,711 Epoch 63 Test Loss: 0.3624 Acc: 0.8806
2026-04-20 19:33:47,734 Saved new best checkpoint: model_ckpts/cnn_conv64-128-256_fc512_bs128_lr0.1_seed42/best.pth
2026-04-20 19:33:48,838 Epoch [64/100] Step [100/391] Loss: 0.1753
2026-04-20 19:33:49,661 Epoch [64/100] Step [200/391] Loss: 0.2452
2026-04-20 19:33:50,482 Epoch [64/100] Step [300/391] Loss: 0.1431
2026-04-20 19:33:51,258 Epoch 64 Train Loss: 0.1849 Acc: 0.9397
2026-04-20 19:33:51,758 Epoch 64 Test Loss: 0.3631 Acc: 0.8802
2026-04-20 19:33:52,871 Epoch [65/100] Step [100/391] Loss: 0.1379
2026-04-20 19:33:53,690 Epoch [65/100] Step [200/391] Loss: 0.2107
2026-04-20 19:33:54,510 Epoch [65/100] Step [300/391] Loss: 0.1827
2026-04-20 19:33:55,288 Epoch 65 Train Loss: 0.1787 Acc: 0.9417
2026-04-20 19:33:55,800 Epoch 65 Test Loss: 0.3599 Acc: 0.8802
2026-04-20 19:33:57,020 Epoch [66/100] Step [100/391] Loss: 0.1814
2026-04-20 19:33:57,848 Epoch [66/100] Step [200/391] Loss: 0.1722
2026-04-20 19:33:58,669 Epoch [66/100] Step [300/391] Loss: 0.1953
2026-04-20 19:33:59,444 Epoch 66 Train Loss: 0.1762 Acc: 0.9442
2026-04-20 19:33:59,948 Epoch 66 Test Loss: 0.3641 Acc: 0.8795
2026-04-20 19:34:01,186 Epoch [67/100] Step [100/391] Loss: 0.2146
2026-04-20 19:34:02,008 Epoch [67/100] Step [200/391] Loss: 0.1386
2026-04-20 19:34:02,826 Epoch [67/100] Step [300/391] Loss: 0.1781
2026-04-20 19:34:03,600 Epoch 67 Train Loss: 0.1687 Acc: 0.9453
2026-04-20 19:34:04,099 Epoch 67 Test Loss: 0.3619 Acc: 0.8795
2026-04-20 19:34:05,216 Epoch [68/100] Step [100/391] Loss: 0.1797
2026-04-20 19:34:06,039 Epoch [68/100] Step [200/391] Loss: 0.1510
2026-04-20 19:34:06,855 Epoch [68/100] Step [300/391] Loss: 0.1781
2026-04-20 19:34:07,628 Epoch 68 Train Loss: 0.1711 Acc: 0.9439
2026-04-20 19:34:08,135 Epoch 68 Test Loss: 0.3728 Acc: 0.8766
2026-04-20 19:34:09,238 Epoch [69/100] Step [100/391] Loss: 0.1288
2026-04-20 19:34:10,059 Epoch [69/100] Step [200/391] Loss: 0.1413
2026-04-20 19:34:10,879 Epoch [69/100] Step [300/391] Loss: 0.2078
2026-04-20 19:34:11,654 Epoch 69 Train Loss: 0.1693 Acc: 0.9456
2026-04-20 19:34:12,147 Epoch 69 Test Loss: 0.3637 Acc: 0.8792
2026-04-20 19:34:13,261 Epoch [70/100] Step [100/391] Loss: 0.2700
2026-04-20 19:34:14,084 Epoch [70/100] Step [200/391] Loss: 0.1425
2026-04-20 19:34:14,894 Epoch [70/100] Step [300/391] Loss: 0.1732
2026-04-20 19:34:15,663 Epoch 70 Train Loss: 0.1624 Acc: 0.9479
2026-04-20 19:34:16,162 Epoch 70 Test Loss: 0.3645 Acc: 0.8794
2026-04-20 19:34:17,257 Epoch [71/100] Step [100/391] Loss: 0.1880
2026-04-20 19:34:18,082 Epoch [71/100] Step [200/391] Loss: 0.1166
2026-04-20 19:34:18,901 Epoch [71/100] Step [300/391] Loss: 0.1479
2026-04-20 19:34:19,674 Epoch 71 Train Loss: 0.1627 Acc: 0.9466
2026-04-20 19:34:20,171 Epoch 71 Test Loss: 0.3650 Acc: 0.8794
2026-04-20 19:34:21,283 Epoch [72/100] Step [100/391] Loss: 0.1746
2026-04-20 19:34:22,108 Epoch [72/100] Step [200/391] Loss: 0.1194
2026-04-20 19:34:22,926 Epoch [72/100] Step [300/391] Loss: 0.1804
2026-04-20 19:34:23,698 Epoch 72 Train Loss: 0.1610 Acc: 0.9474
2026-04-20 19:34:24,203 Epoch 72 Test Loss: 0.3696 Acc: 0.8784
2026-04-20 19:34:25,314 Epoch [73/100] Step [100/391] Loss: 0.1532
2026-04-20 19:34:26,142 Epoch [73/100] Step [200/391] Loss: 0.1362
2026-04-20 19:34:26,961 Epoch [73/100] Step [300/391] Loss: 0.1563
2026-04-20 19:34:27,735 Epoch 73 Train Loss: 0.1606 Acc: 0.9468
2026-04-20 19:34:28,241 Epoch 73 Test Loss: 0.3678 Acc: 0.8778
2026-04-20 19:34:29,361 Epoch [74/100] Step [100/391] Loss: 0.1434
2026-04-20 19:34:30,180 Epoch [74/100] Step [200/391] Loss: 0.1108
2026-04-20 19:34:30,998 Epoch [74/100] Step [300/391] Loss: 0.1463
2026-04-20 19:34:31,771 Epoch 74 Train Loss: 0.1554 Acc: 0.9497
2026-04-20 19:34:32,266 Epoch 74 Test Loss: 0.3694 Acc: 0.8805
2026-04-20 19:34:33,378 Epoch [75/100] Step [100/391] Loss: 0.1223
2026-04-20 19:34:34,205 Epoch [75/100] Step [200/391] Loss: 0.1156
2026-04-20 19:34:35,025 Epoch [75/100] Step [300/391] Loss: 0.1528
2026-04-20 19:34:35,808 Epoch 75 Train Loss: 0.1561 Acc: 0.9496
2026-04-20 19:34:36,300 Epoch 75 Test Loss: 0.3682 Acc: 0.8790
2026-04-20 19:34:37,408 Epoch [76/100] Step [100/391] Loss: 0.2186
2026-04-20 19:34:38,232 Epoch [76/100] Step [200/391] Loss: 0.1617
2026-04-20 19:34:39,053 Epoch [76/100] Step [300/391] Loss: 0.1895
2026-04-20 19:34:39,824 Epoch 76 Train Loss: 0.1538 Acc: 0.9498
2026-04-20 19:34:40,318 Epoch 76 Test Loss: 0.3739 Acc: 0.8785
2026-04-20 19:34:41,428 Epoch [77/100] Step [100/391] Loss: 0.1546
2026-04-20 19:34:42,247 Epoch [77/100] Step [200/391] Loss: 0.2143
2026-04-20 19:34:43,065 Epoch [77/100] Step [300/391] Loss: 0.1567
2026-04-20 19:34:43,836 Epoch 77 Train Loss: 0.1515 Acc: 0.9515
2026-04-20 19:34:44,349 Epoch 77 Test Loss: 0.3720 Acc: 0.8789
2026-04-20 19:34:45,463 Epoch [78/100] Step [100/391] Loss: 0.1456
2026-04-20 19:34:46,288 Epoch [78/100] Step [200/391] Loss: 0.1782
2026-04-20 19:34:47,108 Epoch [78/100] Step [300/391] Loss: 0.2149
2026-04-20 19:34:47,878 Epoch 78 Train Loss: 0.1499 Acc: 0.9509
2026-04-20 19:34:48,376 Epoch 78 Test Loss: 0.3739 Acc: 0.8779
2026-04-20 19:34:49,493 Epoch [79/100] Step [100/391] Loss: 0.2067
2026-04-20 19:34:50,317 Epoch [79/100] Step [200/391] Loss: 0.1512
2026-04-20 19:34:51,138 Epoch [79/100] Step [300/391] Loss: 0.1464
2026-04-20 19:34:51,911 Epoch 79 Train Loss: 0.1504 Acc: 0.9510
2026-04-20 19:34:52,415 Epoch 79 Test Loss: 0.3733 Acc: 0.8783
2026-04-20 19:34:53,533 Epoch [80/100] Step [100/391] Loss: 0.1229
2026-04-20 19:34:54,360 Epoch [80/100] Step [200/391] Loss: 0.1122
2026-04-20 19:34:55,180 Epoch [80/100] Step [300/391] Loss: 0.1192
2026-04-20 19:34:55,958 Epoch 80 Train Loss: 0.1484 Acc: 0.9526
2026-04-20 19:34:56,455 Epoch 80 Test Loss: 0.3733 Acc: 0.8804
2026-04-20 19:34:57,564 Epoch [81/100] Step [100/391] Loss: 0.0833
2026-04-20 19:34:58,383 Epoch [81/100] Step [200/391] Loss: 0.0926
2026-04-20 19:34:59,202 Epoch [81/100] Step [300/391] Loss: 0.1454
2026-04-20 19:34:59,972 Epoch 81 Train Loss: 0.1470 Acc: 0.9520
2026-04-20 19:35:00,466 Epoch 81 Test Loss: 0.3709 Acc: 0.8782
2026-04-20 19:35:01,694 Epoch [82/100] Step [100/391] Loss: 0.1183
2026-04-20 19:35:02,516 Epoch [82/100] Step [200/391] Loss: 0.2100
2026-04-20 19:35:03,335 Epoch [82/100] Step [300/391] Loss: 0.1195
2026-04-20 19:35:04,112 Epoch 82 Train Loss: 0.1478 Acc: 0.9518
2026-04-20 19:35:04,609 Epoch 82 Test Loss: 0.3774 Acc: 0.8780
2026-04-20 19:35:05,715 Epoch [83/100] Step [100/391] Loss: 0.1315
2026-04-20 19:35:06,534 Epoch [83/100] Step [200/391] Loss: 0.0871
2026-04-20 19:35:07,351 Epoch [83/100] Step [300/391] Loss: 0.2581
2026-04-20 19:35:08,117 Epoch 83 Train Loss: 0.1458 Acc: 0.9531
2026-04-20 19:35:08,620 Epoch 83 Test Loss: 0.3827 Acc: 0.8765
2026-04-20 19:35:09,716 Epoch [84/100] Step [100/391] Loss: 0.2244
2026-04-20 19:35:10,539 Epoch [84/100] Step [200/391] Loss: 0.1402
2026-04-20 19:35:11,358 Epoch [84/100] Step [300/391] Loss: 0.1378
2026-04-20 19:35:12,130 Epoch 84 Train Loss: 0.1430 Acc: 0.9542
2026-04-20 19:35:12,642 Epoch 84 Test Loss: 0.3813 Acc: 0.8780
2026-04-20 19:35:13,745 Epoch [85/100] Step [100/391] Loss: 0.1817
2026-04-20 19:35:14,565 Epoch [85/100] Step [200/391] Loss: 0.0737
2026-04-20 19:35:15,383 Epoch [85/100] Step [300/391] Loss: 0.1297
2026-04-20 19:35:16,158 Epoch 85 Train Loss: 0.1452 Acc: 0.9518
2026-04-20 19:35:16,659 Epoch 85 Test Loss: 0.3791 Acc: 0.8796
2026-04-20 19:35:17,769 Epoch [86/100] Step [100/391] Loss: 0.1277
2026-04-20 19:35:18,593 Epoch [86/100] Step [200/391] Loss: 0.0898
2026-04-20 19:35:19,413 Epoch [86/100] Step [300/391] Loss: 0.1087
2026-04-20 19:35:20,186 Epoch 86 Train Loss: 0.1424 Acc: 0.9539
2026-04-20 19:35:20,679 Epoch 86 Test Loss: 0.3843 Acc: 0.8776
2026-04-20 19:35:21,788 Epoch [87/100] Step [100/391] Loss: 0.1126
2026-04-20 19:35:22,610 Epoch [87/100] Step [200/391] Loss: 0.1234
2026-04-20 19:35:23,430 Epoch [87/100] Step [300/391] Loss: 0.1064
2026-04-20 19:35:24,207 Epoch 87 Train Loss: 0.1390 Acc: 0.9549
2026-04-20 19:35:24,703 Epoch 87 Test Loss: 0.3835 Acc: 0.8779
2026-04-20 19:35:25,810 Epoch [88/100] Step [100/391] Loss: 0.0587
2026-04-20 19:35:26,637 Epoch [88/100] Step [200/391] Loss: 0.1138
2026-04-20 19:35:27,456 Epoch [88/100] Step [300/391] Loss: 0.1235
2026-04-20 19:35:28,229 Epoch 88 Train Loss: 0.1415 Acc: 0.9542
2026-04-20 19:35:28,723 Epoch 88 Test Loss: 0.3848 Acc: 0.8772
2026-04-20 19:35:29,830 Epoch [89/100] Step [100/391] Loss: 0.2143
2026-04-20 19:35:30,651 Epoch [89/100] Step [200/391] Loss: 0.1948
2026-04-20 19:35:31,471 Epoch [89/100] Step [300/391] Loss: 0.1410
2026-04-20 19:35:32,244 Epoch 89 Train Loss: 0.1393 Acc: 0.9544
2026-04-20 19:35:32,743 Epoch 89 Test Loss: 0.3976 Acc: 0.8749
2026-04-20 19:35:33,842 Epoch [90/100] Step [100/391] Loss: 0.1353
2026-04-20 19:35:34,666 Epoch [90/100] Step [200/391] Loss: 0.1073
2026-04-20 19:35:35,494 Epoch [90/100] Step [300/391] Loss: 0.1184
2026-04-20 19:35:36,288 Epoch 90 Train Loss: 0.1361 Acc: 0.9551
2026-04-20 19:35:36,783 Epoch 90 Test Loss: 0.3929 Acc: 0.8764
2026-04-20 19:35:37,881 Epoch [91/100] Step [100/391] Loss: 0.1653
2026-04-20 19:35:38,705 Epoch [91/100] Step [200/391] Loss: 0.1326
2026-04-20 19:35:39,527 Epoch [91/100] Step [300/391] Loss: 0.0957
2026-04-20 19:35:40,301 Epoch 91 Train Loss: 0.1322 Acc: 0.9572
2026-04-20 19:35:40,804 Epoch 91 Test Loss: 0.3795 Acc: 0.8777
2026-04-20 19:35:41,906 Epoch [92/100] Step [100/391] Loss: 0.1455
2026-04-20 19:35:42,730 Epoch [92/100] Step [200/391] Loss: 0.1153
2026-04-20 19:35:43,552 Epoch [92/100] Step [300/391] Loss: 0.1385
2026-04-20 19:35:44,323 Epoch 92 Train Loss: 0.1266 Acc: 0.9600
2026-04-20 19:35:44,822 Epoch 92 Test Loss: 0.3758 Acc: 0.8790
2026-04-20 19:35:45,920 Epoch [93/100] Step [100/391] Loss: 0.1296
2026-04-20 19:35:46,744 Epoch [93/100] Step [200/391] Loss: 0.1277
2026-04-20 19:35:47,562 Epoch [93/100] Step [300/391] Loss: 0.1963
2026-04-20 19:35:48,366 Epoch 93 Train Loss: 0.1269 Acc: 0.9592
2026-04-20 19:35:48,868 Epoch 93 Test Loss: 0.3767 Acc: 0.8787
2026-04-20 19:35:49,978 Epoch [94/100] Step [100/391] Loss: 0.0985
2026-04-20 19:35:50,786 Epoch [94/100] Step [200/391] Loss: 0.0616
2026-04-20 19:35:51,577 Epoch [94/100] Step [300/391] Loss: 0.1481
2026-04-20 19:35:52,326 Epoch 94 Train Loss: 0.1280 Acc: 0.9596
2026-04-20 19:35:52,828 Epoch 94 Test Loss: 0.3796 Acc: 0.8774
2026-04-20 19:35:53,885 Epoch [95/100] Step [100/391] Loss: 0.1139
2026-04-20 19:35:54,679 Epoch [95/100] Step [200/391] Loss: 0.0678
2026-04-20 19:35:55,472 Epoch [95/100] Step [300/391] Loss: 0.1278
2026-04-20 19:35:56,233 Epoch 95 Train Loss: 0.1266 Acc: 0.9602
2026-04-20 19:35:56,732 Epoch 95 Test Loss: 0.3765 Acc: 0.8792
2026-04-20 19:35:57,789 Epoch [96/100] Step [100/391] Loss: 0.1310
2026-04-20 19:35:58,581 Epoch [96/100] Step [200/391] Loss: 0.0640
2026-04-20 19:35:59,373 Epoch [96/100] Step [300/391] Loss: 0.1082
2026-04-20 19:36:00,127 Epoch 96 Train Loss: 0.1284 Acc: 0.9590
2026-04-20 19:36:00,633 Epoch 96 Test Loss: 0.3779 Acc: 0.8790
2026-04-20 19:36:01,699 Epoch [97/100] Step [100/391] Loss: 0.0944
2026-04-20 19:36:02,492 Epoch [97/100] Step [200/391] Loss: 0.0987
2026-04-20 19:36:03,284 Epoch [97/100] Step [300/391] Loss: 0.1598
2026-04-20 19:36:04,038 Epoch 97 Train Loss: 0.1264 Acc: 0.9602
2026-04-20 19:36:04,534 Epoch 97 Test Loss: 0.3783 Acc: 0.8792
2026-04-20 19:36:05,727 Epoch [98/100] Step [100/391] Loss: 0.1657
2026-04-20 19:36:06,524 Epoch [98/100] Step [200/391] Loss: 0.1601
2026-04-20 19:36:07,318 Epoch [98/100] Step [300/391] Loss: 0.0844
2026-04-20 19:36:08,070 Epoch 98 Train Loss: 0.1266 Acc: 0.9597
2026-04-20 19:36:08,587 Epoch 98 Test Loss: 0.3796 Acc: 0.8786
2026-04-20 19:36:09,656 Epoch [99/100] Step [100/391] Loss: 0.1226
2026-04-20 19:36:10,449 Epoch [99/100] Step [200/391] Loss: 0.1472
2026-04-20 19:36:11,241 Epoch [99/100] Step [300/391] Loss: 0.0714
2026-04-20 19:36:11,997 Epoch 99 Train Loss: 0.1288 Acc: 0.9588
2026-04-20 19:36:12,508 Epoch 99 Test Loss: 0.3757 Acc: 0.8794
2026-04-20 19:36:13,572 Epoch [100/100] Step [100/391] Loss: 0.1583
2026-04-20 19:36:14,362 Epoch [100/100] Step [200/391] Loss: 0.1151
2026-04-20 19:36:15,153 Epoch [100/100] Step [300/391] Loss: 0.0948
2026-04-20 19:36:15,901 Epoch 100 Train Loss: 0.1274 Acc: 0.9594
2026-04-20 19:36:16,404 Epoch 100 Test Loss: 0.3763 Acc: 0.8785
2026-04-20 19:36:16,540 Training complete. Best test acc: 0.8806
